{"total": {"lines":{"total":1412,"covered":380,"skipped":0,"pct":26.91},"statements":{"total":1433,"covered":382,"skipped":0,"pct":26.65},"functions":{"total":166,"covered":38,"skipped":0,"pct":22.89},"branches":{"total":1107,"covered":259,"skipped":0,"pct":23.39},"branchesTrue":{"total":0,"covered":0,"skipped":0,"pct":100}}
,"/Users/alperen/Downloads/mobil/bounswe2025group8/app/mobile/app/r-request-details.tsx": {"lines":{"total":407,"covered":139,"skipped":0,"pct":34.15},"functions":{"total":68,"covered":14,"skipped":0,"pct":20.58},"statements":{"total":419,"covered":139,"skipped":0,"pct":33.17},"branches":{"total":374,"covered":118,"skipped":0,"pct":31.55}}
,"/Users/alperen/Downloads/mobil/bounswe2025group8/app/mobile/app/signin.tsx": {"lines":{"total":40,"covered":30,"skipped":0,"pct":75},"functions":{"total":10,"covered":2,"skipped":0,"pct":20},"statements":{"total":40,"covered":30,"skipped":0,"pct":75},"branches":{"total":31,"covered":22,"skipped":0,"pct":70.96}}
,"/Users/alperen/Downloads/mobil/bounswe2025group8/app/mobile/app/signup.tsx": {"lines":{"total":70,"covered":37,"skipped":0,"pct":52.85},"functions":{"total":17,"covered":7,"skipped":0,"pct":41.17},"statements":{"total":73,"covered":38,"skipped":0,"pct":52.05},"branches":{"total":50,"covered":24,"skipped":0,"pct":48}}
,"/Users/alperen/Downloads/mobil/bounswe2025group8/app/mobile/assets/images/empty_profile_photo.png": {"lines":{"total":1,"covered":1,"skipped":0,"pct":100},"functions":{"total":0,"covered":0,"skipped":0,"pct":100},"statements":{"total":1,"covered":1,"skipped":0,"pct":100},"branches":{"total":0,"covered":0,"skipped":0,"pct":100}}
,"/Users/alperen/Downloads/mobil/bounswe2025group8/app/mobile/assets/images/logo.png": {"lines":{"total":1,"covered":1,"skipped":0,"pct":100},"functions":{"total":0,"covered":0,"skipped":0,"pct":100},"statements":{"total":1,"covered":1,"skipped":0,"pct":100},"branches":{"total":0,"covered":0,"skipped":0,"pct":100}}
,"/Users/alperen/Downloads/mobil/bounswe2025group8/app/mobile/components/themed-text.tsx": {"lines":{"total":3,"covered":3,"skipped":0,"pct":100},"functions":{"total":1,"covered":1,"skipped":0,"pct":100},"statements":{"total":3,"covered":3,"skipped":0,"pct":100},"branches":{"total":11,"covered":8,"skipped":0,"pct":72.72}}
,"/Users/alperen/Downloads/mobil/bounswe2025group8/app/mobile/components/ui/CategoryCard.tsx": {"lines":{"total":5,"covered":5,"skipped":0,"pct":100},"functions":{"total":1,"covered":1,"skipped":0,"pct":100},"statements":{"total":5,"covered":5,"skipped":0,"pct":100},"branches":{"total":0,"covered":0,"skipped":0,"pct":100}}
,"/Users/alperen/Downloads/mobil/bounswe2025group8/app/mobile/components/ui/CommentCard.tsx": {"lines":{"total":25,"covered":2,"skipped":0,"pct":8},"functions":{"total":2,"covered":0,"skipped":0,"pct":0},"statements":{"total":25,"covered":2,"skipped":0,"pct":8},"branches":{"total":26,"covered":0,"skipped":0,"pct":0}}
,"/Users/alperen/Downloads/mobil/bounswe2025group8/app/mobile/components/ui/RatingPill.tsx": {"lines":{"total":4,"covered":4,"skipped":0,"pct":100},"functions":{"total":1,"covered":1,"skipped":0,"pct":100},"statements":{"total":4,"covered":4,"skipped":0,"pct":100},"branches":{"total":5,"covered":5,"skipped":0,"pct":100}}
,"/Users/alperen/Downloads/mobil/bounswe2025group8/app/mobile/components/ui/RequestCard.tsx": {"lines":{"total":27,"covered":27,"skipped":0,"pct":100},"functions":{"total":2,"covered":2,"skipped":0,"pct":100},"statements":{"total":27,"covered":27,"skipped":0,"pct":100},"branches":{"total":41,"covered":39,"skipped":0,"pct":95.12}}
,"/Users/alperen/Downloads/mobil/bounswe2025group8/app/mobile/constants/Colors.ts": {"lines":{"total":5,"covered":5,"skipped":0,"pct":100},"functions":{"total":0,"covered":0,"skipped":0,"pct":100},"statements":{"total":5,"covered":5,"skipped":0,"pct":100},"branches":{"total":0,"covered":0,"skipped":0,"pct":100}}
,"/Users/alperen/Downloads/mobil/bounswe2025group8/app/mobile/hooks/use-theme-color.ts": {"lines":{"total":5,"covered":4,"skipped":0,"pct":80},"functions":{"total":1,"covered":1,"skipped":0,"pct":100},"statements":{"total":5,"covered":4,"skipped":0,"pct":80},"branches":{"total":4,"covered":2,"skipped":0,"pct":50}}
,"/Users/alperen/Downloads/mobil/bounswe2025group8/app/mobile/lib/api.ts": {"lines":{"total":768,"covered":72,"skipped":0,"pct":9.37},"functions":{"total":55,"covered":1,"skipped":0,"pct":1.81},"statements":{"total":773,"covered":72,"skipped":0,"pct":9.31},"branches":{"total":528,"covered":7,"skipped":0,"pct":1.32}}
,"/Users/alperen/Downloads/mobil/bounswe2025group8/app/mobile/utils/address.ts": {"lines":{"total":51,"covered":50,"skipped":0,"pct":98.03},"functions":{"total":8,"covered":8,"skipped":0,"pct":100},"statements":{"total":52,"covered":51,"skipped":0,"pct":98.07},"branches":{"total":37,"covered":34,"skipped":0,"pct":91.89}}
}
