{"/Users/alperen/Downloads/mobil/bounswe2025group8/app/mobile/app/r-request-details.tsx": {"path":"/Users/alperen/Downloads/mobil/bounswe2025group8/app/mobile/app/r-request-details.tsx","statementMap":{"0":{"start":{"line":35,"column":17},"end":{"line":35,"column":39}},"1":{"start":{"line":36,"column":34},"end":{"line":36,"column":47}},"2":{"start":{"line":37,"column":17},"end":{"line":37,"column":28}},"3":{"start":{"line":38,"column":19},"end":{"line":38,"column":28}},"4":{"start":{"line":39,"column":16},"end":{"line":39,"column":32}},"5":{"start":{"line":41,"column":13},"end":{"line":41,"column":49}},"6":{"start":{"line":43,"column":32},"end":{"line":43,"column":59}},"7":{"start":{"line":44,"column":54},"end":{"line":44,"column":79}},"8":{"start":{"line":45,"column":32},"end":{"line":45,"column":46}},"9":{"start":{"line":46,"column":50},"end":{"line":46,"column":64}},"10":{"start":{"line":47,"column":28},"end":{"line":47,"column":57}},"11":{"start":{"line":48,"column":46},"end":{"line":48,"column":61}},"12":{"start":{"line":49,"column":46},"end":{"line":49,"column":61}},"13":{"start":{"line":51,"column":42},"end":{"line":51,"column":57}},"14":{"start":{"line":52,"column":30},"end":{"line":52,"column":45}},"15":{"start":{"line":53,"column":30},"end":{"line":53,"column":41}},"16":{"start":{"line":54,"column":40},"end":{"line":54,"column":51}},"17":{"start":{"line":55,"column":46},"end":{"line":55,"column":57}},"18":{"start":{"line":56,"column":44},"end":{"line":56,"column":55}},"19":{"start":{"line":57,"column":50},"end":{"line":57,"column":61}},"20":{"start":{"line":58,"column":38},"end":{"line":58,"column":50}},"21":{"start":{"line":59,"column":60},"end":{"line":59,"column":71}},"22":{"start":{"line":60,"column":50},"end":{"line":60,"column":65}},"23":{"start":{"line":61,"column":48},"end":{"line":61,"column":70}},"24":{"start":{"line":62,"column":46},"end":{"line":62,"column":61}},"25":{"start":{"line":63,"column":34},"end":{"line":63,"column":65}},"26":{"start":{"line":64,"column":48},"end":{"line":64,"column":63}},"27":{"start":{"line":65,"column":42},"end":{"line":65,"column":69}},"28":{"start":{"line":66,"column":44},"end":{"line":66,"column":86}},"29":{"start":{"line":67,"column":30},"end":{"line":67,"column":51}},"30":{"start":{"line":68,"column":44},"end":{"line":68,"column":59}},"31":{"start":{"line":69,"column":34},"end":{"line":69,"column":57}},"32":{"start":{"line":70,"column":48},"end":{"line":70,"column":63}},"33":{"start":{"line":71,"column":40},"end":{"line":71,"column":52}},"34":{"start":{"line":72,"column":52},"end":{"line":72,"column":67}},"35":{"start":{"line":73,"column":50},"end":{"line":73,"column":79}},"36":{"start":{"line":75,"column":25},"end":{"line":96,"column":3}},"37":{"start":{"line":76,"column":28},"end":{"line":76,"column":72}},"38":{"start":{"line":77,"column":33},"end":{"line":77,"column":88}},"39":{"start":{"line":78,"column":20},"end":{"line":78,"column":60}},"40":{"start":{"line":79,"column":16},"end":{"line":79,"column":85}},"41":{"start":{"line":82,"column":4},"end":{"line":86,"column":5}},"42":{"start":{"line":83,"column":6},"end":{"line":83,"column":84}},"43":{"start":{"line":85,"column":6},"end":{"line":85,"column":83}},"44":{"start":{"line":88,"column":4},"end":{"line":95,"column":6}},"45":{"start":{"line":98,"column":29},"end":{"line":100,"column":3}},"46":{"start":{"line":99,"column":4},"end":{"line":99,"column":49}},"47":{"start":{"line":102,"column":24},"end":{"line":182,"column":16}},"48":{"start":{"line":103,"column":4},"end":{"line":108,"column":5}},"49":{"start":{"line":104,"column":6},"end":{"line":104,"column":43}},"50":{"start":{"line":105,"column":6},"end":{"line":105,"column":24}},"51":{"start":{"line":106,"column":6},"end":{"line":106,"column":33}},"52":{"start":{"line":107,"column":6},"end":{"line":107,"column":13}},"53":{"start":{"line":109,"column":4},"end":{"line":109,"column":21}},"54":{"start":{"line":110,"column":4},"end":{"line":110,"column":30}},"55":{"start":{"line":111,"column":4},"end":{"line":111,"column":19}},"56":{"start":{"line":113,"column":4},"end":{"line":181,"column":5}},"57":{"start":{"line":114,"column":26},"end":{"line":114,"column":50}},"58":{"start":{"line":115,"column":6},"end":{"line":115,"column":30}},"59":{"start":{"line":116,"column":6},"end":{"line":128,"column":7}},"60":{"start":{"line":117,"column":35},"end":{"line":117,"column":74}},"61":{"start":{"line":118,"column":8},"end":{"line":122,"column":9}},"62":{"start":{"line":119,"column":10},"end":{"line":119,"column":74}},"63":{"start":{"line":121,"column":10},"end":{"line":121,"column":36}},"64":{"start":{"line":124,"column":8},"end":{"line":124,"column":83}},"65":{"start":{"line":125,"column":8},"end":{"line":125,"column":34}},"66":{"start":{"line":127,"column":8},"end":{"line":127,"column":35}},"67":{"start":{"line":131,"column":6},"end":{"line":146,"column":7}},"68":{"start":{"line":132,"column":8},"end":{"line":143,"column":9}},"69":{"start":{"line":133,"column":10},"end":{"line":133,"column":34}},"70":{"start":{"line":134,"column":34},"end":{"line":134,"column":58}},"71":{"start":{"line":135,"column":10},"end":{"line":137,"column":11}},"72":{"start":{"line":136,"column":12},"end":{"line":136,"column":67}},"73":{"start":{"line":139,"column":10},"end":{"line":139,"column":71}},"74":{"start":{"line":140,"column":10},"end":{"line":140,"column":33}},"75":{"start":{"line":142,"column":10},"end":{"line":142,"column":35}},"76":{"start":{"line":145,"column":8},"end":{"line":145,"column":31}},"77":{"start":{"line":149,"column":6},"end":{"line":160,"column":7}},"78":{"start":{"line":150,"column":8},"end":{"line":150,"column":31}},"79":{"start":{"line":151,"column":31},"end":{"line":151,"column":54}},"80":{"start":{"line":152,"column":8},"end":{"line":154,"column":9}},"81":{"start":{"line":153,"column":10},"end":{"line":153,"column":54}},"82":{"start":{"line":156,"column":8},"end":{"line":156,"column":67}},"83":{"start":{"line":157,"column":8},"end":{"line":157,"column":22}},"84":{"start":{"line":159,"column":8},"end":{"line":159,"column":32}},"85":{"start":{"line":163,"column":6},"end":{"line":174,"column":7}},"86":{"start":{"line":164,"column":8},"end":{"line":164,"column":33}},"87":{"start":{"line":165,"column":33},"end":{"line":165,"column":58}},"88":{"start":{"line":166,"column":8},"end":{"line":168,"column":9}},"89":{"start":{"line":167,"column":10},"end":{"line":167,"column":60}},"90":{"start":{"line":170,"column":8},"end":{"line":170,"column":71}},"91":{"start":{"line":171,"column":8},"end":{"line":171,"column":24}},"92":{"start":{"line":173,"column":8},"end":{"line":173,"column":34}},"93":{"start":{"line":176,"column":6},"end":{"line":176,"column":61}},"94":{"start":{"line":177,"column":6},"end":{"line":177,"column":23}},"95":{"start":{"line":178,"column":6},"end":{"line":178,"column":32}},"96":{"start":{"line":180,"column":6},"end":{"line":180,"column":24}},"97":{"start":{"line":184,"column":2},"end":{"line":188,"column":26}},"98":{"start":{"line":185,"column":4},"end":{"line":187,"column":5}},"99":{"start":{"line":186,"column":6},"end":{"line":186,"column":22}},"100":{"start":{"line":190,"column":2},"end":{"line":196,"column":4}},"101":{"start":{"line":192,"column":6},"end":{"line":194,"column":7}},"102":{"start":{"line":193,"column":8},"end":{"line":193,"column":24}},"103":{"start":{"line":198,"column":26},"end":{"line":205,"column":3}},"104":{"start":{"line":199,"column":4},"end":{"line":204,"column":5}},"105":{"start":{"line":200,"column":26},"end":{"line":200,"column":47}},"106":{"start":{"line":200,"column":48},"end":{"line":200,"column":54}},"107":{"start":{"line":201,"column":29},"end":{"line":201,"column":53}},"108":{"start":{"line":201,"column":54},"end":{"line":201,"column":60}},"109":{"start":{"line":202,"column":28},"end":{"line":202,"column":51}},"110":{"start":{"line":202,"column":52},"end":{"line":202,"column":58}},"111":{"start":{"line":203,"column":31},"end":{"line":203,"column":57}},"112":{"start":{"line":203,"column":58},"end":{"line":203,"column":64}},"113":{"start":{"line":207,"column":32},"end":{"line":238,"column":3}},"114":{"start":{"line":208,"column":4},"end":{"line":211,"column":5}},"115":{"start":{"line":209,"column":6},"end":{"line":209,"column":98}},"116":{"start":{"line":210,"column":6},"end":{"line":210,"column":13}},"117":{"start":{"line":212,"column":4},"end":{"line":212,"column":32}},"118":{"start":{"line":213,"column":29},"end":{"line":213,"column":50}},"119":{"start":{"line":216,"column":27},"end":{"line":218,"column":5}},"120":{"start":{"line":217,"column":18},"end":{"line":217,"column":100}},"121":{"start":{"line":220,"column":4},"end":{"line":234,"column":5}},"122":{"start":{"line":221,"column":6},"end":{"line":221,"column":38}},"123":{"start":{"line":222,"column":6},"end":{"line":222,"column":54}},"124":{"start":{"line":223,"column":6},"end":{"line":223,"column":61}},"125":{"start":{"line":224,"column":6},"end":{"line":224,"column":81}},"126":{"start":{"line":225,"column":6},"end":{"line":225,"column":66}},"127":{"start":{"line":226,"column":6},"end":{"line":226,"column":44}},"128":{"start":{"line":228,"column":6},"end":{"line":228,"column":19}},"129":{"start":{"line":229,"column":6},"end":{"line":229,"column":24}},"130":{"start":{"line":230,"column":6},"end":{"line":230,"column":27}},"131":{"start":{"line":231,"column":6},"end":{"line":231,"column":26}},"132":{"start":{"line":232,"column":6},"end":{"line":232,"column":29}},"133":{"start":{"line":233,"column":6},"end":{"line":233,"column":24}},"134":{"start":{"line":236,"column":4},"end":{"line":236,"column":26}},"135":{"start":{"line":237,"column":4},"end":{"line":237,"column":21}},"136":{"start":{"line":240,"column":40},"end":{"line":244,"column":3}},"137":{"start":{"line":241,"column":4},"end":{"line":243,"column":6}},"138":{"start":{"line":242,"column":18},"end":{"line":242,"column":87}},"139":{"start":{"line":246,"column":35},"end":{"line":253,"column":3}},"140":{"start":{"line":247,"column":4},"end":{"line":247,"column":54}},"141":{"start":{"line":247,"column":41},"end":{"line":247,"column":54}},"142":{"start":{"line":248,"column":4},"end":{"line":252,"column":6}},"143":{"start":{"line":249,"column":6},"end":{"line":251,"column":7}},"144":{"start":{"line":250,"column":8},"end":{"line":250,"column":83}},"145":{"start":{"line":255,"column":24},"end":{"line":281,"column":3}},"146":{"start":{"line":256,"column":4},"end":{"line":258,"column":5}},"147":{"start":{"line":257,"column":6},"end":{"line":257,"column":13}},"148":{"start":{"line":259,"column":28},"end":{"line":259,"column":80}},"149":{"start":{"line":260,"column":4},"end":{"line":270,"column":7}},"150":{"start":{"line":271,"column":4},"end":{"line":271,"column":37}},"151":{"start":{"line":272,"column":4},"end":{"line":272,"column":20}},"152":{"start":{"line":273,"column":4},"end":{"line":273,"column":26}},"153":{"start":{"line":274,"column":4},"end":{"line":274,"column":17}},"154":{"start":{"line":275,"column":4},"end":{"line":275,"column":22}},"155":{"start":{"line":276,"column":4},"end":{"line":276,"column":25}},"156":{"start":{"line":277,"column":4},"end":{"line":277,"column":24}},"157":{"start":{"line":278,"column":4},"end":{"line":278,"column":27}},"158":{"start":{"line":279,"column":4},"end":{"line":279,"column":22}},"159":{"start":{"line":280,"column":4},"end":{"line":280,"column":59}},"160":{"start":{"line":283,"column":32},"end":{"line":288,"column":3}},"161":{"start":{"line":284,"column":4},"end":{"line":287,"column":8}},"162":{"start":{"line":284,"column":27},"end":{"line":287,"column":5}},"163":{"start":{"line":290,"column":31},"end":{"line":293,"column":3}},"164":{"start":{"line":291,"column":4},"end":{"line":291,"column":26}},"165":{"start":{"line":292,"column":4},"end":{"line":292,"column":58}},"166":{"start":{"line":295,"column":29},"end":{"line":384,"column":3}},"167":{"start":{"line":296,"column":4},"end":{"line":299,"column":5}},"168":{"start":{"line":297,"column":6},"end":{"line":297,"column":104}},"169":{"start":{"line":298,"column":6},"end":{"line":298,"column":13}},"170":{"start":{"line":300,"column":4},"end":{"line":303,"column":5}},"171":{"start":{"line":301,"column":6},"end":{"line":301,"column":102}},"172":{"start":{"line":302,"column":6},"end":{"line":302,"column":13}},"173":{"start":{"line":304,"column":4},"end":{"line":306,"column":5}},"174":{"start":{"line":305,"column":6},"end":{"line":305,"column":13}},"175":{"start":{"line":308,"column":29},"end":{"line":308,"column":70}},"176":{"start":{"line":309,"column":4},"end":{"line":309,"column":30}},"177":{"start":{"line":311,"column":4},"end":{"line":383,"column":5}},"178":{"start":{"line":312,"column":6},"end":{"line":320,"column":9}},"179":{"start":{"line":323,"column":27},"end":{"line":323,"column":42}},"180":{"start":{"line":324,"column":6},"end":{"line":332,"column":7}},"181":{"start":{"line":325,"column":32},"end":{"line":325,"column":56}},"182":{"start":{"line":326,"column":8},"end":{"line":329,"column":9}},"183":{"start":{"line":327,"column":10},"end":{"line":327,"column":62}},"184":{"start":{"line":328,"column":10},"end":{"line":328,"column":45}},"185":{"start":{"line":331,"column":8},"end":{"line":331,"column":63}},"186":{"start":{"line":335,"column":6},"end":{"line":376,"column":7}},"187":{"start":{"line":337,"column":26},"end":{"line":337,"column":51}},"188":{"start":{"line":338,"column":8},"end":{"line":338,"column":44}},"189":{"start":{"line":339,"column":30},"end":{"line":339,"column":59}},"190":{"start":{"line":342,"column":27},"end":{"line":344,"column":9}},"191":{"start":{"line":343,"column":22},"end":{"line":343,"column":101}},"192":{"start":{"line":346,"column":8},"end":{"line":360,"column":9}},"193":{"start":{"line":347,"column":10},"end":{"line":347,"column":38}},"194":{"start":{"line":348,"column":10},"end":{"line":348,"column":54}},"195":{"start":{"line":349,"column":10},"end":{"line":349,"column":61}},"196":{"start":{"line":350,"column":10},"end":{"line":350,"column":81}},"197":{"start":{"line":351,"column":10},"end":{"line":351,"column":66}},"198":{"start":{"line":352,"column":10},"end":{"line":352,"column":44}},"199":{"start":{"line":354,"column":10},"end":{"line":354,"column":23}},"200":{"start":{"line":355,"column":10},"end":{"line":355,"column":28}},"201":{"start":{"line":356,"column":10},"end":{"line":356,"column":31}},"202":{"start":{"line":357,"column":10},"end":{"line":357,"column":30}},"203":{"start":{"line":358,"column":10},"end":{"line":358,"column":33}},"204":{"start":{"line":359,"column":10},"end":{"line":359,"column":28}},"205":{"start":{"line":362,"column":8},"end":{"line":362,"column":116}},"206":{"start":{"line":365,"column":8},"end":{"line":365,"column":82}},"207":{"start":{"line":366,"column":8},"end":{"line":366,"column":31}},"208":{"start":{"line":367,"column":8},"end":{"line":367,"column":21}},"209":{"start":{"line":368,"column":8},"end":{"line":368,"column":26}},"210":{"start":{"line":369,"column":8},"end":{"line":369,"column":29}},"211":{"start":{"line":370,"column":8},"end":{"line":370,"column":28}},"212":{"start":{"line":371,"column":8},"end":{"line":371,"column":31}},"213":{"start":{"line":372,"column":8},"end":{"line":372,"column":26}},"214":{"start":{"line":373,"column":8},"end":{"line":373,"column":36}},"215":{"start":{"line":375,"column":8},"end":{"line":375,"column":30}},"216":{"start":{"line":378,"column":27},"end":{"line":378,"column":74}},"217":{"start":{"line":379,"column":6},"end":{"line":379,"column":51}},"218":{"start":{"line":380,"column":6},"end":{"line":380,"column":53}},"219":{"start":{"line":382,"column":6},"end":{"line":382,"column":33}},"220":{"start":{"line":386,"column":30},"end":{"line":436,"column":3}},"221":{"start":{"line":387,"column":4},"end":{"line":389,"column":5}},"222":{"start":{"line":388,"column":6},"end":{"line":388,"column":13}},"223":{"start":{"line":391,"column":4},"end":{"line":394,"column":5}},"224":{"start":{"line":392,"column":6},"end":{"line":392,"column":90}},"225":{"start":{"line":393,"column":6},"end":{"line":393,"column":13}},"226":{"start":{"line":396,"column":4},"end":{"line":399,"column":5}},"227":{"start":{"line":397,"column":6},"end":{"line":397,"column":97}},"228":{"start":{"line":398,"column":6},"end":{"line":398,"column":13}},"229":{"start":{"line":401,"column":4},"end":{"line":404,"column":5}},"230":{"start":{"line":402,"column":6},"end":{"line":402,"column":93}},"231":{"start":{"line":403,"column":6},"end":{"line":403,"column":13}},"232":{"start":{"line":406,"column":4},"end":{"line":409,"column":5}},"233":{"start":{"line":407,"column":6},"end":{"line":407,"column":92}},"234":{"start":{"line":408,"column":6},"end":{"line":408,"column":13}},"235":{"start":{"line":411,"column":4},"end":{"line":411,"column":29}},"236":{"start":{"line":412,"column":4},"end":{"line":435,"column":5}},"237":{"start":{"line":413,"column":31},"end":{"line":413,"column":59}},"238":{"start":{"line":414,"column":41},"end":{"line":421,"column":7}},"239":{"start":{"line":423,"column":26},"end":{"line":423,"column":55}},"240":{"start":{"line":424,"column":6},"end":{"line":424,"column":30}},"241":{"start":{"line":425,"column":6},"end":{"line":425,"column":74}},"242":{"start":{"line":426,"column":6},"end":{"line":426,"column":29}},"243":{"start":{"line":427,"column":6},"end":{"line":427,"column":23}},"244":{"start":{"line":428,"column":6},"end":{"line":428,"column":22}},"245":{"start":{"line":429,"column":6},"end":{"line":429,"column":28}},"246":{"start":{"line":431,"column":27},"end":{"line":431,"column":74}},"247":{"start":{"line":432,"column":6},"end":{"line":432,"column":51}},"248":{"start":{"line":434,"column":6},"end":{"line":434,"column":32}},"249":{"start":{"line":438,"column":33},"end":{"line":447,"column":3}},"250":{"start":{"line":439,"column":4},"end":{"line":439,"column":27}},"251":{"start":{"line":440,"column":4},"end":{"line":440,"column":17}},"252":{"start":{"line":441,"column":4},"end":{"line":441,"column":22}},"253":{"start":{"line":442,"column":4},"end":{"line":442,"column":25}},"254":{"start":{"line":443,"column":4},"end":{"line":443,"column":24}},"255":{"start":{"line":444,"column":4},"end":{"line":444,"column":27}},"256":{"start":{"line":445,"column":4},"end":{"line":445,"column":22}},"257":{"start":{"line":446,"column":4},"end":{"line":446,"column":32}},"258":{"start":{"line":449,"column":27},"end":{"line":459,"column":3}},"259":{"start":{"line":450,"column":4},"end":{"line":457,"column":5}},"260":{"start":{"line":451,"column":6},"end":{"line":451,"column":29}},"261":{"start":{"line":452,"column":6},"end":{"line":452,"column":23}},"262":{"start":{"line":453,"column":6},"end":{"line":453,"column":22}},"263":{"start":{"line":454,"column":6},"end":{"line":454,"column":28}},"264":{"start":{"line":455,"column":6},"end":{"line":455,"column":37}},"265":{"start":{"line":456,"column":6},"end":{"line":456,"column":13}},"266":{"start":{"line":458,"column":4},"end":{"line":458,"column":29}},"267":{"start":{"line":461,"column":31},"end":{"line":493,"column":3}},"268":{"start":{"line":462,"column":4},"end":{"line":492,"column":6}},"269":{"start":{"line":474,"column":12},"end":{"line":474,"column":40}},"270":{"start":{"line":474,"column":33},"end":{"line":474,"column":40}},"271":{"start":{"line":476,"column":12},"end":{"line":476,"column":36}},"272":{"start":{"line":477,"column":12},"end":{"line":488,"column":13}},"273":{"start":{"line":478,"column":31},"end":{"line":478,"column":53}},"274":{"start":{"line":479,"column":14},"end":{"line":479,"column":108}},"275":{"start":{"line":482,"column":14},"end":{"line":482,"column":36}},"276":{"start":{"line":484,"column":35},"end":{"line":484,"column":88}},"277":{"start":{"line":485,"column":14},"end":{"line":485,"column":59}},"278":{"start":{"line":487,"column":14},"end":{"line":487,"column":39}},"279":{"start":{"line":495,"column":30},"end":{"line":527,"column":3}},"280":{"start":{"line":496,"column":4},"end":{"line":526,"column":6}},"281":{"start":{"line":508,"column":12},"end":{"line":508,"column":40}},"282":{"start":{"line":508,"column":33},"end":{"line":508,"column":40}},"283":{"start":{"line":510,"column":12},"end":{"line":510,"column":36}},"284":{"start":{"line":511,"column":12},"end":{"line":522,"column":13}},"285":{"start":{"line":512,"column":31},"end":{"line":512,"column":51}},"286":{"start":{"line":513,"column":14},"end":{"line":513,"column":109}},"287":{"start":{"line":516,"column":14},"end":{"line":516,"column":28}},"288":{"start":{"line":518,"column":35},"end":{"line":518,"column":89}},"289":{"start":{"line":519,"column":14},"end":{"line":519,"column":59}},"290":{"start":{"line":521,"column":14},"end":{"line":521,"column":39}},"291":{"start":{"line":529,"column":24},"end":{"line":529,"column":48}},"292":{"start":{"line":531,"column":30},"end":{"line":579,"column":3}},"293":{"start":{"line":532,"column":4},"end":{"line":535,"column":5}},"294":{"start":{"line":533,"column":6},"end":{"line":533,"column":104}},"295":{"start":{"line":534,"column":6},"end":{"line":534,"column":13}},"296":{"start":{"line":537,"column":4},"end":{"line":540,"column":5}},"297":{"start":{"line":538,"column":6},"end":{"line":538,"column":73}},"298":{"start":{"line":539,"column":6},"end":{"line":539,"column":13}},"299":{"start":{"line":542,"column":4},"end":{"line":542,"column":31}},"300":{"start":{"line":543,"column":4},"end":{"line":578,"column":5}},"301":{"start":{"line":544,"column":6},"end":{"line":566,"column":7}},"302":{"start":{"line":546,"column":25},"end":{"line":546,"column":75}},"303":{"start":{"line":549,"column":8},"end":{"line":551,"column":10}},"304":{"start":{"line":550,"column":10},"end":{"line":550,"column":74}},"305":{"start":{"line":550,"column":27},"end":{"line":550,"column":72}},"306":{"start":{"line":554,"column":8},"end":{"line":554,"column":34}},"307":{"start":{"line":557,"column":25},"end":{"line":557,"column":65}},"308":{"start":{"line":560,"column":8},"end":{"line":560,"column":56}},"309":{"start":{"line":560,"column":30},"end":{"line":560,"column":54}},"310":{"start":{"line":563,"column":8},"end":{"line":565,"column":16}},"311":{"start":{"line":564,"column":10},"end":{"line":564,"column":65}},"312":{"start":{"line":569,"column":6},"end":{"line":569,"column":25}},"313":{"start":{"line":572,"column":6},"end":{"line":572,"column":25}},"314":{"start":{"line":574,"column":27},"end":{"line":574,"column":127}},"315":{"start":{"line":575,"column":6},"end":{"line":575,"column":51}},"316":{"start":{"line":577,"column":6},"end":{"line":577,"column":34}},"317":{"start":{"line":581,"column":28},"end":{"line":588,"column":3}},"318":{"start":{"line":582,"column":4},"end":{"line":582,"column":36}},"319":{"start":{"line":583,"column":4},"end":{"line":583,"column":36}},"320":{"start":{"line":585,"column":4},"end":{"line":587,"column":12}},"321":{"start":{"line":586,"column":6},"end":{"line":586,"column":61}},"322":{"start":{"line":590,"column":27},"end":{"line":593,"column":3}},"323":{"start":{"line":591,"column":4},"end":{"line":591,"column":23}},"324":{"start":{"line":592,"column":4},"end":{"line":592,"column":30}},"325":{"start":{"line":595,"column":30},"end":{"line":627,"column":3}},"326":{"start":{"line":596,"column":4},"end":{"line":626,"column":6}},"327":{"start":{"line":608,"column":12},"end":{"line":622,"column":13}},"328":{"start":{"line":609,"column":14},"end":{"line":609,"column":45}},"329":{"start":{"line":612,"column":14},"end":{"line":612,"column":76}},"330":{"start":{"line":612,"column":36},"end":{"line":612,"column":74}},"331":{"start":{"line":612,"column":55},"end":{"line":612,"column":73}},"332":{"start":{"line":615,"column":14},"end":{"line":618,"column":15}},"333":{"start":{"line":616,"column":16},"end":{"line":616,"column":35}},"334":{"start":{"line":617,"column":16},"end":{"line":617,"column":42}},"335":{"start":{"line":620,"column":35},"end":{"line":620,"column":105}},"336":{"start":{"line":621,"column":14},"end":{"line":621,"column":59}},"337":{"start":{"line":629,"column":2},"end":{"line":637,"column":3}},"338":{"start":{"line":630,"column":4},"end":{"line":636,"column":6}},"339":{"start":{"line":639,"column":2},"end":{"line":657,"column":3}},"340":{"start":{"line":640,"column":4},"end":{"line":656,"column":6}},"341":{"start":{"line":646,"column":25},"end":{"line":646,"column":38}},"342":{"start":{"line":659,"column":16},"end":{"line":659,"column":29}},"343":{"start":{"line":660,"column":26},"end":{"line":660,"column":101}},"344":{"start":{"line":661,"column":23},"end":{"line":661,"column":138}},"345":{"start":{"line":662,"column":24},"end":{"line":662,"column":64}},"346":{"start":{"line":663,"column":19},"end":{"line":663,"column":66}},"347":{"start":{"line":664,"column":24},"end":{"line":664,"column":80}},"348":{"start":{"line":665,"column":28},"end":{"line":665,"column":84}},"349":{"start":{"line":666,"column":22},"end":{"line":666,"column":78}},"350":{"start":{"line":667,"column":19},"end":{"line":667,"column":116}},"351":{"start":{"line":668,"column":26},"end":{"line":668,"column":78}},"352":{"start":{"line":669,"column":25},"end":{"line":669,"column":54}},"353":{"start":{"line":670,"column":22},"end":{"line":670,"column":87}},"354":{"start":{"line":672,"column":20},"end":{"line":672,"column":53}},"355":{"start":{"line":673,"column":22},"end":{"line":673,"column":47}},"356":{"start":{"line":674,"column":24},"end":{"line":674,"column":62}},"357":{"start":{"line":675,"column":21},"end":{"line":675,"column":57}},"358":{"start":{"line":676,"column":22},"end":{"line":676,"column":48}},"359":{"start":{"line":677,"column":22},"end":{"line":677,"column":48}},"360":{"start":{"line":678,"column":23},"end":{"line":678,"column":51}},"361":{"start":{"line":679,"column":26},"end":{"line":679,"column":71}},"362":{"start":{"line":681,"column":27},"end":{"line":681,"column":60}},"363":{"start":{"line":683,"column":4},"end":{"line":683,"column":121}},"364":{"start":{"line":685,"column":4},"end":{"line":685,"column":109}},"365":{"start":{"line":687,"column":4},"end":{"line":687,"column":100}},"366":{"start":{"line":690,"column":4},"end":{"line":690,"column":117}},"367":{"start":{"line":692,"column":4},"end":{"line":692,"column":105}},"368":{"start":{"line":694,"column":4},"end":{"line":694,"column":97}},"369":{"start":{"line":696,"column":2},"end":{"line":1361,"column":4}},"370":{"start":{"line":707,"column":14},"end":{"line":711,"column":15}},"371":{"start":{"line":708,"column":16},"end":{"line":708,"column":30}},"372":{"start":{"line":710,"column":16},"end":{"line":710,"column":40}},"373":{"start":{"line":766,"column":33},"end":{"line":766,"column":42}},"374":{"start":{"line":767,"column":31},"end":{"line":767,"column":95}},"375":{"start":{"line":768,"column":34},"end":{"line":770,"column":50}},"376":{"start":{"line":771,"column":14},"end":{"line":777,"column":16}},"377":{"start":{"line":789,"column":37},"end":{"line":789,"column":86}},"378":{"start":{"line":790,"column":40},"end":{"line":792,"column":56}},"379":{"start":{"line":794,"column":20},"end":{"line":807,"column":22}},"380":{"start":{"line":852,"column":14},"end":{"line":887,"column":33}},"381":{"start":{"line":856,"column":18},"end":{"line":858,"column":19}},"382":{"start":{"line":857,"column":20},"end":{"line":857,"column":105}},"383":{"start":{"line":895,"column":27},"end":{"line":895,"column":143}},"384":{"start":{"line":970,"column":14},"end":{"line":973,"column":16}},"385":{"start":{"line":1025,"column":14},"end":{"line":1042,"column":16}},"386":{"start":{"line":1032,"column":30},"end":{"line":1032,"column":56}},"387":{"start":{"line":1033,"column":32},"end":{"line":1033,"column":63}},"388":{"start":{"line":1035,"column":38},"end":{"line":1038,"column":18}},"389":{"start":{"line":1115,"column":45},"end":{"line":1115,"column":86}},"390":{"start":{"line":1116,"column":43},"end":{"line":1116,"column":100}},"391":{"start":{"line":1117,"column":20},"end":{"line":1119,"column":69}},"392":{"start":{"line":1136,"column":44},"end":{"line":1136,"column":80}},"393":{"start":{"line":1151,"column":44},"end":{"line":1151,"column":86}},"394":{"start":{"line":1155,"column":77},"end":{"line":1155,"column":115}},"395":{"start":{"line":1169,"column":44},"end":{"line":1169,"column":87}},"396":{"start":{"line":1185,"column":38},"end":{"line":1185,"column":49}},"397":{"start":{"line":1186,"column":22},"end":{"line":1189,"column":23}},"398":{"start":{"line":1187,"column":24},"end":{"line":1187,"column":74}},"399":{"start":{"line":1188,"column":24},"end":{"line":1188,"column":31}},"400":{"start":{"line":1190,"column":37},"end":{"line":1190,"column":52}},"401":{"start":{"line":1191,"column":22},"end":{"line":1191,"column":104}},"402":{"start":{"line":1208,"column":38},"end":{"line":1208,"column":49}},"403":{"start":{"line":1209,"column":22},"end":{"line":1212,"column":23}},"404":{"start":{"line":1210,"column":24},"end":{"line":1210,"column":77}},"405":{"start":{"line":1211,"column":24},"end":{"line":1211,"column":31}},"406":{"start":{"line":1213,"column":37},"end":{"line":1213,"column":52}},"407":{"start":{"line":1214,"column":22},"end":{"line":1214,"column":107}},"408":{"start":{"line":1223,"column":46},"end":{"line":1223,"column":90}},"409":{"start":{"line":1255,"column":22},"end":{"line":1264,"column":41}},"410":{"start":{"line":1257,"column":39},"end":{"line":1257,"column":75}},"411":{"start":{"line":1272,"column":22},"end":{"line":1281,"column":41}},"412":{"start":{"line":1274,"column":39},"end":{"line":1274,"column":78}},"413":{"start":{"line":1289,"column":22},"end":{"line":1298,"column":41}},"414":{"start":{"line":1291,"column":39},"end":{"line":1291,"column":77}},"415":{"start":{"line":1306,"column":22},"end":{"line":1315,"column":41}},"416":{"start":{"line":1308,"column":39},"end":{"line":1308,"column":80}},"417":{"start":{"line":1365,"column":2},"end":{"line":1370,"column":4}},"418":{"start":{"line":1373,"column":15},"end":{"line":1648,"column":2}}},"fnMap":{"0":{"name":"RequestDetails","decl":{"start":{"line":34,"column":24},"end":{"line":34,"column":38}},"loc":{"start":{"line":34,"column":41},"end":{"line":1362,"column":1}},"line":34},"1":{"name":"(anonymous_1)","decl":{"start":{"line":75,"column":25},"end":{"line":75,"column":26}},"loc":{"start":{"line":75,"column":87},"end":{"line":96,"column":3}},"line":75},"2":{"name":"(anonymous_2)","decl":{"start":{"line":98,"column":29},"end":{"line":98,"column":30}},"loc":{"start":{"line":98,"column":60},"end":{"line":100,"column":3}},"line":98},"3":{"name":"(anonymous_3)","decl":{"start":{"line":102,"column":36},"end":{"line":102,"column":37}},"loc":{"start":{"line":102,"column":48},"end":{"line":182,"column":3}},"line":102},"4":{"name":"(anonymous_4)","decl":{"start":{"line":184,"column":12},"end":{"line":184,"column":13}},"loc":{"start":{"line":184,"column":18},"end":{"line":188,"column":3}},"line":184},"5":{"name":"(anonymous_5)","decl":{"start":{"line":191,"column":16},"end":{"line":191,"column":17}},"loc":{"start":{"line":191,"column":22},"end":{"line":195,"column":5}},"line":191},"6":{"name":"(anonymous_6)","decl":{"start":{"line":198,"column":26},"end":{"line":198,"column":27}},"loc":{"start":{"line":198,"column":127},"end":{"line":205,"column":3}},"line":198},"7":{"name":"(anonymous_7)","decl":{"start":{"line":207,"column":32},"end":{"line":207,"column":33}},"loc":{"start":{"line":207,"column":38},"end":{"line":238,"column":3}},"line":207},"8":{"name":"(anonymous_8)","decl":{"start":{"line":217,"column":6},"end":{"line":217,"column":7}},"loc":{"start":{"line":217,"column":18},"end":{"line":217,"column":100}},"line":217},"9":{"name":"(anonymous_9)","decl":{"start":{"line":240,"column":40},"end":{"line":240,"column":41}},"loc":{"start":{"line":240,"column":85},"end":{"line":244,"column":3}},"line":240},"10":{"name":"(anonymous_10)","decl":{"start":{"line":242,"column":6},"end":{"line":242,"column":7}},"loc":{"start":{"line":242,"column":18},"end":{"line":242,"column":87}},"line":242},"11":{"name":"(anonymous_11)","decl":{"start":{"line":246,"column":35},"end":{"line":246,"column":36}},"loc":{"start":{"line":246,"column":50},"end":{"line":253,"column":3}},"line":246},"12":{"name":"(anonymous_12)","decl":{"start":{"line":248,"column":36},"end":{"line":248,"column":37}},"loc":{"start":{"line":249,"column":6},"end":{"line":251,"column":7}},"line":249},"13":{"name":"(anonymous_13)","decl":{"start":{"line":249,"column":27},"end":{"line":249,"column":28}},"loc":{"start":{"line":250,"column":8},"end":{"line":250,"column":83}},"line":250},"14":{"name":"(anonymous_14)","decl":{"start":{"line":255,"column":24},"end":{"line":255,"column":25}},"loc":{"start":{"line":255,"column":30},"end":{"line":281,"column":3}},"line":255},"15":{"name":"(anonymous_15)","decl":{"start":{"line":283,"column":32},"end":{"line":283,"column":33}},"loc":{"start":{"line":283,"column":110},"end":{"line":288,"column":3}},"line":283},"16":{"name":"(anonymous_16)","decl":{"start":{"line":284,"column":16},"end":{"line":284,"column":17}},"loc":{"start":{"line":284,"column":27},"end":{"line":287,"column":5}},"line":284},"17":{"name":"(anonymous_17)","decl":{"start":{"line":290,"column":31},"end":{"line":290,"column":32}},"loc":{"start":{"line":290,"column":47},"end":{"line":293,"column":3}},"line":290},"18":{"name":"(anonymous_18)","decl":{"start":{"line":295,"column":29},"end":{"line":295,"column":30}},"loc":{"start":{"line":295,"column":41},"end":{"line":384,"column":3}},"line":295},"19":{"name":"(anonymous_19)","decl":{"start":{"line":343,"column":10},"end":{"line":343,"column":11}},"loc":{"start":{"line":343,"column":22},"end":{"line":343,"column":101}},"line":343},"20":{"name":"(anonymous_20)","decl":{"start":{"line":386,"column":30},"end":{"line":386,"column":31}},"loc":{"start":{"line":386,"column":42},"end":{"line":436,"column":3}},"line":386},"21":{"name":"(anonymous_21)","decl":{"start":{"line":438,"column":33},"end":{"line":438,"column":34}},"loc":{"start":{"line":438,"column":39},"end":{"line":447,"column":3}},"line":438},"22":{"name":"(anonymous_22)","decl":{"start":{"line":449,"column":27},"end":{"line":449,"column":28}},"loc":{"start":{"line":449,"column":33},"end":{"line":459,"column":3}},"line":449},"23":{"name":"(anonymous_23)","decl":{"start":{"line":461,"column":31},"end":{"line":461,"column":32}},"loc":{"start":{"line":461,"column":37},"end":{"line":493,"column":3}},"line":461},"24":{"name":"(anonymous_24)","decl":{"start":{"line":473,"column":19},"end":{"line":473,"column":20}},"loc":{"start":{"line":473,"column":31},"end":{"line":489,"column":11}},"line":473},"25":{"name":"(anonymous_25)","decl":{"start":{"line":495,"column":30},"end":{"line":495,"column":31}},"loc":{"start":{"line":495,"column":36},"end":{"line":527,"column":3}},"line":495},"26":{"name":"(anonymous_26)","decl":{"start":{"line":507,"column":19},"end":{"line":507,"column":20}},"loc":{"start":{"line":507,"column":31},"end":{"line":523,"column":11}},"line":507},"27":{"name":"(anonymous_27)","decl":{"start":{"line":531,"column":30},"end":{"line":531,"column":31}},"loc":{"start":{"line":531,"column":42},"end":{"line":579,"column":3}},"line":531},"28":{"name":"(anonymous_28)","decl":{"start":{"line":549,"column":20},"end":{"line":549,"column":21}},"loc":{"start":{"line":550,"column":10},"end":{"line":550,"column":74}},"line":550},"29":{"name":"(anonymous_29)","decl":{"start":{"line":550,"column":19},"end":{"line":550,"column":20}},"loc":{"start":{"line":550,"column":27},"end":{"line":550,"column":72}},"line":550},"30":{"name":"(anonymous_30)","decl":{"start":{"line":560,"column":20},"end":{"line":560,"column":21}},"loc":{"start":{"line":560,"column":30},"end":{"line":560,"column":54}},"line":560},"31":{"name":"(anonymous_31)","decl":{"start":{"line":563,"column":19},"end":{"line":563,"column":20}},"loc":{"start":{"line":563,"column":25},"end":{"line":565,"column":9}},"line":563},"32":{"name":"(anonymous_32)","decl":{"start":{"line":581,"column":28},"end":{"line":581,"column":29}},"loc":{"start":{"line":581,"column":50},"end":{"line":588,"column":3}},"line":581},"33":{"name":"(anonymous_33)","decl":{"start":{"line":585,"column":15},"end":{"line":585,"column":16}},"loc":{"start":{"line":585,"column":21},"end":{"line":587,"column":5}},"line":585},"34":{"name":"(anonymous_34)","decl":{"start":{"line":590,"column":27},"end":{"line":590,"column":28}},"loc":{"start":{"line":590,"column":33},"end":{"line":593,"column":3}},"line":590},"35":{"name":"(anonymous_35)","decl":{"start":{"line":595,"column":30},"end":{"line":595,"column":31}},"loc":{"start":{"line":595,"column":53},"end":{"line":627,"column":3}},"line":595},"36":{"name":"(anonymous_36)","decl":{"start":{"line":607,"column":19},"end":{"line":607,"column":20}},"loc":{"start":{"line":607,"column":31},"end":{"line":623,"column":11}},"line":607},"37":{"name":"(anonymous_37)","decl":{"start":{"line":612,"column":26},"end":{"line":612,"column":27}},"loc":{"start":{"line":612,"column":36},"end":{"line":612,"column":74}},"line":612},"38":{"name":"(anonymous_38)","decl":{"start":{"line":612,"column":48},"end":{"line":612,"column":49}},"loc":{"start":{"line":612,"column":55},"end":{"line":612,"column":73}},"line":612},"39":{"name":"(anonymous_39)","decl":{"start":{"line":646,"column":19},"end":{"line":646,"column":20}},"loc":{"start":{"line":646,"column":25},"end":{"line":646,"column":38}},"line":646},"40":{"name":"(anonymous_40)","decl":{"start":{"line":706,"column":21},"end":{"line":706,"column":22}},"loc":{"start":{"line":706,"column":27},"end":{"line":712,"column":13}},"line":706},"41":{"name":"(anonymous_41)","decl":{"start":{"line":765,"column":14},"end":{"line":765,"column":15}},"loc":{"start":{"line":765,"column":20},"end":{"line":778,"column":13}},"line":765},"42":{"name":"(anonymous_42)","decl":{"start":{"line":788,"column":39},"end":{"line":788,"column":40}},"loc":{"start":{"line":788,"column":50},"end":{"line":808,"column":19}},"line":788},"43":{"name":"(anonymous_43)","decl":{"start":{"line":851,"column":35},"end":{"line":851,"column":36}},"loc":{"start":{"line":852,"column":14},"end":{"line":887,"column":33}},"line":852},"44":{"name":"(anonymous_44)","decl":{"start":{"line":855,"column":25},"end":{"line":855,"column":26}},"loc":{"start":{"line":855,"column":31},"end":{"line":859,"column":17}},"line":855},"45":{"name":"(anonymous_45)","decl":{"start":{"line":895,"column":21},"end":{"line":895,"column":22}},"loc":{"start":{"line":895,"column":27},"end":{"line":895,"column":143}},"line":895},"46":{"name":"(anonymous_46)","decl":{"start":{"line":969,"column":21},"end":{"line":969,"column":22}},"loc":{"start":{"line":970,"column":14},"end":{"line":973,"column":16}},"line":970},"47":{"name":"(anonymous_47)","decl":{"start":{"line":1024,"column":25},"end":{"line":1024,"column":26}},"loc":{"start":{"line":1025,"column":14},"end":{"line":1042,"column":16}},"line":1025},"48":{"name":"(anonymous_48)","decl":{"start":{"line":1032,"column":24},"end":{"line":1032,"column":25}},"loc":{"start":{"line":1032,"column":30},"end":{"line":1032,"column":56}},"line":1032},"49":{"name":"(anonymous_49)","decl":{"start":{"line":1033,"column":26},"end":{"line":1033,"column":27}},"loc":{"start":{"line":1033,"column":32},"end":{"line":1033,"column":63}},"line":1033},"50":{"name":"(anonymous_50)","decl":{"start":{"line":1035,"column":32},"end":{"line":1035,"column":33}},"loc":{"start":{"line":1035,"column":38},"end":{"line":1038,"column":18}},"line":1035},"51":{"name":"(anonymous_51)","decl":{"start":{"line":1114,"column":21},"end":{"line":1114,"column":22}},"loc":{"start":{"line":1114,"column":27},"end":{"line":1120,"column":19}},"line":1114},"52":{"name":"(anonymous_52)","decl":{"start":{"line":1136,"column":34},"end":{"line":1136,"column":35}},"loc":{"start":{"line":1136,"column":44},"end":{"line":1136,"column":80}},"line":1136},"53":{"name":"(anonymous_53)","decl":{"start":{"line":1151,"column":34},"end":{"line":1151,"column":35}},"loc":{"start":{"line":1151,"column":44},"end":{"line":1151,"column":86}},"line":1151},"54":{"name":"(anonymous_54)","decl":{"start":{"line":1155,"column":68},"end":{"line":1155,"column":69}},"loc":{"start":{"line":1155,"column":77},"end":{"line":1155,"column":115}},"line":1155},"55":{"name":"(anonymous_55)","decl":{"start":{"line":1169,"column":34},"end":{"line":1169,"column":35}},"loc":{"start":{"line":1169,"column":44},"end":{"line":1169,"column":87}},"line":1169},"56":{"name":"(anonymous_56)","decl":{"start":{"line":1184,"column":34},"end":{"line":1184,"column":35}},"loc":{"start":{"line":1184,"column":44},"end":{"line":1192,"column":21}},"line":1184},"57":{"name":"(anonymous_57)","decl":{"start":{"line":1207,"column":34},"end":{"line":1207,"column":35}},"loc":{"start":{"line":1207,"column":44},"end":{"line":1215,"column":21}},"line":1207},"58":{"name":"(anonymous_58)","decl":{"start":{"line":1223,"column":35},"end":{"line":1223,"column":36}},"loc":{"start":{"line":1223,"column":46},"end":{"line":1223,"column":90}},"line":1223},"59":{"name":"(anonymous_59)","decl":{"start":{"line":1254,"column":41},"end":{"line":1254,"column":42}},"loc":{"start":{"line":1255,"column":22},"end":{"line":1264,"column":41}},"line":1255},"60":{"name":"(anonymous_60)","decl":{"start":{"line":1257,"column":33},"end":{"line":1257,"column":34}},"loc":{"start":{"line":1257,"column":39},"end":{"line":1257,"column":75}},"line":1257},"61":{"name":"(anonymous_61)","decl":{"start":{"line":1271,"column":41},"end":{"line":1271,"column":42}},"loc":{"start":{"line":1272,"column":22},"end":{"line":1281,"column":41}},"line":1272},"62":{"name":"(anonymous_62)","decl":{"start":{"line":1274,"column":33},"end":{"line":1274,"column":34}},"loc":{"start":{"line":1274,"column":39},"end":{"line":1274,"column":78}},"line":1274},"63":{"name":"(anonymous_63)","decl":{"start":{"line":1288,"column":41},"end":{"line":1288,"column":42}},"loc":{"start":{"line":1289,"column":22},"end":{"line":1298,"column":41}},"line":1289},"64":{"name":"(anonymous_64)","decl":{"start":{"line":1291,"column":33},"end":{"line":1291,"column":34}},"loc":{"start":{"line":1291,"column":39},"end":{"line":1291,"column":77}},"line":1291},"65":{"name":"(anonymous_65)","decl":{"start":{"line":1305,"column":41},"end":{"line":1305,"column":42}},"loc":{"start":{"line":1306,"column":22},"end":{"line":1315,"column":41}},"line":1306},"66":{"name":"(anonymous_66)","decl":{"start":{"line":1308,"column":33},"end":{"line":1308,"column":34}},"loc":{"start":{"line":1308,"column":39},"end":{"line":1308,"column":80}},"line":1308},"67":{"name":"DetailRow","decl":{"start":{"line":1364,"column":9},"end":{"line":1364,"column":18}},"loc":{"start":{"line":1364,"column":110},"end":{"line":1371,"column":1}},"line":1364}},"branchMap":{"0":{"loc":{"start":{"line":41,"column":13},"end":{"line":41,"column":49}},"type":"cond-expr","locations":[{"start":{"line":41,"column":25},"end":{"line":41,"column":42}},{"start":{"line":41,"column":45},"end":{"line":41,"column":49}}],"line":41},"1":{"loc":{"start":{"line":77,"column":33},"end":{"line":77,"column":88}},"type":"binary-expr","locations":[{"start":{"line":77,"column":33},"end":{"line":77,"column":56}},{"start":{"line":77,"column":60},"end":{"line":77,"column":75}},{"start":{"line":77,"column":79},"end":{"line":77,"column":88}}],"line":77},"2":{"loc":{"start":{"line":82,"column":4},"end":{"line":86,"column":5}},"type":"if","locations":[{"start":{"line":82,"column":4},"end":{"line":86,"column":5}},{"start":{"line":84,"column":11},"end":{"line":86,"column":5}}],"line":82},"3":{"loc":{"start":{"line":82,"column":8},"end":{"line":82,"column":62}},"type":"binary-expr","locations":[{"start":{"line":82,"column":8},"end":{"line":82,"column":23}},{"start":{"line":82,"column":27},"end":{"line":82,"column":44}},{"start":{"line":82,"column":48},"end":{"line":82,"column":62}}],"line":82},"4":{"loc":{"start":{"line":89,"column":6},"end":{"line":94,"column":65}},"type":"binary-expr","locations":[{"start":{"line":89,"column":6},"end":{"line":89,"column":27}},{"start":{"line":90,"column":7},"end":{"line":94,"column":64}}],"line":89},"5":{"loc":{"start":{"line":90,"column":7},"end":{"line":94,"column":64}},"type":"cond-expr","locations":[{"start":{"line":91,"column":10},"end":{"line":91,"column":26}},{"start":{"line":92,"column":10},"end":{"line":94,"column":64}}],"line":90},"6":{"loc":{"start":{"line":92,"column":10},"end":{"line":94,"column":64}},"type":"cond-expr","locations":[{"start":{"line":93,"column":12},"end":{"line":93,"column":46}},{"start":{"line":94,"column":12},"end":{"line":94,"column":64}}],"line":92},"7":{"loc":{"start":{"line":94,"column":12},"end":{"line":94,"column":64}},"type":"binary-expr","locations":[{"start":{"line":94,"column":12},"end":{"line":94,"column":42}},{"start":{"line":94,"column":46},"end":{"line":94,"column":64}}],"line":94},"8":{"loc":{"start":{"line":103,"column":4},"end":{"line":108,"column":5}},"type":"if","locations":[{"start":{"line":103,"column":4},"end":{"line":108,"column":5}},{"start":{},"end":{}}],"line":103},"9":{"loc":{"start":{"line":118,"column":8},"end":{"line":122,"column":9}},"type":"if","locations":[{"start":{"line":118,"column":8},"end":{"line":122,"column":9}},{"start":{"line":120,"column":15},"end":{"line":122,"column":9}}],"line":118},"10":{"loc":{"start":{"line":119,"column":32},"end":{"line":119,"column":72}},"type":"binary-expr","locations":[{"start":{"line":119,"column":32},"end":{"line":119,"column":66}},{"start":{"line":119,"column":70},"end":{"line":119,"column":72}}],"line":119},"11":{"loc":{"start":{"line":131,"column":6},"end":{"line":146,"column":7}},"type":"if","locations":[{"start":{"line":131,"column":6},"end":{"line":146,"column":7}},{"start":{"line":144,"column":13},"end":{"line":146,"column":7}}],"line":131},"12":{"loc":{"start":{"line":131,"column":10},"end":{"line":131,"column":84}},"type":"binary-expr","locations":[{"start":{"line":131,"column":10},"end":{"line":131,"column":44}},{"start":{"line":131,"column":48},"end":{"line":131,"column":84}}],"line":131},"13":{"loc":{"start":{"line":135,"column":10},"end":{"line":137,"column":11}},"type":"if","locations":[{"start":{"line":135,"column":10},"end":{"line":137,"column":11}},{"start":{},"end":{}}],"line":135},"14":{"loc":{"start":{"line":136,"column":31},"end":{"line":136,"column":65}},"type":"binary-expr","locations":[{"start":{"line":136,"column":31},"end":{"line":136,"column":59}},{"start":{"line":136,"column":63},"end":{"line":136,"column":65}}],"line":136},"15":{"loc":{"start":{"line":152,"column":8},"end":{"line":154,"column":9}},"type":"if","locations":[{"start":{"line":152,"column":8},"end":{"line":154,"column":9}},{"start":{},"end":{}}],"line":152},"16":{"loc":{"start":{"line":153,"column":20},"end":{"line":153,"column":52}},"type":"binary-expr","locations":[{"start":{"line":153,"column":20},"end":{"line":153,"column":46}},{"start":{"line":153,"column":50},"end":{"line":153,"column":52}}],"line":153},"17":{"loc":{"start":{"line":166,"column":8},"end":{"line":168,"column":9}},"type":"if","locations":[{"start":{"line":166,"column":8},"end":{"line":168,"column":9}},{"start":{},"end":{}}],"line":166},"18":{"loc":{"start":{"line":167,"column":22},"end":{"line":167,"column":58}},"type":"binary-expr","locations":[{"start":{"line":167,"column":22},"end":{"line":167,"column":52}},{"start":{"line":167,"column":56},"end":{"line":167,"column":58}}],"line":167},"19":{"loc":{"start":{"line":176,"column":15},"end":{"line":176,"column":59}},"type":"binary-expr","locations":[{"start":{"line":176,"column":15},"end":{"line":176,"column":26}},{"start":{"line":176,"column":30},"end":{"line":176,"column":59}}],"line":176},"20":{"loc":{"start":{"line":185,"column":4},"end":{"line":187,"column":5}},"type":"if","locations":[{"start":{"line":185,"column":4},"end":{"line":187,"column":5}},{"start":{},"end":{}}],"line":185},"21":{"loc":{"start":{"line":192,"column":6},"end":{"line":194,"column":7}},"type":"if","locations":[{"start":{"line":192,"column":6},"end":{"line":194,"column":7}},{"start":{},"end":{}}],"line":192},"22":{"loc":{"start":{"line":199,"column":4},"end":{"line":204,"column":5}},"type":"switch","locations":[{"start":{"line":200,"column":6},"end":{"line":200,"column":54}},{"start":{"line":201,"column":6},"end":{"line":201,"column":60}},{"start":{"line":202,"column":6},"end":{"line":202,"column":58}},{"start":{"line":203,"column":6},"end":{"line":203,"column":64}}],"line":199},"23":{"loc":{"start":{"line":208,"column":4},"end":{"line":211,"column":5}},"type":"if","locations":[{"start":{"line":208,"column":4},"end":{"line":211,"column":5}},{"start":{},"end":{}}],"line":208},"24":{"loc":{"start":{"line":217,"column":18},"end":{"line":217,"column":100}},"type":"binary-expr","locations":[{"start":{"line":217,"column":18},"end":{"line":217,"column":65}},{"start":{"line":217,"column":69},"end":{"line":217,"column":100}}],"line":217},"25":{"loc":{"start":{"line":220,"column":4},"end":{"line":234,"column":5}},"type":"if","locations":[{"start":{"line":220,"column":4},"end":{"line":234,"column":5}},{"start":{"line":227,"column":11},"end":{"line":234,"column":5}}],"line":220},"26":{"loc":{"start":{"line":222,"column":21},"end":{"line":222,"column":52}},"type":"binary-expr","locations":[{"start":{"line":222,"column":21},"end":{"line":222,"column":47}},{"start":{"line":222,"column":51},"end":{"line":222,"column":52}}],"line":222},"27":{"loc":{"start":{"line":223,"column":24},"end":{"line":223,"column":59}},"type":"binary-expr","locations":[{"start":{"line":223,"column":24},"end":{"line":223,"column":54}},{"start":{"line":223,"column":58},"end":{"line":223,"column":59}}],"line":223},"28":{"loc":{"start":{"line":224,"column":23},"end":{"line":224,"column":79}},"type":"binary-expr","locations":[{"start":{"line":224,"column":23},"end":{"line":224,"column":74}},{"start":{"line":224,"column":78},"end":{"line":224,"column":79}}],"line":224},"29":{"loc":{"start":{"line":225,"column":26},"end":{"line":225,"column":64}},"type":"binary-expr","locations":[{"start":{"line":225,"column":26},"end":{"line":225,"column":59}},{"start":{"line":225,"column":63},"end":{"line":225,"column":64}}],"line":225},"30":{"loc":{"start":{"line":242,"column":18},"end":{"line":242,"column":87}},"type":"binary-expr","locations":[{"start":{"line":242,"column":18},"end":{"line":242,"column":52}},{"start":{"line":242,"column":56},"end":{"line":242,"column":87}}],"line":242},"31":{"loc":{"start":{"line":247,"column":4},"end":{"line":247,"column":54}},"type":"if","locations":[{"start":{"line":247,"column":4},"end":{"line":247,"column":54}},{"start":{},"end":{}}],"line":247},"32":{"loc":{"start":{"line":250,"column":8},"end":{"line":250,"column":83}},"type":"binary-expr","locations":[{"start":{"line":250,"column":8},"end":{"line":250,"column":48}},{"start":{"line":250,"column":52},"end":{"line":250,"column":83}}],"line":250},"33":{"loc":{"start":{"line":256,"column":4},"end":{"line":258,"column":5}},"type":"if","locations":[{"start":{"line":256,"column":4},"end":{"line":258,"column":5}},{"start":{},"end":{}}],"line":256},"34":{"loc":{"start":{"line":259,"column":28},"end":{"line":259,"column":80}},"type":"cond-expr","locations":[{"start":{"line":259,"column":47},"end":{"line":259,"column":73}},{"start":{"line":259,"column":76},"end":{"line":259,"column":80}}],"line":259},"35":{"loc":{"start":{"line":296,"column":4},"end":{"line":299,"column":5}},"type":"if","locations":[{"start":{"line":296,"column":4},"end":{"line":299,"column":5}},{"start":{},"end":{}}],"line":296},"36":{"loc":{"start":{"line":296,"column":8},"end":{"line":296,"column":78}},"type":"binary-expr","locations":[{"start":{"line":296,"column":8},"end":{"line":296,"column":20}},{"start":{"line":296,"column":24},"end":{"line":296,"column":39}},{"start":{"line":296,"column":43},"end":{"line":296,"column":57}},{"start":{"line":296,"column":61},"end":{"line":296,"column":78}}],"line":296},"37":{"loc":{"start":{"line":300,"column":4},"end":{"line":303,"column":5}},"type":"if","locations":[{"start":{"line":300,"column":4},"end":{"line":303,"column":5}},{"start":{},"end":{}}],"line":300},"38":{"loc":{"start":{"line":304,"column":4},"end":{"line":306,"column":5}},"type":"if","locations":[{"start":{"line":304,"column":4},"end":{"line":306,"column":5}},{"start":{},"end":{}}],"line":304},"39":{"loc":{"start":{"line":304,"column":8},"end":{"line":304,"column":77}},"type":"binary-expr","locations":[{"start":{"line":304,"column":8},"end":{"line":304,"column":11}},{"start":{"line":304,"column":15},"end":{"line":304,"column":23}},{"start":{"line":304,"column":27},"end":{"line":304,"column":77}}],"line":304},"40":{"loc":{"start":{"line":326,"column":8},"end":{"line":329,"column":9}},"type":"if","locations":[{"start":{"line":326,"column":8},"end":{"line":329,"column":9}},{"start":{},"end":{}}],"line":326},"41":{"loc":{"start":{"line":327,"column":27},"end":{"line":327,"column":61}},"type":"binary-expr","locations":[{"start":{"line":327,"column":27},"end":{"line":327,"column":55}},{"start":{"line":327,"column":59},"end":{"line":327,"column":61}}],"line":327},"42":{"loc":{"start":{"line":335,"column":6},"end":{"line":376,"column":7}},"type":"if","locations":[{"start":{"line":335,"column":6},"end":{"line":376,"column":7}},{"start":{"line":363,"column":13},"end":{"line":376,"column":7}}],"line":335},"43":{"loc":{"start":{"line":343,"column":22},"end":{"line":343,"column":101}},"type":"binary-expr","locations":[{"start":{"line":343,"column":22},"end":{"line":343,"column":66}},{"start":{"line":343,"column":70},"end":{"line":343,"column":101}}],"line":343},"44":{"loc":{"start":{"line":346,"column":8},"end":{"line":360,"column":9}},"type":"if","locations":[{"start":{"line":346,"column":8},"end":{"line":360,"column":9}},{"start":{"line":353,"column":15},"end":{"line":360,"column":9}}],"line":346},"45":{"loc":{"start":{"line":348,"column":25},"end":{"line":348,"column":52}},"type":"binary-expr","locations":[{"start":{"line":348,"column":25},"end":{"line":348,"column":47}},{"start":{"line":348,"column":51},"end":{"line":348,"column":52}}],"line":348},"46":{"loc":{"start":{"line":349,"column":28},"end":{"line":349,"column":59}},"type":"binary-expr","locations":[{"start":{"line":349,"column":28},"end":{"line":349,"column":54}},{"start":{"line":349,"column":58},"end":{"line":349,"column":59}}],"line":349},"47":{"loc":{"start":{"line":350,"column":27},"end":{"line":350,"column":79}},"type":"binary-expr","locations":[{"start":{"line":350,"column":27},"end":{"line":350,"column":74}},{"start":{"line":350,"column":78},"end":{"line":350,"column":79}}],"line":350},"48":{"loc":{"start":{"line":351,"column":30},"end":{"line":351,"column":64}},"type":"binary-expr","locations":[{"start":{"line":351,"column":30},"end":{"line":351,"column":59}},{"start":{"line":351,"column":63},"end":{"line":351,"column":64}}],"line":351},"49":{"loc":{"start":{"line":378,"column":27},"end":{"line":378,"column":74}},"type":"binary-expr","locations":[{"start":{"line":378,"column":27},"end":{"line":378,"column":39}},{"start":{"line":378,"column":43},"end":{"line":378,"column":74}}],"line":378},"50":{"loc":{"start":{"line":387,"column":4},"end":{"line":389,"column":5}},"type":"if","locations":[{"start":{"line":387,"column":4},"end":{"line":389,"column":5}},{"start":{},"end":{}}],"line":387},"51":{"loc":{"start":{"line":387,"column":8},"end":{"line":387,"column":23}},"type":"binary-expr","locations":[{"start":{"line":387,"column":8},"end":{"line":387,"column":11}},{"start":{"line":387,"column":15},"end":{"line":387,"column":23}}],"line":387},"52":{"loc":{"start":{"line":391,"column":4},"end":{"line":394,"column":5}},"type":"if","locations":[{"start":{"line":391,"column":4},"end":{"line":394,"column":5}},{"start":{},"end":{}}],"line":391},"53":{"loc":{"start":{"line":396,"column":4},"end":{"line":399,"column":5}},"type":"if","locations":[{"start":{"line":396,"column":4},"end":{"line":399,"column":5}},{"start":{},"end":{}}],"line":396},"54":{"loc":{"start":{"line":396,"column":8},"end":{"line":396,"column":81}},"type":"binary-expr","locations":[{"start":{"line":396,"column":8},"end":{"line":396,"column":47}},{"start":{"line":396,"column":51},"end":{"line":396,"column":81}}],"line":396},"55":{"loc":{"start":{"line":401,"column":4},"end":{"line":404,"column":5}},"type":"if","locations":[{"start":{"line":401,"column":4},"end":{"line":404,"column":5}},{"start":{},"end":{}}],"line":401},"56":{"loc":{"start":{"line":406,"column":4},"end":{"line":409,"column":5}},"type":"if","locations":[{"start":{"line":406,"column":4},"end":{"line":409,"column":5}},{"start":{},"end":{}}],"line":406},"57":{"loc":{"start":{"line":406,"column":8},"end":{"line":406,"column":65}},"type":"binary-expr","locations":[{"start":{"line":406,"column":8},"end":{"line":406,"column":34}},{"start":{"line":406,"column":38},"end":{"line":406,"column":65}}],"line":406},"58":{"loc":{"start":{"line":418,"column":18},"end":{"line":418,"column":63}},"type":"binary-expr","locations":[{"start":{"line":418,"column":18},"end":{"line":418,"column":34}},{"start":{"line":418,"column":38},"end":{"line":418,"column":63}}],"line":418},"59":{"loc":{"start":{"line":420,"column":18},"end":{"line":420,"column":79}},"type":"cond-expr","locations":[{"start":{"line":420,"column":33},"end":{"line":420,"column":59}},{"start":{"line":420,"column":62},"end":{"line":420,"column":79}}],"line":420},"60":{"loc":{"start":{"line":431,"column":27},"end":{"line":431,"column":74}},"type":"binary-expr","locations":[{"start":{"line":431,"column":27},"end":{"line":431,"column":39}},{"start":{"line":431,"column":43},"end":{"line":431,"column":74}}],"line":431},"61":{"loc":{"start":{"line":450,"column":4},"end":{"line":457,"column":5}},"type":"if","locations":[{"start":{"line":450,"column":4},"end":{"line":457,"column":5}},{"start":{},"end":{}}],"line":450},"62":{"loc":{"start":{"line":474,"column":12},"end":{"line":474,"column":40}},"type":"if","locations":[{"start":{"line":474,"column":12},"end":{"line":474,"column":40}},{"start":{},"end":{}}],"line":474},"63":{"loc":{"start":{"line":474,"column":16},"end":{"line":474,"column":31}},"type":"binary-expr","locations":[{"start":{"line":474,"column":16},"end":{"line":474,"column":19}},{"start":{"line":474,"column":23},"end":{"line":474,"column":31}}],"line":474},"64":{"loc":{"start":{"line":479,"column":47},"end":{"line":479,"column":106}},"type":"binary-expr","locations":[{"start":{"line":479,"column":47},"end":{"line":479,"column":63}},{"start":{"line":479,"column":67},"end":{"line":479,"column":106}}],"line":479},"65":{"loc":{"start":{"line":484,"column":35},"end":{"line":484,"column":88}},"type":"binary-expr","locations":[{"start":{"line":484,"column":35},"end":{"line":484,"column":47}},{"start":{"line":484,"column":51},"end":{"line":484,"column":88}}],"line":484},"66":{"loc":{"start":{"line":508,"column":12},"end":{"line":508,"column":40}},"type":"if","locations":[{"start":{"line":508,"column":12},"end":{"line":508,"column":40}},{"start":{},"end":{}}],"line":508},"67":{"loc":{"start":{"line":508,"column":16},"end":{"line":508,"column":31}},"type":"binary-expr","locations":[{"start":{"line":508,"column":16},"end":{"line":508,"column":19}},{"start":{"line":508,"column":23},"end":{"line":508,"column":31}}],"line":508},"68":{"loc":{"start":{"line":513,"column":47},"end":{"line":513,"column":107}},"type":"binary-expr","locations":[{"start":{"line":513,"column":47},"end":{"line":513,"column":63}},{"start":{"line":513,"column":67},"end":{"line":513,"column":107}}],"line":513},"69":{"loc":{"start":{"line":518,"column":35},"end":{"line":518,"column":89}},"type":"binary-expr","locations":[{"start":{"line":518,"column":35},"end":{"line":518,"column":47}},{"start":{"line":518,"column":51},"end":{"line":518,"column":89}}],"line":518},"70":{"loc":{"start":{"line":532,"column":4},"end":{"line":535,"column":5}},"type":"if","locations":[{"start":{"line":532,"column":4},"end":{"line":535,"column":5}},{"start":{},"end":{}}],"line":532},"71":{"loc":{"start":{"line":537,"column":4},"end":{"line":540,"column":5}},"type":"if","locations":[{"start":{"line":537,"column":4},"end":{"line":540,"column":5}},{"start":{},"end":{}}],"line":537},"72":{"loc":{"start":{"line":537,"column":8},"end":{"line":537,"column":20}},"type":"binary-expr","locations":[{"start":{"line":537,"column":8},"end":{"line":537,"column":11}},{"start":{"line":537,"column":15},"end":{"line":537,"column":20}}],"line":537},"73":{"loc":{"start":{"line":544,"column":6},"end":{"line":566,"column":7}},"type":"if","locations":[{"start":{"line":544,"column":6},"end":{"line":566,"column":7}},{"start":{"line":555,"column":13},"end":{"line":566,"column":7}}],"line":544},"74":{"loc":{"start":{"line":550,"column":27},"end":{"line":550,"column":72}},"type":"cond-expr","locations":[{"start":{"line":550,"column":55},"end":{"line":550,"column":68}},{"start":{"line":550,"column":71},"end":{"line":550,"column":72}}],"line":550},"75":{"loc":{"start":{"line":574,"column":27},"end":{"line":574,"column":127}},"type":"binary-expr","locations":[{"start":{"line":574,"column":27},"end":{"line":574,"column":39}},{"start":{"line":574,"column":43},"end":{"line":574,"column":127}}],"line":574},"76":{"loc":{"start":{"line":574,"column":86},"end":{"line":574,"column":124}},"type":"cond-expr","locations":[{"start":{"line":574,"column":105},"end":{"line":574,"column":113}},{"start":{"line":574,"column":116},"end":{"line":574,"column":124}}],"line":574},"77":{"loc":{"start":{"line":615,"column":14},"end":{"line":618,"column":15}},"type":"if","locations":[{"start":{"line":615,"column":14},"end":{"line":618,"column":15}},{"start":{},"end":{}}],"line":615},"78":{"loc":{"start":{"line":620,"column":35},"end":{"line":620,"column":105}},"type":"binary-expr","locations":[{"start":{"line":620,"column":35},"end":{"line":620,"column":47}},{"start":{"line":620,"column":51},"end":{"line":620,"column":105}}],"line":620},"79":{"loc":{"start":{"line":629,"column":2},"end":{"line":637,"column":3}},"type":"if","locations":[{"start":{"line":629,"column":2},"end":{"line":637,"column":3}},{"start":{},"end":{}}],"line":629},"80":{"loc":{"start":{"line":639,"column":2},"end":{"line":657,"column":3}},"type":"if","locations":[{"start":{"line":639,"column":2},"end":{"line":657,"column":3}},{"start":{},"end":{}}],"line":639},"81":{"loc":{"start":{"line":639,"column":6},"end":{"line":639,"column":23}},"type":"binary-expr","locations":[{"start":{"line":639,"column":6},"end":{"line":639,"column":11}},{"start":{"line":639,"column":15},"end":{"line":639,"column":23}}],"line":639},"82":{"loc":{"start":{"line":643,"column":11},"end":{"line":643,"column":49}},"type":"binary-expr","locations":[{"start":{"line":643,"column":11},"end":{"line":643,"column":16}},{"start":{"line":643,"column":20},"end":{"line":643,"column":49}}],"line":643},"83":{"loc":{"start":{"line":660,"column":26},"end":{"line":660,"column":101}},"type":"binary-expr","locations":[{"start":{"line":660,"column":26},"end":{"line":660,"column":50}},{"start":{"line":660,"column":54},"end":{"line":660,"column":70}},{"start":{"line":660,"column":74},"end":{"line":660,"column":101}}],"line":660},"84":{"loc":{"start":{"line":661,"column":23},"end":{"line":661,"column":138}},"type":"cond-expr","locations":[{"start":{"line":661,"column":53},"end":{"line":661,"column":69}},{"start":{"line":661,"column":72},"end":{"line":661,"column":138}}],"line":661},"85":{"loc":{"start":{"line":661,"column":72},"end":{"line":661,"column":138}},"type":"cond-expr","locations":[{"start":{"line":661,"column":102},"end":{"line":661,"column":120}},{"start":{"line":661,"column":123},"end":{"line":661,"column":138}}],"line":661},"86":{"loc":{"start":{"line":662,"column":24},"end":{"line":662,"column":64}},"type":"binary-expr","locations":[{"start":{"line":662,"column":24},"end":{"line":662,"column":46}},{"start":{"line":662,"column":50},"end":{"line":662,"column":64}}],"line":662},"87":{"loc":{"start":{"line":663,"column":19},"end":{"line":663,"column":66}},"type":"binary-expr","locations":[{"start":{"line":663,"column":19},"end":{"line":663,"column":32}},{"start":{"line":663,"column":36},"end":{"line":663,"column":66}}],"line":663},"88":{"loc":{"start":{"line":664,"column":24},"end":{"line":664,"column":80}},"type":"binary-expr","locations":[{"start":{"line":664,"column":24},"end":{"line":664,"column":45}},{"start":{"line":664,"column":49},"end":{"line":664,"column":80}}],"line":664},"89":{"loc":{"start":{"line":665,"column":28},"end":{"line":665,"column":84}},"type":"binary-expr","locations":[{"start":{"line":665,"column":28},"end":{"line":665,"column":58}},{"start":{"line":665,"column":62},"end":{"line":665,"column":84}}],"line":665},"90":{"loc":{"start":{"line":666,"column":22},"end":{"line":666,"column":78}},"type":"binary-expr","locations":[{"start":{"line":666,"column":22},"end":{"line":666,"column":41}},{"start":{"line":666,"column":45},"end":{"line":666,"column":78}}],"line":666},"91":{"loc":{"start":{"line":667,"column":19},"end":{"line":667,"column":116}},"type":"cond-expr","locations":[{"start":{"line":667,"column":38},"end":{"line":667,"column":81}},{"start":{"line":667,"column":84},"end":{"line":667,"column":116}}],"line":667},"92":{"loc":{"start":{"line":668,"column":26},"end":{"line":668,"column":78}},"type":"binary-expr","locations":[{"start":{"line":668,"column":26},"end":{"line":668,"column":42}},{"start":{"line":668,"column":46},"end":{"line":668,"column":78}}],"line":668},"93":{"loc":{"start":{"line":669,"column":25},"end":{"line":669,"column":54}},"type":"binary-expr","locations":[{"start":{"line":669,"column":25},"end":{"line":669,"column":49}},{"start":{"line":669,"column":53},"end":{"line":669,"column":54}}],"line":669},"94":{"loc":{"start":{"line":670,"column":22},"end":{"line":670,"column":87}},"type":"binary-expr","locations":[{"start":{"line":670,"column":22},"end":{"line":670,"column":51}},{"start":{"line":670,"column":55},"end":{"line":670,"column":87}}],"line":670},"95":{"loc":{"start":{"line":675,"column":21},"end":{"line":675,"column":57}},"type":"binary-expr","locations":[{"start":{"line":675,"column":21},"end":{"line":675,"column":51}},{"start":{"line":675,"column":55},"end":{"line":675,"column":57}}],"line":675},"96":{"loc":{"start":{"line":678,"column":23},"end":{"line":678,"column":51}},"type":"binary-expr","locations":[{"start":{"line":678,"column":23},"end":{"line":678,"column":35}},{"start":{"line":678,"column":39},"end":{"line":678,"column":51}}],"line":678},"97":{"loc":{"start":{"line":679,"column":26},"end":{"line":679,"column":71}},"type":"binary-expr","locations":[{"start":{"line":679,"column":26},"end":{"line":679,"column":35}},{"start":{"line":679,"column":39},"end":{"line":679,"column":51}},{"start":{"line":679,"column":55},"end":{"line":679,"column":71}}],"line":679},"98":{"loc":{"start":{"line":683,"column":4},"end":{"line":683,"column":121}},"type":"binary-expr","locations":[{"start":{"line":683,"column":4},"end":{"line":683,"column":82}},{"start":{"line":683,"column":86},"end":{"line":683,"column":121}}],"line":683},"99":{"loc":{"start":{"line":685,"column":4},"end":{"line":685,"column":109}},"type":"binary-expr","locations":[{"start":{"line":685,"column":4},"end":{"line":685,"column":76}},{"start":{"line":685,"column":80},"end":{"line":685,"column":109}}],"line":685},"100":{"loc":{"start":{"line":687,"column":4},"end":{"line":687,"column":100}},"type":"binary-expr","locations":[{"start":{"line":687,"column":4},"end":{"line":687,"column":78}},{"start":{"line":687,"column":82},"end":{"line":687,"column":100}}],"line":687},"101":{"loc":{"start":{"line":690,"column":4},"end":{"line":690,"column":117}},"type":"binary-expr","locations":[{"start":{"line":690,"column":4},"end":{"line":690,"column":79}},{"start":{"line":690,"column":83},"end":{"line":690,"column":117}}],"line":690},"102":{"loc":{"start":{"line":692,"column":4},"end":{"line":692,"column":105}},"type":"binary-expr","locations":[{"start":{"line":692,"column":4},"end":{"line":692,"column":73}},{"start":{"line":692,"column":77},"end":{"line":692,"column":105}}],"line":692},"103":{"loc":{"start":{"line":694,"column":4},"end":{"line":694,"column":97}},"type":"binary-expr","locations":[{"start":{"line":694,"column":4},"end":{"line":694,"column":75}},{"start":{"line":694,"column":79},"end":{"line":694,"column":97}}],"line":694},"104":{"loc":{"start":{"line":707,"column":14},"end":{"line":711,"column":15}},"type":"if","locations":[{"start":{"line":707,"column":14},"end":{"line":711,"column":15}},{"start":{"line":709,"column":21},"end":{"line":711,"column":15}}],"line":707},"105":{"loc":{"start":{"line":760,"column":48},"end":{"line":760,"column":63}},"type":"cond-expr","locations":[{"start":{"line":760,"column":55},"end":{"line":760,"column":58}},{"start":{"line":760,"column":61},"end":{"line":760,"column":63}}],"line":760},"106":{"loc":{"start":{"line":763,"column":9},"end":{"line":815,"column":9}},"type":"cond-expr","locations":[{"start":{"line":764,"column":10},"end":{"line":812,"column":13}},{"start":{"line":814,"column":10},"end":{"line":814,"column":71}}],"line":763},"107":{"loc":{"start":{"line":763,"column":9},"end":{"line":763,"column":44}},"type":"binary-expr","locations":[{"start":{"line":763,"column":9},"end":{"line":763,"column":26}},{"start":{"line":763,"column":30},"end":{"line":763,"column":44}}],"line":763},"108":{"loc":{"start":{"line":767,"column":31},"end":{"line":767,"column":95}},"type":"binary-expr","locations":[{"start":{"line":767,"column":31},"end":{"line":767,"column":51}},{"start":{"line":767,"column":55},"end":{"line":767,"column":69}},{"start":{"line":767,"column":73},"end":{"line":767,"column":89}},{"start":{"line":767,"column":93},"end":{"line":767,"column":95}}],"line":767},"109":{"loc":{"start":{"line":768,"column":34},"end":{"line":770,"column":50}},"type":"cond-expr","locations":[{"start":{"line":769,"column":18},"end":{"line":769,"column":26}},{"start":{"line":770,"column":18},"end":{"line":770,"column":50}}],"line":768},"110":{"loc":{"start":{"line":781,"column":13},"end":{"line":811,"column":13}},"type":"binary-expr","locations":[{"start":{"line":781,"column":13},"end":{"line":781,"column":30}},{"start":{"line":782,"column":14},"end":{"line":810,"column":21}}],"line":781},"111":{"loc":{"start":{"line":789,"column":37},"end":{"line":789,"column":86}},"type":"binary-expr","locations":[{"start":{"line":789,"column":37},"end":{"line":789,"column":52}},{"start":{"line":789,"column":56},"end":{"line":789,"column":65}},{"start":{"line":789,"column":69},"end":{"line":789,"column":80}},{"start":{"line":789,"column":84},"end":{"line":789,"column":86}}],"line":789},"112":{"loc":{"start":{"line":790,"column":40},"end":{"line":792,"column":56}},"type":"cond-expr","locations":[{"start":{"line":791,"column":24},"end":{"line":791,"column":32}},{"start":{"line":792,"column":24},"end":{"line":792,"column":56}}],"line":790},"113":{"loc":{"start":{"line":822,"column":16},"end":{"line":824,"column":71}},"type":"cond-expr","locations":[{"start":{"line":823,"column":20},"end":{"line":823,"column":46}},{"start":{"line":824,"column":20},"end":{"line":824,"column":71}}],"line":822},"114":{"loc":{"start":{"line":846,"column":11},"end":{"line":889,"column":11}},"type":"cond-expr","locations":[{"start":{"line":847,"column":12},"end":{"line":847,"column":74}},{"start":{"line":848,"column":14},"end":{"line":889,"column":11}}],"line":846},"115":{"loc":{"start":{"line":848,"column":14},"end":{"line":889,"column":11}},"type":"cond-expr","locations":[{"start":{"line":849,"column":12},"end":{"line":849,"column":130}},{"start":{"line":851,"column":12},"end":{"line":888,"column":14}}],"line":848},"116":{"loc":{"start":{"line":856,"column":18},"end":{"line":858,"column":19}},"type":"if","locations":[{"start":{"line":856,"column":18},"end":{"line":858,"column":19}},{"start":{},"end":{}}],"line":856},"117":{"loc":{"start":{"line":861,"column":31},"end":{"line":861,"column":59}},"type":"cond-expr","locations":[{"start":{"line":861,"column":52},"end":{"line":861,"column":55}},{"start":{"line":861,"column":58},"end":{"line":861,"column":59}}],"line":861},"118":{"loc":{"start":{"line":869,"column":20},"end":{"line":875,"column":75}},"type":"cond-expr","locations":[{"start":{"line":870,"column":24},"end":{"line":874,"column":23}},{"start":{"line":875,"column":24},"end":{"line":875,"column":75}}],"line":869},"119":{"loc":{"start":{"line":869,"column":21},"end":{"line":869,"column":73}},"type":"binary-expr","locations":[{"start":{"line":869,"column":21},"end":{"line":869,"column":49}},{"start":{"line":869,"column":53},"end":{"line":869,"column":73}}],"line":869},"120":{"loc":{"start":{"line":871,"column":29},"end":{"line":873,"column":104}},"type":"cond-expr","locations":[{"start":{"line":872,"column":28},"end":{"line":872,"column":80}},{"start":{"line":873,"column":28},"end":{"line":873,"column":104}}],"line":871},"121":{"loc":{"start":{"line":871,"column":30},"end":{"line":871,"column":82}},"type":"binary-expr","locations":[{"start":{"line":871,"column":30},"end":{"line":871,"column":58}},{"start":{"line":871,"column":62},"end":{"line":871,"column":82}}],"line":871},"122":{"loc":{"start":{"line":872,"column":28},"end":{"line":872,"column":80}},"type":"binary-expr","locations":[{"start":{"line":872,"column":28},"end":{"line":872,"column":56}},{"start":{"line":872,"column":60},"end":{"line":872,"column":80}}],"line":872},"123":{"loc":{"start":{"line":873,"column":50},"end":{"line":873,"column":102}},"type":"binary-expr","locations":[{"start":{"line":873,"column":50},"end":{"line":873,"column":78}},{"start":{"line":873,"column":82},"end":{"line":873,"column":102}}],"line":873},"124":{"loc":{"start":{"line":892,"column":9},"end":{"line":905,"column":9}},"type":"binary-expr","locations":[{"start":{"line":892,"column":9},"end":{"line":892,"column":18}},{"start":{"line":892,"column":22},"end":{"line":892,"column":34}},{"start":{"line":893,"column":10},"end":{"line":904,"column":29}}],"line":892},"125":{"loc":{"start":{"line":902,"column":15},"end":{"line":902,"column":112}},"type":"cond-expr","locations":[{"start":{"line":902,"column":38},"end":{"line":902,"column":73}},{"start":{"line":902,"column":76},"end":{"line":902,"column":112}}],"line":902},"126":{"loc":{"start":{"line":907,"column":9},"end":{"line":925,"column":9}},"type":"binary-expr","locations":[{"start":{"line":907,"column":9},"end":{"line":907,"column":24}},{"start":{"line":908,"column":10},"end":{"line":924,"column":29}}],"line":907},"127":{"loc":{"start":{"line":919,"column":13},"end":{"line":923,"column":13}},"type":"cond-expr","locations":[{"start":{"line":920,"column":14},"end":{"line":920,"column":73}},{"start":{"line":922,"column":14},"end":{"line":922,"column":120}}],"line":919},"128":{"loc":{"start":{"line":927,"column":9},"end":{"line":964,"column":9}},"type":"binary-expr","locations":[{"start":{"line":927,"column":9},"end":{"line":927,"column":18}},{"start":{"line":927,"column":22},"end":{"line":927,"column":34}},{"start":{"line":928,"column":10},"end":{"line":963,"column":17}}],"line":927},"129":{"loc":{"start":{"line":954,"column":15},"end":{"line":961,"column":15}},"type":"cond-expr","locations":[{"start":{"line":955,"column":16},"end":{"line":955,"column":76}},{"start":{"line":957,"column":16},"end":{"line":960,"column":23}}],"line":954},"130":{"loc":{"start":{"line":966,"column":9},"end":{"line":983,"column":9}},"type":"binary-expr","locations":[{"start":{"line":966,"column":9},"end":{"line":966,"column":19}},{"start":{"line":967,"column":10},"end":{"line":982,"column":29}}],"line":966},"131":{"loc":{"start":{"line":985,"column":9},"end":{"line":1014,"column":9}},"type":"binary-expr","locations":[{"start":{"line":985,"column":9},"end":{"line":985,"column":18}},{"start":{"line":985,"column":22},"end":{"line":985,"column":33}},{"start":{"line":986,"column":10},"end":{"line":1013,"column":13}}],"line":985},"132":{"loc":{"start":{"line":1007,"column":17},"end":{"line":1009,"column":74}},"type":"cond-expr","locations":[{"start":{"line":1008,"column":20},"end":{"line":1008,"column":78}},{"start":{"line":1009,"column":20},"end":{"line":1009,"column":74}}],"line":1007},"133":{"loc":{"start":{"line":1019,"column":11},"end":{"line":1044,"column":11}},"type":"cond-expr","locations":[{"start":{"line":1020,"column":12},"end":{"line":1020,"column":105}},{"start":{"line":1021,"column":14},"end":{"line":1044,"column":11}}],"line":1019},"134":{"loc":{"start":{"line":1021,"column":14},"end":{"line":1044,"column":11}},"type":"cond-expr","locations":[{"start":{"line":1022,"column":12},"end":{"line":1022,"column":123}},{"start":{"line":1024,"column":12},"end":{"line":1043,"column":14}}],"line":1021},"135":{"loc":{"start":{"line":1030,"column":27},"end":{"line":1030,"column":75}},"type":"binary-expr","locations":[{"start":{"line":1030,"column":27},"end":{"line":1030,"column":53}},{"start":{"line":1030,"column":57},"end":{"line":1030,"column":75}}],"line":1030},"136":{"loc":{"start":{"line":1050,"column":18},"end":{"line":1050,"column":62}},"type":"cond-expr","locations":[{"start":{"line":1050,"column":42},"end":{"line":1050,"column":51}},{"start":{"line":1050,"column":54},"end":{"line":1050,"column":62}}],"line":1050},"137":{"loc":{"start":{"line":1051,"column":32},"end":{"line":1051,"column":62}},"type":"cond-expr","locations":[{"start":{"line":1051,"column":56},"end":{"line":1051,"column":58}},{"start":{"line":1051,"column":61},"end":{"line":1051,"column":62}}],"line":1051},"138":{"loc":{"start":{"line":1054,"column":9},"end":{"line":1061,"column":9}},"type":"binary-expr","locations":[{"start":{"line":1054,"column":9},"end":{"line":1054,"column":25}},{"start":{"line":1055,"column":10},"end":{"line":1060,"column":17}}],"line":1054},"139":{"loc":{"start":{"line":1084,"column":33},"end":{"line":1084,"column":116}},"type":"cond-expr","locations":[{"start":{"line":1084,"column":76},"end":{"line":1084,"column":94}},{"start":{"line":1084,"column":97},"end":{"line":1084,"column":116}}],"line":1084},"140":{"loc":{"start":{"line":1084,"column":33},"end":{"line":1084,"column":73}},"type":"binary-expr","locations":[{"start":{"line":1084,"column":33},"end":{"line":1084,"column":50}},{"start":{"line":1084,"column":54},"end":{"line":1084,"column":73}}],"line":1084},"141":{"loc":{"start":{"line":1088,"column":22},"end":{"line":1088,"column":62}},"type":"binary-expr","locations":[{"start":{"line":1088,"column":22},"end":{"line":1088,"column":39}},{"start":{"line":1088,"column":43},"end":{"line":1088,"column":62}}],"line":1088},"142":{"loc":{"start":{"line":1091,"column":32},"end":{"line":1091,"column":126}},"type":"cond-expr","locations":[{"start":{"line":1091,"column":51},"end":{"line":1091,"column":88}},{"start":{"line":1091,"column":91},"end":{"line":1091,"column":126}}],"line":1091},"143":{"loc":{"start":{"line":1092,"column":44},"end":{"line":1092,"column":84}},"type":"binary-expr","locations":[{"start":{"line":1092,"column":44},"end":{"line":1092,"column":61}},{"start":{"line":1092,"column":65},"end":{"line":1092,"column":84}}],"line":1092},"144":{"loc":{"start":{"line":1094,"column":13},"end":{"line":1098,"column":13}},"type":"cond-expr","locations":[{"start":{"line":1095,"column":14},"end":{"line":1095,"column":73}},{"start":{"line":1097,"column":14},"end":{"line":1097,"column":108}}],"line":1094},"145":{"loc":{"start":{"line":1097,"column":30},"end":{"line":1097,"column":69}},"type":"cond-expr","locations":[{"start":{"line":1097,"column":49},"end":{"line":1097,"column":60}},{"start":{"line":1097,"column":63},"end":{"line":1097,"column":69}}],"line":1097},"146":{"loc":{"start":{"line":1111,"column":15},"end":{"line":1121,"column":51}},"type":"cond-expr","locations":[{"start":{"line":1112,"column":18},"end":{"line":1112,"column":49}},{"start":{"line":1113,"column":18},"end":{"line":1121,"column":51}}],"line":1111},"147":{"loc":{"s
[...]
mn":7}},{"start":{"line":2237,"column":13},"end":{"line":2239,"column":7}}],"line":2235},"267":{"loc":{"start":{"line":2237,"column":13},"end":{"line":2239,"column":7}},"type":"if","locations":[{"start":{"line":2237,"column":13},"end":{"line":2239,"column":7}},{"start":{},"end":{}}],"line":2237}},"s":{"0":3,"1":3,"2":3,"3":0,"4":3,"5":3,"6":0,"7":0,"8":0,"9":3,"10":3,"11":3,"12":3,"13":3,"14":3,"15":3,"16":3,"17":3,"18":3,"19":3,"20":3,"21":3,"22":3,"23":3,"24":0,"25":3,"26":0,"27":0,"28":0,"29":0,"30":0,"31":0,"32":0,"33":0,"34":0,"35":3,"36":0,"37":0,"38":0,"39":0,"40":0,"41":0,"42":0,"43":0,"44":0,"45":0,"46":0,"47":0,"48":3,"49":0,"50":0,"51":0,"52":0,"53":0,"54":3,"55":0,"56":0,"57":0,"58":0,"59":0,"60":0,"61":0,"62":0,"63":0,"64":0,"65":0,"66":0,"67":0,"68":0,"69":0,"70":0,"71":0,"72":0,"73":0,"74":0,"75":0,"76":0,"77":0,"78":0,"79":0,"80":0,"81":0,"82":0,"83":0,"84":0,"85":0,"86":0,"87":0,"88":0,"89":0,"90":0,"91":0,"92":0,"93":0,"94":0,"95":0,"96":0,"97":0,"98":0,"99":0,"100":0,"101":0,"102":0,"103":0,"104":0,"105":0,"106":0,"107":0,"108":0,"109":0,"110":0,"111":0,"112":0,"113":0,"114":0,"115":0,"116":0,"117":3,"118":0,"119":0,"120":0,"121":0,"122":0,"123":0,"124":0,"125":0,"126":0,"127":0,"128":0,"129":0,"130":0,"131":0,"132":0,"133":0,"134":0,"135":0,"136":0,"137":0,"138":0,"139":0,"140":3,"141":0,"142":0,"143":0,"144":0,"145":0,"146":0,"147":0,"148":0,"149":3,"150":0,"151":0,"152":0,"153":0,"154":0,"155":0,"156":0,"157":0,"158":0,"159":3,"160":0,"161":0,"162":0,"163":0,"164":0,"165":0,"166":0,"167":0,"168":3,"169":0,"170":0,"171":0,"172":0,"173":0,"174":0,"175":0,"176":0,"177":0,"178":0,"179":0,"180":3,"181":0,"182":0,"183":0,"184":0,"185":0,"186":0,"187":0,"188":0,"189":0,"190":0,"191":0,"192":3,"193":0,"194":0,"195":0,"196":0,"197":0,"198":0,"199":0,"200":0,"201":0,"202":0,"203":0,"204":0,"205":0,"206":0,"207":0,"208":0,"209":0,"210":0,"211":3,"212":0,"213":0,"214":0,"215":0,"216":0,"217":0,"218":0,"219":0,"220":0,"221":0,"222":0,"223":0,"224":0,"225":0,"226":0,"227":0,"228":0,"229":0,"230":3,"231":0,"232":0,"233":0,"234":0,"235":0,"236":0,"237":0,"238":0,"239":0,"240":0,"241":0,"242":0,"243":0,"244":0,"245":0,"246":0,"247":0,"248":0,"249":0,"250":0,"251":0,"252":0,"253":0,"254":0,"255":0,"256":0,"257":0,"258":0,"259":3,"260":0,"261":0,"262":0,"263":0,"264":0,"265":0,"266":0,"267":0,"268":0,"269":0,"270":0,"271":0,"272":0,"273":0,"274":0,"275":0,"276":0,"277":0,"278":0,"279":0,"280":0,"281":0,"282":3,"283":0,"284":0,"285":0,"286":0,"287":0,"288":0,"289":0,"290":0,"291":0,"292":0,"293":0,"294":0,"295":0,"296":0,"297":0,"298":0,"299":3,"300":0,"301":0,"302":0,"303":0,"304":0,"305":0,"306":0,"307":0,"308":0,"309":0,"310":0,"311":0,"312":3,"313":0,"314":0,"315":0,"316":0,"317":0,"318":0,"319":0,"320":0,"321":0,"322":0,"323":0,"324":0,"325":3,"326":0,"327":0,"328":0,"329":0,"330":0,"331":3,"332":0,"333":0,"334":0,"335":0,"336":0,"337":0,"338":0,"339":0,"340":0,"341":0,"342":0,"343":0,"344":0,"345":3,"346":0,"347":0,"348":0,"349":0,"350":0,"351":0,"352":0,"353":3,"354":0,"355":0,"356":0,"357":0,"358":0,"359":0,"360":0,"361":0,"362":3,"363":0,"364":0,"365":0,"366":0,"367":0,"368":0,"369":0,"370":0,"371":0,"372":0,"373":3,"374":0,"375":0,"376":0,"377":0,"378":0,"379":0,"380":0,"381":0,"382":3,"383":0,"384":0,"385":0,"386":0,"387":0,"388":0,"389":3,"390":0,"391":0,"392":0,"393":0,"394":0,"395":0,"396":3,"397":0,"398":0,"399":0,"400":0,"401":0,"402":0,"403":0,"404":0,"405":0,"406":0,"407":0,"408":0,"409":0,"410":0,"411":0,"412":0,"413":0,"414":0,"415":0,"416":0,"417":0,"418":0,"419":0,"420":3,"421":0,"422":0,"423":0,"424":0,"425":0,"426":0,"427":0,"428":0,"429":0,"430":0,"431":0,"432":0,"433":0,"434":0,"435":0,"436":0,"437":0,"438":0,"439":0,"440":0,"441":0,"442":0,"443":0,"444":0,"445":3,"446":0,"447":0,"448":0,"449":0,"450":0,"451":0,"452":0,"453":3,"454":0,"455":0,"456":0,"457":0,"458":0,"459":0,"460":0,"461":3,"462":0,"463":0,"464":0,"465":0,"466":0,"467":0,"468":0,"469":3,"470":0,"471":0,"472":0,"473":0,"474":0,"475":0,"476":0,"477":0,"478":0,"479":0,"480":0,"481":3,"482":0,"483":0,"484":0,"485":0,"486":0,"487":0,"488":0,"489":0,"490":3,"491":0,"492":0,"493":0,"494":0,"495":0,"496":0,"497":0,"498":0,"499":0,"500":0,"501":0,"502":0,"503":3,"504":0,"505":0,"506":0,"507":0,"508":0,"509":0,"510":0,"511":0,"512":0,"513":0,"514":0,"515":0,"516":3,"517":0,"518":0,"519":0,"520":0,"521":0,"522":0,"523":0,"524":0,"525":0,"526":0,"527":0,"528":0,"529":3,"530":0,"531":0,"532":0,"533":0,"534":0,"535":0,"536":0,"537":0,"538":0,"539":0,"540":0,"541":0,"542":3,"543":0,"544":0,"545":0,"546":0,"547":0,"548":0,"549":0,"550":0,"551":0,"552":0,"553":3,"554":0,"555":0,"556":0,"557":0,"558":0,"559":0,"560":0,"561":0,"562":0,"563":0,"564":0,"565":0,"566":0,"567":0,"568":0,"569":0,"570":0,"571":0,"572":0,"573":0,"574":0,"575":3,"576":0,"577":0,"578":0,"579":0,"580":0,"581":0,"582":0,"583":0,"584":0,"585":0,"586":0,"587":0,"588":0,"589":0,"590":0,"591":0,"592":0,"593":0,"594":0,"595":3,"596":0,"597":0,"598":0,"599":0,"600":0,"601":0,"602":0,"603":0,"604":0,"605":3,"606":0,"607":0,"608":0,"609":0,"610":0,"611":0,"612":3,"613":0,"614":0,"615":0,"616":0,"617":0,"618":0,"619":0,"620":0,"621":0,"622":0,"623":0,"624":0,"625":0,"626":0,"627":0,"628":0,"629":0,"630":0,"631":0,"632":0,"633":0,"634":0,"635":0,"636":3,"637":0,"638":0,"639":0,"640":0,"641":0,"642":0,"643":0,"644":0,"645":0,"646":0,"647":0,"648":0,"649":0,"650":0,"651":0,"652":0,"653":0,"654":0,"655":0,"656":0,"657":0,"658":0,"659":0,"660":3,"661":0,"662":0,"663":0,"664":0,"665":0,"666":0,"667":0,"668":0,"669":0,"670":0,"671":0,"672":0,"673":0,"674":0,"675":0,"676":0,"677":0,"678":0,"679":0,"680":0,"681":0,"682":3,"683":3,"684":0,"685":0,"686":0,"687":0,"688":0,"689":0,"690":0,"691":0,"692":0,"693":0,"694":0,"695":0,"696":0,"697":0,"698":3,"699":0,"700":0,"701":0,"702":0,"703":0,"704":0,"705":0,"706":0,"707":0,"708":0,"709":0,"710":0,"711":0,"712":0,"713":3,"714":0,"715":0,"716":0,"717":0,"718":0,"719":0,"720":0,"721":0,"722":0,"723":0,"724":0,"725":0,"726":0,"727":3,"728":0,"729":0,"730":0,"731":0,"732":0,"733":0,"734":3,"735":0,"736":0,"737":0,"738":0,"739":0,"740":0,"741":0,"742":0,"743":0,"744":0,"745":0,"746":0,"747":0,"748":3,"749":0,"750":0,"751":0,"752":0,"753":0,"754":0,"755":0,"756":0,"757":0,"758":0,"759":0,"760":3,"761":0,"762":0,"763":0,"764":0,"765":0,"766":0,"767":0,"768":0,"769":0,"770":0,"771":0,"772":0},"f":{"0":3,"1":0,"2":0,"3":0,"4":0,"5":0,"6":0,"7":0,"8":0,"9":0,"10":0,"11":0,"12":0,"13":0,"14":0,"15":0,"16":0,"17":0,"18":0,"19":0,"20":0,"21":0,"22":0,"23":0,"24":0,"25":0,"26":0,"27":0,"28":0,"29":0,"30":0,"31":0,"32":0,"33":0,"34":0,"35":0,"36":0,"37":0,"38":0,"39":0,"40":0,"41":0,"42":0,"43":0,"44":0,"45":0,"46":0,"47":0,"48":0,"49":0,"50":0,"51":0,"52":0,"53":0,"54":0},"b":{"0":[0,3],"1":[0,3],"2":[0,0],"3":[3,3],"4":[3,3],"5":[0,3],"6":[0,0,0],"7":[0,0],"8":[0,0],"9":[0,0],"10":[0,0],"11":[0,0],"12":[0,0],"13":[0,0],"14":[0,0],"15":[0,0],"16":[0,0,0],"17":[0,0],"18":[0,0,0],"19":[0,0],"20":[0,0],"21":[0,0],"22":[0,0],"23":[0,0],"24":[0,0],"25":[0,0],"26":[0,0],"27":[0,0],"28":[0,0],"29":[0,0],"30":[0,0],"31":[0,0],"32":[0,0],"33":[0,0],"34":[0,0],"35":[0,0],"36":[0,0],"37":[0,0],"38":[0,0],"39":[0,0],"40":[0,0],"41":[0,0],"42":[0,0],"43":[0,0],"44":[0,0],"45":[0,0],"46":[0,0],"47":[0,0],"48":[0,0],"49":[0,0,0],"50":[0,0],"51":[0,0],"52":[0,0],"53":[0,0],"54":[0,0],"55":[0,0],"56":[0,0],"57":[0,0],"58":[0,0],"59":[0,0],"60":[0,0],"61":[0,0],"62":[0,0],"63":[0,0],"64":[0,0],"65":[0,0],"66":[0,0],"67":[0,0],"68":[0,0],"69":[0,0],"70":[0,0],"71":[0,0],"72":[0,0],"73":[0,0],"74":[0,0],"75":[0,0],"76":[0,0],"77":[0,0],"78":[0,0],"79":[0,0],"80":[0,0],"81":[0,0],"82":[0,0],"83":[0,0],"84":[0,0],"85":[0,0],"86":[0,0],"87":[0,0],"88":[0,0],"89":[0,0],"90":[0,0,0],"91":[0,0],"92":[0,0],"93":[0,0],"94":[0,0],"95":[0,0],"96":[0,0],"97":[0,0],"98":[0],"99":[0],"100":[0,0],"101":[0,0],"102":[0,0],"103":[0,0],"104":[0,0],"105":[0,0],"106":[0],"107":[0,0],"108":[0,0],"109":[0,0],"110":[0,0],"111":[0],"112":[0,0],"113":[0,0],"114":[0,0],"115":[0,0],"116":[0,0],"117":[0,0],"118":[0,0],"119":[0,0],"120":[0,0],"121":[0,0],"122":[0,0],"123":[0,0],"124":[0,0],"125":[0,0],"126":[0,0],"127":[0,0],"128":[0,0],"129":[0,0,0],"130":[0,0],"131":[0,0],"132":[0,0],"133":[0,0],"134":[0],"135":[0],"136":[0,0],"137":[0],"138":[0],"139":[0,0],"140":[0,0],"141":[0,0],"142":[0,0],"143":[0,0],"144":[0,0],"145":[0,0],"146":[0,0],"147":[0,0],"148":[0,0],"149":[0,0],"150":[0,0],"151":[0,0],"152":[0,0],"153":[0,0],"154":[0,0],"155":[0,0],"156":[0,0],"157":[0],"158":[0],"159":[0],"160":[0,0],"161":[0,0],"162":[0,0],"163":[0,0],"164":[0,0,0],"165":[0,0],"166":[0],"167":[0],"168":[0],"169":[0,0],"170":[0,0,0],"171":[0,0],"172":[0,0],"173":[0,0],"174":[0,0],"175":[0,0],"176":[0,0],"177":[0,0],"178":[0,0],"179":[0,0],"180":[0,0],"181":[0,0],"182":[0,0],"183":[0,0],"184":[0,0],"185":[0,0],"186":[0,0],"187":[0,0],"188":[0,0],"189":[0,0],"190":[0,0],"191":[0,0],"192":[0,0],"193":[0,0],"194":[0,0],"195":[0,0],"196":[0,0],"197":[0,0],"198":[0,0],"199":[0,0],"200":[0,0],"201":[0,0],"202":[0,0],"203":[0,0],"204":[0,0],"205":[0,0],"206":[0,0],"207":[0,0],"208":[0],"209":[0],"210":[0,0],"211":[0,0],"212":[0,0],"213":[0,0],"214":[0,0],"215":[0,0],"216":[0,0],"217":[0,0],"218":[0,0],"219":[0,0],"220":[0,0],"221":[0,0],"222":[0,0],"223":[0,0],"224":[0,0],"225":[0,0],"226":[0,0],"227":[0,0],"228":[0,0],"229":[0,0],"230":[0,0],"231":[0,0],"232":[0,0],"233":[0,0],"234":[0,0],"235":[0,0],"236":[0,0],"237":[0,0],"238":[0,0],"239":[0,0],"240":[0,0],"241":[0,0],"242":[0,0],"243":[0,0],"244":[0,0],"245":[0,0],"246":[0,0],"247":[0,0],"248":[0,0],"249":[0,0],"250":[0,0],"251":[0,0],"252":[0,0],"253":[0,0],"254":[0,0],"255":[0,0],"256":[0,0],"257":[0,0],"258":[0,0],"259":[0,0],"260":[0,0],"261":[0,0],"262":[0,0],"263":[0,0],"264":[0,0],"265":[0,0],"266":[0,0],"267":[0,0]},"_coverageSchema":"1a1c01bbd47fc00a2c39e90264f33305004495a9","hash":"1748919bf13e6846ee8757ab80cb642dd0a6fdc1"}
,"/Users/alperen/Downloads/mobil/bounswe2025group8/app/mobile/utils/address.ts": {"path":"/Users/alperen/Downloads/mobil/bounswe2025group8/app/mobile/utils/address.ts","statementMap":{"0":{"start":{"line":11,"column":48},"end":{"line":19,"column":1}},"1":{"start":{"line":21,"column":34},"end":{"line":51,"column":1}},"2":{"start":{"line":22,"column":2},"end":{"line":24,"column":3}},"3":{"start":{"line":23,"column":4},"end":{"line":23,"column":31}},"4":{"start":{"line":26,"column":16},"end":{"line":29,"column":20}},"5":{"start":{"line":28,"column":19},"end":{"line":28,"column":30}},"6":{"start":{"line":31,"column":18},"end":{"line":31,"column":35}},"7":{"start":{"line":32,"column":16},"end":{"line":32,"column":33}},"8":{"start":{"line":33,"column":15},"end":{"line":33,"column":32}},"9":{"start":{"line":34,"column":23},"end":{"line":34,"column":40}},"10":{"start":{"line":36,"column":20},"end":{"line":36,"column":37}},"11":{"start":{"line":37,"column":21},"end":{"line":37,"column":59}},"12":{"start":{"line":38,"column":17},"end":{"line":38,"column":55}},"13":{"start":{"line":40,"column":17},"end":{"line":40,"column":34}},"14":{"start":{"line":42,"column":2},"end":{"line":50,"column":4}},"15":{"start":{"line":53,"column":29},"end":{"line":76,"column":1}},"16":{"start":{"line":54,"column":19},"end":{"line":54,"column":21}},"17":{"start":{"line":55,"column":2},"end":{"line":57,"column":3}},"18":{"start":{"line":56,"column":4},"end":{"line":56,"column":39}},"19":{"start":{"line":58,"column":26},"end":{"line":60,"column":14}},"20":{"start":{"line":61,"column":2},"end":{"line":63,"column":3}},"21":{"start":{"line":62,"column":4},"end":{"line":62,"column":35}},"22":{"start":{"line":64,"column":2},"end":{"line":66,"column":3}},"23":{"start":{"line":65,"column":4},"end":{"line":65,"column":45}},"24":{"start":{"line":67,"column":2},"end":{"line":69,"column":3}},"25":{"start":{"line":68,"column":4},"end":{"line":68,"column":37}},"26":{"start":{"line":70,"column":2},"end":{"line":72,"column":3}},"27":{"start":{"line":71,"column":4},"end":{"line":71,"column":38}},"28":{"start":{"line":72,"column":4},"end":{"line":74,"column":3}},"29":{"start":{"line":73,"column":4},"end":{"line":73,"column":40}},"30":{"start":{"line":75,"column":2},"end":{"line":75,"column":29}},"31":{"start":{"line":78,"column":34},"end":{"line":85,"column":1}},"32":{"start":{"line":79,"column":17},"end":{"line":79,"column":45}},"33":{"start":{"line":80,"column":2},"end":{"line":84,"column":4}},"34":{"start":{"line":87,"column":39},"end":{"line":93,"column":1}},"35":{"start":{"line":88,"column":35},"end":{"line":88,"column":63}},"36":{"start":{"line":89,"column":16},"end":{"line":91,"column":15}},"37":{"start":{"line":92,"column":2},"end":{"line":92,"column":43}},"38":{"start":{"line":95,"column":31},"end":{"line":118,"column":1}},"39":{"start":{"line":96,"column":24},"end":{"line":96,"column":37}},"40":{"start":{"line":97,"column":2},"end":{"line":99,"column":3}},"41":{"start":{"line":98,"column":4},"end":{"line":98,"column":16}},"42":{"start":{"line":101,"column":35},"end":{"line":101,"column":63}},"43":{"start":{"line":102,"column":19},"end":{"line":102,"column":75}},"44":{"start":{"line":104,"column":23},"end":{"line":108,"column":20}},"45":{"start":{"line":107,"column":20},"end":{"line":107,"column":32}},"46":{"start":{"line":110,"column":2},"end":{"line":112,"column":3}},"47":{"start":{"line":111,"column":4},"end":{"line":111,"column":58}},"48":{"start":{"line":114,"column":2},"end":{"line":114,"column":46}},"49":{"start":{"line":115,"column":2},"end":{"line":115,"column":37}},"50":{"start":{"line":117,"column":2},"end":{"line":117,"column":65}},"51":{"start":{"line":117,"column":39},"end":{"line":117,"column":63}}},"fnMap":{"0":{"name":"(anonymous_0)","decl":{"start":{"line":21,"column":34},"end":{"line":21,"column":35}},"loc":{"start":{"line":21,"column":84},"end":{"line":51,"column":1}},"line":21},"1":{"name":"(anonymous_1)","decl":{"start":{"line":28,"column":9},"end":{"line":28,"column":10}},"loc":{"start":{"line":28,"column":19},"end":{"line":28,"column":30}},"line":28},"2":{"name":"(anonymous_2)","decl":{"start":{"line":53,"column":29},"end":{"line":53,"column":30}},"loc":{"start":{"line":53,"column":68},"end":{"line":76,"column":1}},"line":53},"3":{"name":"(anonymous_3)","decl":{"start":{"line":78,"column":34},"end":{"line":78,"column":35}},"loc":{"start":{"line":78,"column":114},"end":{"line":85,"column":1}},"line":78},"4":{"name":"(anonymous_4)","decl":{"start":{"line":87,"column":39},"end":{"line":87,"column":40}},"loc":{"start":{"line":87,"column":77},"end":{"line":93,"column":1}},"line":87},"5":{"name":"(anonymous_5)","decl":{"start":{"line":95,"column":31},"end":{"line":95,"column":32}},"loc":{"start":{"line":95,"column":78},"end":{"line":118,"column":1}},"line":95},"6":{"name":"(anonymous_6)","decl":{"start":{"line":107,"column":9},"end":{"line":107,"column":10}},"loc":{"start":{"line":107,"column":20},"end":{"line":107,"column":32}},"line":107},"7":{"name":"(anonymous_7)","decl":{"start":{"line":117,"column":28},"end":{"line":117,"column":29}},"loc":{"start":{"line":117,"column":39},"end":{"line":117,"column":63}},"line":117}},"branchMap":{"0":{"loc":{"start":{"line":22,"column":2},"end":{"line":24,"column":3}},"type":"if","locations":[{"start":{"line":22,"column":2},"end":{"line":24,"column":3}},{"start":{},"end":{}}],"line":22},"1":{"loc":{"start":{"line":31,"column":18},"end":{"line":31,"column":35}},"type":"binary-expr","locations":[{"start":{"line":31,"column":18},"end":{"line":31,"column":29}},{"start":{"line":31,"column":33},"end":{"line":31,"column":35}}],"line":31},"2":{"loc":{"start":{"line":32,"column":16},"end":{"line":32,"column":33}},"type":"binary-expr","locations":[{"start":{"line":32,"column":16},"end":{"line":32,"column":27}},{"start":{"line":32,"column":31},"end":{"line":32,"column":33}}],"line":32},"3":{"loc":{"start":{"line":33,"column":15},"end":{"line":33,"column":32}},"type":"binary-expr","locations":[{"start":{"line":33,"column":15},"end":{"line":33,"column":26}},{"start":{"line":33,"column":30},"end":{"line":33,"column":32}}],"line":33},"4":{"loc":{"start":{"line":34,"column":23},"end":{"line":34,"column":40}},"type":"binary-expr","locations":[{"start":{"line":34,"column":23},"end":{"line":34,"column":34}},{"start":{"line":34,"column":38},"end":{"line":34,"column":40}}],"line":34},"5":{"loc":{"start":{"line":36,"column":20},"end":{"line":36,"column":37}},"type":"binary-expr","locations":[{"start":{"line":36,"column":20},"end":{"line":36,"column":31}},{"start":{"line":36,"column":35},"end":{"line":36,"column":37}}],"line":36},"6":{"loc":{"start":{"line":37,"column":21},"end":{"line":37,"column":59}},"type":"binary-expr","locations":[{"start":{"line":37,"column":21},"end":{"line":37,"column":53}},{"start":{"line":37,"column":57},"end":{"line":37,"column":59}}],"line":37},"7":{"loc":{"start":{"line":38,"column":17},"end":{"line":38,"column":55}},"type":"binary-expr","locations":[{"start":{"line":38,"column":17},"end":{"line":38,"column":49}},{"start":{"line":38,"column":53},"end":{"line":38,"column":55}}],"line":38},"8":{"loc":{"start":{"line":40,"column":17},"end":{"line":40,"column":34}},"type":"binary-expr","locations":[{"start":{"line":40,"column":17},"end":{"line":40,"column":28}},{"start":{"line":40,"column":32},"end":{"line":40,"column":34}}],"line":40},"9":{"loc":{"start":{"line":55,"column":2},"end":{"line":57,"column":3}},"type":"if","locations":[{"start":{"line":55,"column":2},"end":{"line":57,"column":3}},{"start":{},"end":{}}],"line":55},"10":{"loc":{"start":{"line":61,"column":2},"end":{"line":63,"column":3}},"type":"if","locations":[{"start":{"line":61,"column":2},"end":{"line":63,"column":3}},{"start":{},"end":{}}],"line":61},"11":{"loc":{"start":{"line":64,"column":2},"end":{"line":66,"column":3}},"type":"if","locations":[{"start":{"line":64,"column":2},"end":{"line":66,"column":3}},{"start":{},"end":{}}],"line":64},"12":{"loc":{"start":{"line":67,"column":2},"end":{"line":69,"column":3}},"type":"if","locations":[{"start":{"line":67,"column":2},"end":{"line":69,"column":3}},{"start":{},"end":{}}],"line":67},"13":{"loc":{"start":{"line":70,"column":2},"end":{"line":72,"column":3}},"type":"if","locations":[{"start":{"line":70,"column":2},"end":{"line":72,"column":3}},{"start":{},"end":{}}],"line":70},"14":{"loc":{"start":{"line":72,"column":4},"end":{"line":74,"column":3}},"type":"if","locations":[{"start":{"line":72,"column":4},"end":{"line":74,"column":3}},{"start":{},"end":{}}],"line":72},"15":{"loc":{"start":{"line":92,"column":9},"end":{"line":92,"column":42}},"type":"binary-expr","locations":[{"start":{"line":92,"column":9},"end":{"line":92,"column":14}},{"start":{"line":92,"column":19},"end":{"line":92,"column":35}},{"start":{"line":92,"column":39},"end":{"line":92,"column":41}}],"line":92},"16":{"loc":{"start":{"line":97,"column":2},"end":{"line":99,"column":3}},"type":"if","locations":[{"start":{"line":97,"column":2},"end":{"line":99,"column":3}},{"start":{},"end":{}}],"line":97},"17":{"loc":{"start":{"line":110,"column":2},"end":{"line":112,"column":3}},"type":"if","locations":[{"start":{"line":110,"column":2},"end":{"line":112,"column":3}},{"start":{},"end":{}}],"line":110}},"s":{"0":2,"1":2,"2":22,"3":6,"4":16,"5":60,"6":16,"7":16,"8":16,"9":16,"10":16,"11":16,"12":16,"13":16,"14":16,"15":2,"16":5,"17":5,"18":1,"19":5,"20":5,"21":2,"22":5,"23":1,"24":5,"25":3,"26":5,"27":2,"28":5,"29":4,"30":5,"31":2,"32":16,"33":16,"34":2,"35":4,"36":4,"37":4,"38":2,"39":11,"40":11,"41":2,"42":9,"43":9,"44":9,"45":12,"46":9,"47":0,"48":9,"49":9,"50":9,"51":12},"f":{"0":22,"1":60,"2":5,"3":16,"4":4,"5":11,"6":12,"7":12},"b":{"0":[6,16],"1":[16,0],"2":[16,2],"3":[16,3],"4":[16,3],"5":[16,14],"6":[16,0],"7":[16,14],"8":[16,14],"9":[1,4],"10":[2,3],"11":[1,4],"12":[3,2],"13":[2,3],"14":[4,1],"15":[4,2,1],"16":[2,9],"17":[0,9]},"_coverageSchema":"1a1c01bbd47fc00a2c39e90264f33305004495a9","hash":"b1bf5b12ad81d5822fa2987febe33ee5ca1b0ff4"}
}
