TN:
SF:app/r-request-details.tsx
FN:34,RequestDetails
FN:75,(anonymous_1)
FN:98,(anonymous_2)
FN:102,(anonymous_3)
FN:184,(anonymous_4)
FN:191,(anonymous_5)
FN:198,(anonymous_6)
FN:207,(anonymous_7)
FN:217,(anonymous_8)
FN:240,(anonymous_9)
FN:242,(anonymous_10)
FN:246,(anonymous_11)
FN:248,(anonymous_12)
FN:249,(anonymous_13)
FN:255,(anonymous_14)
FN:283,(anonymous_15)
FN:284,(anonymous_16)
FN:290,(anonymous_17)
FN:295,(anonymous_18)
FN:343,(anonymous_19)
FN:386,(anonymous_20)
FN:438,(anonymous_21)
FN:449,(anonymous_22)
FN:461,(anonymous_23)
FN:473,(anonymous_24)
FN:495,(anonymous_25)
FN:507,(anonymous_26)
FN:531,(anonymous_27)
FN:549,(anonymous_28)
FN:550,(anonymous_29)
FN:560,(anonymous_30)
FN:563,(anonymous_31)
FN:581,(anonymous_32)
FN:585,(anonymous_33)
FN:590,(anonymous_34)
FN:595,(anonymous_35)
FN:607,(anonymous_36)
FN:612,(anonymous_37)
FN:612,(anonymous_38)
FN:646,(anonymous_39)
FN:706,(anonymous_40)
FN:765,(anonymous_41)
FN:788,(anonymous_42)
FN:851,(anonymous_43)
FN:855,(anonymous_44)
FN:895,(anonymous_45)
FN:969,(anonymous_46)
FN:1024,(anonymous_47)
FN:1032,(anonymous_48)
FN:1033,(anonymous_49)
FN:1035,(anonymous_50)
FN:1114,(anonymous_51)
FN:1136,(anonymous_52)
FN:1151,(anonymous_53)
FN:1155,(anonymous_54)
FN:1169,(anonymous_55)
FN:1184,(anonymous_56)
FN:1207,(anonymous_57)
FN:1223,(anonymous_58)
FN:1254,(anonymous_59)
FN:1257,(anonymous_60)
FN:1271,(anonymous_61)
FN:1274,(anonymous_62)
FN:1288,(anonymous_63)
FN:1291,(anonymous_64)
FN:1305,(anonymous_65)
FN:1308,(anonymous_66)
FN:1364,DetailRow
FNF:68
FNH:14
FNDA:6,RequestDetails
FNDA:0,(anonymous_1)
FNDA:2,(anonymous_2)
FNDA:6,(anonymous_3)
FNDA:3,(anonymous_4)
FNDA:3,(anonymous_5)
FNDA:0,(anonymous_6)
FNDA:0,(anonymous_7)
FNDA:0,(anonymous_8)
FNDA:1,(anonymous_9)
FNDA:0,(anonymous_10)
FNDA:0,(anonymous_11)
FNDA:0,(anonymous_12)
FNDA:0,(anonymous_13)
FNDA:0,(anonymous_14)
FNDA:0,(anonymous_15)
FNDA:0,(anonymous_16)
FNDA:0,(anonymous_17)
FNDA:0,(anonymous_18)
FNDA:0,(anonymous_19)
FNDA:0,(anonymous_20)
FNDA:0,(anonymous_21)
FNDA:0,(anonymous_22)
FNDA:1,(anonymous_23)
FNDA:0,(anonymous_24)
FNDA:0,(anonymous_25)
FNDA:0,(anonymous_26)
FNDA:0,(anonymous_27)
FNDA:0,(anonymous_28)
FNDA:0,(anonymous_29)
FNDA:0,(anonymous_30)
FNDA:0,(anonymous_31)
FNDA:0,(anonymous_32)
FNDA:0,(anonymous_33)
FNDA:0,(anonymous_34)
FNDA:0,(anonymous_35)
FNDA:0,(anonymous_36)
FNDA:0,(anonymous_37)
FNDA:0,(anonymous_38)
FNDA:0,(anonymous_39)
FNDA:0,(anonymous_40)
FNDA:0,(anonymous_41)
FNDA:0,(anonymous_42)
FNDA:1,(anonymous_43)
FNDA:0,(anonymous_44)
FNDA:0,(anonymous_45)
FNDA:0,(anonymous_46)
FNDA:0,(anonymous_47)
FNDA:0,(anonymous_48)
FNDA:0,(anonymous_49)
FNDA:0,(anonymous_50)
FNDA:1,(anonymous_51)
FNDA:0,(anonymous_52)
FNDA:0,(anonymous_53)
FNDA:0,(anonymous_54)
FNDA:0,(anonymous_55)
FNDA:0,(anonymous_56)
FNDA:0,(anonymous_57)
FNDA:0,(anonymous_58)
FNDA:10,(anonymous_59)
FNDA:0,(anonymous_60)
FNDA:10,(anonymous_61)
FNDA:0,(anonymous_62)
FNDA:10,(anonymous_63)
FNDA:0,(anonymous_64)
FNDA:10,(anonymous_65)
FNDA:0,(anonymous_66)
FNDA:6,DetailRow
DA:35,6
DA:36,6
DA:37,6
DA:38,6
DA:39,6
DA:41,6
DA:43,6
DA:44,6
DA:45,6
DA:46,6
DA:47,6
DA:48,6
DA:49,6
DA:51,6
DA:52,6
DA:53,6
DA:54,6
DA:55,6
DA:56,6
DA:57,6
DA:58,6
DA:59,6
DA:60,6
DA:61,6
DA:62,6
DA:63,6
DA:64,6
DA:65,6
DA:66,6
DA:67,6
DA:68,6
DA:69,6
DA:70,6
DA:71,6
DA:72,6
DA:73,6
DA:75,6
DA:76,0
DA:77,0
DA:78,0
DA:79,0
DA:82,0
DA:83,0
DA:85,0
DA:88,0
DA:98,6
DA:99,2
DA:102,6
DA:103,6
DA:104,0
DA:105,0
DA:106,0
DA:107,0
DA:109,6
DA:110,6
DA:111,6
DA:113,6
DA:114,6
DA:115,4
DA:116,4
DA:117,4
DA:118,4
DA:119,4
DA:121,0
DA:124,0
DA:125,0
DA:127,4
DA:131,4
DA:132,0
DA:133,0
DA:134,0
DA:135,0
DA:136,0
DA:139,0
DA:140,0
DA:142,0
DA:145,4
DA:149,4
DA:150,4
DA:151,4
DA:152,4
DA:153,4
DA:156,0
DA:157,0
DA:159,4
DA:163,4
DA:164,4
DA:165,4
DA:166,4
DA:167,0
DA:170,4
DA:171,4
DA:173,4
DA:176,2
DA:177,2
DA:178,2
DA:180,6
DA:184,6
DA:185,3
DA:186,3
DA:190,6
DA:192,3
DA:193,3
DA:198,6
DA:199,0
DA:200,0
DA:201,0
DA:202,0
DA:203,0
DA:207,6
DA:208,0
DA:209,0
DA:210,0
DA:212,0
DA:213,0
DA:216,0
DA:217,0
DA:220,0
DA:221,0
DA:222,0
DA:223,0
DA:224,0
DA:225,0
DA:226,0
DA:228,0
DA:229,0
DA:230,0
DA:231,0
DA:232,0
DA:233,0
DA:236,0
DA:237,0
DA:240,6
DA:241,1
DA:242,0
DA:246,6
DA:247,0
DA:248,0
DA:249,0
DA:250,0
DA:255,6
DA:256,0
DA:257,0
DA:259,0
DA:260,0
DA:271,0
DA:272,0
DA:273,0
DA:274,0
DA:275,0
DA:276,0
DA:277,0
DA:278,0
DA:279,0
DA:280,0
DA:283,6
DA:284,0
DA:290,6
DA:291,0
DA:292,0
DA:295,6
DA:296,0
DA:297,0
DA:298,0
DA:300,0
DA:301,0
DA:302,0
DA:304,0
DA:305,0
DA:308,0
DA:309,0
DA:311,0
DA:312,0
DA:323,0
DA:324,0
DA:325,0
DA:326,0
DA:327,0
DA:328,0
DA:331,0
DA:335,0
DA:337,0
DA:338,0
DA:339,0
DA:342,0
DA:343,0
DA:346,0
DA:347,0
DA:348,0
DA:349,0
DA:350,0
DA:351,0
DA:352,0
DA:354,0
DA:355,0
DA:356,0
DA:357,0
DA:358,0
DA:359,0
DA:362,0
DA:365,0
DA:366,0
DA:367,0
DA:368,0
DA:369,0
DA:370,0
DA:371,0
DA:372,0
DA:373,0
DA:375,0
DA:378,0
DA:379,0
DA:380,0
DA:382,0
DA:386,6
DA:387,0
DA:388,0
DA:391,0
DA:392,0
DA:393,0
DA:396,0
DA:397,0
DA:398,0
DA:401,0
DA:402,0
DA:403,0
DA:406,0
DA:407,0
DA:408,0
DA:411,0
DA:412,0
DA:413,0
DA:414,0
DA:423,0
DA:424,0
DA:425,0
DA:426,0
DA:427,0
DA:428,0
DA:429,0
DA:431,0
DA:432,0
DA:434,0
DA:438,6
DA:439,0
DA:440,0
DA:441,0
DA:442,0
DA:443,0
DA:444,0
DA:445,0
DA:446,0
DA:449,6
DA:450,0
DA:451,0
DA:452,0
DA:453,0
DA:454,0
DA:455,0
DA:456,0
DA:458,0
DA:461,6
DA:462,1
DA:474,0
DA:476,0
DA:477,0
DA:478,0
DA:479,0
DA:482,0
DA:484,0
DA:485,0
DA:487,0
DA:495,6
DA:496,0
DA:508,0
DA:510,0
DA:511,0
DA:512,0
DA:513,0
DA:516,0
DA:518,0
DA:519,0
DA:521,0
DA:529,6
DA:531,6
DA:532,0
DA:533,0
DA:534,0
DA:537,0
DA:538,0
DA:539,0
DA:542,0
DA:543,0
DA:544,0
DA:546,0
DA:549,0
DA:550,0
DA:554,0
DA:557,0
DA:560,0
DA:563,0
DA:564,0
DA:569,0
DA:572,0
DA:574,0
DA:575,0
DA:577,0
DA:581,6
DA:582,0
DA:583,0
DA:585,0
DA:586,0
DA:590,6
DA:591,0
DA:592,0
DA:595,6
DA:596,0
DA:608,0
DA:609,0
DA:612,0
DA:615,0
DA:616,0
DA:617,0
DA:620,0
DA:621,0
DA:629,6
DA:630,3
DA:639,3
DA:640,1
DA:646,0
DA:659,2
DA:660,2
DA:661,2
DA:662,2
DA:663,2
DA:664,2
DA:665,2
DA:666,2
DA:667,2
DA:668,2
DA:669,2
DA:670,2
DA:672,2
DA:673,2
DA:674,2
DA:675,2
DA:676,2
DA:677,2
DA:678,2
DA:679,2
DA:681,2
DA:683,2
DA:685,2
DA:687,2
DA:690,2
DA:692,2
DA:694,2
DA:696,2
DA:707,0
DA:708,0
DA:710,0
DA:766,0
DA:767,0
DA:768,0
DA:771,0
DA:789,0
DA:790,0
DA:794,0
DA:852,1
DA:856,0
DA:857,0
DA:895,0
DA:970,0
DA:1025,0
DA:1032,0
DA:1033,0
DA:1035,0
DA:1115,1
DA:1116,1
DA:1117,1
DA:1136,0
DA:1151,0
DA:1155,0
DA:1169,0
DA:1185,0
DA:1186,0
DA:1187,0
DA:1188,0
DA:1190,0
DA:1191,0
DA:1208,0
DA:1209,0
DA:1210,0
DA:1211,0
DA:1213,0
DA:1214,0
DA:1223,0
DA:1255,10
DA:1257,0
DA:1272,10
DA:1274,0
DA:1289,10
DA:1291,0
DA:1306,10
DA:1308,0
DA:1365,6
DA:1373,1
LF:407
LH:139
BRDA:41,0,0,6
BRDA:41,0,1,0
BRDA:77,1,0,0
BRDA:77,1,1,0
BRDA:77,1,2,0
BRDA:82,2,0,0
BRDA:82,2,1,0
BRDA:82,3,0,0
BRDA:82,3,1,0
BRDA:82,3,2,0
BRDA:89,4,0,0
BRDA:89,4,1,0
BRDA:90,5,0,0
BRDA:90,5,1,0
BRDA:92,6,0,0
BRDA:92,6,1,0
BRDA:94,7,0,0
BRDA:94,7,1,0
BRDA:103,8,0,0
BRDA:103,8,1,6
BRDA:118,9,0,4
BRDA:118,9,1,0
BRDA:119,10,0,4
BRDA:119,10,1,0
BRDA:131,11,0,0
BRDA:131,11,1,4
BRDA:131,12,0,4
BRDA:131,12,1,0
BRDA:135,13,0,0
BRDA:135,13,1,0
BRDA:136,14,0,0
BRDA:136,14,1,0
BRDA:152,15,0,4
BRDA:152,15,1,0
BRDA:153,16,0,4
BRDA:153,16,1,0
BRDA:166,17,0,0
BRDA:166,17,1,0
BRDA:167,18,0,0
BRDA:167,18,1,0
BRDA:176,19,0,2
BRDA:176,19,1,0
BRDA:185,20,0,3
BRDA:185,20,1,0
BRDA:192,21,0,3
BRDA:192,21,1,0
BRDA:199,22,0,0
BRDA:199,22,1,0
BRDA:199,22,2,0
BRDA:199,22,3,0
BRDA:208,23,0,0
BRDA:208,23,1,0
BRDA:217,24,0,0
BRDA:217,24,1,0
BRDA:220,25,0,0
BRDA:220,25,1,0
BRDA:222,26,0,0
BRDA:222,26,1,0
BRDA:223,27,0,0
BRDA:223,27,1,0
BRDA:224,28,0,0
BRDA:224,28,1,0
BRDA:225,29,0,0
BRDA:225,29,1,0
BRDA:242,30,0,0
BRDA:242,30,1,0
BRDA:247,31,0,0
BRDA:247,31,1,0
BRDA:250,32,0,0
BRDA:250,32,1,0
BRDA:256,33,0,0
BRDA:256,33,1,0
BRDA:259,34,0,0
BRDA:259,34,1,0
BRDA:296,35,0,0
BRDA:296,35,1,0
BRDA:296,36,0,0
BRDA:296,36,1,0
BRDA:296,36,2,0
BRDA:296,36,3,0
BRDA:300,37,0,0
BRDA:300,37,1,0
BRDA:304,38,0,0
BRDA:304,38,1,0
BRDA:304,39,0,0
BRDA:304,39,1,0
BRDA:304,39,2,0
BRDA:326,40,0,0
BRDA:326,40,1,0
BRDA:327,41,0,0
BRDA:327,41,1,0
BRDA:335,42,0,0
BRDA:335,42,1,0
BRDA:343,43,0,0
BRDA:343,43,1,0
BRDA:346,44,0,0
BRDA:346,44,1,0
BRDA:348,45,0,0
BRDA:348,45,1,0
BRDA:349,46,0,0
BRDA:349,46,1,0
BRDA:350,47,0,0
BRDA:350,47,1,0
BRDA:351,48,0,0
BRDA:351,48,1,0
BRDA:378,49,0,0
BRDA:378,49,1,0
BRDA:387,50,0,0
BRDA:387,50,1,0
BRDA:387,51,0,0
BRDA:387,51,1,0
BRDA:391,52,0,0
BRDA:391,52,1,0
BRDA:396,53,0,0
BRDA:396,53,1,0
BRDA:396,54,0,0
BRDA:396,54,1,0
BRDA:401,55,0,0
BRDA:401,55,1,0
BRDA:406,56,0,0
BRDA:406,56,1,0
BRDA:406,57,0,0
BRDA:406,57,1,0
BRDA:418,58,0,0
BRDA:418,58,1,0
BRDA:420,59,0,0
BRDA:420,59,1,0
BRDA:431,60,0,0
BRDA:431,60,1,0
BRDA:450,61,0,0
BRDA:450,61,1,0
BRDA:474,62,0,0
BRDA:474,62,1,0
BRDA:474,63,0,0
BRDA:474,63,1,0
BRDA:479,64,0,0
BRDA:479,64,1,0
BRDA:484,65,0,0
BRDA:484,65,1,0
BRDA:508,66,0,0
BRDA:508,66,1,0
BRDA:508,67,0,0
BRDA:508,67,1,0
BRDA:513,68,0,0
BRDA:513,68,1,0
BRDA:518,69,0,0
BRDA:518,69,1,0
BRDA:532,70,0,0
BRDA:532,70,1,0
BRDA:537,71,0,0
BRDA:537,71,1,0
BRDA:537,72,0,0
BRDA:537,72,1,0
BRDA:544,73,0,0
BRDA:544,73,1,0
BRDA:550,74,0,0
BRDA:550,74,1,0
BRDA:574,75,0,0
BRDA:574,75,1,0
BRDA:574,76,0,0
BRDA:574,76,1,0
BRDA:615,77,0,0
BRDA:615,77,1,0
BRDA:620,78,0,0
BRDA:620,78,1,0
BRDA:629,79,0,3
BRDA:629,79,1,3
BRDA:639,80,0,1
BRDA:639,80,1,2
BRDA:639,81,0,3
BRDA:639,81,1,2
BRDA:643,82,0,1
BRDA:643,82,1,0
BRDA:660,83,0,2
BRDA:660,83,1,2
BRDA:660,83,2,2
BRDA:661,84,0,0
BRDA:661,84,1,2
BRDA:661,85,0,2
BRDA:661,85,1,0
BRDA:662,86,0,2
BRDA:662,86,1,0
BRDA:663,87,0,2
BRDA:663,87,1,2
BRDA:664,88,0,2
BRDA:664,88,1,0
BRDA:665,89,0,2
BRDA:665,89,1,2
BRDA:666,90,0,2
BRDA:666,90,1,0
BRDA:667,91,0,0
BRDA:667,91,1,2
BRDA:668,92,0,2
BRDA:668,92,1,2
BRDA:669,93,0,2
BRDA:669,93,1,0
BRDA:670,94,0,2
BRDA:670,94,1,2
BRDA:675,95,0,2
BRDA:675,95,1,0
BRDA:678,96,0,2
BRDA:678,96,1,2
BRDA:679,97,0,2
BRDA:679,97,1,2
BRDA:679,97,2,2
BRDA:683,98,0,2
BRDA:683,98,1,2
BRDA:685,99,0,2
BRDA:685,99,1,2
BRDA:687,100,0,2
BRDA:687,100,1,2
BRDA:690,101,0,2
BRDA:690,101,1,2
BRDA:692,102,0,2
BRDA:692,102,1,2
BRDA:694,103,0,2
BRDA:694,103,1,2
BRDA:707,104,0,0
BRDA:707,104,1,0
BRDA:760,105,0,2
BRDA:760,105,1,0
BRDA:763,106,0,0
BRDA:763,106,1,2
BRDA:763,107,0,2
BRDA:763,107,1,0
BRDA:767,108,0,0
BRDA:767,108,1,0
BRDA:767,108,2,0
BRDA:767,108,3,0
BRDA:768,109,0,0
BRDA:768,109,1,0
BRDA:781,110,0,0
BRDA:781,110,1,0
BRDA:789,111,0,0
BRDA:789,111,1,0
BRDA:789,111,2,0
BRDA:789,111,3,0
BRDA:790,112,0,0
BRDA:790,112,1,0
BRDA:822,113,0,0
BRDA:822,113,1,2
BRDA:846,114,0,0
BRDA:846,114,1,2
BRDA:848,115,0,1
BRDA:848,115,1,1
BRDA:856,116,0,0
BRDA:856,116,1,0
BRDA:861,117,0,1
BRDA:861,117,1,0
BRDA:869,118,0,0
BRDA:869,118,1,1
BRDA:869,119,0,1
BRDA:869,119,1,1
BRDA:871,120,0,0
BRDA:871,120,1,0
BRDA:871,121,0,0
BRDA:871,121,1,0
BRDA:872,122,0,0
BRDA:872,122,1,0
BRDA:873,123,0,0
BRDA:873,123,1,0
BRDA:892,124,0,2
BRDA:892,124,1,2
BRDA:892,124,2,2
BRDA:902,125,0,2
BRDA:902,125,1,0
BRDA:907,126,0,2
BRDA:907,126,1,1
BRDA:919,127,0,0
BRDA:919,127,1,1
BRDA:927,128,0,2
BRDA:927,128,1,2
BRDA:927,128,2,2
BRDA:954,129,0,0
BRDA:954,129,1,2
BRDA:966,130,0,2
BRDA:966,130,1,0
BRDA:985,131,0,2
BRDA:985,131,1,2
BRDA:985,131,2,0
BRDA:1007,132,0,0
BRDA:1007,132,1,0
BRDA:1019,133,0,0
BRDA:1019,133,1,2
BRDA:1021,134,0,2
BRDA:1021,134,1,0
BRDA:1030,135,0,0
BRDA:1030,135,1,0
BRDA:1050,136,0,2
BRDA:1050,136,1,0
BRDA:1051,137,0,2
BRDA:1051,137,1,0
BRDA:1054,138,0,2
BRDA:1054,138,1,0
BRDA:1084,139,0,2
BRDA:1084,139,1,0
BRDA:1084,140,0,2
BRDA:1084,140,1,2
BRDA:1088,141,0,2
BRDA:1088,141,1,2
BRDA:1091,142,0,0
BRDA:1091,142,1,2
BRDA:1092,143,0,2
BRDA:1092,143,1,2
BRDA:1094,144,0,0
BRDA:1094,144,1,2
BRDA:1097,145,0,0
BRDA:1097,145,1,2
BRDA:1111,146,0,0
BRDA:1111,146,1,2
BRDA:1113,147,0,1
BRDA:1113,147,1,1
BRDA:1117,148,0,0
BRDA:1117,148,1,1
BRDA:1124,149,0,0
BRDA:1124,149,1,2
BRDA:1135,150,0,0
BRDA:1135,150,1,0
BRDA:1150,151,0,0
BRDA:1150,151,1,0
BRDA:1168,152,0,0
BRDA:1168,152,1,0
BRDA:1183,153,0,0
BRDA:1183,153,1,0
BRDA:1186,154,0,0
BRDA:1186,154,1,0
BRDA:1191,155,0,0
BRDA:1191,155,1,0
BRDA:1206,156,0,0
BRDA:1206,156,1,0
BRDA:1209,157,0,0
BRDA:1209,157,1,0
BRDA:1214,158,0,0
BRDA:1214,158,1,0
BRDA:1231,159,0,2
BRDA:1231,159,1,0
BRDA:1260,160,0,0
BRDA:1260,160,1,10
BRDA:1262,161,0,0
BRDA:1262,161,1,10
BRDA:1277,162,0,0
BRDA:1277,162,1,10
BRDA:1279,163,0,0
BRDA:1279,163,1,10
BRDA:1294,164,0,0
BRDA:1294,164,1,10
BRDA:1296,165,0,0
BRDA:1296,165,1,10
BRDA:1311,166,0,0
BRDA:1311,166,1,10
BRDA:1313,167,0,0
BRDA:1313,167,1,10
BRDA:1325,168,0,0
BRDA:1325,168,1,2
BRDA:1329,169,0,0
BRDA:1329,169,1,2
BRDA:1334,170,0,0
BRDA:1334,170,1,2
BRDA:1335,171,0,0
BRDA:1335,171,1,2
BRDA:1336,172,0,0
BRDA:1336,172,1,2
BRDA:1339,173,0,0
BRDA:1339,173,1,2
BRDA:1340,174,0,0
BRDA:1340,174,1,2
BRDA:1342,175,0,0
BRDA:1342,175,1,2
BRDA:1343,176,0,0
BRDA:1343,176,1,0
BRDA:1348,177,0,0
BRDA:1348,177,1,2
BRDA:1352,178,0,0
BRDA:1352,178,1,2
BRF:374
BRH:118
end_of_record
TN:
SF:app/signin.tsx
FN:26,SignIn
FN:40,(anonymous_1)
FN:90,(anonymous_2)
FN:150,(anonymous_3)
FN:151,(anonymous_4)
FN:194,(anonymous_5)
FN:195,(anonymous_6)
FN:202,(anonymous_7)
FN:222,(anonymous_8)
FN:254,(anonymous_9)
FNF:10
FNH:2
FNDA:12,SignIn
FNDA:3,(anonymous_1)
FNDA:0,(anonymous_2)
FNDA:0,(anonymous_3)
FNDA:0,(anonymous_4)
FNDA:0,(anonymous_5)
FNDA:0,(anonymous_6)
FNDA:0,(anonymous_7)
FNDA:0,(anonymous_8)
FNDA:0,(anonymous_9)
DA:27,12
DA:28,12
DA:29,12
DA:30,12
DA:31,12
DA:32,12
DA:33,12
DA:34,12
DA:35,12
DA:36,12
DA:37,12
DA:38,12
DA:40,12
DA:41,3
DA:42,1
DA:43,1
DA:46,2
DA:47,2
DA:48,2
DA:49,2
DA:50,1
DA:54,1
DA:55,1
DA:59,1
DA:61,1
DA:62,1
DA:68,1
DA:73,2
DA:77,12
DA:91,0
DA:92,0
DA:94,0
DA:150,0
DA:151,0
DA:194,0
DA:195,0
DA:202,0
DA:222,0
DA:254,0
DA:270,1
LF:40
LH:30
BRDA:41,0,0,1
BRDA:41,0,1,2
BRDA:41,1,0,3
BRDA:41,1,1,2
BRDA:54,2,0,1
BRDA:54,2,1,0
BRDA:70,3,0,1
BRDA:70,3,1,0
BRDA:70,3,2,0
BRDA:80,4,0,12
BRDA:80,4,1,0
BRDA:91,5,0,0
BRDA:91,5,1,0
BRDA:131,6,0,12
BRDA:131,6,1,4
BRDA:131,6,2,4
BRDA:149,7,0,12
BRDA:149,7,1,4
BRDA:168,8,0,12
BRDA:168,8,1,6
BRDA:168,8,2,6
BRDA:188,9,0,6
BRDA:188,9,1,6
BRDA:189,10,0,0
BRDA:189,10,1,6
BRDA:206,11,0,0
BRDA:206,11,1,12
BRDA:210,12,0,0
BRDA:210,12,1,12
BRDA:247,13,0,2
BRDA:247,13,1,10
BRF:31
BRH:22
end_of_record
TN:
SF:app/signup.tsx
FN:26,(anonymous_0)
FN:45,SignUp
FN:62,(anonymous_2)
FN:63,(anonymous_3)
FN:74,(anonymous_4)
FN:90,(anonymous_5)
FN:117,(anonymous_6)
FN:146,(anonymous_7)
FN:250,(anonymous_8)
FN:250,(anonymous_9)
FN:267,(anonymous_10)
FN:267,(anonymous_11)
FN:286,(anonymous_12)
FN:302,(anonymous_13)
FN:302,(anonymous_14)
FN:321,(anonymous_15)
FN:362,(anonymous_16)
FNF:17
FNH:7
FNDA:30,(anonymous_0)
FNDA:30,SignUp
FNDA:6,(anonymous_2)
FNDA:6,(anonymous_3)
FNDA:6,(anonymous_4)
FNDA:0,(anonymous_5)
FNDA:0,(anonymous_6)
FNDA:0,(anonymous_7)
FNDA:0,(anonymous_8)
FNDA:0,(anonymous_9)
FNDA:4,(anonymous_10)
FNDA:4,(anonymous_11)
FNDA:0,(anonymous_12)
FNDA:0,(anonymous_13)
FNDA:0,(anonymous_14)
FNDA:0,(anonymous_15)
FNDA:0,(anonymous_16)
DA:26,1
DA:27,30
DA:28,30
DA:29,30
DA:30,30
DA:31,30
DA:33,30
DA:46,30
DA:47,30
DA:48,30
DA:49,30
DA:50,30
DA:51,30
DA:52,30
DA:53,30
DA:54,30
DA:55,30
DA:56,30
DA:57,30
DA:58,30
DA:59,30
DA:61,30
DA:63,6
DA:64,6
DA:65,6
DA:66,6
DA:67,0
DA:68,0
DA:71,0
DA:74,6
DA:75,6
DA:76,6
DA:77,6
DA:78,0
DA:79,0
DA:82,0
DA:85,6
DA:86,6
DA:90,30
DA:91,0
DA:92,0
DA:93,0
DA:96,0
DA:97,0
DA:98,0
DA:101,0
DA:102,0
DA:103,0
DA:105,0
DA:106,0
DA:109,0
DA:110,0
DA:111,0
DA:112,0
DA:113,0
DA:114,0
DA:117,0
DA:121,0
DA:122,0
DA:127,0
DA:131,30
DA:133,30
DA:146,0
DA:250,0
DA:267,4
DA:286,0
DA:302,0
DA:321,0
DA:362,0
DA:378,1
LF:70
LH:37
BRDA:34,0,0,30
BRDA:34,0,1,3
BRDA:34,0,2,3
BRDA:34,0,3,3
BRDA:34,0,4,3
BRDA:66,1,0,0
BRDA:66,1,1,6
BRDA:77,2,0,0
BRDA:77,2,1,6
BRDA:91,3,0,0
BRDA:91,3,1,0
BRDA:91,4,0,0
BRDA:91,4,1,0
BRDA:91,4,2,0
BRDA:91,4,3,0
BRDA:91,4,4,0
BRDA:96,5,0,0
BRDA:96,5,1,0
BRDA:96,6,0,0
BRDA:96,6,1,0
BRDA:102,7,0,0
BRDA:102,7,1,0
BRDA:124,8,0,0
BRDA:124,8,1,0
BRDA:124,8,2,0
BRDA:136,9,0,30
BRDA:136,9,1,0
BRDA:254,10,0,0
BRDA:254,10,1,30
BRDA:258,11,0,0
BRDA:258,11,1,30
BRDA:275,12,0,19
BRDA:275,12,1,11
BRDA:277,13,0,19
BRDA:277,13,1,11
BRDA:310,14,0,0
BRDA:310,14,1,30
BRDA:312,15,0,0
BRDA:312,15,1,30
BRDA:339,16,0,30
BRDA:339,16,1,19
BRDA:339,16,2,0
BRDA:339,16,3,30
BRDA:341,17,0,30
BRDA:341,17,1,19
BRDA:341,17,2,0
BRDA:348,18,0,30
BRDA:348,18,1,19
BRDA:351,19,0,0
BRDA:351,19,1,30
BRF:50
BRH:24
end_of_record
TN:
SF:assets/images/empty_profile_photo.png
FNF:0
FNH:0
DA:1,1
LF:1
LH:1
BRF:0
BRH:0
end_of_record
TN:
SF:assets/images/logo.png
FNF:0
FNH:0
DA:1,2
LF:1
LH:1
BRF:0
BRH:0
end_of_record
TN:
SF:components/themed-text.tsx
FN:12,ThemedText
FNF:1
FNH:1
FNDA:2,ThemedText
DA:20,2
DA:25,2
DA:41,1
LF:3
LH:3
BRDA:17,0,0,1
BRDA:29,1,0,1
BRDA:29,1,1,1
BRDA:30,2,0,1
BRDA:30,2,1,1
BRDA:31,3,0,0
BRDA:31,3,1,2
BRDA:32,4,0,0
BRDA:32,4,1,2
BRDA:33,5,0,0
BRDA:33,5,1,2
BRF:11
BRH:8
end_of_record
TN:
SF:components/ui/CommentCard.tsx
FN:25,(anonymous_0)
FN:45,(anonymous_1)
FNF:2
FNH:0
FNDA:0,(anonymous_0)
FNDA:0,(anonymous_1)
DA:25,1
DA:39,0
DA:40,0
DA:42,0
DA:45,0
DA:46,0
DA:47,0
DA:48,0
DA:49,0
DA:51,0
DA:52,0
DA:53,0
DA:54,0
DA:55,0
DA:56,0
DA:57,0
DA:58,0
DA:59,0
DA:60,0
DA:61,0
DA:63,0
DA:66,0
DA:70,0
DA:74,0
DA:155,1
LF:25
LH:2
BRDA:30,0,0,0
BRDA:36,1,0,0
BRDA:37,2,0,0
BRDA:51,3,0,0
BRDA:51,3,1,0
BRDA:53,4,0,0
BRDA:53,4,1,0
BRDA:56,5,0,0
BRDA:56,5,1,0
BRDA:59,6,0,0
BRDA:59,6,1,0
BRDA:70,7,0,0
BRDA:70,7,1,0
BRDA:71,8,0,0
BRDA:71,8,1,0
BRDA:86,9,0,0
BRDA:86,9,1,0
BRDA:109,10,0,0
BRDA:109,10,1,0
BRDA:111,11,0,0
BRDA:111,11,1,0
BRDA:122,12,0,0
BRDA:122,12,1,0
BRDA:137,13,0,0
BRDA:137,13,1,0
BRDA:137,13,2,0
BRF:26
BRH:0
end_of_record
TN:
SF:components/ui/RatingPill.tsx
FN:15,(anonymous_0)
FNF:1
FNH:0
FNDA:0,(anonymous_0)
DA:15,1
DA:22,0
DA:23,0
DA:33,1
LF:4
LH:2
BRDA:18,0,0,0
BRDA:19,1,0,0
BRDA:20,2,0,0
BRDA:27,3,0,0
BRDA:27,3,1,0
BRF:5
BRH:0
end_of_record
TN:
SF:constants/Colors.ts
FNF:0
FNH:0
DA:1,1
DA:2,1
DA:3,1
DA:73,1
DA:273,1
LF:5
LH:5
BRF:0
BRH:0
end_of_record
TN:
SF:hooks/use-theme-color.ts
FN:11,useThemeColor
FNF:1
FNH:1
FNDA:2,useThemeColor
DA:12,2
DA:13,2
DA:15,2
DA:16,0
DA:19,2
LF:5
LH:4
BRDA:12,0,0,2
BRDA:12,0,1,0
BRDA:15,1,0,0
BRDA:15,1,1,2
BRF:4
BRH:2
end_of_record
TN:
SF:lib/api.ts
FN:7,(anonymous_0)
FN:322,(anonymous_1)
FN:330,(anonymous_2)
FN:341,(anonymous_3)
FN:349,(anonymous_4)
FN:359,(anonymous_5)
FN:402,(anonymous_6)
FN:417,(anonymous_7)
FN:551,(anonymous_8)
FN:618,(anonymous_9)
FN:639,(anonymous_10)
FN:655,(anonymous_11)
FN:680,(anonymous_12)
FN:710,(anonymous_13)
FN:740,(anonymous_14)
FN:781,(anonymous_15)
FN:818,(anonymous_16)
FN:882,(anonymous_17)
FN:934,(anonymous_18)
FN:979,(anonymous_19)
FN:1009,(anonymous_20)
FN:1041,(anonymous_21)
FN:1062,(anonymous_22)
FN:1090,(anonymous_23)
FN:1104,(anonymous_24)
FN:1124,(anonymous_25)
FN:1162,(anonymous_26)
FN:1186,(anonymous_27)
FN:1214,(anonymous_28)
FN:1256,(anonymous_29)
FN:1300,(anonymous_30)
FN:1349,(anonymous_31)
FN:1374,(anonymous_32)
FN:1393,(anonymous_33)
FN:1412,(anonymous_34)
FN:1435,(anonymous_35)
FN:1461,(anonymous_36)
FN:1499,(anonymous_37)
FN:1536,(anonymous_38)
FN:1572,(anonymous_39)
FN:1627,(anonymous_40)
FN:1657,(anonymous_41)
FN:1720,(anonymous_42)
FN:1767,(anonymous_43)
FN:1807,(anonymous_44)
FN:1826,(anonymous_45)
FN:1872,(anonymous_46)
FN:1915,(anonymous_47)
FN:1992,(anonymous_48)
FN:2029,(anonymous_49)
FN:2124,(anonymous_50)
FN:2153,(anonymous_51)
FN:2169,(anonymous_52)
FN:2200,(anonymous_53)
FN:2226,(anonymous_54)
FNF:55
FNH:1
FNDA:3,(anonymous_0)
FNDA:0,(anonymous_1)
FNDA:0,(anonymous_2)
FNDA:0,(anonymous_3)
FNDA:0,(anonymous_4)
FNDA:0,(anonymous_5)
FNDA:0,(anonymous_6)
FNDA:0,(anonymous_7)
FNDA:0,(anonymous_8)
FNDA:0,(anonymous_9)
FNDA:0,(anonymous_10)
FNDA:0,(anonymous_11)
FNDA:0,(anonymous_12)
FNDA:0,(anonymous_13)
FNDA:0,(anonymous_14)
FNDA:0,(anonymous_15)
FNDA:0,(anonymous_16)
FNDA:0,(anonymous_17)
FNDA:0,(anonymous_18)
FNDA:0,(anonymous_19)
FNDA:0,(anonymous_20)
FNDA:0,(anonymous_21)
FNDA:0,(anonymous_22)
FNDA:0,(anonymous_23)
FNDA:0,(anonymous_24)
FNDA:0,(anonymous_25)
FNDA:0,(anonymous_26)
FNDA:0,(anonymous_27)
FNDA:0,(anonymous_28)
FNDA:0,(anonymous_29)
FNDA:0,(anonymous_30)
FNDA:0,(anonymous_31)
FNDA:0,(anonymous_32)
FNDA:0,(anonymous_33)
FNDA:0,(anonymous_34)
FNDA:0,(anonymous_35)
FNDA:0,(anonymous_36)
FNDA:0,(anonymous_37)
FNDA:0,(anonymous_38)
FNDA:0,(anonymous_39)
FNDA:0,(anonymous_40)
FNDA:0,(anonymous_41)
FNDA:0,(anonymous_42)
FNDA:0,(anonymous_43)
FNDA:0,(anonymous_44)
FNDA:0,(anonymous_45)
FNDA:0,(anonymous_46)
FNDA:0,(anonymous_47)
FNDA:0,(anonymous_48)
FNDA:0,(anonymous_49)
FNDA:0,(anonymous_50)
FNDA:0,(anonymous_51)
FNDA:0,(anonymous_52)
FNDA:0,(anonymous_53)
FNDA:0,(anonymous_54)
DA:7,3
DA:8,3
DA:9,3
DA:10,0
DA:13,3
DA:14,3
DA:15,0
DA:16,0
DA:17,0
DA:21,3
DA:24,3
DA:27,3
DA:35,3
DA:37,3
DA:45,3
DA:47,3
DA:51,3
DA:309,3
DA:310,3
DA:311,3
DA:312,3
DA:313,3
DA:314,3
DA:316,3
DA:324,0
DA:329,3
DA:331,0
DA:332,0
DA:334,0
DA:335,0
DA:336,0
DA:338,0
DA:339,0
DA:342,0
DA:343,0
DA:348,3
DA:351,0
DA:353,0
DA:354,0
DA:357,0
DA:361,0
DA:363,0
DA:371,0
DA:372,0
DA:373,0
DA:383,0
DA:384,0
DA:398,0
DA:402,3
DA:403,0
DA:404,0
DA:410,0
DA:412,0
DA:413,0
DA:417,3
DA:424,0
DA:425,0
DA:428,0
DA:429,0
DA:430,0
DA:433,0
DA:434,0
DA:435,0
DA:439,0
DA:447,0
DA:448,0
DA:449,0
DA:450,0
DA:451,0
DA:452,0
DA:453,0
DA:454,0
DA:458,0
DA:468,0
DA:469,0
DA:470,0
DA:471,0
DA:473,0
DA:474,0
DA:483,0
DA:484,0
DA:487,0
DA:488,0
DA:489,0
DA:490,0
DA:492,0
DA:497,0
DA:498,0
DA:499,0
DA:500,0
DA:502,0
DA:507,0
DA:508,0
DA:509,0
DA:510,0
DA:512,0
DA:517,0
DA:518,0
DA:519,0
DA:520,0
DA:522,0
DA:527,0
DA:528,0
DA:529,0
DA:530,0
DA:532,0
DA:537,0
DA:538,0
DA:539,0
DA:540,0
DA:542,0
DA:547,0
DA:551,3
DA:552,0
DA:553,0
DA:554,0
DA:555,0
DA:556,0
DA:560,0
DA:563,0
DA:564,0
DA:567,0
DA:568,0
DA:569,0
DA:570,0
DA:572,0
DA:577,0
DA:579,0
DA:581,0
DA:582,0
DA:594,0
DA:605,0
DA:606,0
DA:611,0
DA:614,0
DA:618,3
DA:619,0
DA:620,0
DA:621,0
DA:622,0
DA:623,0
DA:625,0
DA:626,0
DA:634,0
DA:639,3
DA:640,0
DA:641,0
DA:642,0
DA:643,0
DA:645,0
DA:647,0
DA:648,0
DA:649,0
DA:651,0
DA:655,3
DA:656,0
DA:657,0
DA:659,0
DA:660,0
DA:661,0
DA:663,0
DA:664,0
DA:672,0
DA:680,3
DA:681,0
DA:682,0
DA:683,0
DA:684,0
DA:685,0
DA:687,0
DA:688,0
DA:697,0
DA:698,0
DA:699,0
DA:702,0
DA:710,3
DA:711,0
DA:712,0
DA:713,0
DA:714,0
DA:715,0
DA:717,0
DA:718,0
DA:727,0
DA:728,0
DA:729,0
DA:732,0
DA:740,3
DA:741,0
DA:742,0
DA:743,0
DA:744,0
DA:748,0
DA:749,0
DA:750,0
DA:753,0
DA:754,0
DA:755,0
DA:757,0
DA:758,0
DA:759,0
DA:761,0
DA:762,0
DA:764,0
DA:765,0
DA:773,0
DA:781,3
DA:782,0
DA:783,0
DA:784,0
DA:785,0
DA:789,0
DA:790,0
DA:791,0
DA:794,0
DA:795,0
DA:796,0
DA:798,0
DA:799,0
DA:800,0
DA:802,0
DA:803,0
DA:805,0
DA:806,0
DA:814,0
DA:818,3
DA:819,0
DA:826,0
DA:827,0
DA:828,0
DA:836,0
DA:837,0
DA:839,0
DA:840,0
DA:841,0
DA:842,0
DA:843,0
DA:844,0
DA:845,0
DA:853,0
DA:854,0
DA:855,0
DA:856,0
DA:857,0
DA:858,0
DA:859,0
DA:860,0
DA:861,0
DA:862,0
DA:863,0
DA:866,0
DA:874,0
DA:875,0
DA:879,0
DA:882,3
DA:883,0
DA:884,0
DA:886,0
DA:887,0
DA:888,0
DA:889,0
DA:892,0
DA:893,0
DA:894,0
DA:895,0
DA:896,0
DA:899,0
DA:900,0
DA:904,0
DA:905,0
DA:907,0
DA:908,0
DA:912,0
DA:914,0
DA:921,0
DA:922,0
DA:930,0
DA:934,3
DA:935,0
DA:936,0
DA:937,0
DA:940,0
DA:943,0
DA:944,0
DA:945,0
DA:948,0
DA:949,0
DA:950,0
DA:951,0
DA:954,0
DA:963,0
DA:965,0
DA:966,0
DA:974,0
DA:979,3
DA:980,0
DA:981,0
DA:982,0
DA:985,0
DA:988,0
DA:989,0
DA:991,0
DA:992,0
DA:994,0
DA:996,0
DA:997,0
DA:1005,0
DA:1009,3
DA:1010,0
DA:1011,0
DA:1012,0
DA:1015,0
DA:1018,0
DA:1019,0
DA:1022,0
DA:1023,0
DA:1025,0
DA:1027,0
DA:1028,0
DA:1037,0
DA:1041,3
DA:1042,0
DA:1043,0
DA:1044,0
DA:1046,0
DA:1047,0
DA:1062,3
DA:1063,0
DA:1064,0
DA:1065,0
DA:1066,0
DA:1067,0
DA:1069,0
DA:1070,0
DA:1072,0
DA:1073,0
DA:1075,0
DA:1077,0
DA:1078,0
DA:1086,0
DA:1090,3
DA:1091,0
DA:1092,0
DA:1093,0
DA:1095,0
DA:1096,0
DA:1098,0
DA:1100,0
DA:1104,3
DA:1105,0
DA:1106,0
DA:1107,0
DA:1109,0
DA:1110,0
DA:1117,0
DA:1118,0
DA:1120,0
DA:1124,3
DA:1135,0
DA:1136,0
DA:1137,0
DA:1138,0
DA:1142,0
DA:1143,0
DA:1147,0
DA:1149,0
DA:1150,0
DA:1158,0
DA:1162,3
DA:1163,0
DA:1164,0
DA:1166,0
DA:1169,0
DA:1170,0
DA:1171,0
DA:1173,0
DA:1182,0
DA:1186,3
DA:1187,0
DA:1188,0
DA:1191,0
DA:1193,0
DA:1194,0
DA:1202,0
DA:1214,3
DA:1215,0
DA:1216,0
DA:1219,0
DA:1221,0
DA:1222,0
DA:1229,0
DA:1256,3
DA:1257,0
DA:1258,0
DA:1259,0
DA:1260,0
DA:1261,0
DA:1263,0
DA:1265,0
DA:1266,0
DA:1274,0
DA:1275,0
DA:1277,0
DA:1278,0
DA:1279,0
DA:1280,0
DA:1281,0
DA:1282,0
DA:1283,0
DA:1285,0
DA:1286,0
DA:1287,0
DA:1293,0
DA:1295,0
DA:1296,0
DA:1300,3
DA:1301,0
DA:1302,0
DA:1304,0
DA:1305,0
DA:1306,0
DA:1307,0
DA:1310,0
DA:1311,0
DA:1312,0
DA:1314,0
DA:1315,0
DA:1316,0
DA:1319,0
DA:1320,0
DA:1324,0
DA:1325,0
DA:1327,0
DA:1328,0
DA:1332,0
DA:1334,0
DA:1341,0
DA:1342,0
DA:1343,0
DA:1345,0
DA:1349,3
DA:1350,0
DA:1351,0
DA:1358,0
DA:1359,0
DA:1361,0
DA:1362,0
DA:1370,0
DA:1374,3
DA:1375,0
DA:1376,0
DA:1377,0
DA:1378,0
DA:1380,0
DA:1381,0
DA:1389,0
DA:1393,3
DA:1394,0
DA:1395,0
DA:1396,0
DA:1397,0
DA:1399,0
DA:1400,0
DA:1408,0
DA:1412,3
DA:1413,0
DA:1414,0
DA:1415,0
DA:1416,0
DA:1417,0
DA:1419,0
DA:1420,0
DA:1427,0
DA:1428,0
DA:1430,0
DA:1431,0
DA:1435,3
DA:1436,0
DA:1437,0
DA:1444,0
DA:1445,0
DA:1447,0
DA:1448,0
DA:1456,0
DA:1457,0
DA:1461,3
DA:1462,0
DA:1463,0
DA:1467,0
DA:1468,0
DA:1469,0
DA:1471,0
DA:1473,0
DA:1474,0
DA:1481,0
DA:1482,0
DA:1484,0
DA:1485,0
DA:1499,3
DA:1500,0
DA:1501,0
DA:1504,0
DA:1505,0
DA:1506,0
DA:1508,0
DA:1510,0
DA:1511,0
DA:1518,0
DA:1519,0
DA:1521,0
DA:1522,0
DA:1536,3
DA:1537,0
DA:1538,0
DA:1539,0
DA:1540,0
DA:1541,0
DA:1543,0
DA:1545,0
DA:1546,0
DA:1553,0
DA:1554,0
DA:1556,0
DA:1557,0
DA:1572,3
DA:1573,0
DA:1574,0
DA:1575,0
DA:1576,0
DA:1577,0
DA:1579,0
DA:1581,0
DA:1582,0
DA:1589,0
DA:1590,0
DA:1592,0
DA:1593,0
DA:1627,3
DA:1628,0
DA:1629,0
DA:1630,0
DA:1631,0
DA:1633,0
DA:1634,0
DA:1643,0
DA:1644,0
DA:1645,0
DA:1653,0
DA:1657,3
DA:1662,0
DA:1664,0
DA:1667,0
DA:1670,0
DA:1671,0
DA:1672,0
DA:1673,0
DA:1674,0
DA:1675,0
DA:1676,0
DA:1681,0
DA:1687,0
DA:1690,0
DA:1700,0
DA:1701,0
DA:1703,0
DA:1704,0
DA:1711,0
DA:1712,0
DA:1714,0
DA:1715,0
DA:1720,3
DA:1725,0
DA:1726,0
DA:1728,0
DA:1729,0
DA:1730,0
DA:1731,0
DA:1732,0
DA:1733,0
DA:1734,0
DA:1735,0
DA:1738,0
DA:1744,0
DA:1746,0
DA:1756,0
DA:1757,0
DA:1759,0
DA:1760,0
DA:1761,0
DA:1763,0
DA:1767,3
DA:1768,0
DA:1769,0
DA:1770,0
DA:1771,0
DA:1772,0
DA:1774,0
DA:1775,0
DA:1776,0
DA:1778,0
DA:1807,3
DA:1808,0
DA:1809,0
DA:1812,0
DA:1814,0
DA:1815,0
DA:1822,0
DA:1826,3
DA:1827,0
DA:1828,0
DA:1831,0
DA:1832,0
DA:1833,0
DA:1835,0
DA:1837,0
DA:1838,0
DA:1846,0
DA:1847,0
DA:1849,0
DA:1850,0
DA:1851,0
DA:1852,0
DA:1853,0
DA:1854,0
DA:1855,0
DA:1857,0
DA:1858,0
DA:1859,0
DA:1865,0
DA:1867,0
DA:1868,0
DA:1872,3
DA:1873,0
DA:1874,0
DA:1877,0
DA:1878,0
DA:1879,0
DA:1881,0
DA:1883,0
DA:1884,0
DA:1890,0
DA:1891,0
DA:1893,0
DA:1894,0
DA:1895,0
DA:1896,0
DA:1897,0
DA:1898,0
DA:1899,0
DA:1900,0
DA:1901,0
DA:1902,0
DA:1908,0
DA:1910,0
DA:1911,0
DA:1915,3
DA:1916,0
DA:1917,0
DA:1918,0
DA:1921,0
DA:1922,0
DA:1925,0
DA:1927,0
DA:1929,0
DA:1930,0
DA:1933,0
DA:1939,0
DA:1940,0
DA:1942,0
DA:1943,0
DA:1944,0
DA:1945,0
DA:1946,0
DA:1947,0
DA:1950,0
DA:1952,0
DA:1953,0
DA:1969,3
DA:1992,3
DA:1997,0
DA:1998,0
DA:2003,0
DA:2005,0
DA:2006,0
DA:2007,0
DA:2009,0
DA:2010,0
DA:2011,0
DA:2012,0
DA:2013,0
DA:2014,0
DA:2017,0
DA:2019,0
DA:2029,3
DA:2034,0
DA:2035,0
DA:2040,0
DA:2042,0
DA:2043,0
DA:2044,0
DA:2046,0
DA:2047,0
DA:2048,0
DA:2049,0
DA:2050,0
DA:2051,0
DA:2054,0
DA:2056,0
DA:2124,3
DA:2125,0
DA:2126,0
DA:2127,0
DA:2130,0
DA:2131,0
DA:2133,0
DA:2134,0
DA:2136,0
DA:2137,0
DA:2140,0
DA:2142,0
DA:2143,0
DA:2145,0
DA:2153,3
DA:2154,0
DA:2155,0
DA:2156,0
DA:2158,0
DA:2159,0
DA:2161,0
DA:2169,3
DA:2170,0
DA:2171,0
DA:2174,0
DA:2177,0
DA:2178,0
DA:2180,0
DA:2181,0
DA:2183,0
DA:2184,0
DA:2187,0
DA:2189,0
DA:2190,0
DA:2192,0
DA:2200,3
DA:2201,0
DA:2202,0
DA:2203,0
DA:2206,0
DA:2207,0
DA:2209,0
DA:2210,0
DA:2213,0
DA:2215,0
DA:2216,0
DA:2218,0
DA:2226,3
DA:2227,0
DA:2228,0
DA:2229,0
DA:2231,0
DA:2232,0
DA:2233,0
DA:2235,0
DA:2236,0
DA:2237,0
DA:2238,0
DA:2241,0
DA:2243,0
LF:768
LH:72
BRDA:9,0,0,0
BRDA:9,0,1,3
BRDA:14,1,0,0
BRDA:14,1,1,3
BRDA:16,2,0,0
BRDA:16,2,1,0
BRDA:27,3,0,3
BRDA:27,3,1,3
BRDA:35,4,0,3
BRDA:35,4,1,3
BRDA:47,5,0,0
BRDA:47,5,1,3
BRDA:324,6,0,0
BRDA:324,6,1,0
BRDA:324,6,2,0
BRDA:332,7,0,0
BRDA:332,7,1,0
BRDA:332,8,0,0
BRDA:332,8,1,0
BRDA:335,9,0,0
BRDA:335,9,1,0
BRDA:335,10,0,0
BRDA:335,10,1,0
BRDA:351,11,0,0
BRDA:351,11,1,0
BRDA:353,12,0,0
BRDA:353,12,1,0
BRDA:361,13,0,0
BRDA:361,13,1,0
BRDA:365,14,0,0
BRDA:365,14,1,0
BRDA:371,15,0,0
BRDA:371,15,1,0
BRDA:371,16,0,0
BRDA:371,16,1,0
BRDA:371,16,2,0
BRDA:383,17,0,0
BRDA:383,17,1,0
BRDA:383,18,0,0
BRDA:383,18,1,0
BRDA:383,18,2,0
BRDA:391,19,0,0
BRDA:391,19,1,0
BRDA:393,20,0,0
BRDA:393,20,1,0
BRDA:430,21,0,0
BRDA:430,21,1,0
BRDA:434,22,0,0
BRDA:434,22,1,0
BRDA:447,23,0,0
BRDA:447,23,1,0
BRDA:449,24,0,0
BRDA:449,24,1,0
BRDA:450,25,0,0
BRDA:450,25,1,0
BRDA:451,26,0,0
BRDA:451,26,1,0
BRDA:452,27,0,0
BRDA:452,27,1,0
BRDA:453,28,0,0
BRDA:453,28,1,0
BRDA:473,29,0,0
BRDA:473,29,1,0
BRDA:483,30,0,0
BRDA:483,30,1,0
BRDA:487,31,0,0
BRDA:487,31,1,0
BRDA:489,32,0,0
BRDA:489,32,1,0
BRDA:497,33,0,0
BRDA:497,33,1,0
BRDA:499,34,0,0
BRDA:499,34,1,0
BRDA:507,35,0,0
BRDA:507,35,1,0
BRDA:509,36,0,0
BRDA:509,36,1,0
BRDA:517,37,0,0
BRDA:517,37,1,0
BRDA:519,38,0,0
BRDA:519,38,1,0
BRDA:527,39,0,0
BRDA:527,39,1,0
BRDA:529,40,0,0
BRDA:529,40,1,0
BRDA:537,41,0,0
BRDA:537,41,1,0
BRDA:539,42,0,0
BRDA:539,42,1,0
BRDA:563,43,0,0
BRDA:563,43,1,0
BRDA:567,44,0,0
BRDA:567,44,1,0
BRDA:569,45,0,0
BRDA:569,45,1,0
BRDA:569,46,0,0
BRDA:569,46,1,0
BRDA:579,47,0,0
BRDA:579,47,1,0
BRDA:581,48,0,0
BRDA:581,48,1,0
BRDA:581,49,0,0
BRDA:581,49,1,0
BRDA:581,49,2,0
BRDA:587,50,0,0
BRDA:587,50,1,0
BRDA:589,51,0,0
BRDA:589,51,1,0
BRDA:605,52,0,0
BRDA:605,52,1,0
BRDA:605,53,0,0
BRDA:605,53,1,0
BRDA:606,54,0,0
BRDA:606,54,1,0
BRDA:608,55,0,0
BRDA:608,55,1,0
BRDA:625,56,0,0
BRDA:625,56,1,0
BRDA:642,57,0,0
BRDA:642,57,1,0
BRDA:643,58,0,0
BRDA:643,58,1,0
BRDA:647,59,0,0
BRDA:647,59,1,0
BRDA:648,60,0,0
BRDA:648,60,1,0
BRDA:649,61,0,0
BRDA:649,61,1,0
BRDA:663,62,0,0
BRDA:663,62,1,0
BRDA:687,63,0,0
BRDA:687,63,1,0
BRDA:698,64,0,0
BRDA:698,64,1,0
BRDA:717,65,0,0
BRDA:717,65,1,0
BRDA:728,66,0,0
BRDA:728,66,1,0
BRDA:748,67,0,0
BRDA:748,67,1,0
BRDA:748,68,0,0
BRDA:748,68,1,0
BRDA:753,69,0,0
BRDA:753,69,1,0
BRDA:753,70,0,0
BRDA:753,70,1,0
BRDA:757,71,0,0
BRDA:757,71,1,0
BRDA:764,72,0,0
BRDA:764,72,1,0
BRDA:789,73,0,0
BRDA:789,73,1,0
BRDA:789,74,0,0
BRDA:789,74,1,0
BRDA:794,75,0,0
BRDA:794,75,1,0
BRDA:794,76,0,0
BRDA:794,76,1,0
BRDA:798,77,0,0
BRDA:798,77,1,0
BRDA:805,78,0,0
BRDA:805,78,1,0
BRDA:826,79,0,0
BRDA:826,79,1,0
BRDA:836,80,0,0
BRDA:836,80,1,0
BRDA:836,81,0,0
BRDA:836,81,1,0
BRDA:840,82,0,0
BRDA:840,82,1,0
BRDA:842,83,0,0
BRDA:842,83,1,0
BRDA:843,84,0,0
BRDA:843,84,1,0
BRDA:843,85,0,0
BRDA:843,85,1,0
BRDA:844,86,0,0
BRDA:844,86,1,0
BRDA:844,87,0,0
BRDA:844,87,1,0
BRDA:854,88,0,0
BRDA:854,88,1,0
BRDA:858,89,0,0
BRDA:858,89,1,0
BRDA:858,90,0,0
BRDA:858,90,1,0
BRDA:858,90,2,0
BRDA:860,91,0,0
BRDA:860,91,1,0
BRDA:862,92,0,0
BRDA:862,92,1,0
BRDA:874,93,0,0
BRDA:874,93,1,0
BRDA:892,94,0,0
BRDA:892,94,1,0
BRDA:899,95,0,0
BRDA:899,95,1,0
BRDA:899,96,0,0
BRDA:899,96,1,0
BRDA:921,97,0,0
BRDA:921,97,1,0
BRDA:934,98,0,0
BRDA:934,99,0,0
BRDA:943,100,0,0
BRDA:943,100,1,0
BRDA:945,101,0,0
BRDA:945,101,1,0
BRDA:948,102,0,0
BRDA:948,102,1,0
BRDA:948,103,0,0
BRDA:948,103,1,0
BRDA:955,104,0,0
BRDA:955,104,1,0
BRDA:965,105,0,0
BRDA:965,105,1,0
BRDA:979,106,0,0
BRDA:988,107,0,0
BRDA:988,107,1,0
BRDA:988,108,0,0
BRDA:988,108,1,0
BRDA:991,109,0,0
BRDA:991,109,1,0
BRDA:996,110,0,0
BRDA:996,110,1,0
BRDA:1009,111,0,0
BRDA:1018,112,0,0
BRDA:1018,112,1,0
BRDA:1018,113,0,0
BRDA:1018,113,1,0
BRDA:1019,114,0,0
BRDA:1019,114,1,0
BRDA:1022,115,0,0
BRDA:1022,115,1,0
BRDA:1027,116,0,0
BRDA:1027,116,1,0
BRDA:1066,117,0,0
BRDA:1066,117,1,0
BRDA:1069,118,0,0
BRDA:1069,118,1,0
BRDA:1069,119,0,0
BRDA:1069,119,1,0
BRDA:1072,120,0,0
BRDA:1072,120,1,0
BRDA:1072,121,0,0
BRDA:1072,121,1,0
BRDA:1077,122,0,0
BRDA:1077,122,1,0
BRDA:1096,123,0,0
BRDA:1096,123,1,0
BRDA:1096,124,0,0
BRDA:1096,124,1,0
BRDA:1098,125,0,0
BRDA:1098,125,1,0
BRDA:1109,126,0,0
BRDA:1109,126,1,0
BRDA:1117,127,0,0
BRDA:1117,127,1,0
BRDA:1142,128,0,0
BRDA:1142,128,1,0
BRDA:1142,129,0,0
BRDA:1142,129,1,0
BRDA:1142,129,2,0
BRDA:1149,130,0,0
BRDA:1149,130,1,0
BRDA:1166,131,0,0
BRDA:1166,131,1,0
BRDA:1169,132,0,0
BRDA:1169,132,1,0
BRDA:1169,133,0,0
BRDA:1169,133,1,0
BRDA:1186,134,0,0
BRDA:1186,135,0,0
BRDA:1193,136,0,0
BRDA:1193,136,1,0
BRDA:1214,137,0,0
BRDA:1214,138,0,0
BRDA:1221,139,0,0
BRDA:1221,139,1,0
BRDA:1260,140,0,0
BRDA:1260,140,1,0
BRDA:1261,141,0,0
BRDA:1261,141,1,0
BRDA:1265,142,0,0
BRDA:1265,142,1,0
BRDA:1277,143,0,0
BRDA:1277,143,1,0
BRDA:1279,144,0,0
BRDA:1279,144,1,0
BRDA:1281,145,0,0
BRDA:1281,145,1,0
BRDA:1283,146,0,0
BRDA:1283,146,1,0
BRDA:1286,147,0,0
BRDA:1286,147,1,0
BRDA:1287,148,0,0
BRDA:1287,148,1,0
BRDA:1295,149,0,0
BRDA:1295,149,1,0
BRDA:1310,150,0,0
BRDA:1310,150,1,0
BRDA:1312,151,0,0
BRDA:1312,151,1,0
BRDA:1319,152,0,0
BRDA:1319,152,1,0
BRDA:1319,153,0,0
BRDA:1319,153,1,0
BRDA:1342,154,0,0
BRDA:1342,154,1,0
BRDA:1342,155,0,0
BRDA:1342,155,1,0
BRDA:1343,156,0,0
BRDA:1343,156,1,0
BRDA:1349,157,0,0
BRDA:1349,158,0,0
BRDA:1349,159,0,0
BRDA:1361,160,0,0
BRDA:1361,160,1,0
BRDA:1380,161,0,0
BRDA:1380,161,1,0
BRDA:1399,162,0,0
BRDA:1399,162,1,0
BRDA:1419,163,0,0
BRDA:1419,163,1,0
BRDA:1427,164,0,0
BRDA:1427,164,1,0
BRDA:1427,164,2,0
BRDA:1430,165,0,0
BRDA:1430,165,1,0
BRDA:1435,166,0,0
BRDA:1435,167,0,0
BRDA:1435,168,0,0
BRDA:1447,169,0,0
BRDA:1447,169,1,0
BRDA:1456,170,0,0
BRDA:1456,170,1,0
BRDA:1456,170,2,0
BRDA:1468,171,0,0
BRDA:1468,171,1,0
BRDA:1469,172,0,0
BRDA:1469,172,1,0
BRDA:1473,173,0,0
BRDA:1473,173,1,0
BRDA:1481,174,0,0
BRDA:1481,174,1,0
BRDA:1484,175,0,0
BRDA:1484,175,1,0
BRDA:1505,176,0,0
BRDA:1505,176,1,0
BRDA:1506,177,0,0
BRDA:1506,177,1,0
BRDA:1510,178,0,0
BRDA:1510,178,1,0
BRDA:1518,179,0,0
BRDA:1518,179,1,0
BRDA:1521,180,0,0
BRDA:1521,180,1,0
BRDA:1540,181,0,0
BRDA:1540,181,1,0
BRDA:1541,182,0,0
BRDA:1541,182,1,0
BRDA:1545,183,0,0
BRDA:1545,183,1,0
BRDA:1553,184,0,0
BRDA:1553,184,1,0
BRDA:1556,185,0,0
BRDA:1556,185,1,0
BRDA:1576,186,0,0
BRDA:1576,186,1,0
BRDA:1577,187,0,0
BRDA:1577,187,1,0
BRDA:1581,188,0,0
BRDA:1581,188,1,0
BRDA:1589,189,0,0
BRDA:1589,189,1,0
BRDA:1592,190,0,0
BRDA:1592,190,1,0
BRDA:1633,191,0,0
BRDA:1633,191,1,0
BRDA:1643,192,0,0
BRDA:1643,192,1,0
BRDA:1667,193,0,0
BRDA:1667,193,1,0
BRDA:1671,194,0,0
BRDA:1671,194,1,0
BRDA:1673,195,0,0
BRDA:1673,195,1,0
BRDA:1675,196,0,0
BRDA:1675,196,1,0
BRDA:1703,197,0,0
BRDA:1703,197,1,0
BRDA:1711,198,0,0
BRDA:1711,198,1,0
BRDA:1714,199,0,0
BRDA:1714,199,1,0
BRDA:1728,200,0,0
BRDA:1728,200,1,0
BRDA:1730,201,0,0
BRDA:1730,201,1,0
BRDA:1732,202,0,0
BRDA:1732,202,1,0
BRDA:1734,203,0,0
BRDA:1734,203,1,0
BRDA:1759,204,0,0
BRDA:1759,204,1,0
BRDA:1761,205,0,0
BRDA:1761,205,1,0
BRDA:1774,206,0,0
BRDA:1774,206,1,0
BRDA:1776,207,0,0
BRDA:1776,207,1,0
BRDA:1807,208,0,0
BRDA:1807,209,0,0
BRDA:1814,210,0,0
BRDA:1814,210,1,0
BRDA:1832,211,0,0
BRDA:1832,211,1,0
BRDA:1833,212,0,0
BRDA:1833,212,1,0
BRDA:1837,213,0,0
BRDA:1837,213,1,0
BRDA:1849,214,0,0
BRDA:1849,214,1,0
BRDA:1851,215,0,0
BRDA:1851,215,1,0
BRDA:1853,216,0,0
BRDA:1853,216,1,0
BRDA:1855,217,0,0
BRDA:1855,217,1,0
BRDA:1858,218,0,0
BRDA:1858,218,1,0
BRDA:1859,219,0,0
BRDA:1859,219,1,0
BRDA:1867,220,0,0
BRDA:1867,220,1,0
BRDA:1878,221,0,0
BRDA:1878,221,1,0
BRDA:1879,222,0,0
BRDA:1879,222,1,0
BRDA:1883,223,0,0
BRDA:1883,223,1,0
BRDA:1893,224,0,0
BRDA:1893,224,1,0
BRDA:1895,225,0,0
BRDA:1895,225,1,0
BRDA:1897,226,0,0
BRDA:1897,226,1,0
BRDA:1899,227,0,0
BRDA:1899,227,1,0
BRDA:1901,228,0,0
BRDA:1901,228,1,0
BRDA:1902,229,0,0
BRDA:1902,229,1,0
BRDA:1910,230,0,0
BRDA:1910,230,1,0
BRDA:1921,231,0,0
BRDA:1921,231,1,0
BRDA:1925,232,0,0
BRDA:1925,232,1,0
BRDA:1927,233,0,0
BRDA:1927,233,1,0
BRDA:1929,234,0,0
BRDA:1929,234,1,0
BRDA:1942,235,0,0
BRDA:1942,235,1,0
BRDA:1944,236,0,0
BRDA:1944,236,1,0
BRDA:1946,237,0,0
BRDA:1946,237,1,0
BRDA:1952,238,0,0
BRDA:1952,238,1,0
BRDA:2005,239,0,0
BRDA:2005,239,1,0
BRDA:2009,240,0,0
BRDA:2009,240,1,0
BRDA:2011,241,0,0
BRDA:2011,241,1,0
BRDA:2013,242,0,0
BRDA:2013,242,1,0
BRDA:2042,243,0,0
BRDA:2042,243,1,0
BRDA:2046,244,0,0
BRDA:2046,244,1,0
BRDA:2048,245,0,0
BRDA:2048,245,1,0
BRDA:2050,246,0,0
BRDA:2050,246,1,0
BRDA:2130,247,0,0
BRDA:2130,247,1,0
BRDA:2133,248,0,0
BRDA:2133,248,1,0
BRDA:2133,249,0,0
BRDA:2133,249,1,0
BRDA:2136,250,0,0
BRDA:2136,250,1,0
BRDA:2136,251,0,0
BRDA:2136,251,1,0
BRDA:2142,252,0,0
BRDA:2142,252,1,0
BRDA:2156,253,0,0
BRDA:2156,253,1,0
BRDA:2158,254,0,0
BRDA:2158,254,1,0
BRDA:2177,255,0,0
BRDA:2177,255,1,0
BRDA:2180,256,0,0
BRDA:2180,256,1,0
BRDA:2180,257,0,0
BRDA:2180,257,1,0
BRDA:2183,258,0,0
BRDA:2183,258,1,0
BRDA:2183,259,0,0
BRDA:2183,259,1,0
BRDA:2189,260,0,0
BRDA:2189,260,1,0
BRDA:2206,261,0,0
BRDA:2206,261,1,0
BRDA:2209,262,0,0
BRDA:2209,262,1,0
BRDA:2209,263,0,0
BRDA:2209,263,1,0
BRDA:2215,264,0,0
BRDA:2215,264,1,0
BRDA:2231,265,0,0
BRDA:2231,265,1,0
BRDA:2235,266,0,0
BRDA:2235,266,1,0
BRDA:2237,267,0,0
BRDA:2237,267,1,0
BRF:528
BRH:7
end_of_record
TN:
SF:utils/address.ts
FN:21,(anonymous_0)
FN:28,(anonymous_1)
FN:53,(anonymous_2)
FN:78,(anonymous_3)
FN:87,(anonymous_4)
FN:95,(anonymous_5)
FN:107,(anonymous_6)
FN:117,(anonymous_7)
FNF:8
FNH:8
FNDA:22,(anonymous_0)
FNDA:60,(anonymous_1)
FNDA:5,(anonymous_2)
FNDA:16,(anonymous_3)
FNDA:4,(anonymous_4)
FNDA:11,(anonymous_5)
FNDA:12,(anonymous_6)
FNDA:12,(anonymous_7)
DA:11,2
DA:21,2
DA:22,22
DA:23,6
DA:26,16
DA:28,60
DA:31,16
DA:32,16
DA:33,16
DA:34,16
DA:36,16
DA:37,16
DA:38,16
DA:40,16
DA:42,16
DA:53,2
DA:54,5
DA:55,5
DA:56,1
DA:58,5
DA:61,5
DA:62,2
DA:64,5
DA:65,1
DA:67,5
DA:68,3
DA:70,5
DA:71,2
DA:72,5
DA:73,4
DA:75,5
DA:78,2
DA:79,16
DA:80,16
DA:87,2
DA:88,4
DA:89,4
DA:92,4
DA:95,2
DA:96,11
DA:97,11
DA:98,2
DA:101,9
DA:102,9
DA:104,9
DA:107,12
DA:110,9
DA:111,0
DA:114,9
DA:115,9
DA:117,12
LF:51
LH:50
BRDA:22,0,0,6
BRDA:22,0,1,16
BRDA:31,1,0,16
BRDA:31,1,1,0
BRDA:32,2,0,16
BRDA:32,2,1,2
BRDA:33,3,0,16
BRDA:33,3,1,3
BRDA:34,4,0,16
BRDA:34,4,1,3
BRDA:36,5,0,16
BRDA:36,5,1,14
BRDA:37,6,0,16
BRDA:37,6,1,0
BRDA:38,7,0,16
BRDA:38,7,1,14
BRDA:40,8,0,16
BRDA:40,8,1,14
BRDA:55,9,0,1
BRDA:55,9,1,4
BRDA:61,10,0,2
BRDA:61,10,1,3
BRDA:64,11,0,1
BRDA:64,11,1,4
BRDA:67,12,0,3
BRDA:67,12,1,2
BRDA:70,13,0,2
BRDA:70,13,1,3
BRDA:72,14,0,4
BRDA:72,14,1,1
BRDA:92,15,0,4
BRDA:92,15,1,2
BRDA:92,15,2,1
BRDA:97,16,0,2
BRDA:97,16,1,9
BRDA:110,17,0,0
BRDA:110,17,1,9
BRF:37
BRH:34
end_of_record
