<?xml version="1.0" encoding="UTF-8"?>
<testsuites name="jest tests" tests="999" failures="12" errors="0" time="9.839">
  <testsuite name="API Validation Functions" errors="0" failures="0" skipped="0" timestamp="2025-12-20T16:42:33" time="2.116" tests="61">
    <testcase classname="API Validation Functions Phone Number Validation accepts valid phone with country code" name="API Validation Functions Phone Number Validation accepts valid phone with country code" time="0.002">
    </testcase>
    <testcase classname="API Validation Functions Phone Number Validation accepts valid phone without country code" name="API Validation Functions Phone Number Validation accepts valid phone without country code" time="0">
    </testcase>
    <testcase classname="API Validation Functions Phone Number Validation accepts 10 digit phone" name="API Validation Functions Phone Number Validation accepts 10 digit phone" time="0">
    </testcase>
    <testcase classname="API Validation Functions Phone Number Validation accepts 15 digit phone" name="API Validation Functions Phone Number Validation accepts 15 digit phone" time="0">
    </testcase>
    <testcase classname="API Validation Functions Phone Number Validation rejects phone with letters" name="API Validation Functions Phone Number Validation rejects phone with letters" time="0">
    </testcase>
    <testcase classname="API Validation Functions Phone Number Validation rejects phone with spaces" name="API Validation Functions Phone Number Validation rejects phone with spaces" time="0.001">
    </testcase>
    <testcase classname="API Validation Functions Phone Number Validation rejects phone with dashes" name="API Validation Functions Phone Number Validation rejects phone with dashes" time="0">
    </testcase>
    <testcase classname="API Validation Functions Phone Number Validation rejects too short phone" name="API Validation Functions Phone Number Validation rejects too short phone" time="0">
    </testcase>
    <testcase classname="API Validation Functions Phone Number Validation rejects too long phone" name="API Validation Functions Phone Number Validation rejects too long phone" time="0">
    </testcase>
    <testcase classname="API Validation Functions Phone Number Validation rejects empty string" name="API Validation Functions Phone Number Validation rejects empty string" time="0">
    </testcase>
    <testcase classname="API Validation Functions Password Validation accepts valid strong password" name="API Validation Functions Password Validation accepts valid strong password" time="0.001">
    </testcase>
    <testcase classname="API Validation Functions Password Validation rejects short password" name="API Validation Functions Password Validation rejects short password" time="0">
    </testcase>
    <testcase classname="API Validation Functions Password Validation rejects password without uppercase" name="API Validation Functions Password Validation rejects password without uppercase" time="0">
    </testcase>
    <testcase classname="API Validation Functions Password Validation rejects password without lowercase" name="API Validation Functions Password Validation rejects password without lowercase" time="0">
    </testcase>
    <testcase classname="API Validation Functions Password Validation rejects password without number" name="API Validation Functions Password Validation rejects password without number" time="0">
    </testcase>
    <testcase classname="API Validation Functions Password Validation rejects password without special character" name="API Validation Functions Password Validation rejects password without special character" time="0">
    </testcase>
    <testcase classname="API Validation Functions Password Validation rejects password missing multiple criteria" name="API Validation Functions Password Validation rejects password missing multiple criteria" time="0">
    </testcase>
    <testcase classname="API Validation Functions Password Validation handles empty password" name="API Validation Functions Password Validation handles empty password" time="0.001">
    </testcase>
    <testcase classname="API Validation Functions Email Validation accepts valid email" name="API Validation Functions Email Validation accepts valid email" time="0">
    </testcase>
    <testcase classname="API Validation Functions Email Validation accepts email with subdomain" name="API Validation Functions Email Validation accepts email with subdomain" time="0.001">
    </testcase>
    <testcase classname="API Validation Functions Email Validation accepts email with plus sign" name="API Validation Functions Email Validation accepts email with plus sign" time="0">
    </testcase>
    <testcase classname="API Validation Functions Email Validation rejects email without @" name="API Validation Functions Email Validation rejects email without @" time="0">
    </testcase>
    <testcase classname="API Validation Functions Email Validation rejects email without domain" name="API Validation Functions Email Validation rejects email without domain" time="0">
    </testcase>
    <testcase classname="API Validation Functions Email Validation rejects email without TLD" name="API Validation Functions Email Validation rejects email without TLD" time="0.033">
    </testcase>
    <testcase classname="API Validation Functions Email Validation rejects email with spaces" name="API Validation Functions Email Validation rejects email with spaces" time="0">
    </testcase>
    <testcase classname="API Validation Functions Name Splitting splits first and last name" name="API Validation Functions Name Splitting splits first and last name" time="0">
    </testcase>
    <testcase classname="API Validation Functions Name Splitting handles single name" name="API Validation Functions Name Splitting handles single name" time="0">
    </testcase>
    <testcase classname="API Validation Functions Name Splitting handles multiple names" name="API Validation Functions Name Splitting handles multiple names" time="0">
    </testcase>
    <testcase classname="API Validation Functions Name Splitting handles leading/trailing spaces" name="API Validation Functions Name Splitting handles leading/trailing spaces" time="0">
    </testcase>
    <testcase classname="API Response Normalization Array Response normalizes array to response" name="API Response Normalization Array Response normalizes array to response" time="0.003">
    </testcase>
    <testcase classname="API Response Normalization Array Response handles empty array" name="API Response Normalization Array Response handles empty array" time="0">
    </testcase>
    <testcase classname="API Response Normalization Paginated Response normalizes standard pagination" name="API Response Normalization Paginated Response normalizes standard pagination" time="0">
    </testcase>
    <testcase classname="API Response Normalization Paginated Response handles missing count" name="API Response Normalization Paginated Response handles missing count" time="0">
    </testcase>
    <testcase classname="API Response Normalization Paginated Response handles null next/previous" name="API Response Normalization Paginated Response handles null next/previous" time="0">
    </testcase>
    <testcase classname="API Response Normalization Tasks Property Response normalizes tasks array" name="API Response Normalization Tasks Property Response normalizes tasks array" time="0">
    </testcase>
    <testcase classname="API Response Normalization Tasks Property Response extracts count from pagination" name="API Response Normalization Tasks Property Response extracts count from pagination" time="0">
    </testcase>
    <testcase classname="API Response Normalization Tasks Property Response extracts total_records from pagination" name="API Response Normalization Tasks Property Response extracts total_records from pagination" time="0.001">
    </testcase>
    <testcase classname="API Response Normalization Wrapped Data Response unwraps data property" name="API Response Normalization Wrapped Data Response unwraps data property" time="0">
    </testcase>
    <testcase classname="API Response Normalization Wrapped Data Response handles nested data with results" name="API Response Normalization Wrapped Data Response handles nested data with results" time="0">
    </testcase>
    <testcase classname="API Response Normalization Invalid Input returns empty for null" name="API Response Normalization Invalid Input returns empty for null" time="0">
    </testcase>
    <testcase classname="API Response Normalization Invalid Input returns empty for undefined" name="API Response Normalization Invalid Input returns empty for undefined" time="0">
    </testcase>
    <testcase classname="API Response Normalization Invalid Input returns empty for string" name="API Response Normalization Invalid Input returns empty for string" time="0">
    </testcase>
    <testcase classname="API Response Normalization Invalid Input returns empty for number" name="API Response Normalization Invalid Input returns empty for number" time="0">
    </testcase>
    <testcase classname="API Response Normalization Invalid Input returns empty for object without known keys" name="API Response Normalization Invalid Input returns empty for object without known keys" time="0">
    </testcase>
    <testcase classname="Urgency Level Mapping returns Low for level 1" name="Urgency Level Mapping returns Low for level 1" time="0">
    </testcase>
    <testcase classname="Urgency Level Mapping returns Medium for level 2" name="Urgency Level Mapping returns Medium for level 2" time="0">
    </testcase>
    <testcase classname="Urgency Level Mapping returns High for level 3" name="Urgency Level Mapping returns High for level 3" time="0">
    </testcase>
    <testcase classname="Urgency Level Mapping defaults to Medium for unknown level" name="Urgency Level Mapping defaults to Medium for unknown level" time="0.001">
    </testcase>
    <testcase classname="Urgency Level Mapping returns green for Low urgency" name="Urgency Level Mapping returns green for Low urgency" time="0">
    </testcase>
    <testcase classname="Urgency Level Mapping returns orange for Medium urgency" name="Urgency Level Mapping returns orange for Medium urgency" time="0">
    </testcase>
    <testcase classname="Urgency Level Mapping returns red for High urgency" name="Urgency Level Mapping returns red for High urgency" time="0">
    </testcase>
    <testcase classname="Status Display Mapping displays Open" name="Status Display Mapping displays Open" time="0">
    </testcase>
    <testcase classname="Status Display Mapping displays In Progress" name="Status Display Mapping displays In Progress" time="0">
    </testcase>
    <testcase classname="Status Display Mapping displays Completed" name="Status Display Mapping displays Completed" time="0">
    </testcase>
    <testcase classname="Status Display Mapping handles lowercase" name="Status Display Mapping handles lowercase" time="0">
    </testcase>
    <testcase classname="Status Display Mapping returns original for unknown status" name="Status Display Mapping returns original for unknown status" time="0">
    </testcase>
    <testcase classname="Status Display Mapping handles null/undefined" name="Status Display Mapping handles null/undefined" time="0">
    </testcase>
    <testcase classname="Category Mapping maps all category labels" name="Category Mapping maps all category labels" time="0">
    </testcase>
    <testcase classname="Category Mapping maps all category icons" name="Category Mapping maps all category icons" time="0">
    </testcase>
    <testcase classname="Category Mapping all categories have labels" name="Category Mapping all categories have labels" time="0">
    </testcase>
    <testcase classname="Category Mapping all categories have icons" name="Category Mapping all categories have icons" time="0.001">
    </testcase>
  </testsuite>
  <testsuite name="Task Status Utilities" errors="0" failures="0" skipped="0" timestamp="2025-12-20T16:42:35" time="0.179" tests="30">
    <testcase classname="Task Status Utilities parseTaskStatus parses open status correctly" name="Task Status Utilities parseTaskStatus parses open status correctly" time="0">
    </testcase>
    <testcase classname="Task Status Utilities parseTaskStatus parses pending status correctly" name="Task Status Utilities parseTaskStatus parses pending status correctly" time="0">
    </testcase>
    <testcase classname="Task Status Utilities parseTaskStatus parses in_progress status correctly" name="Task Status Utilities parseTaskStatus parses in_progress status correctly" time="0.001">
    </testcase>
    <testcase classname="Task Status Utilities parseTaskStatus parses completed status correctly" name="Task Status Utilities parseTaskStatus parses completed status correctly" time="0">
    </testcase>
    <testcase classname="Task Status Utilities parseTaskStatus parses cancelled status correctly" name="Task Status Utilities parseTaskStatus parses cancelled status correctly" time="0">
    </testcase>
    <testcase classname="Task Status Utilities parseTaskStatus handles empty/null status" name="Task Status Utilities parseTaskStatus handles empty/null status" time="0">
    </testcase>
    <testcase classname="Task Status Utilities parseTaskStatus handles case insensitivity" name="Task Status Utilities parseTaskStatus handles case insensitivity" time="0">
    </testcase>
    <testcase classname="Task Status Utilities getStatusColor returns green for open status" name="Task Status Utilities getStatusColor returns green for open status" time="0">
    </testcase>
    <testcase classname="Task Status Utilities getStatusColor returns blue for in_progress status" name="Task Status Utilities getStatusColor returns blue for in_progress status" time="0">
    </testcase>
    <testcase classname="Task Status Utilities getStatusColor returns gray for completed status" name="Task Status Utilities getStatusColor returns gray for completed status" time="0">
    </testcase>
    <testcase classname="Task Status Utilities getStatusColor returns red for cancelled status" name="Task Status Utilities getStatusColor returns red for cancelled status" time="0.001">
    </testcase>
    <testcase classname="Task Status Utilities getStatusColor returns default gray for unknown status" name="Task Status Utilities getStatusColor returns default gray for unknown status" time="0">
    </testcase>
    <testcase classname="Task Status Utilities getStatusDisplayText converts open to display text" name="Task Status Utilities getStatusDisplayText converts open to display text" time="0">
    </testcase>
    <testcase classname="Task Status Utilities getStatusDisplayText converts in_progress to readable text" name="Task Status Utilities getStatusDisplayText converts in_progress to readable text" time="0">
    </testcase>
    <testcase classname="Task Status Utilities getStatusDisplayText handles unknown status" name="Task Status Utilities getStatusDisplayText handles unknown status" time="0">
    </testcase>
    <testcase classname="Task Status Utilities canUserModifyTask returns true when user is creator and status is open" name="Task Status Utilities canUserModifyTask returns true when user is creator and status is open" time="0">
    </testcase>
    <testcase classname="Task Status Utilities canUserModifyTask returns false when user is not creator" name="Task Status Utilities canUserModifyTask returns false when user is not creator" time="0">
    </testcase>
    <testcase classname="Task Status Utilities canUserModifyTask returns false when status is completed" name="Task Status Utilities canUserModifyTask returns false when status is completed" time="0">
    </testcase>
    <testcase classname="Task Status Utilities filterTasksByStatus filters tasks by open status" name="Task Status Utilities filterTasksByStatus filters tasks by open status" time="0.001">
    </testcase>
    <testcase classname="Task Status Utilities filterTasksByStatus filters tasks by completed status" name="Task Status Utilities filterTasksByStatus filters tasks by completed status" time="0">
    </testcase>
    <testcase classname="Task Status Utilities filterTasksByStatus returns empty array for non-matching status" name="Task Status Utilities filterTasksByStatus returns empty array for non-matching status" time="0">
    </testcase>
    <testcase classname="Task Priority/Urgency Utilities getUrgencyLabel returns Low for level 1" name="Task Priority/Urgency Utilities getUrgencyLabel returns Low for level 1" time="0">
    </testcase>
    <testcase classname="Task Priority/Urgency Utilities getUrgencyLabel returns Medium for level 2" name="Task Priority/Urgency Utilities getUrgencyLabel returns Medium for level 2" time="0">
    </testcase>
    <testcase classname="Task Priority/Urgency Utilities getUrgencyLabel returns High for level 3" name="Task Priority/Urgency Utilities getUrgencyLabel returns High for level 3" time="0">
    </testcase>
    <testcase classname="Task Priority/Urgency Utilities getUrgencyLabel defaults to Medium for invalid level" name="Task Priority/Urgency Utilities getUrgencyLabel defaults to Medium for invalid level" time="0">
    </testcase>
    <testcase classname="Task Priority/Urgency Utilities getUrgencyColor returns green for low urgency" name="Task Priority/Urgency Utilities getUrgencyColor returns green for low urgency" time="0">
    </testcase>
    <testcase classname="Task Priority/Urgency Utilities getUrgencyColor returns orange for medium urgency" name="Task Priority/Urgency Utilities getUrgencyColor returns orange for medium urgency" time="0">
    </testcase>
    <testcase classname="Task Priority/Urgency Utilities getUrgencyColor returns red for high urgency" name="Task Priority/Urgency Utilities getUrgencyColor returns red for high urgency" time="0">
    </testcase>
    <testcase classname="Task Priority/Urgency Utilities sortTasksByUrgency sorts tasks with highest urgency first" name="Task Priority/Urgency Utilities sortTasksByUrgency sorts tasks with highest urgency first" time="0.015">
    </testcase>
    <testcase classname="Task Priority/Urgency Utilities sortTasksByUrgency handles empty array" name="Task Priority/Urgency Utilities sortTasksByUrgency handles empty array" time="0.001">
    </testcase>
  </testsuite>
  <testsuite name="Task Details Processing" errors="0" failures="0" skipped="0" timestamp="2025-12-20T16:42:36" time="0.106" tests="27">
    <testcase classname="Task Details Processing Task Status Transitions allows transition from OPEN to IN_PROGRESS" name="Task Details Processing Task Status Transitions allows transition from OPEN to IN_PROGRESS" time="0.001">
    </testcase>
    <testcase classname="Task Details Processing Task Status Transitions allows transition from IN_PROGRESS to COMPLETED" name="Task Details Processing Task Status Transitions allows transition from IN_PROGRESS to COMPLETED" time="0">
    </testcase>
    <testcase classname="Task Details Processing Task Status Transitions prevents transition from OPEN to COMPLETED directly" name="Task Details Processing Task Status Transitions prevents transition from OPEN to COMPLETED directly" time="0">
    </testcase>
    <testcase classname="Task Details Processing Task Status Transitions prevents any transition from COMPLETED" name="Task Details Processing Task Status Transitions prevents any transition from COMPLETED" time="0">
    </testcase>
    <testcase classname="Task Details Processing Task Status Transitions allows cancellation from OPEN and IN_PROGRESS" name="Task Details Processing Task Status Transitions allows cancellation from OPEN and IN_PROGRESS" time="0">
    </testcase>
    <testcase classname="Task Details Processing Deadline Formatting handles no deadline" name="Task Details Processing Deadline Formatting handles no deadline" time="0.001">
    </testcase>
    <testcase classname="Task Details Processing Deadline Formatting identifies overdue tasks" name="Task Details Processing Deadline Formatting identifies overdue tasks" time="0">
    </testcase>
    <testcase classname="Task Details Processing Deadline Formatting identifies tasks due today" name="Task Details Processing Deadline Formatting identifies tasks due today" time="0">
    </testcase>
    <testcase classname="Task Details Processing Deadline Formatting identifies tasks due tomorrow" name="Task Details Processing Deadline Formatting identifies tasks due tomorrow" time="0">
    </testcase>
    <testcase classname="Task Details Processing Deadline Formatting shows days left for nearby deadlines" name="Task Details Processing Deadline Formatting shows days left for nearby deadlines" time="0">
    </testcase>
    <testcase classname="Task Details Processing Volunteer Progress calculates correct percentage" name="Task Details Processing Volunteer Progress calculates correct percentage" time="0">
    </testcase>
    <testcase classname="Task Details Processing Volunteer Progress caps percentage at 100" name="Task Details Processing Volunteer Progress caps percentage at 100" time="0.001">
    </testcase>
    <testcase classname="Task Details Processing Volunteer Progress generates correct label" name="Task Details Processing Volunteer Progress generates correct label" time="0">
    </testcase>
    <testcase classname="Task Details Processing Volunteer Progress indicates when full" name="Task Details Processing Volunteer Progress indicates when full" time="0">
    </testcase>
    <testcase classname="Task Actions Action Visibility shows creator actions for open task" name="Task Actions Action Visibility shows creator actions for open task" time="0">
    </testcase>
    <testcase classname="Task Actions Action Visibility shows complete action for in-progress task creator" name="Task Actions Action Visibility shows complete action for in-progress task creator" time="0">
    </testcase>
    <testcase classname="Task Actions Action Visibility shows apply action for non-creator on open task" name="Task Actions Action Visibility shows apply action for non-creator on open task" time="0">
    </testcase>
    <testcase classname="Task Actions Action Visibility shows markProgress for assigned volunteer" name="Task Actions Action Visibility shows markProgress for assigned volunteer" time="0">
    </testcase>
    <testcase classname="Task Actions Action Visibility shows no actions for completed task" name="Task Actions Action Visibility shows no actions for completed task" time="0">
    </testcase>
    <testcase classname="Task Actions Report Validation accepts valid report" name="Task Actions Report Validation accepts valid report" time="0">
    </testcase>
    <testcase classname="Task Actions Report Validation rejects report without reason" name="Task Actions Report Validation rejects report without reason" time="0">
    </testcase>
    <testcase classname="Task Actions Report Validation rejects report with short description" name="Task Actions Report Validation rejects report with short description" time="0">
    </testcase>
    <testcase classname="Comment System Comment Validation accepts valid comment" name="Comment System Comment Validation accepts valid comment" time="0">
    </testcase>
    <testcase classname="Comment System Comment Validation rejects empty comment" name="Comment System Comment Validation rejects empty comment" time="0.001">
    </testcase>
    <testcase classname="Comment System Comment Validation rejects too long comment" name="Comment System Comment Validation rejects too long comment" time="0">
    </testcase>
    <testcase classname="Comment System Comment Sorting sorts by date descending (newest first)" name="Comment System Comment Sorting sorts by date descending (newest first)" time="0">
    </testcase>
    <testcase classname="Comment System Comment Sorting sorts by date ascending (oldest first)" name="Comment System Comment Sorting sorts by date ascending (oldest first)" time="0">
    </testcase>
  </testsuite>
  <testsuite name="API Response Normalization" errors="0" failures="0" skipped="0" timestamp="2025-12-20T16:42:33" time="2.526" tests="57">
    <testcase classname="API Response Normalization normalizeTasksResponse handles array response" name="API Response Normalization normalizeTasksResponse handles array response" time="0.003">
    </testcase>
    <testcase classname="API Response Normalization normalizeTasksResponse handles paginated response" name="API Response Normalization normalizeTasksResponse handles paginated response" time="0.001">
    </testcase>
    <testcase classname="API Response Normalization normalizeTasksResponse handles wrapped data response" name="API Response Normalization normalizeTasksResponse handles wrapped data response" time="0">
    </testcase>
    <testcase classname="API Response Normalization normalizeTasksResponse handles data with tasks property" name="API Response Normalization normalizeTasksResponse handles data with tasks property" time="0">
    </testcase>
    <testcase classname="API Response Normalization normalizeTasksResponse returns empty for null" name="API Response Normalization normalizeTasksResponse returns empty for null" time="0">
    </testcase>
    <testcase classname="API Response Normalization normalizeTasksResponse returns empty for undefined" name="API Response Normalization normalizeTasksResponse returns empty for undefined" time="0">
    </testcase>
    <testcase classname="API Response Normalization normalizeTasksResponse returns empty for invalid object" name="API Response Normalization normalizeTasksResponse returns empty for invalid object" time="0.001">
    </testcase>
    <testcase classname="API Error Handling extractErrorMessage extracts message from response data" name="API Error Handling extractErrorMessage extracts message from response data" time="0">
    </testcase>
    <testcase classname="API Error Handling extractErrorMessage extracts error from response data" name="API Error Handling extractErrorMessage extracts error from response data" time="0">
    </testcase>
    <testcase classname="API Error Handling extractErrorMessage extracts detail from response data" name="API Error Handling extractErrorMessage extracts detail from response data" time="0">
    </testcase>
    <testcase classname="API Error Handling extractErrorMessage extracts from errors array" name="API Error Handling extractErrorMessage extracts from errors array" time="0">
    </testcase>
    <testcase classname="API Error Handling extractErrorMessage extracts string response data" name="API Error Handling extractErrorMessage extracts string response data" time="0.001">
    </testcase>
    <testcase classname="API Error Handling extractErrorMessage extracts error message property" name="API Error Handling extractErrorMessage extracts error message property" time="0">
    </testcase>
    <testcase classname="API Error Handling extractErrorMessage handles connection refused" name="API Error Handling extractErrorMessage handles connection refused" time="0">
    </testcase>
    <testcase classname="API Error Handling extractErrorMessage handles not found" name="API Error Handling extractErrorMessage handles not found" time="0">
    </testcase>
    <testcase classname="API Error Handling extractErrorMessage handles timeout" name="API Error Handling extractErrorMessage handles timeout" time="0">
    </testcase>
    <testcase classname="API Error Handling extractErrorMessage returns default for unknown error" name="API Error Handling extractErrorMessage returns default for unknown error" time="0.001">
    </testcase>
    <testcase classname="API Error Handling isAuthError returns true for 401" name="API Error Handling isAuthError returns true for 401" time="0">
    </testcase>
    <testcase classname="API Error Handling isAuthError returns true for 403" name="API Error Handling isAuthError returns true for 403" time="0">
    </testcase>
    <testcase classname="API Error Handling isAuthError returns false for 404" name="API Error Handling isAuthError returns false for 404" time="0">
    </testcase>
    <testcase classname="API Error Handling isAuthError returns false for network error" name="API Error Handling isAuthError returns false for network error" time="0">
    </testcase>
    <testcase classname="API Error Handling isNetworkError returns true for connection refused" name="API Error Handling isNetworkError returns true for connection refused" time="0.007">
    </testcase>
    <testcase classname="API Error Handling isNetworkError returns true for Network Error message" name="API Error Handling isNetworkError returns true for Network Error message" time="0">
    </testcase>
    <testcase classname="API Error Handling isNetworkError returns false when response exists" name="API Error Handling isNetworkError returns false when response exists" time="0">
    </testcase>
    <testcase classname="API Error Handling isNetworkError returns false for server error" name="API Error Handling isNetworkError returns false for server error" time="0">
    </testcase>
    <testcase classname="API Error Handling getHttpStatusMessage returns correct message for 400" name="API Error Handling getHttpStatusMessage returns correct message for 400" time="0.002">
    </testcase>
    <testcase classname="API Error Handling getHttpStatusMessage returns correct message for 401" name="API Error Handling getHttpStatusMessage returns correct message for 401" time="0.001">
    </testcase>
    <testcase classname="API Error Handling getHttpStatusMessage returns correct message for 404" name="API Error Handling getHttpStatusMessage returns correct message for 404" time="0">
    </testcase>
    <testcase classname="API Error Handling getHttpStatusMessage returns correct message for 500" name="API Error Handling getHttpStatusMessage returns correct message for 500" time="0.001">
    </testcase>
    <testcase classname="API Error Handling getHttpStatusMessage returns Unknown Error for unhandled status" name="API Error Handling getHttpStatusMessage returns Unknown Error for unhandled status" time="0.001">
    </testcase>
    <testcase classname="API Request Utilities buildQueryString builds query string from params" name="API Request Utilities buildQueryString builds query string from params" time="0.075">
    </testcase>
    <testcase classname="API Request Utilities buildQueryString ignores undefined values" name="API Request Utilities buildQueryString ignores undefined values" time="0">
    </testcase>
    <testcase classname="API Request Utilities buildQueryString ignores null values" name="API Request Utilities buildQueryString ignores null values" time="0.001">
    </testcase>
    <testcase classname="API Request Utilities buildQueryString ignores empty string values" name="API Request Utilities buildQueryString ignores empty string values" time="0">
    </testcase>
    <testcase classname="API Request Utilities buildQueryString returns empty string for empty params" name="API Request Utilities buildQueryString returns empty string for empty params" time="0">
    </testcase>
    <testcase classname="API Request Utilities validateApiResponse returns response when all fields present" name="API Request Utilities validateApiResponse returns response when all fields present" time="0">
    </testcase>
    <testcase classname="API Request Utilities validateApiResponse returns null when field missing" name="API Request Utilities validateApiResponse returns null when field missing" time="0">
    </testcase>
    <testcase classname="API Request Utilities validateApiResponse returns null for null response" name="API Request Utilities validateApiResponse returns null for null response" time="0">
    </testcase>
    <testcase classname="API Request Utilities validateApiResponse returns null for non-object" name="API Request Utilities validateApiResponse returns null for non-object" time="0.001">
    </testcase>
    <testcase classname="API Request Utilities validateApiResponse returns response when no required fields" name="API Request Utilities validateApiResponse returns response when no required fields" time="0">
    </testcase>
    <testcase classname="API Request Utilities retryWithBackoff returns result on first try success" name="API Request Utilities retryWithBackoff returns result on first try success" time="0">
    </testcase>
    <testcase classname="API Request Utilities retryWithBackoff retries on failure" name="API Request Utilities retryWithBackoff retries on failure" time="0.028">
    </testcase>
    <testcase classname="API Request Utilities retryWithBackoff throws after max retries" name="API Request Utilities retryWithBackoff throws after max retries" time="0.025">
    </testcase>
    <testcase classname="Token Management isTokenExpired returns false for valid future token" name="Token Management isTokenExpired returns false for valid future token" time="0.001">
    </testcase>
    <testcase classname="Token Management isTokenExpired returns true for expired token" name="Token Management isTokenExpired returns true for expired token" time="0">
    </testcase>
    <testcase classname="Token Management isTokenExpired returns true for invalid token" name="Token Management isTokenExpired returns true for invalid token" time="0">
    </testcase>
    <testcase classname="Token Management isTokenExpired returns true for empty token" name="Token Management isTokenExpired returns true for empty token" time="0">
    </testcase>
    <testcase classname="Token Management parseAuthHeader parses bearer token" name="Token Management parseAuthHeader parses bearer token" time="0">
    </testcase>
    <testcase classname="Token Management parseAuthHeader handles lowercase bearer" name="Token Management parseAuthHeader handles lowercase bearer" time="0">
    </testcase>
    <testcase classname="Token Management parseAuthHeader returns null for empty header" name="Token Management parseAuthHeader returns null for empty header" time="0">
    </testcase>
    <testcase classname="Token Management parseAuthHeader returns null for invalid format" name="Token Management parseAuthHeader returns null for invalid format" time="0">
    </testcase>
    <testcase classname="Token Management parseAuthHeader returns null for non-bearer auth" name="Token Management parseAuthHeader returns null for non-bearer auth" time="0">
    </testcase>
    <testcase classname="Data Transformation transformUserProfile transforms complete profile" name="Data Transformation transformUserProfile transforms complete profile" time="0">
    </testcase>
    <testcase classname="Data Transformation transformUserProfile provides defaults for missing fields" name="Data Transformation transformUserProfile provides defaults for missing fields" time="0.001">
    </testcase>
    <testcase classname="Data Transformation transformUserProfile handles alternative field names" name="Data Transformation transformUserProfile handles alternative field names" time="0.02">
    </testcase>
    <testcase classname="Data Transformation transformTask transforms complete task" name="Data Transformation transformTask transforms complete task" time="0">
    </testcase>
    <testcase classname="Data Transformation transformTask provides defaults for missing fields" name="Data Transformation transformTask provides defaults for missing fields" time="0">
    </testcase>
  </testsuite>
  <testsuite name="Conditional Rendering" errors="0" failures="0" skipped="0" timestamp="2025-12-20T16:42:36" time="0.155" tests="43">
    <testcase classname="Conditional Rendering Show/Hide Logic shows when condition is true" name="Conditional Rendering Show/Hide Logic shows when condition is true" time="0">
    </testcase>
    <testcase classname="Conditional Rendering Show/Hide Logic hides when condition is false" name="Conditional Rendering Show/Hide Logic hides when condition is false" time="0.001">
    </testcase>
    <testcase classname="Conditional Rendering Show/Hide Logic uses fallback when condition is undefined" name="Conditional Rendering Show/Hide Logic uses fallback when condition is undefined" time="0">
    </testcase>
    <testcase classname="Conditional Rendering Show/Hide Logic defaults to false when no fallback" name="Conditional Rendering Show/Hide Logic defaults to false when no fallback" time="0">
    </testcase>
    <testcase classname="Conditional Rendering Permission-Based Rendering admin can render anything" name="Conditional Rendering Permission-Based Rendering admin can render anything" time="0">
    </testcase>
    <testcase classname="Conditional Rendering Permission-Based Rendering user with permission can render" name="Conditional Rendering Permission-Based Rendering user with permission can render" time="0">
    </testcase>
    <testcase classname="Conditional Rendering Permission-Based Rendering user without permission cannot render" name="Conditional Rendering Permission-Based Rendering user without permission cannot render" time="0">
    </testcase>
    <testcase classname="Conditional Rendering Permission-Based Rendering logged out user cannot render" name="Conditional Rendering Permission-Based Rendering logged out user cannot render" time="0">
    </testcase>
    <testcase classname="Conditional Rendering Feature Flag Rendering returns true for enabled features" name="Conditional Rendering Feature Flag Rendering returns true for enabled features" time="0">
    </testcase>
    <testcase classname="Conditional Rendering Feature Flag Rendering returns false for disabled features" name="Conditional Rendering Feature Flag Rendering returns false for disabled features" time="0">
    </testcase>
    <testcase classname="Conditional Rendering Feature Flag Rendering returns false for unknown features" name="Conditional Rendering Feature Flag Rendering returns false for unknown features" time="0">
    </testcase>
    <testcase classname="List Rendering Utilities Empty State Detection detects empty array" name="List Rendering Utilities Empty State Detection detects empty array" time="0">
    </testcase>
    <testcase classname="List Rendering Utilities Empty State Detection detects null data" name="List Rendering Utilities Empty State Detection detects null data" time="0">
    </testcase>
    <testcase classname="List Rendering Utilities Empty State Detection detects undefined data" name="List Rendering Utilities Empty State Detection detects undefined data" time="0">
    </testcase>
    <testcase classname="List Rendering Utilities Empty State Detection detects non-empty array" name="List Rendering Utilities Empty State Detection detects non-empty array" time="0">
    </testcase>
    <testcase classname="List Rendering Utilities Empty State Detection returns correct empty message" name="List Rendering Utilities Empty State Detection returns correct empty message" time="0">
    </testcase>
    <testcase classname="List Rendering Utilities Empty State Detection returns default message for unknown type" name="List Rendering Utilities Empty State Detection returns default message for unknown type" time="0.006">
    </testcase>
    <testcase classname="List Rendering Utilities List Key Generation uses id when available" name="List Rendering Utilities List Key Generation uses id when available" time="0">
    </testcase>
    <testcase classname="List Rendering Utilities List Key Generation falls back to index when no id" name="List Rendering Utilities List Key Generation falls back to index when no id" time="0.001">
    </testcase>
    <testcase classname="List Rendering Utilities Pagination Display shows correct info for first page" name="List Rendering Utilities Pagination Display shows correct info for first page" time="0">
    </testcase>
    <testcase classname="List Rendering Utilities Pagination Display shows correct info for middle page" name="List Rendering Utilities Pagination Display shows correct info for middle page" time="0">
    </testcase>
    <testcase classname="List Rendering Utilities Pagination Display shows correct info for last page" name="List Rendering Utilities Pagination Display shows correct info for last page" time="0">
    </testcase>
    <testcase classname="List Rendering Utilities Pagination Display handles single page" name="List Rendering Utilities Pagination Display handles single page" time="0.001">
    </testcase>
    <testcase classname="Loading State Management creates default loading state" name="Loading State Management creates default loading state" time="0">
    </testcase>
    <testcase classname="Loading State Management starts loading" name="Loading State Management starts loading" time="0">
    </testcase>
    <testcase classname="Loading State Management starts refresh" name="Loading State Management starts refresh" time="0">
    </testcase>
    <testcase classname="Loading State Management starts load more" name="Loading State Management starts load more" time="0">
    </testcase>
    <testcase classname="Loading State Management stops all loading" name="Loading State Management stops all loading" time="0">
    </testcase>
    <testcase classname="Loading State Management detects any loading state" name="Loading State Management detects any loading state" time="0">
    </testcase>
    <testcase classname="Text Truncation does not truncate short text" name="Text Truncation does not truncate short text" time="0">
    </testcase>
    <testcase classname="Text Truncation truncates long text" name="Text Truncation truncates long text" time="0">
    </testcase>
    <testcase classname="Text Truncation uses custom suffix" name="Text Truncation uses custom suffix" time="0">
    </testcase>
    <testcase classname="Text Truncation truncates by word count" name="Text Truncation truncates by word count" time="0.001">
    </testcase>
    <testcase classname="Text Truncation does not truncate text with few words" name="Text Truncation does not truncate text with few words" time="0">
    </testcase>
    <testcase classname="Date/Time Formatting for Display formats just now" name="Date/Time Formatting for Display formats just now" time="0">
    </testcase>
    <testcase classname="Date/Time Formatting for Display formats minutes ago" name="Date/Time Formatting for Display formats minutes ago" time="0">
    </testcase>
    <testcase classname="Date/Time Formatting for Display formats hours ago" name="Date/Time Formatting for Display formats hours ago" time="0">
    </testcase>
    <testcase classname="Date/Time Formatting for Display formats days ago" name="Date/Time Formatting for Display formats days ago" time="0">
    </testcase>
    <testcase classname="Date/Time Formatting for Display formats weeks ago" name="Date/Time Formatting for Display formats weeks ago" time="0">
    </testcase>
    <testcase classname="Accessibility Helpers generates button accessibility label" name="Accessibility Helpers generates button accessibility label" time="0">
    </testcase>
    <testcase classname="Accessibility Helpers generates link accessibility label" name="Accessibility Helpers generates link accessibility label" time="0">
    </testcase>
    <testcase classname="Accessibility Helpers generates image accessibility label" name="Accessibility Helpers generates image accessibility label" time="0">
    </testcase>
    <testcase classname="Accessibility Helpers returns correct role for components" name="Accessibility Helpers returns correct role for components" time="0">
    </testcase>
  </testsuite>
  <testsuite name="Date Formatting Utilities" errors="0" failures="0" skipped="0" timestamp="2025-12-20T16:42:36" time="0.208" tests="22">
    <testcase classname="Date Formatting Utilities formatDate formats ISO date correctly" name="Date Formatting Utilities formatDate formats ISO date correctly" time="0.035">
    </testcase>
    <testcase classname="Date Formatting Utilities formatDate handles invalid date string" name="Date Formatting Utilities formatDate handles invalid date string" time="0">
    </testcase>
    <testcase classname="Date Formatting Utilities formatDate handles empty string" name="Date Formatting Utilities formatDate handles empty string" time="0">
    </testcase>
    <testcase classname="Date Formatting Utilities formatDate formats date without time" name="Date Formatting Utilities formatDate formats date without time" time="0.001">
    </testcase>
    <testcase classname="Date Formatting Utilities getRelativeTime returns &quot;Just now&quot; for recent times" name="Date Formatting Utilities getRelativeTime returns &quot;Just now&quot; for recent times" time="0">
    </testcase>
    <testcase classname="Date Formatting Utilities getRelativeTime returns minutes ago for times within an hour" name="Date Formatting Utilities getRelativeTime returns minutes ago for times within an hour" time="0">
    </testcase>
    <testcase classname="Date Formatting Utilities getRelativeTime returns hours ago for times within a day" name="Date Formatting Utilities getRelativeTime returns hours ago for times within a day" time="0.001">
    </testcase>
    <testcase classname="Date Formatting Utilities getRelativeTime returns days ago for times within a week" name="Date Formatting Utilities getRelativeTime returns days ago for times within a week" time="0">
    </testcase>
    <testcase classname="Date Formatting Utilities isDeadlinePassed returns true for past deadlines" name="Date Formatting Utilities isDeadlinePassed returns true for past deadlines" time="0">
    </testcase>
    <testcase classname="Date Formatting Utilities isDeadlinePassed returns false for future deadlines" name="Date Formatting Utilities isDeadlinePassed returns false for future deadlines" time="0.001">
    </testcase>
    <testcase classname="Date Formatting Utilities getDeadlineStatus returns &quot;passed&quot; for expired deadlines" name="Date Formatting Utilities getDeadlineStatus returns &quot;passed&quot; for expired deadlines" time="0">
    </testcase>
    <testcase classname="Date Formatting Utilities getDeadlineStatus returns &quot;urgent&quot; for deadlines within 24 hours" name="Date Formatting Utilities getDeadlineStatus returns &quot;urgent&quot; for deadlines within 24 hours" time="0">
    </testcase>
    <testcase classname="Date Formatting Utilities getDeadlineStatus returns &quot;soon&quot; for deadlines within 72 hours" name="Date Formatting Utilities getDeadlineStatus returns &quot;soon&quot; for deadlines within 72 hours" time="0">
    </testcase>
    <testcase classname="Date Formatting Utilities getDeadlineStatus returns &quot;normal&quot; for deadlines more than 72 hours away" name="Date Formatting Utilities getDeadlineStatus returns &quot;normal&quot; for deadlines more than 72 hours away" time="0">
    </testcase>
    <testcase classname="Time Duration Formatting formats seconds" name="Time Duration Formatting formats seconds" time="0">
    </testcase>
    <testcase classname="Time Duration Formatting formats minutes" name="Time Duration Formatting formats minutes" time="0">
    </testcase>
    <testcase classname="Time Duration Formatting formats hours" name="Time Duration Formatting formats hours" time="0">
    </testcase>
    <testcase classname="Time Duration Formatting formats days" name="Time Duration Formatting formats days" time="0">
    </testcase>
    <testcase classname="Date Range Checking returns true for date within range" name="Date Range Checking returns true for date within range" time="0">
    </testcase>
    <testcase classname="Date Range Checking returns false for date before range" name="Date Range Checking returns false for date before range" time="0">
    </testcase>
    <testcase classname="Date Range Checking returns false for date after range" name="Date Range Checking returns false for date after range" time="0">
    </testcase>
    <testcase classname="Date Range Checking returns true for date on range boundary" name="Date Range Checking returns true for date on range boundary" time="0">
    </testcase>
  </testsuite>
  <testsuite name="Address Formatting Utilities" errors="0" failures="0" skipped="0" timestamp="2025-12-20T16:42:36" time="0.071" tests="27">
    <testcase classname="Address Formatting Utilities formatFullAddress formats complete address" name="Address Formatting Utilities formatFullAddress formats complete address" time="0">
    </testcase>
    <testcase classname="Address Formatting Utilities formatFullAddress handles partial address" name="Address Formatting Utilities formatFullAddress handles partial address" time="0.001">
    </testcase>
    <testcase classname="Address Formatting Utilities formatFullAddress returns default for empty address" name="Address Formatting Utilities formatFullAddress returns default for empty address" time="0">
    </testcase>
    <testcase classname="Address Formatting Utilities formatShortAddress returns city and country" name="Address Formatting Utilities formatShortAddress returns city and country" time="0">
    </testcase>
    <testcase classname="Address Formatting Utilities formatShortAddress falls back to state and country" name="Address Formatting Utilities formatShortAddress falls back to state and country" time="0">
    </testcase>
    <testcase classname="Address Formatting Utilities formatShortAddress falls back to country only" name="Address Formatting Utilities formatShortAddress falls back to country only" time="0">
    </testcase>
    <testcase classname="Address Formatting Utilities formatShortAddress returns Unknown for empty" name="Address Formatting Utilities formatShortAddress returns Unknown for empty" time="0">
    </testcase>
    <testcase classname="Address Formatting Utilities parseLocationString parses city, country format" name="Address Formatting Utilities parseLocationString parses city, country format" time="0">
    </testcase>
    <testcase classname="Address Formatting Utilities parseLocationString parses multiple parts" name="Address Formatting Utilities parseLocationString parses multiple parts" time="0">
    </testcase>
    <testcase classname="Address Formatting Utilities parseLocationString handles single value" name="Address Formatting Utilities parseLocationString handles single value" time="0">
    </testcase>
    <testcase classname="Address Formatting Utilities parseLocationString handles empty string" name="Address Formatting Utilities parseLocationString handles empty string" time="0.001">
    </testcase>
    <testcase classname="Distance and Location Utilities calculateDistance calculates short distance correctly" name="Distance and Location Utilities calculateDistance calculates short distance correctly" time="0">
    </testcase>
    <testcase classname="Distance and Location Utilities calculateDistance returns 0 for same location" name="Distance and Location Utilities calculateDistance returns 0 for same location" time="0">
    </testcase>
    <testcase classname="Distance and Location Utilities calculateDistance calculates long distance correctly" name="Distance and Location Utilities calculateDistance calculates long distance correctly" time="0">
    </testcase>
    <testcase classname="Distance and Location Utilities formatDistance formats meters for short distances" name="Distance and Location Utilities formatDistance formats meters for short distances" time="0">
    </testcase>
    <testcase classname="Distance and Location Utilities formatDistance formats with decimal for medium distances" name="Distance and Location Utilities formatDistance formats with decimal for medium distances" time="0">
    </testcase>
    <testcase classname="Distance and Location Utilities formatDistance rounds for long distances" name="Distance and Location Utilities formatDistance rounds for long distances" time="0">
    </testcase>
    <testcase classname="Distance and Location Utilities isWithinRadius returns true for point within radius" name="Distance and Location Utilities isWithinRadius returns true for point within radius" time="0">
    </testcase>
    <testcase classname="Distance and Location Utilities isWithinRadius returns false for point outside radius" name="Distance and Location Utilities isWithinRadius returns false for point outside radius" time="0">
    </testcase>
    <testcase classname="Distance and Location Utilities isWithinRadius returns true for same point" name="Distance and Location Utilities isWithinRadius returns true for same point" time="0">
    </testcase>
    <testcase classname="Coordinate Validation isValidCoordinate accepts valid coordinates" name="Coordinate Validation isValidCoordinate accepts valid coordinates" time="0">
    </testcase>
    <testcase classname="Coordinate Validation isValidCoordinate accepts boundary values" name="Coordinate Validation isValidCoordinate accepts boundary values" time="0">
    </testcase>
    <testcase classname="Coordinate Validation isValidCoordinate rejects invalid latitude" name="Coordinate Validation isValidCoordinate rejects invalid latitude" time="0">
    </testcase>
    <testcase classname="Coordinate Validation isValidCoordinate rejects invalid longitude" name="Coordinate Validation isValidCoordinate rejects invalid longitude" time="0">
    </testcase>
    <testcase classname="Coordinate Validation formatCoordinates formats positive coordinates" name="Coordinate Validation formatCoordinates formats positive coordinates" time="0">
    </testcase>
    <testcase classname="Coordinate Validation formatCoordinates formats negative coordinates" name="Coordinate Validation formatCoordinates formats negative coordinates" time="0">
    </testcase>
    <testcase classname="Coordinate Validation formatCoordinates formats zero coordinates" name="Coordinate Validation formatCoordinates formats zero coordinates" time="0">
    </testcase>
  </testsuite>
  <testsuite name="Search Query Processing" errors="0" failures="0" skipped="0" timestamp="2025-12-20T16:42:36" time="0.136" tests="26">
    <testcase classname="Search Query Processing normalizeSearchQuery trims whitespace" name="Search Query Processing normalizeSearchQuery trims whitespace" time="0.001">
    </testcase>
    <testcase classname="Search Query Processing normalizeSearchQuery lowercases query" name="Search Query Processing normalizeSearchQuery lowercases query" time="0">
    </testcase>
    <testcase classname="Search Query Processing normalizeSearchQuery removes extra spaces" name="Search Query Processing normalizeSearchQuery removes extra spaces" time="0">
    </testcase>
    <testcase classname="Search Query Processing normalizeSearchQuery removes special characters" name="Search Query Processing normalizeSearchQuery removes special characters" time="0">
    </testcase>
    <testcase classname="Search Query Processing normalizeSearchQuery keeps hyphens" name="Search Query Processing normalizeSearchQuery keeps hyphens" time="0">
    </testcase>
    <testcase classname="Search Query Processing tokenizeQuery splits query into tokens" name="Search Query Processing tokenizeQuery splits query into tokens" time="0">
    </testcase>
    <testcase classname="Search Query Processing tokenizeQuery filters out short tokens" name="Search Query Processing tokenizeQuery filters out short tokens" time="0">
    </testcase>
    <testcase classname="Search Query Processing tokenizeQuery handles empty query" name="Search Query Processing tokenizeQuery handles empty query" time="0">
    </testcase>
    <testcase classname="Search Query Processing tokenizeQuery handles single word" name="Search Query Processing tokenizeQuery handles single word" time="0.001">
    </testcase>
    <testcase classname="Search Query Processing matchesSearchQuery matches title" name="Search Query Processing matchesSearchQuery matches title" time="0">
    </testcase>
    <testcase classname="Search Query Processing matchesSearchQuery matches description" name="Search Query Processing matchesSearchQuery matches description" time="0">
    </testcase>
    <testcase classname="Search Query Processing matchesSearchQuery returns false for no match" name="Search Query Processing matchesSearchQuery returns false for no match" time="0">
    </testcase>
    <testcase classname="Search Query Processing matchesSearchQuery case insensitive" name="Search Query Processing matchesSearchQuery case insensitive" time="0">
    </testcase>
    <testcase classname="Search Query Processing rankSearchResults ranks title matches higher" name="Search Query Processing rankSearchResults ranks title matches higher" time="0">
    </testcase>
    <testcase classname="Search Query Processing rankSearchResults ranks title-start matches highest" name="Search Query Processing rankSearchResults ranks title-start matches highest" time="0">
    </testcase>
    <testcase classname="Result Filtering filterByMultipleCriteria filters by single criterion" name="Result Filtering filterByMultipleCriteria filters by single criterion" time="0">
    </testcase>
    <testcase classname="Result Filtering filterByMultipleCriteria filters by multiple criteria" name="Result Filtering filterByMultipleCriteria filters by multiple criteria" time="0">
    </testcase>
    <testcase classname="Result Filtering filterByMultipleCriteria returns all when no filters" name="Result Filtering filterByMultipleCriteria returns all when no filters" time="0">
    </testcase>
    <testcase classname="Result Filtering filterByMultipleCriteria returns empty for no matches" name="Result Filtering filterByMultipleCriteria returns empty for no matches" time="0.001">
    </testcase>
    <testcase classname="Result Filtering filterByDateRange filters by start date" name="Result Filtering filterByDateRange filters by start date" time="0">
    </testcase>
    <testcase classname="Result Filtering filterByDateRange filters by end date" name="Result Filtering filterByDateRange filters by end date" time="0">
    </testcase>
    <testcase classname="Result Filtering filterByDateRange filters by date range" name="Result Filtering filterByDateRange filters by date range" time="0">
    </testcase>
    <testcase classname="Sorting Utilities sortByField sorts ascending by id" name="Sorting Utilities sortByField sorts ascending by id" time="0">
    </testcase>
    <testcase classname="Sorting Utilities sortByField sorts descending by id" name="Sorting Utilities sortByField sorts descending by id" time="0">
    </testcase>
    <testcase classname="Sorting Utilities sortByField sorts by string field" name="Sorting Utilities sortByField sorts by string field" time="0">
    </testcase>
    <testcase classname="Sorting Utilities sortByMultipleFields sorts by multiple fields" name="Sorting Utilities sortByMultipleFields sorts by multiple fields" time="0">
    </testcase>
  </testsuite>
  <testsuite name="Component Props Processing" errors="0" failures="0" skipped="0" timestamp="2025-12-20T16:42:36" time="0.221" tests="39">
    <testcase classname="Component Props Processing RequestCard Props processes complete props" name="Component Props Processing RequestCard Props processes complete props" time="0.001">
    </testcase>
    <testcase classname="Component Props Processing RequestCard Props provides defaults for missing props" name="Component Props Processing RequestCard Props provides defaults for missing props" time="0">
    </testcase>
    <testcase classname="Component Props Processing RequestCard Props trims whitespace from title" name="Component Props Processing RequestCard Props trims whitespace from title" time="0">
    </testcase>
    <testcase classname="Component Props Processing RequestCard Props handles empty title" name="Component Props Processing RequestCard Props handles empty title" time="0">
    </testcase>
    <testcase classname="Component Props Processing CategoryCard Props processes complete props" name="Component Props Processing CategoryCard Props processes complete props" time="0.001">
    </testcase>
    <testcase classname="Component Props Processing CategoryCard Props provides defaults" name="Component Props Processing CategoryCard Props provides defaults" time="0">
    </testcase>
    <testcase classname="Component Props Processing CategoryCard Props handles zero task count" name="Component Props Processing CategoryCard Props handles zero task count" time="0">
    </testcase>
    <testcase classname="Component Props Processing Badge Props returns correct colors for success type" name="Component Props Processing Badge Props returns correct colors for success type" time="0">
    </testcase>
    <testcase classname="Component Props Processing Badge Props returns correct colors for error type" name="Component Props Processing Badge Props returns correct colors for error type" time="0">
    </testcase>
    <testcase classname="Component Props Processing Badge Props returns default colors for unknown type" name="Component Props Processing Badge Props returns default colors for unknown type" time="0">
    </testcase>
    <testcase classname="Component Props Processing Badge Props shows count when positive" name="Component Props Processing Badge Props shows count when positive" time="0">
    </testcase>
    <testcase classname="Component Props Processing Badge Props caps count at 99+" name="Component Props Processing Badge Props caps count at 99+" time="0">
    </testcase>
    <testcase classname="Component Props Processing Badge Props hides count when zero" name="Component Props Processing Badge Props hides count when zero" time="0">
    </testcase>
    <testcase classname="Theme and Style Utilities getLabelColors returns high urgency background" name="Theme and Style Utilities getLabelColors returns high urgency background" time="0.001">
    </testcase>
    <testcase classname="Theme and Style Utilities getLabelColors returns medium urgency text" name="Theme and Style Utilities getLabelColors returns medium urgency text" time="0">
    </testcase>
    <testcase classname="Theme and Style Utilities getLabelColors returns low urgency border" name="Theme and Style Utilities getLabelColors returns low urgency border" time="0">
    </testcase>
    <testcase classname="Theme and Style Utilities getLabelColors returns past status colors" name="Theme and Style Utilities getLabelColors returns past status colors" time="0">
    </testcase>
    <testcase classname="Theme and Style Utilities getLabelColors returns default for unknown type" name="Theme and Style Utilities getLabelColors returns default for unknown type" time="0">
    </testcase>
    <testcase classname="Theme and Style Utilities getLabelColors handles case insensitivity" name="Theme and Style Utilities getLabelColors handles case insensitivity" time="0">
    </testcase>
    <testcase classname="Theme and Style Utilities calculateResponsiveDimensions calculates for iPhone SE" name="Theme and Style Utilities calculateResponsiveDimensions calculates for iPhone SE" time="0">
    </testcase>
    <testcase classname="Theme and Style Utilities calculateResponsiveDimensions calculates for larger screen" name="Theme and Style Utilities calculateResponsiveDimensions calculates for larger screen" time="0">
    </testcase>
    <testcase classname="Theme and Style Utilities calculateResponsiveDimensions detects landscape mode" name="Theme and Style Utilities calculateResponsiveDimensions detects landscape mode" time="0">
    </testcase>
    <testcase classname="Theme and Style Utilities calculateResponsiveDimensions scales font sizes" name="Theme and Style Utilities calculateResponsiveDimensions scales font sizes" time="0">
    </testcase>
    <testcase classname="List and Data Display Utilities formatListData groups items by key" name="List and Data Display Utilities formatListData groups items by key" time="0.001">
    </testcase>
    <testcase classname="List and Data Display Utilities formatListData adds separators" name="List and Data Display Utilities formatListData adds separators" time="0">
    </testcase>
    <testcase classname="List and Data Display Utilities formatListData returns items unchanged with no options" name="List and Data Display Utilities formatListData returns items unchanged with no options" time="0">
    </testcase>
    <testcase classname="List and Data Display Utilities getEmptyStateMessage returns loading state" name="List and Data Display Utilities getEmptyStateMessage returns loading state" time="0">
    </testcase>
    <testcase classname="List and Data Display Utilities getEmptyStateMessage returns error state" name="List and Data Display Utilities getEmptyStateMessage returns error state" time="0">
    </testcase>
    <testcase classname="List and Data Display Utilities getEmptyStateMessage returns tasks empty state" name="List and Data Display Utilities getEmptyStateMessage returns tasks empty state" time="0">
    </testcase>
    <testcase classname="List and Data Display Utilities getEmptyStateMessage returns notifications empty state" name="List and Data Display Utilities getEmptyStateMessage returns notifications empty state" time="0">
    </testcase>
    <testcase classname="Interactive Element Utilities getButtonState returns loading state" name="Interactive Element Utilities getButtonState returns loading state" time="0">
    </testcase>
    <testcase classname="Interactive Element Utilities getButtonState returns disabled state" name="Interactive Element Utilities getButtonState returns disabled state" time="0">
    </testcase>
    <testcase classname="Interactive Element Utilities getButtonState returns pressed state" name="Interactive Element Utilities getButtonState returns pressed state" time="0">
    </testcase>
    <testcase classname="Interactive Element Utilities getButtonState returns default state" name="Interactive Element Utilities getButtonState returns default state" time="0.001">
    </testcase>
    <testcase classname="Interactive Element Utilities validateFormField validates required field" name="Interactive Element Utilities validateFormField validates required field" time="0">
    </testcase>
    <testcase classname="Interactive Element Utilities validateFormField validates min length" name="Interactive Element Utilities validateFormField validates min length" time="0">
    </testcase>
    <testcase classname="Interactive Element Utilities validateFormField validates max length" name="Interactive Element Utilities validateFormField validates max length" time="0">
    </testcase>
    <testcase classname="Interactive Element Utilities validateFormField validates pattern" name="Interactive Element Utilities validateFormField validates pattern" time="0">
    </testcase>
    <testcase classname="Interactive Element Utilities validateFormField returns valid for no rules" name="Interactive Element Utilities validateFormField returns valid for no rules" time="0">
    </testcase>
  </testsuite>
  <testsuite name="Pagination Utilities" errors="0" failures="0" skipped="0" timestamp="2025-12-20T16:42:36" time="0.195" tests="29">
    <testcase classname="Pagination Utilities calculatePaginationInfo calculates for first page" name="Pagination Utilities calculatePaginationInfo calculates for first page" time="0">
    </testcase>
    <testcase classname="Pagination Utilities calculatePaginationInfo calculates for middle page" name="Pagination Utilities calculatePaginationInfo calculates for middle page" time="0">
    </testcase>
    <testcase classname="Pagination Utilities calculatePaginationInfo calculates for last page" name="Pagination Utilities calculatePaginationInfo calculates for last page" time="0.001">
    </testcase>
    <testcase classname="Pagination Utilities calculatePaginationInfo handles partial last page" name="Pagination Utilities calculatePaginationInfo handles partial last page" time="0">
    </testcase>
    <testcase classname="Pagination Utilities calculatePaginationInfo handles empty list" name="Pagination Utilities calculatePaginationInfo handles empty list" time="0">
    </testcase>
    <testcase classname="Pagination Utilities getPageNumbers returns all pages when total is less than max" name="Pagination Utilities getPageNumbers returns all pages when total is less than max" time="0">
    </testcase>
    <testcase classname="Pagination Utilities getPageNumbers shows pages around current page" name="Pagination Utilities getPageNumbers shows pages around current page" time="0">
    </testcase>
    <testcase classname="Pagination Utilities getPageNumbers handles first page" name="Pagination Utilities getPageNumbers handles first page" time="0">
    </testcase>
    <testcase classname="Pagination Utilities getPageNumbers handles last page" name="Pagination Utilities getPageNumbers handles last page" time="0">
    </testcase>
    <testcase classname="Pagination Utilities sliceForPage returns first page" name="Pagination Utilities sliceForPage returns first page" time="0.001">
    </testcase>
    <testcase classname="Pagination Utilities sliceForPage returns middle page" name="Pagination Utilities sliceForPage returns middle page" time="0">
    </testcase>
    <testcase classname="Pagination Utilities sliceForPage returns partial last page" name="Pagination Utilities sliceForPage returns partial last page" time="0">
    </testcase>
    <testcase classname="Pagination Utilities sliceForPage returns empty for out of range" name="Pagination Utilities sliceForPage returns empty for out of range" time="0">
    </testcase>
    <testcase classname="Infinite Scroll Utilities shouldLoadMore returns true when near bottom" name="Infinite Scroll Utilities shouldLoadMore returns true when near bottom" time="0">
    </testcase>
    <testcase classname="Infinite Scroll Utilities shouldLoadMore returns false when at top" name="Infinite Scroll Utilities shouldLoadMore returns false when at top" time="0">
    </testcase>
    <testcase classname="Infinite Scroll Utilities shouldLoadMore returns true at threshold" name="Infinite Scroll Utilities shouldLoadMore returns true at threshold" time="0">
    </testcase>
    <testcase classname="Infinite Scroll Utilities shouldLoadMore returns false when no content" name="Infinite Scroll Utilities shouldLoadMore returns false when no content" time="0">
    </testcase>
    <testcase classname="Infinite Scroll Utilities mergePagedResults merges without duplicates" name="Infinite Scroll Utilities mergePagedResults merges without duplicates" time="0.01">
    </testcase>
    <testcase classname="Infinite Scroll Utilities mergePagedResults handles empty existing" name="Infinite Scroll Utilities mergePagedResults handles empty existing" time="0">
    </testcase>
    <testcase classname="Infinite Scroll Utilities mergePagedResults handles empty new items" name="Infinite Scroll Utilities mergePagedResults handles empty new items" time="0">
    </testcase>
    <testcase classname="Infinite Scroll Utilities resetToFirstPage resets pagination state" name="Infinite Scroll Utilities resetToFirstPage resets pagination state" time="0.001">
    </testcase>
    <testcase classname="Cursor-Based Pagination extractCursor extracts cursor from full URL" name="Cursor-Based Pagination extractCursor extracts cursor from full URL" time="0.014">
    </testcase>
    <testcase classname="Cursor-Based Pagination extractCursor extracts cursor from relative URL" name="Cursor-Based Pagination extractCursor extracts cursor from relative URL" time="0">
    </testcase>
    <testcase classname="Cursor-Based Pagination extractCursor returns null when no cursor" name="Cursor-Based Pagination extractCursor returns null when no cursor" time="0">
    </testcase>
    <testcase classname="Cursor-Based Pagination extractCursor returns null for null URL" name="Cursor-Based Pagination extractCursor returns null for null URL" time="0.001">
    </testcase>
    <testcase classname="Cursor-Based Pagination buildPaginatedUrl builds URL with page" name="Cursor-Based Pagination buildPaginatedUrl builds URL with page" time="0">
    </testcase>
    <testcase classname="Cursor-Based Pagination buildPaginatedUrl builds URL with cursor" name="Cursor-Based Pagination buildPaginatedUrl builds URL with cursor" time="0">
    </testcase>
    <testcase classname="Cursor-Based Pagination buildPaginatedUrl builds URL without params" name="Cursor-Based Pagination buildPaginatedUrl builds URL without params" time="0">
    </testcase>
    <testcase classname="Cursor-Based Pagination buildPaginatedUrl cursor takes precedence over page" name="Cursor-Based Pagination buildPaginatedUrl cursor takes precedence over page" time="0">
    </testcase>
  </testsuite>
  <testsuite name="Button State Logic" errors="0" failures="0" skipped="0" timestamp="2025-12-20T16:42:36" time="0.156" tests="40">
    <testcase classname="Button State Logic Disabled State disabled when loading" name="Button State Logic Disabled State disabled when loading" time="0.003">
    </testcase>
    <testcase classname="Button State Logic Disabled State disabled when explicitly disabled" name="Button State Logic Disabled State disabled when explicitly disabled" time="0">
    </testcase>
    <testcase classname="Button State Logic Disabled State disabled when form is invalid" name="Button State Logic Disabled State disabled when form is invalid" time="0">
    </testcase>
    <testcase classname="Button State Logic Disabled State enabled by default" name="Button State Logic Disabled State enabled by default" time="0">
    </testcase>
    <testcase classname="Button State Logic Disabled State enabled when form is valid" name="Button State Logic Disabled State enabled when form is valid" time="0">
    </testcase>
    <testcase classname="Button State Logic Disabled State loading takes precedence over valid form" name="Button State Logic Disabled State loading takes precedence over valid form" time="0.001">
    </testcase>
    <testcase classname="Button State Logic Button Variants returns correct primary styles" name="Button State Logic Button Variants returns correct primary styles" time="0">
    </testcase>
    <testcase classname="Button State Logic Button Variants returns correct danger styles" name="Button State Logic Button Variants returns correct danger styles" time="0">
    </testcase>
    <testcase classname="Button State Logic Button Variants returns correct ghost styles" name="Button State Logic Button Variants returns correct ghost styles" time="0">
    </testcase>
    <testcase classname="Input Handling Input Validation on Change validates email with @ symbol" name="Input Handling Input Validation on Change validates email with @ symbol" time="0">
    </testcase>
    <testcase classname="Input Handling Input Validation on Change validates phone with only numbers" name="Input Handling Input Validation on Change validates phone with only numbers" time="0.001">
    </testcase>
    <testcase classname="Input Handling Input Validation on Change text validation always passes" name="Input Handling Input Validation on Change text validation always passes" time="0">
    </testcase>
    <testcase classname="Input Handling Input Validation on Change empty values are valid" name="Input Handling Input Validation on Change empty values are valid" time="0">
    </testcase>
    <testcase classname="Input Handling Input Character Limits enforces max length" name="Input Handling Input Character Limits enforces max length" time="0">
    </testcase>
    <testcase classname="Input Handling Input Character Limits does not modify short strings" name="Input Handling Input Character Limits does not modify short strings" time="0.001">
    </testcase>
    <testcase classname="Input Handling Input Character Limits calculates remaining characters" name="Input Handling Input Character Limits calculates remaining characters" time="0">
    </testcase>
    <testcase classname="Input Handling Input Focus State focus updates state correctly" name="Input Handling Input Focus State focus updates state correctly" time="0">
    </testcase>
    <testcase classname="Input Handling Input Focus State blur updates state correctly" name="Input Handling Input Focus State blur updates state correctly" time="0.001">
    </testcase>
    <testcase classname="Input Handling Input Focus State shows error only after blur" name="Input Handling Input Focus State shows error only after blur" time="0.005">
    </testcase>
    <testcase classname="Modal Logic Modal Visibility opens modal with type and data" name="Modal Logic Modal Visibility opens modal with type and data" time="0">
    </testcase>
    <testcase classname="Modal Logic Modal Visibility opens modal without data" name="Modal Logic Modal Visibility opens modal without data" time="0">
    </testcase>
    <testcase classname="Modal Logic Modal Visibility closes modal and clears data" name="Modal Logic Modal Visibility closes modal and clears data" time="0">
    </testcase>
    <testcase classname="Modal Logic Confirmation Modal returns danger style for destructive actions" name="Modal Logic Confirmation Modal returns danger style for destructive actions" time="0">
    </testcase>
    <testcase classname="Modal Logic Confirmation Modal returns primary style for normal actions" name="Modal Logic Confirmation Modal returns primary style for normal actions" time="0">
    </testcase>
    <testcase classname="Modal Logic Confirmation Modal returns Delete text for destructive actions" name="Modal Logic Confirmation Modal returns Delete text for destructive actions" time="0">
    </testcase>
    <testcase classname="Modal Logic Confirmation Modal returns Confirm text for normal actions" name="Modal Logic Confirmation Modal returns Confirm text for normal actions" time="0">
    </testcase>
    <testcase classname="Badge and Counter Display formats count within limit" name="Badge and Counter Display formats count within limit" time="0">
    </testcase>
    <testcase classname="Badge and Counter Display formats count above limit with plus" name="Badge and Counter Display formats count above limit with plus" time="0">
    </testcase>
    <testcase classname="Badge and Counter Display returns empty for zero or negative" name="Badge and Counter Display returns empty for zero or negative" time="0">
    </testcase>
    <testcase classname="Badge and Counter Display respects custom max" name="Badge and Counter Display respects custom max" time="0.001">
    </testcase>
    <testcase classname="Badge and Counter Display shows badge for positive count" name="Badge and Counter Display shows badge for positive count" time="0">
    </testcase>
    <testcase classname="Avatar and Image Display returns image URL when valid" name="Avatar and Image Display returns image URL when valid" time="0">
    </testcase>
    <testcase classname="Avatar and Image Display returns fallback when URL is null" name="Avatar and Image Display returns fallback when URL is null" time="0.001">
    </testcase>
    <testcase classname="Avatar and Image Display returns fallback when URL is invalid" name="Avatar and Image Display returns fallback when URL is invalid" time="0">
    </testcase>
    <testcase classname="Avatar and Image Display calculates scaled dimensions maintaining aspect ratio" name="Avatar and Image Display calculates scaled dimensions maintaining aspect ratio" time="0">
    </testcase>
    <testcase classname="Avatar and Image Display respects max height constraint" name="Avatar and Image Display respects max height constraint" time="0">
    </testcase>
    <testcase classname="Toast/Snackbar Display creates toast with correct properties" name="Toast/Snackbar Display creates toast with correct properties" time="0">
    </testcase>
    <testcase classname="Toast/Snackbar Display allows custom duration" name="Toast/Snackbar Display allows custom duration" time="0">
    </testcase>
[...]
      <failure>Error: &apos;container&apos; property has been renamed to &apos;UNSAFE_root&apos;.

Consider using &apos;root&apos; property which returns root host element.
    at Object.get (/Users/alperen/Downloads/mobil/bounswe2025group8/app/mobile/node_modules/@testing-library/react-native/src/render.tsx:150:13)
    at Object.container (/Users/alperen/Downloads/mobil/bounswe2025group8/app/mobile/__tests__/component-integration.test.tsx:223:17)
    at Promise.then.completed (/Users/alperen/Downloads/mobil/bounswe2025group8/app/mobile/node_modules/jest-config/node_modules/jest-circus/build/utils.js:298:28)
    at new Promise (&lt;anonymous&gt;)
    at callAsyncCircusFn (/Users/alperen/Downloads/mobil/bounswe2025group8/app/mobile/node_modules/jest-config/node_modules/jest-circus/build/utils.js:231:10)
    at _callCircusTest (/Users/alperen/Downloads/mobil/bounswe2025group8/app/mobile/node_modules/jest-config/node_modules/jest-circus/build/run.js:316:40)
    at _runTest (/Users/alperen/Downloads/mobil/bounswe2025group8/app/mobile/node_modules/jest-config/node_modules/jest-circus/build/run.js:252:3)
    at _runTestsForDescribeBlock (/Users/alperen/Downloads/mobil/bounswe2025group8/app/mobile/node_modules/jest-config/node_modules/jest-circus/build/run.js:126:9)
    at _runTestsForDescribeBlock (/Users/alperen/Downloads/mobil/bounswe2025group8/app/mobile/node_modules/jest-config/node_modules/jest-circus/build/run.js:121:9)
    at run (/Users/alperen/Downloads/mobil/bounswe2025group8/app/mobile/node_modules/jest-config/node_modules/jest-circus/build/run.js:71:3)
    at runAndTransformResultsToJestFormat (/Users/alperen/Downloads/mobil/bounswe2025group8/app/mobile/node_modules/jest-config/node_modules/jest-circus/build/legacy-code-todo-rewrite/jestAdapterInit.js:122:21)
    at jestAdapter (/Users/alperen/Downloads/mobil/bounswe2025group8/app/mobile/node_modules/jest-config/node_modules/jest-circus/build/legacy-code-todo-rewrite/jestAdapter.js:79:19)
    at runTestInternal (/Users/alperen/Downloads/mobil/bounswe2025group8/app/mobile/node_modules/jest-runner/build/runTest.js:367:16)
    at runTest (/Users/alperen/Downloads/mobil/bounswe2025group8/app/mobile/node_modules/jest-runner/build/runTest.js:444:34)
    at Object.worker (/Users/alperen/Downloads/mobil/bounswe2025group8/app/mobile/node_modules/jest-runner/build/testWorker.js:106:12)</failure>
    </testcase>
    <testcase classname="Theme Color Application CategoryCard applies theme colors" name="Theme Color Application CategoryCard applies theme colors" time="0.001">
      <failure>Error: &apos;container&apos; property has been renamed to &apos;UNSAFE_root&apos;.

Consider using &apos;root&apos; property which returns root host element.
    at Object.get (/Users/alperen/Downloads/mobil/bounswe2025group8/app/mobile/node_modules/@testing-library/react-native/src/render.tsx:150:13)
    at Object.container (/Users/alperen/Downloads/mobil/bounswe2025group8/app/mobile/__tests__/component-integration.test.tsx:228:17)
    at Promise.then.completed (/Users/alperen/Downloads/mobil/bounswe2025group8/app/mobile/node_modules/jest-config/node_modules/jest-circus/build/utils.js:298:28)
    at new Promise (&lt;anonymous&gt;)
    at callAsyncCircusFn (/Users/alperen/Downloads/mobil/bounswe2025group8/app/mobile/node_modules/jest-config/node_modules/jest-circus/build/utils.js:231:10)
    at _callCircusTest (/Users/alperen/Downloads/mobil/bounswe2025group8/app/mobile/node_modules/jest-config/node_modules/jest-circus/build/run.js:316:40)
    at _runTest (/Users/alperen/Downloads/mobil/bounswe2025group8/app/mobile/node_modules/jest-config/node_modules/jest-circus/build/run.js:252:3)
    at _runTestsForDescribeBlock (/Users/alperen/Downloads/mobil/bounswe2025group8/app/mobile/node_modules/jest-config/node_modules/jest-circus/build/run.js:126:9)
    at _runTestsForDescribeBlock (/Users/alperen/Downloads/mobil/bounswe2025group8/app/mobile/node_modules/jest-config/node_modules/jest-circus/build/run.js:121:9)
    at run (/Users/alperen/Downloads/mobil/bounswe2025group8/app/mobile/node_modules/jest-config/node_modules/jest-circus/build/run.js:71:3)
    at runAndTransformResultsToJestFormat (/Users/alperen/Downloads/mobil/bounswe2025group8/app/mobile/node_modules/jest-config/node_modules/jest-circus/build/legacy-code-todo-rewrite/jestAdapterInit.js:122:21)
    at jestAdapter (/Users/alperen/Downloads/mobil/bounswe2025group8/app/mobile/node_modules/jest-config/node_modules/jest-circus/build/legacy-code-todo-rewrite/jestAdapter.js:79:19)
    at runTestInternal (/Users/alperen/Downloads/mobil/bounswe2025group8/app/mobile/node_modules/jest-runner/build/runTest.js:367:16)
    at runTest (/Users/alperen/Downloads/mobil/bounswe2025group8/app/mobile/node_modules/jest-runner/build/runTest.js:444:34)
    at Object.worker (/Users/alperen/Downloads/mobil/bounswe2025group8/app/mobile/node_modules/jest-runner/build/testWorker.js:106:12)</failure>
    </testcase>
    <testcase classname="Theme Color Application RatingPill applies theme colors" name="Theme Color Application RatingPill applies theme colors" time="0.001">
      <failure>Error: &apos;container&apos; property has been renamed to &apos;UNSAFE_root&apos;.

Consider using &apos;root&apos; property which returns root host element.
    at Object.get (/Users/alperen/Downloads/mobil/bounswe2025group8/app/mobile/node_modules/@testing-library/react-native/src/render.tsx:150:13)
    at Object.container (/Users/alperen/Downloads/mobil/bounswe2025group8/app/mobile/__tests__/component-integration.test.tsx:235:17)
    at Promise.then.completed (/Users/alperen/Downloads/mobil/bounswe2025group8/app/mobile/node_modules/jest-config/node_modules/jest-circus/build/utils.js:298:28)
    at new Promise (&lt;anonymous&gt;)
    at callAsyncCircusFn (/Users/alperen/Downloads/mobil/bounswe2025group8/app/mobile/node_modules/jest-config/node_modules/jest-circus/build/utils.js:231:10)
    at _callCircusTest (/Users/alperen/Downloads/mobil/bounswe2025group8/app/mobile/node_modules/jest-config/node_modules/jest-circus/build/run.js:316:40)
    at _runTest (/Users/alperen/Downloads/mobil/bounswe2025group8/app/mobile/node_modules/jest-config/node_modules/jest-circus/build/run.js:252:3)
    at _runTestsForDescribeBlock (/Users/alperen/Downloads/mobil/bounswe2025group8/app/mobile/node_modules/jest-config/node_modules/jest-circus/build/run.js:126:9)
    at _runTestsForDescribeBlock (/Users/alperen/Downloads/mobil/bounswe2025group8/app/mobile/node_modules/jest-config/node_modules/jest-circus/build/run.js:121:9)
    at run (/Users/alperen/Downloads/mobil/bounswe2025group8/app/mobile/node_modules/jest-config/node_modules/jest-circus/build/run.js:71:3)
    at runAndTransformResultsToJestFormat (/Users/alperen/Downloads/mobil/bounswe2025group8/app/mobile/node_modules/jest-config/node_modules/jest-circus/build/legacy-code-todo-rewrite/jestAdapterInit.js:122:21)
    at jestAdapter (/Users/alperen/Downloads/mobil/bounswe2025group8/app/mobile/node_modules/jest-config/node_modules/jest-circus/build/legacy-code-todo-rewrite/jestAdapter.js:79:19)
    at runTestInternal (/Users/alperen/Downloads/mobil/bounswe2025group8/app/mobile/node_modules/jest-runner/build/runTest.js:367:16)
    at runTest (/Users/alperen/Downloads/mobil/bounswe2025group8/app/mobile/node_modules/jest-runner/build/runTest.js:444:34)
    at Object.worker (/Users/alperen/Downloads/mobil/bounswe2025group8/app/mobile/node_modules/jest-runner/build/testWorker.js:106:12)</failure>
    </testcase>
  </testsuite>
  <testsuite name="RequestDetails" errors="0" failures="0" skipped="0" timestamp="2025-12-20T16:42:33" time="7.291" tests="3">
    <testcase classname="RequestDetails renders task details after loading" name="RequestDetails renders task details after loading" time="0.939">
    </testcase>
    <testcase classname="RequestDetails handles error when task fetch fails" name="RequestDetails handles error when task fetch fails" time="0.052">
    </testcase>
    <testcase classname="RequestDetails allows creator to mark as complete" name="RequestDetails allows creator to mark as complete" time="0.054">
    </testcase>
  </testsuite>
  <testsuite name="SignIn" errors="0" failures="0" skipped="0" timestamp="2025-12-20T16:42:33" time="7.682" tests="4">
    <testcase classname="SignIn renders correctly - shows key UI elements" name="SignIn renders correctly - shows key UI elements" time="0.7">
    </testcase>
    <testcase classname="SignIn shows validation error if fields are empty" name="SignIn shows validation error if fields are empty" time="0.013">
    </testcase>
    <testcase classname="SignIn handles successful login" name="SignIn handles successful login" time="1.007">
    </testcase>
    <testcase classname="SignIn handles login failure" name="SignIn handles login failure" time="0.073">
    </testcase>
  </testsuite>
  <testsuite name="SignUp" errors="0" failures="4" skipped="0" timestamp="2025-12-20T16:42:33" time="8.883" tests="6">
    <testcase classname="SignUp renders correctly - shows key UI elements" name="SignUp renders correctly - shows key UI elements" time="0.741">
    </testcase>
    <testcase classname="SignUp shows error if button pressed with empty fields" name="SignUp shows error if button pressed with empty fields" time="0.029">
      <failure>Error: expect(jest.fn()).toHaveBeenCalled()

Expected number of calls: &gt;= 1
Received number of calls:    0
    at Object.toHaveBeenCalled (/Users/alperen/Downloads/mobil/bounswe2025group8/app/mobile/app/__tests__/signup-test.tsx:85:29)
    at Promise.then.completed (/Users/alperen/Downloads/mobil/bounswe2025group8/app/mobile/node_modules/jest-config/node_modules/jest-circus/build/utils.js:298:28)
    at new Promise (&lt;anonymous&gt;)
    at callAsyncCircusFn (/Users/alperen/Downloads/mobil/bounswe2025group8/app/mobile/node_modules/jest-config/node_modules/jest-circus/build/utils.js:231:10)
    at _callCircusTest (/Users/alperen/Downloads/mobil/bounswe2025group8/app/mobile/node_modules/jest-config/node_modules/jest-circus/build/run.js:316:40)
    at _runTest (/Users/alperen/Downloads/mobil/bounswe2025group8/app/mobile/node_modules/jest-config/node_modules/jest-circus/build/run.js:252:3)
    at _runTestsForDescribeBlock (/Users/alperen/Downloads/mobil/bounswe2025group8/app/mobile/node_modules/jest-config/node_modules/jest-circus/build/run.js:126:9)
    at _runTestsForDescribeBlock (/Users/alperen/Downloads/mobil/bounswe2025group8/app/mobile/node_modules/jest-config/node_modules/jest-circus/build/run.js:121:9)
    at run (/Users/alperen/Downloads/mobil/bounswe2025group8/app/mobile/node_modules/jest-config/node_modules/jest-circus/build/run.js:71:3)
    at runAndTransformResultsToJestFormat (/Users/alperen/Downloads/mobil/bounswe2025group8/app/mobile/node_modules/jest-config/node_modules/jest-circus/build/legacy-code-todo-rewrite/jestAdapterInit.js:122:21)
    at jestAdapter (/Users/alperen/Downloads/mobil/bounswe2025group8/app/mobile/node_modules/jest-config/node_modules/jest-circus/build/legacy-code-todo-rewrite/jestAdapter.js:79:19)
    at runTestInternal (/Users/alperen/Downloads/mobil/bounswe2025group8/app/mobile/node_modules/jest-runner/build/runTest.js:367:16)
    at runTest (/Users/alperen/Downloads/mobil/bounswe2025group8/app/mobile/node_modules/jest-runner/build/runTest.js:444:34)
    at Object.worker (/Users/alperen/Downloads/mobil/bounswe2025group8/app/mobile/node_modules/jest-runner/build/testWorker.js:106:12)</failure>
    </testcase>
    <testcase classname="SignUp button is disabled when terms not agreed" name="SignUp button is disabled when terms not agreed" time="0.063">
    </testcase>
    <testcase classname="SignUp validates password complexity" name="SignUp validates password complexity" time="0.054">
      <failure>Error: expect(jest.fn()).toHaveBeenCalled()

Expected number of calls: &gt;= 1
Received number of calls:    0
    at Object.toHaveBeenCalled (/Users/alperen/Downloads/mobil/bounswe2025group8/app/mobile/app/__tests__/signup-test.tsx:120:29)
    at Promise.then.completed (/Users/alperen/Downloads/mobil/bounswe2025group8/app/mobile/node_modules/jest-config/node_modules/jest-circus/build/utils.js:298:28)
    at new Promise (&lt;anonymous&gt;)
    at callAsyncCircusFn (/Users/alperen/Downloads/mobil/bounswe2025group8/app/mobile/node_modules/jest-config/node_modules/jest-circus/build/utils.js:231:10)
    at _callCircusTest (/Users/alperen/Downloads/mobil/bounswe2025group8/app/mobile/node_modules/jest-config/node_modules/jest-circus/build/run.js:316:40)
    at _runTest (/Users/alperen/Downloads/mobil/bounswe2025group8/app/mobile/node_modules/jest-config/node_modules/jest-circus/build/run.js:252:3)
    at _runTestsForDescribeBlock (/Users/alperen/Downloads/mobil/bounswe2025group8/app/mobile/node_modules/jest-config/node_modules/jest-circus/build/run.js:126:9)
    at _runTestsForDescribeBlock (/Users/alperen/Downloads/mobil/bounswe2025group8/app/mobile/node_modules/jest-config/node_modules/jest-circus/build/run.js:121:9)
    at run (/Users/alperen/Downloads/mobil/bounswe2025group8/app/mobile/node_modules/jest-config/node_modules/jest-circus/build/run.js:71:3)
    at runAndTransformResultsToJestFormat (/Users/alperen/Downloads/mobil/bounswe2025group8/app/mobile/node_modules/jest-config/node_modules/jest-circus/build/legacy-code-todo-rewrite/jestAdapterInit.js:122:21)
    at jestAdapter (/Users/alperen/Downloads/mobil/bounswe2025group8/app/mobile/node_modules/jest-config/node_modules/jest-circus/build/legacy-code-todo-rewrite/jestAdapter.js:79:19)
    at runTestInternal (/Users/alperen/Downloads/mobil/bounswe2025group8/app/mobile/node_modules/jest-runner/build/runTest.js:367:16)
    at runTest (/Users/alperen/Downloads/mobil/bounswe2025group8/app/mobile/node_modules/jest-runner/build/runTest.js:444:34)
    at Object.worker (/Users/alperen/Downloads/mobil/bounswe2025group8/app/mobile/node_modules/jest-runner/build/testWorker.js:106:12)</failure>
    </testcase>
    <testcase classname="SignUp handles successful registration" name="SignUp handles successful registration" time="1.045">
      <failure>Error: expect(jest.fn()).toHaveBeenCalled()

Expected number of calls: &gt;= 1
Received number of calls:    0
    at Object.&lt;anonymous&gt; (/Users/alperen/Downloads/mobil/bounswe2025group8/app/mobile/app/__tests__/signup-test.tsx:140:22)
    at Generator.next (&lt;anonymous&gt;)
    at asyncGeneratorStep (/Users/alperen/Downloads/mobil/bounswe2025group8/app/mobile/node_modules/@babel/runtime/helpers/asyncToGenerator.js:3:17)
    at _next (/Users/alperen/Downloads/mobil/bounswe2025group8/app/mobile/node_modules/@babel/runtime/helpers/asyncToGenerator.js:17:9)
    at /Users/alperen/Downloads/mobil/bounswe2025group8/app/mobile/node_modules/@babel/runtime/helpers/asyncToGenerator.js:22:7
    at new Promise (&lt;anonymous&gt;)
    at Object.&lt;anonymous&gt; (/Users/alperen/Downloads/mobil/bounswe2025group8/app/mobile/node_modules/@babel/runtime/helpers/asyncToGenerator.js:14:12)
    at Promise.then.completed (/Users/alperen/Downloads/mobil/bounswe2025group8/app/mobile/node_modules/jest-config/node_modules/jest-circus/build/utils.js:298:28)
    at new Promise (&lt;anonymous&gt;)
    at callAsyncCircusFn (/Users/alperen/Downloads/mobil/bounswe2025group8/app/mobile/node_modules/jest-config/node_modules/jest-circus/build/utils.js:231:10)
    at _callCircusTest (/Users/alperen/Downloads/mobil/bounswe2025group8/app/mobile/node_modules/jest-config/node_modules/jest-circus/build/run.js:316:40)
    at _runTest (/Users/alperen/Downloads/mobil/bounswe2025group8/app/mobile/node_modules/jest-config/node_modules/jest-circus/build/run.js:252:3)
    at _runTestsForDescribeBlock (/Users/alperen/Downloads/mobil/bounswe2025group8/app/mobile/node_modules/jest-config/node_modules/jest-circus/build/run.js:126:9)
    at _runTestsForDescribeBlock (/Users/alperen/Downloads/mobil/bounswe2025group8/app/mobile/node_modules/jest-config/node_modules/jest-circus/build/run.js:121:9)
    at run (/Users/alperen/Downloads/mobil/bounswe2025group8/app/mobile/node_modules/jest-config/node_modules/jest-circus/build/run.js:71:3)
    at runAndTransformResultsToJestFormat (/Users/alperen/Downloads/mobil/bounswe2025group8/app/mobile/node_modules/jest-config/node_modules/jest-circus/build/legacy-code-todo-rewrite/jestAdapterInit.js:122:21)
    at jestAdapter (/Users/alperen/Downloads/mobil/bounswe2025group8/app/mobile/node_modules/jest-config/node_modules/jest-circus/build/legacy-code-todo-rewrite/jestAdapter.js:79:19)
    at runTestInternal (/Users/alperen/Downloads/mobil/bounswe2025group8/app/mobile/node_modules/jest-runner/build/runTest.js:367:16)
    at runTest (/Users/alperen/Downloads/mobil/bounswe2025group8/app/mobile/node_modules/jest-runner/build/runTest.js:444:34)
    at Object.worker (/Users/alperen/Downloads/mobil/bounswe2025group8/app/mobile/node_modules/jest-runner/build/testWorker.js:106:12)</failure>
    </testcase>
    <testcase classname="SignUp handles registration failure" name="SignUp handles registration failure" time="1.043">
      <failure>Error: expect(jest.fn()).toHaveBeenCalled()

Expected number of calls: &gt;= 1
Received number of calls:    0
    at Object.&lt;anonymous&gt; (/Users/alperen/Downloads/mobil/bounswe2025group8/app/mobile/app/__tests__/signup-test.tsx:165:22)
    at Generator.next (&lt;anonymous&gt;)
    at asyncGeneratorStep (/Users/alperen/Downloads/mobil/bounswe2025group8/app/mobile/node_modules/@babel/runtime/helpers/asyncToGenerator.js:3:17)
    at _next (/Users/alperen/Downloads/mobil/bounswe2025group8/app/mobile/node_modules/@babel/runtime/helpers/asyncToGenerator.js:17:9)
    at /Users/alperen/Downloads/mobil/bounswe2025group8/app/mobile/node_modules/@babel/runtime/helpers/asyncToGenerator.js:22:7
    at new Promise (&lt;anonymous&gt;)
    at Object.&lt;anonymous&gt; (/Users/alperen/Downloads/mobil/bounswe2025group8/app/mobile/node_modules/@babel/runtime/helpers/asyncToGenerator.js:14:12)
    at Promise.then.completed (/Users/alperen/Downloads/mobil/bounswe2025group8/app/mobile/node_modules/jest-config/node_modules/jest-circus/build/utils.js:298:28)
    at new Promise (&lt;anonymous&gt;)
    at callAsyncCircusFn (/Users/alperen/Downloads/mobil/bounswe2025group8/app/mobile/node_modules/jest-config/node_modules/jest-circus/build/utils.js:231:10)
    at _callCircusTest (/Users/alperen/Downloads/mobil/bounswe2025group8/app/mobile/node_modules/jest-config/node_modules/jest-circus/build/run.js:316:40)
    at _runTest (/Users/alperen/Downloads/mobil/bounswe2025group8/app/mobile/node_modules/jest-config/node_modules/jest-circus/build/run.js:252:3)
    at _runTestsForDescribeBlock (/Users/alperen/Downloads/mobil/bounswe2025group8/app/mobile/node_modules/jest-config/node_modules/jest-circus/build/run.js:126:9)
    at _runTestsForDescribeBlock (/Users/alperen/Downloads/mobil/bounswe2025group8/app/mobile/node_modules/jest-config/node_modules/jest-circus/build/run.js:121:9)
    at run (/Users/alperen/Downloads/mobil/bounswe2025group8/app/mobile/node_modules/jest-config/node_modules/jest-circus/build/run.js:71:3)
    at runAndTransformResultsToJestFormat (/Users/alperen/Downloads/mobil/bounswe2025group8/app/mobile/node_modules/jest-config/node_modules/jest-circus/build/legacy-code-todo-rewrite/jestAdapterInit.js:122:21)
    at jestAdapter (/Users/alperen/Downloads/mobil/bounswe2025group8/app/mobile/node_modules/jest-config/node_modules/jest-circus/build/legacy-code-todo-rewrite/jestAdapter.js:79:19)
    at runTestInternal (/Users/alperen/Downloads/mobil/bounswe2025group8/app/mobile/node_modules/jest-runner/build/runTest.js:367:16)
    at runTest (/Users/alperen/Downloads/mobil/bounswe2025group8/app/mobile/node_modules/jest-runner/build/runTest.js:444:34)
    at Object.worker (/Users/alperen/Downloads/mobil/bounswe2025group8/app/mobile/node_modules/jest-runner/build/testWorker.js:106:12)</failure>
    </testcase>
  </testsuite>
</testsuites>