<?xml version="1.0" encoding="UTF-8"?>
<testsuites name="jest tests" tests="999" failures="12" errors="0" time="9.839">
  <testsuite name="API Validation Functions" errors="0" failures="0" skipped="0" timestamp="2025-12-20T16:42:33" time="2.116" tests="61">
    <testcase classname="API Validation Functions Phone Number Validation accepts valid phone with country code" name="API Validation Functions Phone Number Validation accepts valid phone with country code" time="0.002">
    </testcase>
    <testcase classname="API Validation Functions Phone Number Validation accepts valid phone without country code" name="API Validation Functions Phone Number Validation accepts valid phone without country code" time="0">
    </testcase>
    <testcase classname="API Validation Functions Phone Number Validation accepts 10 digit phone" name="API Validation Functions Phone Number Validation accepts 10 digit phone" time="0">
    </testcase>
    <testcase classname="API Validation Functions Phone Number Validation accepts 15 digit phone" name="API Validation Functions Phone Number Validation accepts 15 digit phone" time="0">
    </testcase>
    <testcase classname="API Validation Functions Phone Number Validation rejects phone with letters" name="API Validation Functions Phone Number Validation rejects phone with letters" time="0">
    </testcase>
    <testcase classname="API Validation Functions Phone Number Validation rejects phone with spaces" name="API Validation Functions Phone Number Validation rejects phone with spaces" time="0.001">
    </testcase>
    <testcase classname="API Validation Functions Phone Number Validation rejects phone with dashes" name="API Validation Functions Phone Number Validation rejects phone with dashes" time="0">
    </testcase>
    <testcase classname="API Validation Functions Phone Number Validation rejects too short phone" name="API Validation Functions Phone Number Validation rejects too short phone" time="0">
    </testcase>
    <testcase classname="API Validation Functions Phone Number Validation rejects too long phone" name="API Validation Functions Phone Number Validation rejects too long phone" time="0">
    </testcase>
    <testcase classname="API Validation Functions Phone Number Validation rejects empty string" name="API Validation Functions Phone Number Validation rejects empty string" time="0">
    </testcase>
    <testcase classname="API Validation Functions Password Validation accepts valid strong password" name="API Validation Functions Password Validation accepts valid strong password" time="0.001">
    </testcase>
    <testcase classname="API Validation Functions Password Validation rejects short password" name="API Validation Functions Password Validation rejects short password" time="0">
    </testcase>
    <testcase classname="API Validation Functions Password Validation rejects password without uppercase" name="API Validation Functions Password Validation rejects password without uppercase" time="0">
    </testcase>
    <testcase classname="API Validation Functions Password Validation rejects password without lowercase" name="API Validation Functions Password Validation rejects password without lowercase" time="0">
    </testcase>
    <testcase classname="API Validation Functions Password Validation rejects password without number" name="API Validation Functions Password Validation rejects password without number" time="0">
    </testcase>
    <testcase classname="API Validation Functions Password Validation rejects password without special character" name="API Validation Functions Password Validation rejects password without special character" time="0">
    </testcase>
    <testcase classname="API Validation Functions Password Validation rejects password missing multiple criteria" name="API Validation Functions Password Validation rejects password missing multiple criteria" time="0">
    </testcase>
    <testcase classname="API Validation Functions Password Validation handles empty password" name="API Validation Functions Password Validation handles empty password" time="0.001">
    </testcase>
    <testcase classname="API Validation Functions Email Validation accepts valid email" name="API Validation Functions Email Validation accepts valid email" time="0">
    </testcase>
    <testcase classname="API Validation Functions Email Validation accepts email with subdomain" name="API Validation Functions Email Validation accepts email with subdomain" time="0.001">
    </testcase>
    <testcase classname="API Validation Functions Email Validation accepts email with plus sign" name="API Validation Functions Email Validation accepts email with plus sign" time="0">
    </testcase>
    <testcase classname="API Validation Functions Email Validation rejects email without @" name="API Validation Functions Email Validation rejects email without @" time="0">
    </testcase>
    <testcase classname="API Validation Functions Email Validation rejects email without domain" name="API Validation Functions Email Validation rejects email without domain" time="0">
    </testcase>
    <testcase classname="API Validation Functions Email Validation rejects email without TLD" name="API Validation Functions Email Validation rejects email without TLD" time="0.033">
    </testcase>
    <testcase classname="API Validation Functions Email Validation rejects email with spaces" name="API Validation Functions Email Validation rejects email with spaces" time="0">
    </testcase>
    <testcase classname="API Validation Functions Name Splitting splits first and last name" name="API Validation Functions Name Splitting splits first and last name" time="0">
    </testcase>
    <testcase classname="API Validation Functions Name Splitting handles single name" name="API Validation Functions Name Splitting handles single name" time="0">
    </testcase>
    <testcase classname="API Validation Functions Name Splitting handles multiple names" name="API Validation Functions Name Splitting handles multiple names" time="0">
    </testcase>
    <testcase classname="API Validation Functions Name Splitting handles leading/trailing spaces" name="API Validation Functions Name Splitting handles leading/trailing spaces" time="0">
    </testcase>
    <testcase classname="API Response Normalization Array Response normalizes array to response" name="API Response Normalization Array Response normalizes array to response" time="0.003">
    </testcase>
    <testcase classname="API Response Normalization Array Response handles empty array" name="API Response Normalization Array Response handles empty array" time="0">
    </testcase>
    <testcase classname="API Response Normalization Paginated Response normalizes standard pagination" name="API Response Normalization Paginated Response normalizes standard pagination" time="0">
    </testcase>
    <testcase classname="API Response Normalization Paginated Response handles missing count" name="API Response Normalization Paginated Response handles missing count" time="0">
    </testcase>
    <testcase classname="API Response Normalization Paginated Response handles null next/previous" name="API Response Normalization Paginated Response handles null next/previous" time="0">
    </testcase>
    <testcase classname="API Response Normalization Tasks Property Response normalizes tasks array" name="API Response Normalization Tasks Property Response normalizes tasks array" time="0">
    </testcase>
    <testcase classname="API Response Normalization Tasks Property Response extracts count from pagination" name="API Response Normalization Tasks Property Response extracts count from pagination" time="0">
    </testcase>
    <testcase classname="API Response Normalization Tasks Property Response extracts total_records from pagination" name="API Response Normalization Tasks Property Response extracts total_records from pagination" time="0.001">
    </testcase>
    <testcase classname="API Response Normalization Wrapped Data Response unwraps data property" name="API Response Normalization Wrapped Data Response unwraps data property" time="0">
    </testcase>
    <testcase classname="API Response Normalization Wrapped Data Response handles nested data with results" name="API Response Normalization Wrapped Data Response handles nested data with results" time="0">
    </testcase>
    <testcase classname="API Response Normalization Invalid Input returns empty for null" name="API Response Normalization Invalid Input returns empty for null" time="0">
    </testcase>
    <testcase classname="API Response Normalization Invalid Input returns empty for undefined" name="API Response Normalization Invalid Input returns empty for undefined" time="0">
    </testcase>
    <testcase classname="API Response Normalization Invalid Input returns empty for string" name="API Response Normalization Invalid Input returns empty for string" time="0">
    </testcase>
    <testcase classname="API Response Normalization Invalid Input returns empty for number" name="API Response Normalization Invalid Input returns empty for number" time="0">
    </testcase>
    <testcase classname="API Response Normalization Invalid Input returns empty for object without known keys" name="API Response Normalization Invalid Input returns empty for object without known keys" time="0">
    </testcase>
    <testcase classname="Urgency Level Mapping returns Low for level 1" name="Urgency Level Mapping returns Low for level 1" time="0">
    </testcase>
    <testcase classname="Urgency Level Mapping returns Medium for level 2" name="Urgency Level Mapping returns Medium for level 2" time="0">
    </testcase>
    <testcase classname="Urgency Level Mapping returns High for level 3" name="Urgency Level Mapping returns High for level 3" time="0">
    </testcase>
    <testcase classname="Urgency Level Mapping defaults to Medium for unknown level" name="Urgency Level Mapping defaults to Medium for unknown level" time="0.001">
    </testcase>
    <testcase classname="Urgency Level Mapping returns green for Low urgency" name="Urgency Level Mapping returns green for Low urgency" time="0">
    </testcase>
    <testcase classname="Urgency Level Mapping returns orange for Medium urgency" name="Urgency Level Mapping returns orange for Medium urgency" time="0">
    </testcase>
    <testcase classname="Urgency Level Mapping returns red for High urgency" name="Urgency Level Mapping returns red for High urgency" time="0">
    </testcase>
    <testcase classname="Status Display Mapping displays Open" name="Status Display Mapping displays Open" time="0">
    </testcase>
    <testcase classname="Status Display Mapping displays In Progress" name="Status Display Mapping displays In Progress" time="0">
    </testcase>
    <testcase classname="Status Display Mapping displays Completed" name="Status Display Mapping displays Completed" time="0">
    </testcase>
    <testcase classname="Status Display Mapping handles lowercase" name="Status Display Mapping handles lowercase" time="0">
    </testcase>
    <testcase classname="Status Display Mapping returns original for unknown status" name="Status Display Mapping returns original for unknown status" time="0">
    </testcase>
    <testcase classname="Status Display Mapping handles null/undefined" name="Status Display Mapping handles null/undefined" time="0">
    </testcase>
    <testcase classname="Category Mapping maps all category labels" name="Category Mapping maps all category labels" time="0">
    </testcase>
    <testcase classname="Category Mapping maps all category icons" name="Category Mapping maps all category icons" time="0">
    </testcase>
    <testcase classname="Category Mapping all categories have labels" name="Category Mapping all categories have labels" time="0">
    </testcase>
    <testcase classname="Category Mapping all categories have icons" name="Category Mapping all categories have icons" time="0.001">
    </testcase>
  </testsuite>
  <testsuite name="Task Status Utilities" errors="0" failures="0" skipped="0" timestamp="2025-12-20T16:42:35" time="0.179" tests="30">
    <testcase classname="Task Status Utilities parseTaskStatus parses open status correctly" name="Task Status Utilities parseTaskStatus parses open status correctly" time="0">
    </testcase>
    <testcase classname="Task Status Utilities parseTaskStatus parses pending status correctly" name="Task Status Utilities parseTaskStatus parses pending status correctly" time="0">
    </testcase>
    <testcase classname="Task Status Utilities parseTaskStatus parses in_progress status correctly" name="Task Status Utilities parseTaskStatus parses in_progress status correctly" time="0.001">
    </testcase>
    <testcase classname="Task Status Utilities parseTaskStatus parses completed status correctly" name="Task Status Utilities parseTaskStatus parses completed status correctly" time="0">
    </testcase>
    <testcase classname="Task Status Utilities parseTaskStatus parses cancelled status correctly" name="Task Status Utilities parseTaskStatus parses cancelled status correctly" time="0">
    </testcase>
    <testcase classname="Task Status Utilities parseTaskStatus handles empty/null status" name="Task Status Utilities parseTaskStatus handles empty/null status" time="0">
    </testcase>
    <testcase classname="Task Status Utilities parseTaskStatus handles case insensitivity" name="Task Status Utilities parseTaskStatus handles case insensitivity" time="0">
    </testcase>
    <testcase classname="Task Status Utilities getStatusColor returns green for open status" name="Task Status Utilities getStatusColor returns green for open status" time="0">
    </testcase>
    <testcase classname="Task Status Utilities getStatusColor returns blue for in_progress status" name="Task Status Utilities getStatusColor returns blue for in_progress status" time="0">
    </testcase>
    <testcase classname="Task Status Utilities getStatusColor returns gray for completed status" name="Task Status Utilities getStatusColor returns gray for completed status" time="0">
    </testcase>
    <testcase classname="Task Status Utilities getStatusColor returns red for cancelled status" name="Task Status Utilities getStatusColor returns red for cancelled status" time="0.001">
    </testcase>
    <testcase classname="Task Status Utilities getStatusColor returns default gray for unknown status" name="Task Status Utilities getStatusColor returns default gray for unknown status" time="0">
    </testcase>
    <testcase classname="Task Status Utilities getStatusDisplayText converts open to display text" name="Task Status Utilities getStatusDisplayText converts open to display text" time="0">
    </testcase>
    <testcase classname="Task Status Utilities getStatusDisplayText converts in_progress to readable text" name="Task Status Utilities getStatusDisplayText converts in_progress to readable text" time="0">
    </testcase>
    <testcase classname="Task Status Utilities getStatusDisplayText handles unknown status" name="Task Status Utilities getStatusDisplayText handles unknown status" time="0">
    </testcase>
    <testcase classname="Task Status Utilities canUserModifyTask returns true when user is creator and status is open" name="Task Status Utilities canUserModifyTask returns true when user is creator and status is open" time="0">
    </testcase>
    <testcase classname="Task Status Utilities canUserModifyTask returns false when user is not creator" name="Task Status Utilities canUserModifyTask returns false when user is not creator" time="0">
    </testcase>
    <testcase classname="Task Status Utilities canUserModifyTask returns false when status is completed" name="Task Status Utilities canUserModifyTask returns false when status is completed" time="0">
    </testcase>
    <testcase classname="Task Status Utilities filterTasksByStatus filters tasks by open status" name="Task Status Utilities filterTasksByStatus filters tasks by open status" time="0.001">
    </testcase>
    <testcase classname="Task Status Utilities filterTasksByStatus filters tasks by completed status" name="Task Status Utilities filterTasksByStatus filters tasks by completed status" time="0">
    </testcase>
    <testcase classname="Task Status Utilities filterTasksByStatus returns empty array for non-matching status" name="Task Status Utilities filterTasksByStatus returns empty array for non-matching status" time="0">
    </testcase>
    <testcase classname="Task Priority/Urgency Utilities getUrgencyLabel returns Low for level 1" name="Task Priority/Urgency Utilities getUrgencyLabel returns Low for level 1" time="0">
    </testcase>
    <testcase classname="Task Priority/Urgency Utilities getUrgencyLabel returns Medium for level 2" name="Task Priority/Urgency Utilities getUrgencyLabel returns Medium for level 2" time="0">
    </testcase>
    <testcase classname="Task Priority/Urgency Utilities getUrgencyLabel returns High for level 3" name="Task Priority/Urgency Utilities getUrgencyLabel returns High for level 3" time="0">
    </testcase>
    <testcase classname="Task Priority/Urgency Utilities getUrgencyLabel defaults to Medium for invalid level" name="Task Priority/Urgency Utilities getUrgencyLabel defaults to Medium for invalid level" time="0">
    </testcase>
    <testcase classname="Task Priority/Urgency Utilities getUrgencyColor returns green for low urgency" name="Task Priority/Urgency Utilities getUrgencyColor returns green for low urgency" time="0">
    </testcase>
    <testcase classname="Task Priority/Urgency Utilities getUrgencyColor returns orange for medium urgency" name="Task Priority/Urgency Utilities getUrgencyColor returns orange for medium urgency" time="0">
    </testcase>
    <testcase classname="Task Priority/Urgency Utilities getUrgencyColor returns red for high urgency" name="Task Priority/Urgency Utilities getUrgencyColor returns red for high urgency" time="0">
    </testcase>
    <testcase classname="Task Priority/Urgency Utilities sortTasksByUrgency sorts tasks with highest urgency first" name="Task Priority/Urgency Utilities sortTasksByUrgency sorts tasks with highest urgency first" time="0.015">
    </testcase>
    <testcase classname="Task Priority/Urgency Utilities sortTasksByUrgency handles empty array" name="Task Priority/Urgency Utilities sortTasksByUrgency handles empty array" time="0.001">
    </testcase>
  </testsuite>
  <testsuite name="Task Details Processing" errors="0" failures="0" skipped="0" timestamp="2025-12-20T16:42:36" time="0.106" tests="27">
    <testcase classname="Task Details Processing Task Status Transitions allows transition from OPEN to IN_PROGRESS" name="Task Details Processing Task Status Transitions allows transition from OPEN to IN_PROGRESS" time="0.001">
    </testcase>
    <testcase classname="Task Details Processing Task Status Transitions allows transition from IN_PROGRESS to COMPLETED" name="Task Details Processing Task Status Transitions allows transition from IN_PROGRESS to COMPLETED" time="0">
    </testcase>
    <testcase classname="Task Details Processing Task Status Transitions prevents transition from OPEN to COMPLETED directly" name="Task Details Processing Task Status Transitions prevents transition from OPEN to COMPLETED directly" time="0">
    </testcase>
    <testcase classname="Task Details Processing Task Status Transitions prevents any transition from COMPLETED" name="Task Details Processing Task Status Transitions prevents any transition from COMPLETED" time="0">
    </testcase>
    <testcase classname="Task Details Processing Task Status Transitions allows cancellation from OPEN and IN_PROGRESS" name="Task Details Processing Task Status Transitions allows cancellation from OPEN and IN_PROGRESS" time="0">
    </testcase>
    <testcase classname="Task Details Processing Deadline Formatting handles no deadline" name="Task Details Processing Deadline Formatting handles no deadline" time="0.001">
    </testcase>
    <testcase classname="Task Details Processing Deadline Formatting identifies overdue tasks" name="Task Details Processing Deadline Formatting identifies overdue tasks" time="0">
    </testcase>
    <testcase classname="Task Details Processing Deadline Formatting identifies tasks due today" name="Task Details Processing Deadline Formatting identifies tasks due today" time="0">
    </testcase>
    <testcase classname="Task Details Processing Deadline Formatting identifies tasks due tomorrow" name="Task Details Processing Deadline Formatting identifies tasks due tomorrow" time="0">
    </testcase>
    <testcase classname="Task Details Processing Deadline Formatting shows days left for nearby deadlines" name="Task Details Processing Deadline Formatting shows days left for nearby deadlines" time="0">
    </testcase>
    <testcase classname="Task Details Processing Volunteer Progress calculates correct percentage" name="Task Details Processing Volunteer Progress calculates correct percentage" time="0">
    </testcase>
    <testcase classname="Task Details Processing Volunteer Progress caps percentage at 100" name="Task Details Processing Volunteer Progress caps percentage at 100" time="0.001">
    </testcase>
    <testcase classname="Task Details Processing Volunteer Progress generates correct label" name="Task Details Processing Volunteer Progress generates correct label" time="0">
    </testcase>
    <testcase classname="Task Details Processing Volunteer Progress indicates when full" name="Task Details Processing Volunteer Progress indicates when full" time="0">
    </testcase>
    <testcase classname="Task Actions Action Visibility shows creator actions for open task" name="Task Actions Action Visibility shows creator actions for open task" time="0">
    </testcase>
    <testcase classname="Task Actions Action Visibility shows complete action for in-progress task creator" name="Task Actions Action Visibility shows complete action for in-progress task creator" time="0">
    </testcase>
    <testcase classname="Task Actions Action Visibility shows apply action for non-creator on open task" name="Task Actions Action Visibility shows apply action for non-creator on open task" time="0">
    </testcase>
    <testcase classname="Task Actions Action Visibility shows markProgress for assigned volunteer" name="Task Actions Action Visibility shows markProgress for assigned volunteer" time="0">
    </testcase>
    <testcase classname="Task Actions Action Visibility shows no actions for completed task" name="Task Actions Action Visibility shows no actions for completed task" time="0">
    </testcase>
    <testcase classname="Task Actions Report Validation accepts valid report" name="Task Actions Report Validation accepts valid report" time="0">
    </testcase>
    <testcase classname="Task Actions Report Validation rejects report without reason" name="Task Actions Report Validation rejects report without reason" time="0">
    </testcase>
    <testcase classname="Task Actions Report Validation rejects report with short description" name="Task Actions Report Validation rejects report with short description" time="0">
    </testcase>
    <testcase classname="Comment System Comment Validation accepts valid comment" name="Comment System Comment Validation accepts valid comment" time="0">
    </testcase>
    <testcase classname="Comment System Comment Validation rejects empty comment" name="Comment System Comment Validation rejects empty comment" time="0.001">
    </testcase>
    <testcase classname="Comment System Comment Validation rejects too long comment" name="Comment System Comment Validation rejects too long comment" time="0">
    </testcase>
    <testcase classname="Comment System Comment Sorting sorts by date descending (newest first)" name="Comment System Comment Sorting sorts by date descending (newest first)" time="0">
    </testcase>
    <testcase classname="Comment System Comment Sorting sorts by date ascending (oldest first)" name="Comment System Comment Sorting sorts by date ascending (oldest first)" time="0">
    </testcase>
  </testsuite>
  <testsuite name="API Response Normalization" errors="0" failures="0" skipped="0" timestamp="2025-12-20T16:42:33" time="2.526" tests="57">
    <testcase classname="API Response Normalization normalizeTasksResponse handles array response" name="API Response Normalization normalizeTasksResponse handles array response" time="0.003">
    </testcase>
    <testcase classname="API Response Normalization normalizeTasksResponse handles paginated response" name="API Response Normalization normalizeTasksResponse handles paginated response" time="0.001">
    </testcase>
    <testcase classname="API Response Normalization normalizeTasksResponse handles wrapped data response" name="API Response Normalization normalizeTasksResponse handles wrapped data response" time="0">
    </testcase>
    <testcase classname="API Response Normalization normalizeTasksResponse handles data with tasks property" name="API Response Normalization normalizeTasksResponse handles data with tasks property" time="0">
    </testcase>
    <testcase classname="API Response Normalization normalizeTasksResponse returns empty for null" name="API Response Normalization normalizeTasksResponse returns empty for null" time="0">
    </testcase>
    <testcase classname="API Response Normalization normalizeTasksResponse returns empty for undefined" name="API Response Normalization normalizeTasksResponse returns empty for undefined" time="0">
    </testcase>
    <testcase classname="API Response Normalization normalizeTasksResponse returns empty for invalid object" name="API Response Normalization normalizeTasksResponse returns empty for invalid object" time="0.001">
    </testcase>
    <testcase classname="API Error Handling extractErrorMessage extracts message from response data" name="API Error Handling extractErrorMessage extracts message from response data" time="0">
    </testcase>
    <testcase classname="API Error Handling extractErrorMessage extracts error from response data" name="API Error Handling extractErrorMessage extracts error from response data" time="0">
    </testcase>
    <testcase classname="API Error Handling extractErrorMessage extracts detail from response data" name="API Error Handling extractErrorMessage extracts detail from response data" time="0">
    </testcase>
    <testcase classname="API Error Handling extractErrorMessage extracts from errors array" name="API Error Handling extractErrorMessage extracts from errors array" time="0">
    </testcase>
    <testcase classname="API Error Handling extractErrorMessage extracts string response data" name="API Error Handling extractErrorMessage extracts string response data" time="0.001">
    </testcase>
    <testcase classname="API Error Handling extractErrorMessage extracts error message property" name="API Error Handling extractErrorMessage extracts error message property" time="0">
    </testcase>
    <testcase classname="API Error Handling extractErrorMessage handles connection refused" name="API Error Handling extractErrorMessage handles connection refused" time="0">
    </testcase>
    <testcase classname="API Error Handling extractErrorMessage handles not found" name="API Error Handling extractErrorMessage handles not found" time="0">
    </testcase>
    <testcase classname="API Error Handling extractErrorMessage handles timeout" name="API Error Handling extractErrorMessage handles timeout" time="0">
    </testcase>
    <testcase classname="API Error Handling extractErrorMessage returns default for unknown error" name="API Error Handling extractErrorMessage returns default for unknown error" time="0.001">
    </testcase>
    <testcase classname="API Error Handling isAuthError returns true for 401" name="API Error Handling isAuthError returns true for 401" time="0">
    </testcase>
    <testcase classname="API Error Handling isAuthError returns true for 403" name="API Error Handling isAuthError returns true for 403" time="0">
    </testcase>
    <testcase classname="API Error Handling isAuthError returns false for 404" name="API Error Handling isAuthError returns false for 404" time="0">
    </testcase>
    <testcase classname="API Error Handling isAuthError returns false for network error" name="API Error Handling isAuthError returns false for network error" time="0">
    </testcase>
    <testcase classname="API Error Handling isNetworkError returns true for connection refused" name="API Error Handling isNetworkError returns true for connection refused" time="0.007">
    </testcase>
    <testcase classname="API Error Handling isNetworkError returns true for Network Error message" name="API Error Handling isNetworkError returns true for Network Error message" time="0">
    </testcase>
    <testcase classname="API Error Handling isNetworkError returns false when response exists" name="API Error Handling isNetworkError returns false when response exists" time="0">
    </testcase>
    <testcase classname="API Error Handling isNetworkError returns false for server error" name="API Error Handling isNetworkError returns false for server error" time="0">
    </testcase>
    <testcase classname="API Error Handling getHttpStatusMessage returns correct message for 400" name="API Error Handling getHttpStatusMessage returns correct message for 400" time="0.002">
    </testcase>
    <testcase classname="API Error Handling getHttpStatusMessage returns correct message for 401" name="API Error Handling getHttpStatusMessage returns correct message for 401" time="0.001">
    </testcase>
    <testcase classname="API Error Handling getHttpStatusMessage returns correct message for 404" name="API Error Handling getHttpStatusMessage returns correct message for 404" time="0">
    </testcase>
    <testcase classname="API Error Handling getHttpStatusMessage returns correct message for 500" name="API Error Handling getHttpStatusMessage returns correct message for 500" time="0.001">
    </testcase>
    <testcase classname="API Error Handling getHttpStatusMessage returns Unknown Error for unhandled status" name="API Error Handling getHttpStatusMessage returns Unknown Error for unhandled status" time="0.001">
    </testcase>
    <testcase classname="API Request Utilities buildQueryString builds query string from params" name="API Request Utilities buildQueryString builds query string from params" time="0.075">
    </testcase>
    <testcase classname="API Request Utilities buildQueryString ignores undefined values" name="API Request Utilities buildQueryString ignores undefined values" time="0">
    </testcase>
    <testcase classname="API Request Utilities buildQueryString ignores null values" name="API Request Utilities buildQueryString ignores null values" time="0.001">
    </testcase>
    <testcase classname="API Request Utilities buildQueryString ignores empty string values" name="API Request Utilities buildQueryString ignores empty string values" time="0">
    </testcase>
    <testcase classname="API Request Utilities buildQueryString returns empty string for empty params" name="API Request Utilities buildQueryString returns empty string for empty params" time="0">
    </testcase>
    <testcase classname="API Request Utilities validateApiResponse returns response when all fields present" name="API Request Utilities validateApiResponse returns response when all fields present" time="0">
    </testcase>
    <testcase classname="API Request Utilities validateApiResponse returns null when field missing" name="API Request Utilities validateApiResponse returns null when field missing" time="0">
    </testcase>
    <testcase classname="API Request Utilities validateApiResponse returns null for null response" name="API Request Utilities validateApiResponse returns null for null response" time="0">
    </testcase>
    <testcase classname="API Request Utilities validateApiResponse returns null for non-object" name="API Request Utilities validateApiResponse returns null for non-object" time="0.001">
    </testcase>
    <testcase classname="API Request Utilities validateApiResponse returns response when no required fields" name="API Request Utilities validateApiResponse returns response when no required fields" time="0">
    </testcase>
    <testcase classname="API Request Utilities retryWithBackoff returns result on first try success" name="API Request Utilities retryWithBackoff returns result on first try success" time="0">
    </testcase>
    <testcase classname="API Request Utilities retryWithBackoff retries on failure" name="API Request Utilities retryWithBackoff retries on failure" time="0.028">
    </testcase>
    <testcase classname="API Request Utilities retryWithBackoff throws after max retries" name="API Request Utilities retryWithBackoff throws after max retries" time="0.025">
    </testcase>
    <testcase classname="Token Management isTokenExpired returns false for valid future token" name="Token Management isTokenExpired returns false for valid future token" time="0.001">
    </testcase>
    <testcase classname="Token Management isTokenExpired returns true for expired token" name="Token Management isTokenExpired returns true for expired token" time="0">
    </testcase>
    <testcase classname="Token Management isTokenExpired returns true for invalid token" name="Token Management isTokenExpired returns true for invalid token" time="0">
    </testcase>
    <testcase classname="Token Management isTokenExpired returns true for empty token" name="Token Management isTokenExpired returns true for empty token" time="0">
    </testcase>
    <testcase classname="Token Management parseAuthHeader parses bearer token" name="Token Management parseAuthHeader parses bearer token" time="0">
    </testcase>
    <testcase classname="Token Management parseAuthHeader handles lowercase bearer" name="Token Management parseAuthHeader handles lowercase bearer" time="0">
    </testcase>
    <testcase classname="Token Management parseAuthHeader returns null for empty header" name="Token Management parseAuthHeader returns null for empty header" time="0">
    </testcase>
    <testcase classname="Token Management parseAuthHeader returns null for invalid format" name="Token Management parseAuthHeader returns null for invalid format" time="0">
    </testcase>
    <testcase classname="Token Management parseAuthHeader returns null for non-bearer auth" name="Token Management parseAuthHeader returns null for non-bearer auth" time="0">
    </testcase>
    <testcase classname="Data Transformation transformUserProfile transforms complete profile" name="Data Transformation transformUserProfile transforms complete profile" time="0">
    </testcase>
    <testcase classname="Data Transformation transformUserProfile provides defaults for missing fields" name="Data Transformation transformUserProfile provides defaults for missing fields" time="0.001">
    </testcase>
    <testcase classname="Data Transformation transformUserProfile handles alternative field names" name="Data Transformation transformUserProfile handles alternative field names" time="0.02">
    </testcase>
    <testcase classname="Data Transformation transformTask transforms complete task" name="Data Transformation transformTask transforms complete task" time="0">
    </testcase>
    <testcase classname="Data Transformation transformTask provides defaults for missing fields" name="Data Transformation transformTask provides defaults for missing fields" time="0">
    </testcase>
  </testsuite>
  <testsuite name="Conditional Rendering" errors="0" failures="0" skipped="0" timestamp="2025-12-20T16:42:36" time="0.155" tests="43">
    <testcase classname="Conditional Rendering Show/Hide Logic shows when condition is true" name="Conditional Rendering Show/Hide Logic shows when condition is true" time="0">
    </testcase>
    <testcase classname="Conditional Rendering Show/Hide Logic hides when condition is false" name="Conditional Rendering Show/Hide Logic hides when condition is false" time="0.001">
    </testcase>
    <testcase classname="Conditional Rendering Show/Hide Logic uses fallback when condition is undefined" name="Conditional Rendering Show/Hide Logic uses fallback when condition is undefined" time="0">
    </testcase>
    <testcase classname="Conditional Rendering Show/Hide Logic defaults to false when no fallback" name="Conditional Rendering Show/Hide Logic defaults to false when no fallback" time="0">
    </testcase>
    <testcase classname="Conditional Rendering Permission-Based Rendering admin can render anything" name="Conditional Rendering Permission-Based Rendering admin can render anything" time="0">
    </testcase>
    <testcase classname="Conditional Rendering Permission-Based Rendering user with permission can render" name="Conditional Rendering Permission-Based Rendering user with permission can render" time="0">
    </testcase>
    <testcase classname="Conditional Rendering Permission-Based Rendering user without permission cannot render" name="Conditional Rendering Permission-Based Rendering user without permission cannot render" time="0">
    </testcase>
    <testcase classname="Conditional Rendering Permission-Based Rendering logged out user cannot render" name="Conditional Rendering Permission-Based Rendering logged out user cannot render" time="0">
    </testcase>
    <testcase classname="Conditional Rendering Feature Flag Rendering returns true for enabled features" name="Conditional Rendering Feature Flag Rendering returns true for enabled features" time="0">
    </testcase>
    <testcase classname="Conditional Rendering Feature Flag Rendering returns false for disabled features" name="Conditional Rendering Feature Flag Rendering returns false for disabled features" time="0">
    </testcase>
    <testcase classname="Conditional Rendering Feature Flag Rendering returns false for unknown features" name="Conditional Rendering Feature Flag Rendering returns false for unknown features" time="0">
    </testcase>
    <testcase classname="List Rendering Utilities Empty State Detection detects empty array" name="List Rendering Utilities Empty State Detection detects empty array" time="0">
    </testcase>
    <testcase classname="List Rendering Utilities Empty State Detection detects null data" name="List Rendering Utilities Empty State Detection detects null data" time="0">
    </testcase>
    <testcase classname="List Rendering Utilities Empty State Detection detects undefined data" name="List Rendering Utilities Empty State Detection detects undefined data" time="0">
    </testcase>
    <testcase classname="List Rendering Utilities Empty State Detection detects non-empty array" name="List Rendering Utilities Empty State Detection detects non-empty array" time="0">
    </testcase>
    <testcase classname="List Rendering Utilities Empty State Detection returns correct empty message" name="List Rendering Utilities Empty State Detection returns correct empty message" time="0">
    </testcase>
    <testcase classname="List Rendering Utilities Empty State Detection returns default message for unknown type" name="List Rendering Utilities Empty State Detection returns default message for unknown type" time="0.006">
    </testcase>
    <testcase classname="List Rendering Utilities List Key Generation uses id when available" name="List Rendering Utilities List Key Generation uses id when available" time="0">
    </testcase>
    <testcase classname="List Rendering Utilities List Key Generation falls back to index when no id" name="List Rendering Utilities List Key Generation falls back to index when no id" time="0.001">
    </testcase>
    <testcase classname="List Rendering Utilities Pagination Display shows correct info for first page" name="List Rendering Utilities Pagination Display shows correct info for first page" time="0">
    </testcase>
    <testcase classname="List Rendering Utilities Pagination Display shows correct info for middle page" name="List Rendering Utilities Pagination Display shows correct info for middle page" time="0">
    </testcase>
    <testcase classname="List Rendering Utilities Pagination Display shows correct info for last page" name="List Rendering Utilities Pagination Display shows correct info for last page" time="0">
    </testcase>
    <testcase classname="List Rendering Utilities Pagination Display handles single page" name="List Rendering Utilities Pagination Display handles single page" time="0.001">
    </testcase>
    <testcase classname="Loading State Management creates default loading state" name="Loading State Management creates default loading state" time="0">
    </testcase>
    <testcase classname="Loading State Management starts loading" name="Loading State Management starts loading" time="0">
    </testcase>
    <testcase classname="Loading State Management starts refresh" name="Loading State Management starts refresh" time="0">
    </testcase>
    <testcase classname="Loading State Management starts load more" name="Loading State Management starts load more" time="0">
    </testcase>
    <testcase classname="Loading State Management stops all loading" name="Loading State Management stops all loading" time="0">
    </testcase>
    <testcase classname="Loading State Management detects any loading state" name="Loading State Management detects any loading state" time="0">
    </testcase>
    <testcase classname="Text Truncation does not truncate short text" name="Text Truncation does not truncate short text" time="0">
    </testcase>
    <testcase classname="Text Truncation truncates long text" name="Text Truncation truncates long text" time="0">
    </testcase>
    <testcase classname="Text Truncation uses custom suffix" name="Text Truncation uses custom suffix" time="0">
    </testcase>
    <testcase classname="Text Truncation truncates by word count" name="Text Truncation truncates by word count" time="0.001">
    </testcase>
    <testcase classname="Text Truncation does not truncate text with few words" name="Text Truncation does not truncate text with few words" time="0">
    </testcase>
    <testcase classname="Date/Time Formatting for Display formats just now" name="Date/Time Formatting for Display formats just now" time="0">
    </testcase>
    <testcase classname="Date/Time Formatting for Display formats minutes ago" name="Date/Time Formatting for Display formats minutes ago" time="0">
    </testcase>
    <testcase classname="Date/Time Formatting for Display formats hours ago" name="Date/Time Formatting for Display formats hours ago" time="0">
    </testcase>
    <testcase classname="Date/Time Formatting for Display formats days ago" name="Date/Time Formatting for Display formats days ago" time="0">
    </testcase>
    <testcase classname="Date/Time Formatting for Display formats weeks ago" name="Date/Time Formatting for Display formats weeks ago" time="0">
    </testcase>
    <testcase classname="Accessibility Helpers generates button accessibility label" name="Accessibility Helpers generates button accessibility label" time="0">
    </testcase>
    <testcase classname="Accessibility Helpers generates link accessibility label" name="Accessibility Helpers generates link accessibility label" time="0">
    </testcase>
    <testcase classname="Accessibility Helpers generates image accessibility label" name="Accessibility Helpers generates image accessibility label" time="0">
    </testcase>
    <testcase classname="Accessibility Helpers returns correct role for components" name="Accessibility Helpers returns correct role for components" time="0">
    </testcase>
  </testsuite>
  <testsuite name="Date Formatting Utilities" errors="0" failures="0" skipped="0" timestamp="2025-12-20T16:42:36" time="0.208" tests="22">
    <testcase classname="Date Formatting Utilities formatDate formats ISO date correctly" name="Date Formatting Utilities formatDate formats ISO date correctly" time="0.035">
    </testcase>
    <testcase classname="Date Formatting Utilities formatDate handles invalid date string" name="Date Formatting Utilities formatDate handles invalid date string" time="0">
    </testcase>
    <testcase classname="Date Formatting Utilities formatDate handles empty string" name="Date Formatting Utilities formatDate handles empty string" time="0">
    </testcase>
    <testcase classname="Date Formatting Utilities formatDate formats date without time" name="Date Formatting Utilities formatDate formats date without time" time="0.001">
    </testcase>
    <testcase classname="Date Formatting Utilities getRelativeTime returns &quot;Just now&quot; for recent times" name="Date Formatting Utilities getRelativeTime returns &quot;Just now&quot; for recent times" time="0">
    </testcase>
    <testcase classname="Date Formatting Utilities getRelativeTime returns minutes ago for times within an hour" name="Date Formatting Utilities getRelativeTime returns minutes ago for times within an hour" time="0">
    </testcase>
    <testcase classname="Date Formatting Utilities getRelativeTime returns hours ago for times within a day" name="Date Formatting Utilities getRelativeTime returns hours ago for times within a day" time="0.001">
    </testcase>
    <testcase classname="Date Formatting Utilities getRelativeTime returns days ago for times within a week" name="Date Formatting Utilities getRelativeTime returns days ago for times within a week" time="0">
    </testcase>
    <testcase classname="Date Formatting Utilities isDeadlinePassed returns true for past deadlines" name="Date Formatting Utilities isDeadlinePassed returns true for past deadlines" time="0">
    </testcase>
    <testcase classname="Date Formatting Utilities isDeadlinePassed returns false for future deadlines" name="Date Formatting Utilities isDeadlinePassed returns false for future deadlines" time="0.001">
    </testcase>
    <testcase classname="Date Formatting Utilities getDeadlineStatus returns &quot;passed&quot; for expired deadlines" name="Date Formatting Utilities getDeadlineStatus returns &quot;passed&quot; for expired deadlines" time="0">
    </testcase>
    <testcase classname="Date Formatting Utilities getDeadlineStatus returns &quot;urgent&quot; for deadlines within 24 hours" name="Date Formatting Utilities getDeadlineStatus returns &quot;urgent&quot; for deadlines within 24 hours" time="0">
    </testcase>
    <testcase classname="Date Formatting Utilities getDeadlineStatus returns &quot;soon&quot; for deadlines within 72 hours" name="Date Formatting Utilities getDeadlineStatus returns &quot;soon&quot; for deadlines within 72 hours" time="0">
    </testcase>
    <testcase classname="Date Formatting Utilities getDeadlineStatus returns &quot;normal&quot; for deadlines more than 72 hours away" name="Date Formatting Utilities getDeadlineStatus returns &quot;normal&quot; for deadlines more than 72 hours away" time="0">
    </testcase>
    <testcase classname="Time Duration Formatting formats seconds" name="Time Duration Formatting formats seconds" time="0">
    </testcase>
    <testcase classname="Time Duration Formatting formats minutes" name="Time Duration Formatting formats minutes" time="0">
    </testcase>
    <testcase classname="Time Duration Formatting formats hours" name="Time Duration Formatting formats hours" time="0">
    </testcase>
    <testcase classname="Time Duration Formatting formats days" name="Time Duration Formatting formats days" time="0">
    </testcase>
    <testcase classname="Date Range Checking returns true for date within range" name="Date Range Checking returns true for date within range" time="0">
    </testcase>
    <testcase classname="Date Range Checking returns false for date before range" name="Date Range Checking returns false for date before range" time="0">
    </testcase>
    <testcase classname="Date Range Checking returns false for date after range" name="Date Range Checking returns false for date after range" time="0">
    </testcase>
    <testcase classname="Date Range Checking returns true for date on range boundary" name="Date Range Checking returns true for date on range boundary" time="0">
    </testcase>
  </testsuite>
  <testsuite name="Address Formatting Utilities" errors="0" failures="0" skipped="0" timestamp="2025-12-20T16:42:36" time="0.071" tests="27">
    <testcase classname="Address Formatting Utilities formatFullAddress formats complete address" name="Address Formatting Utilities formatFullAddress formats complete address" time="0">
    </testcase>
    <testcase classname="Address Formatting Utilities formatFullAddress handles partial address" name="Address Formatting Utilities formatFullAddress handles partial address" time="0.001">
    </testcase>
    <testcase classname="Address Formatting Utilities formatFullAddress returns default for empty address" name="Address Formatting Utilities formatFullAddress returns default for empty address" time="0">
    </testcase>
    <testcase classname="Address Formatting Utilities formatShortAddress returns city and country" name="Address Formatting Utilities formatShortAddress returns city and country" time="0">
    </testcase>
    <testcase classname="Address Formatting Utilities formatShortAddress falls back to state and country" name="Address Formatting Utilities formatShortAddress falls back to state and country" time="0">
    </testcase>
    <testcase classname="Address Formatting Utilities formatShortAddress falls back to country only" name="Address Formatting Utilities formatShortAddress falls back to country only" time="0">
    </testcase>
    <testcase classname="Address Formatting Utilities formatShortAddress returns Unknown for empty" name="Address Formatting Utilities formatShortAddress returns Unknown for empty" time="0">
    </testcase>
    <testcase classname="Address Formatting Utilities parseLocationString parses city, country format" name="Address Formatting Utilities parseLocationString parses city, country format" time="0">
    </testcase>
    <testcase classname="Address Formatting Utilities parseLocationString parses multiple parts" name="Address Formatting Utilities parseLocationString parses multiple parts" time="0">
    </testcase>
    <testcase classname="Address Formatting Utilities parseLocationString handles single value" name="Address Formatting Utilities parseLocationString handles single value" time="0">
    </testcase>
    <testcase classname="Address Formatting Utilities parseLocationString handles empty string" name="Address Formatting Utilities parseLocationString handles empty string" time="0.001">
    </testcase>
    <testcase classname="Distance and Location Utilities calculateDistance calculates short distance correctly" name="Distance and Location Utilities calculateDistance calculates short distance correctly" time="0">
    </testcase>
    <testcase classname="Distance and Location Utilities calculateDistance returns 0 for same location" name="Distance and Location Utilities calculateDistance returns 0 for same location" time="0">
    </testcase>
    <testcase classname="Distance and Location Utilities calculateDistance calculates long distance correctly" name="Distance and Location Utilities calculateDistance calculates long distance correctly" time="0">
    </testcase>
    <testcase classname="Distance and Location Utilities formatDistance formats meters for short distances" name="Distance and Location Utilities formatDistance formats meters for short distances" time="0">
    </testcase>
    <testcase classname="Distance and Location Utilities formatDistance formats with decimal for medium distances" name="Distance and Location Utilities formatDistance formats with decimal for medium distances" time="0">
    </testcase>
    <testcase classname="Distance and Location Utilities formatDistance rounds for long distances" name="Distance and Location Utilities formatDistance rounds for long distances" time="0">
    </testcase>
    <testcase classname="Distance and Location Utilities isWithinRadius returns true for point within radius" name="Distance and Location Utilities isWithinRadius returns true for point within radius" time="0">
    </testcase>
    <testcase classname="Distance and Location Utilities isWithinRadius returns false for point outside radius" name="Distance and Location Utilities isWithinRadius returns false for point outside radius" time="0">
    </testcase>
    <testcase classname="Distance and Location Utilities isWithinRadius returns true for same point" name="Distance and Location Utilities isWithinRadius returns true for same point" time="0">
    </testcase>
    <testcase classname="Coordinate Validation isValidCoordinate accepts valid coordinates" name="Coordinate Validation isValidCoordinate accepts valid coordinates" time="0">
    </testcase>
    <testcase classname="Coordinate Validation isValidCoordinate accepts boundary values" name="Coordinate Validation isValidCoordinate accepts boundary values" time="0">
    </testcase>
    <testcase classname="Coordinate Validation isValidCoordinate rejects invalid latitude" name="Coordinate Validation isValidCoordinate rejects invalid latitude" time="0">
    </testcase>
    <testcase classname="Coordinate Validation isValidCoordinate rejects invalid longitude" name="Coordinate Validation isValidCoordinate rejects invalid longitude" time="0">
    </testcase>
    <testcase classname="Coordinate Validation formatCoordinates formats positive coordinates" name="Coordinate Validation formatCoordinates formats positive coordinates" time="0">
    </testcase>
    <testcase classname="Coordinate Validation formatCoordinates formats negative coordinates" name="Coordinate Validation formatCoordinates formats negative coordinates" time="0">
    </testcase>
    <testcase classname="Coordinate Validation formatCoordinates formats zero coordinates" name="Coordinate Validation formatCoordinates formats zero coordinates" time="0">
    </testcase>
  </testsuite>
  <testsuite name="Search Query Processing" errors="0" failures="0" skipped="0" timestamp="2025-12-20T16:42:36" time="0.136" tests="26">
    <testcase classname="Search Query Processing normalizeSearchQuery trims whitespace" name="Search Query Processing normalizeSearchQuery trims whitespace" time="0.001">
    </testcase>
    <testcase classname="Search Query Processing normalizeSearchQuery lowercases query" name="Search Query Processing normalizeSearchQuery lowercases query" time="0">
    </testcase>
    <testcase classname="Search Query Processing normalizeSearchQuery removes extra spaces" name="Search Query Processing normalizeSearchQuery removes extra spaces" time="0">
    </testcase>
    <testcase classname="Search Query Processing normalizeSearchQuery removes special characters" name="Search Query Processing normalizeSearchQuery removes special characters" time="0">
    </testcase>
    <testcase classname="Search Query Processing normalizeSearchQuery keeps hyphens" name="Search Query Processing normalizeSearchQuery keeps hyphens" time="0">
    </testcase>
    <testcase classname="Search Query Processing tokenizeQuery splits query into tokens" name="Search Query Processing tokenizeQuery splits query into tokens" time="0">
    </testcase>
    <testcase classname="Search Query Processing tokenizeQuery filters out short tokens" name="Search Query Processing tokenizeQuery filters out short tokens" time="0">
    </testcase>
    <testcase classname="Search Query Processing tokenizeQuery handles empty query" name="Search Query Processing tokenizeQuery handles empty query" time="0">
    </testcase>
    <testcase classname="Search Query Processing tokenizeQuery handles single word" name="Search Query Processing tokenizeQuery handles single word" time="0.001">
    </testcase>
    <testcase classname="Search Query Processing matchesSearchQuery matches title" name="Search Query Processing matchesSearchQuery matches title" time="0">
    </testcase>
    <testcase classname="Search Query Processing matchesSearchQuery matches description" name="Search Query Processing matchesSearchQuery matches description" time="0">
    </testcase>
    <testcase classname="Search Query Processing matchesSearchQuery returns false for no match" name="Search Query Processing matchesSearchQuery returns false for no match" time="0">
    </testcase>
    <testcase classname="Search Query Processing matchesSearchQuery case insensitive" name="Search Query Processing matchesSearchQuery case insensitive" time="0">
    </testcase>
    <testcase classname="Search Query Processing rankSearchResults ranks title matches higher" name="Search Query Processing rankSearchResults ranks title matches higher" time="0">
    </testcase>
    <testcase classname="Search Query Processing rankSearchResults ranks title-start matches highest" name="Search Query Processing rankSearchResults ranks title-start matches highest" time="0">
    </testcase>
    <testcase classname="Result Filtering filterByMultipleCriteria filters by single criterion" name="Result Filtering filterByMultipleCriteria filters by single criterion" time="0">
    </testcase>
    <testcase classname="Result Filtering filterByMultipleCriteria filters by multiple criteria" name="Result Filtering filterByMultipleCriteria filters by multiple criteria" time="0">
    </testcase>
    <testcase classname="Result Filtering filterByMultipleCriteria returns all when no filters" name="Result Filtering filterByMultipleCriteria returns all when no filters" time="0">
    </testcase>
    <testcase classname="Result Filtering filterByMultipleCriteria returns empty for no matches" name="Result Filtering filterByMultipleCriteria returns empty for no matches" time="0.001">
    </testcase>
    <testcase classname="Result Filtering filterByDateRange filters by start date" name="Result Filtering filterByDateRange filters by start date" time="0">
    </testcase>
    <testcase classname="Result Filtering filterByDateRange filters by end date" name="Result Filtering filterByDateRange filters by end date" time="0">
    </testcase>
    <testcase classname="Result Filtering filterByDateRange filters by date range" name="Result Filtering filterByDateRange filters by date range" time="0">
    </testcase>
    <testcase classname="Sorting Utilities sortByField sorts ascending by id" name="Sorting Utilities sortByField sorts ascending by id" time="0">
    </testcase>
    <testcase classname="Sorting Utilities sortByField sorts descending by id" name="Sorting Utilities sortByField sorts descending by id" time="0">
    </testcase>
    <testcase classname="Sorting Utilities sortByField sorts by string field" name="Sorting Utilities sortByField sorts by string field" time="0">
    </testcase>
    <testcase classname="Sorting Utilities sortByMultipleFields sorts by multiple fields" name="Sorting Utilities sortByMultipleFields sorts by multiple fields" time="0">
    </testcase>
  </testsuite>
  <testsuite name="Component Props Processing" errors="0" failures="0" skipped="0" timestamp="2025-12-20T16:42:36" time="0.221" tests="39">
    <testcase classname="Component Props Processing RequestCard Props processes complete props" name="Component Props Processing RequestCard Props processes complete props" time="0.001">
    </testcase>
    <testcase classname="Component Props Processing RequestCard Props provides defaults for missing props" name="Component Props Processing RequestCard Props provides defaults for missing props" time="0">
    </testcase>
    <testcase classname="Component Props Processing RequestCard Props trims whitespace from title" name="Component Props Processing RequestCard Props trims whitespace from title" time="0">
    </testcase>
    <testcase classname="Component Props Processing RequestCard Props handles empty title" name="Component Props Processing RequestCard Props handles empty title" time="0">
    </testcase>
    <testcase classname="Component Props Processing CategoryCard Props processes complete props" name="Component Props Processing CategoryCard Props processes complete props" time="0.001">
    </testcase>
    <testcase classname="Component Props Processing CategoryCard Props provides defaults" name="Component Props Processing CategoryCard Props provides defaults" time="0">
    </testcase>
    <testcase classname="Component Props Processing CategoryCard Props handles zero task count" name="Component Props Processing CategoryCard Props handles zero task count" time="0">
    </testcase>
    <testcase classname="Component Props Processing Badge Props returns correct colors for success type" name="Component Props Processing Badge Props returns correct colors for success type" time="0">
    </testcase>
    <testcase classname="Component Props Processing Badge Props returns correct colors for error type" name="Component Props Processing Badge Props returns correct colors for error type" time="0">
    </testcase>
    <testcase classname="Component Props Processing Badge Props returns default colors for unknown type" name="Component Props Processing Badge Props returns default colors for unknown type" time="0">
    </testcase>
    <testcase classname="Component Props Processing Badge Props shows count when positive" name="Component Props Processing Badge Props shows count when positive" time="0">
    </testcase>
    <testcase classname="Component Props Processing Badge Props caps count at 99+" name="Component Props Processing Badge Props caps count at 99+" time="0">
    </testcase>
    <testcase classname="Component Props Processing Badge Props hides count when zero" name="Component Props Processing Badge Props hides count when zero" time="0">
    </testcase>
    <testcase classname="Theme and Style Utilities getLabelColors returns high urgency background" name="Theme and Style Utilities getLabelColors returns high urgency background" time="0.001">
    </testcase>
    <testcase classname="Theme and Style Utilities getLabelColors returns medium urgency text" name="Theme and Style Utilities getLabelColors returns medium urgency text" time="0">
    </testcase>
    <testcase classname="Theme and Style Utilities getLabelColors returns low urgency border" name="Theme and Style Utilities getLabelColors returns low urgency border" time="0">
    </testcase>
    <testcase classname="Theme and Style Utilities getLabelColors returns past status colors" name="Theme and Style Utilities getLabelColors returns past status colors" time="0">
    </testcase>
    <testcase classname="Theme and Style Utilities getLabelColors returns default for unknown type" name="Theme and Style Utilities getLabelColors returns default for unknown type" time="0">
    </testcase>
    <testcase classname="Theme and Style Utilities getLabelColors handles case insensitivity" name="Theme and Style Utilities getLabelColors handles case insensitivity" time="0">
    </testcase>
    <testcase classname="Theme and Style Utilities calculateResponsiveDimensions calculates for iPhone SE" name="Theme and Style Utilities calculateResponsiveDimensions calculates for iPhone SE" time="0">
    </testcase>
    <testcase classname="Theme and Style Utilities calculateResponsiveDimensions calculates for larger screen" name="Theme and Style Utilities calculateResponsiveDimensions calculates for larger screen" time="0">
    </testcase>
    <testcase classname="Theme and Style Utilities calculateResponsiveDimensions detects landscape mode" name="Theme and Style Utilities calculateResponsiveDimensions detects landscape mode" time="0">
    </testcase>
    <testcase classname="Theme and Style Utilities calculateResponsiveDimensions scales font sizes" name="Theme and Style Utilities calculateResponsiveDimensions scales font sizes" time="0">
    </testcase>
    <testcase classname="List and Data Display Utilities formatListData groups items by key" name="List and Data Display Utilities formatListData groups items by key" time="0.001">
    </testcase>
    <testcase classname="List and Data Display Utilities formatListData adds separators" name="List and Data Display Utilities formatListData adds separators" time="0">
    </testcase>
    <testcase classname="List and Data Display Utilities formatListData returns items unchanged with no options" name="List and Data Display Utilities formatListData returns items unchanged with no options" time="0">
    </testcase>
    <testcase classname="List and Data Display Utilities getEmptyStateMessage returns loading state" name="List and Data Display Utilities getEmptyStateMessage returns loading state" time="0">
    </testcase>
    <testcase classname="List and Data Display Utilities getEmptyStateMessage returns error state" name="List and Data Display Utilities getEmptyStateMessage returns error state" time="0">
    </testcase>
    <testcase classname="List and Data Display Utilities getEmptyStateMessage returns tasks empty state" name="List and Data Display Utilities getEmptyStateMessage returns tasks empty state" time="0">
    </testcase>
    <testcase classname="List and Data Display Utilities getEmptyStateMessage returns notifications empty state" name="List and Data Display Utilities getEmptyStateMessage returns notifications empty state" time="0">
    </testcase>
    <testcase classname="Interactive Element Utilities getButtonState returns loading state" name="Interactive Element Utilities getButtonState returns loading state" time="0">
    </testcase>
    <testcase classname="Interactive Element Utilities getButtonState returns disabled state" name="Interactive Element Utilities getButtonState returns disabled state" time="0">
    </testcase>
    <testcase classname="Interactive Element Utilities getButtonState returns pressed state" name="Interactive Element Utilities getButtonState returns pressed state" time="0">
    </testcase>
    <testcase classname="Interactive Element Utilities getButtonState returns default state" name="Interactive Element Utilities getButtonState returns default state" time="0.001">
    </testcase>
    <testcase classname="Interactive Element Utilities validateFormField validates required field" name="Interactive Element Utilities validateFormField validates required field" time="0">
    </testcase>
    <testcase classname="Interactive Element Utilities validateFormField validates min length" name="Interactive Element Utilities validateFormField validates min length" time="0">
    </testcase>
    <testcase classname="Interactive Element Utilities validateFormField validates max length" name="Interactive Element Utilities validateFormField validates max length" time="0">
    </testcase>
    <testcase classname="Interactive Element Utilities validateFormField validates pattern" name="Interactive Element Utilities validateFormField validates pattern" time="0">
    </testcase>
    <testcase classname="Interactive Element Utilities validateFormField returns valid for no rules" name="Interactive Element Utilities validateFormField returns valid for no rules" time="0">
    </testcase>
  </testsuite>
  <testsuite name="Pagination Utilities" errors="0" failures="0" skipped="0" timestamp="2025-12-20T16:42:36" time="0.195" tests="29">
    <testcase classname="Pagination Utilities calculatePaginationInfo calculates for first page" name="Pagination Utilities calculatePaginationInfo calculates for first page" time="0">
    </testcase>
    <testcase classname="Pagination Utilities calculatePaginationInfo calculates for middle page" name="Pagination Utilities calculatePaginationInfo calculates for middle page" time="0">
    </testcase>
    <testcase classname="Pagination Utilities calculatePaginationInfo calculates for last page" name="Pagination Utilities calculatePaginationInfo calculates for last page" time="0.001">
    </testcase>
    <testcase classname="Pagination Utilities calculatePaginationInfo handles partial last page" name="Pagination Utilities calculatePaginationInfo handles partial last page" time="0">
    </testcase>
    <testcase classname="Pagination Utilities calculatePaginationInfo handles empty list" name="Pagination Utilities calculatePaginationInfo handles empty list" time="0">
    </testcase>
    <testcase classname="Pagination Utilities getPageNumbers returns all pages when total is less than max" name="Pagination Utilities getPageNumbers returns all pages when total is less than max" time="0">
    </testcase>
    <testcase classname="Pagination Utilities getPageNumbers shows pages around current page" name="Pagination Utilities getPageNumbers shows pages around current page" time="0">
    </testcase>
    <testcase classname="Pagination Utilities getPageNumbers handles first page" name="Pagination Utilities getPageNumbers handles first page" time="0">
    </testcase>
    <testcase classname="Pagination Utilities getPageNumbers handles last page" name="Pagination Utilities getPageNumbers handles last page" time="0">
    </testcase>
    <testcase classname="Pagination Utilities sliceForPage returns first page" name="Pagination Utilities sliceForPage returns first page" time="0.001">
    </testcase>
    <testcase classname="Pagination Utilities sliceForPage returns middle page" name="Pagination Utilities sliceForPage returns middle page" time="0">
    </testcase>
    <testcase classname="Pagination Utilities sliceForPage returns partial last page" name="Pagination Utilities sliceForPage returns partial last page" time="0">
    </testcase>
    <testcase classname="Pagination Utilities sliceForPage returns empty for out of range" name="Pagination Utilities sliceForPage returns empty for out of range" time="0">
    </testcase>
    <testcase classname="Infinite Scroll Utilities shouldLoadMore returns true when near bottom" name="Infinite Scroll Utilities shouldLoadMore returns true when near bottom" time="0">
    </testcase>
    <testcase classname="Infinite Scroll Utilities shouldLoadMore returns false when at top" name="Infinite Scroll Utilities shouldLoadMore returns false when at top" time="0">
    </testcase>
    <testcase classname="Infinite Scroll Utilities shouldLoadMore returns true at threshold" name="Infinite Scroll Utilities shouldLoadMore returns true at threshold" time="0">
    </testcase>
    <testcase classname="Infinite Scroll Utilities shouldLoadMore returns false when no content" name="Infinite Scroll Utilities shouldLoadMore returns false when no content" time="0">
    </testcase>
    <testcase classname="Infinite Scroll Utilities mergePagedResults merges without duplicates" name="Infinite Scroll Utilities mergePagedResults merges without duplicates" time="0.01">
    </testcase>
    <testcase classname="Infinite Scroll Utilities mergePagedResults handles empty existing" name="Infinite Scroll Utilities mergePagedResults handles empty existing" time="0">
    </testcase>
    <testcase classname="Infinite Scroll Utilities mergePagedResults handles empty new items" name="Infinite Scroll Utilities mergePagedResults handles empty new items" time="0">
    </testcase>
    <testcase classname="Infinite Scroll Utilities resetToFirstPage resets pagination state" name="Infinite Scroll Utilities resetToFirstPage resets pagination state" time="0.001">
    </testcase>
    <testcase classname="Cursor-Based Pagination extractCursor extracts cursor from full URL" name="Cursor-Based Pagination extractCursor extracts cursor from full URL" time="0.014">
    </testcase>
    <testcase classname="Cursor-Based Pagination extractCursor extracts cursor from relative URL" name="Cursor-Based Pagination extractCursor extracts cursor from relative URL" time="0">
    </testcase>
    <testcase classname="Cursor-Based Pagination extractCursor returns null when no cursor" name="Cursor-Based Pagination extractCursor returns null when no cursor" time="0">
    </testcase>
    <testcase classname="Cursor-Based Pagination extractCursor returns null for null URL" name="Cursor-Based Pagination extractCursor returns null for null URL" time="0.001">
    </testcase>
    <testcase classname="Cursor-Based Pagination buildPaginatedUrl builds URL with page" name="Cursor-Based Pagination buildPaginatedUrl builds URL with page" time="0">
    </testcase>
    <testcase classname="Cursor-Based Pagination buildPaginatedUrl builds URL with cursor" name="Cursor-Based Pagination buildPaginatedUrl builds URL with cursor" time="0">
    </testcase>
    <testcase classname="Cursor-Based Pagination buildPaginatedUrl builds URL without params" name="Cursor-Based Pagination buildPaginatedUrl builds URL without params" time="0">
    </testcase>
    <testcase classname="Cursor-Based Pagination buildPaginatedUrl cursor takes precedence over page" name="Cursor-Based Pagination buildPaginatedUrl cursor takes precedence over page" time="0">
    </testcase>
  </testsuite>
  <testsuite name="Button State Logic" errors="0" failures="0" skipped="0" timestamp="2025-12-20T16:42:36" time="0.156" tests="40">
    <testcase classname="Button State Logic Disabled State disabled when loading" name="Button State Logic Disabled State disabled when loading" time="0.003">
    </testcase>
    <testcase classname="Button State Logic Disabled State disabled when explicitly disabled" name="Button State Logic Disabled State disabled when explicitly disabled" time="0">
    </testcase>
    <testcase classname="Button State Logic Disabled State disabled when form is invalid" name="Button State Logic Disabled State disabled when form is invalid" time="0">
    </testcase>
    <testcase classname="Button State Logic Disabled State enabled by default" name="Button State Logic Disabled State enabled by default" time="0">
    </testcase>
    <testcase classname="Button State Logic Disabled State enabled when form is valid" name="Button State Logic Disabled State enabled when form is valid" time="0">
    </testcase>
    <testcase classname="Button State Logic Disabled State loading takes precedence over valid form" name="Button State Logic Disabled State loading takes precedence over valid form" time="0.001">
    </testcase>
    <testcase classname="Button State Logic Button Variants returns correct primary styles" name="Button State Logic Button Variants returns correct primary styles" time="0">
    </testcase>
    <testcase classname="Button State Logic Button Variants returns correct danger styles" name="Button State Logic Button Variants returns correct danger styles" time="0">
    </testcase>
    <testcase classname="Button State Logic Button Variants returns correct ghost styles" name="Button State Logic Button Variants returns correct ghost styles" time="0">
    </testcase>
    <testcase classname="Input Handling Input Validation on Change validates email with @ symbol" name="Input Handling Input Validation on Change validates email with @ symbol" time="0">
    </testcase>
    <testcase classname="Input Handling Input Validation on Change validates phone with only numbers" name="Input Handling Input Validation on Change validates phone with only numbers" time="0.001">
    </testcase>
    <testcase classname="Input Handling Input Validation on Change text validation always passes" name="Input Handling Input Validation on Change text validation always passes" time="0">
    </testcase>
    <testcase classname="Input Handling Input Validation on Change empty values are valid" name="Input Handling Input Validation on Change empty values are valid" time="0">
    </testcase>
    <testcase classname="Input Handling Input Character Limits enforces max length" name="Input Handling Input Character Limits enforces max length" time="0">
    </testcase>
    <testcase classname="Input Handling Input Character Limits does not modify short strings" name="Input Handling Input Character Limits does not modify short strings" time="0.001">
    </testcase>
    <testcase classname="Input Handling Input Character Limits calculates remaining characters" name="Input Handling Input Character Limits calculates remaining characters" time="0">
    </testcase>
    <testcase classname="Input Handling Input Focus State focus updates state correctly" name="Input Handling Input Focus State focus updates state correctly" time="0">
    </testcase>
    <testcase classname="Input Handling Input Focus State blur updates state correctly" name="Input Handling Input Focus State blur updates state correctly" time="0.001">
    </testcase>
    <testcase classname="Input Handling Input Focus State shows error only after blur" name="Input Handling Input Focus State shows error only after blur" time="0.005">
    </testcase>
    <testcase classname="Modal Logic Modal Visibility opens modal with type and data" name="Modal Logic Modal Visibility opens modal with type and data" time="0">
    </testcase>
    <testcase classname="Modal Logic Modal Visibility opens modal without data" name="Modal Logic Modal Visibility opens modal without data" time="0">
    </testcase>
    <testcase classname="Modal Logic Modal Visibility closes modal and clears data" name="Modal Logic Modal Visibility closes modal and clears data" time="0">
    </testcase>
    <testcase classname="Modal Logic Confirmation Modal returns danger style for destructive actions" name="Modal Logic Confirmation Modal returns danger style for destructive actions" time="0">
    </testcase>
    <testcase classname="Modal Logic Confirmation Modal returns primary style for normal actions" name="Modal Logic Confirmation Modal returns primary style for normal actions" time="0">
    </testcase>
    <testcase classname="Modal Logic Confirmation Modal returns Delete text for destructive actions" name="Modal Logic Confirmation Modal returns Delete text for destructive actions" time="0">
    </testcase>
    <testcase classname="Modal Logic Confirmation Modal returns Confirm text for normal actions" name="Modal Logic Confirmation Modal returns Confirm text for normal actions" time="0">
    </testcase>
    <testcase classname="Badge and Counter Display formats count within limit" name="Badge and Counter Display formats count within limit" time="0">
    </testcase>
    <testcase classname="Badge and Counter Display formats count above limit with plus" name="Badge and Counter Display formats count above limit with plus" time="0">
    </testcase>
    <testcase classname="Badge and Counter Display returns empty for zero or negative" name="Badge and Counter Display returns empty for zero or negative" time="0">
    </testcase>
    <testcase classname="Badge and Counter Display respects custom max" name="Badge and Counter Display respects custom max" time="0.001">
    </testcase>
    <testcase classname="Badge and Counter Display shows badge for positive count" name="Badge and Counter Display shows badge for positive count" time="0">
    </testcase>
    <testcase classname="Avatar and Image Display returns image URL when valid" name="Avatar and Image Display returns image URL when valid" time="0">
    </testcase>
    <testcase classname="Avatar and Image Display returns fallback when URL is null" name="Avatar and Image Display returns fallback when URL is null" time="0.001">
    </testcase>
    <testcase classname="Avatar and Image Display returns fallback when URL is invalid" name="Avatar and Image Display returns fallback when URL is invalid" time="0">
    </testcase>
    <testcase classname="Avatar and Image Display calculates scaled dimensions maintaining aspect ratio" name="Avatar and Image Display calculates scaled dimensions maintaining aspect ratio" time="0">
    </testcase>
    <testcase classname="Avatar and Image Display respects max height constraint" name="Avatar and Image Display respects max height constraint" time="0">
    </testcase>
    <testcase classname="Toast/Snackbar Display creates toast with correct properties" name="Toast/Snackbar Display creates toast with correct properties" time="0">
    </testcase>
    <testcase classname="Toast/Snackbar Display allows custom duration" name="Toast/Snackbar Display allows custom duration" time="0">
    </testcase>
    <testcase classname="Toast/Snackbar Display returns correct colors" name="Toast/Snackbar Display returns correct colors" time="0">
    </testcase>
    <testcase classname="Toast/Snackbar Display returns correct icons" name="Toast/Snackbar Display returns correct icons" time="0">
    </testcase>
  </testsuite>
  <testsuite name="Notification Types" errors="0" failures="0" skipped="0" timestamp="2025-12-20T16:42:36" time="0.129" tests="13">
    <testcase classname="Notification Types defines all expected notification types" name="Notification Types defines all expected notification types" time="0">
    </testcase>
    <testcase classname="Notification Formatting formats recent notifications as just now" name="Notification Formatting formats recent notifications as just now" time="0.003">
    </testcase>
    <testcase classname="Notification Formatting formats minutes ago correctly" name="Notification Formatting formats minutes ago correctly" time="0">
    </testcase>
    <testcase classname="Notification Formatting formats hours ago correctly" name="Notification Formatting formats hours ago correctly" time="0">
    </testcase>
    <testcase classname="Notification Formatting formats days ago correctly" name="Notification Formatting formats days ago correctly" time="0.001">
    </testcase>
    <testcase classname="Notification Filtering filters unread notifications" name="Notification Filtering filters unread notifications" time="0">
    </testcase>
    <testcase classname="Notification Filtering filters by notification type" name="Notification Filtering filters by notification type" time="0">
    </testcase>
    <testcase classname="Notification Filtering counts unread notifications" name="Notification Filtering counts unread notifications" time="0">
    </testcase>
    <testcase classname="Notification State Management marks single notification as read" name="Notification State Management marks single notification as read" time="0">
    </testcase>
    <testcase classname="Notification State Management marks all notifications as read" name="Notification State Management marks all notifications as read" time="0">
    </testcase>
    <testcase classname="Notification State Management does not mutate original array" name="Notification State Management does not mutate original array" time="0">
    </testcase>
    <testcase classname="Notification Sorting sorts by date descending (newest first)" name="Notification Sorting sorts by date descending (newest first)" time="0.001">
    </testcase>
    <testcase classname="Notification Sorting sorts unread first then by date" name="Notification Sorting sorts unread first then by date" time="0.001">
    </testcase>
  </testsuite>
  <testsuite name="Theme Colors Definition" errors="0" failures="0" skipped="0" timestamp="2025-12-20T16:42:36" time="0.092" tests="15">
    <testcase classname="Theme Colors Definition Light Theme Colors text color is dark for readability" name="Theme Colors Definition Light Theme Colors text color is dark for readability" time="0.001">
    </testcase>
    <testcase classname="Theme Colors Definition Light Theme Colors background is white" name="Theme Colors Definition Light Theme Colors background is white" time="0">
    </testcase>
    <testcase classname="Theme Colors Definition Light Theme Colors tint color is set" name="Theme Colors Definition Light Theme Colors tint color is set" time="0">
    </testcase>
    <testcase classname="Theme Colors Definition Dark Theme Colors text color is light for readability" name="Theme Colors Definition Dark Theme Colors text color is light for readability" time="0">
    </testcase>
    <testcase classname="Theme Colors Definition Dark Theme Colors background is dark" name="Theme Colors Definition Dark Theme Colors background is dark" time="0">
    </testcase>
    <testcase classname="Theme Colors Definition Dark Theme Colors tint color is white" name="Theme Colors Definition Dark Theme Colors tint color is white" time="0">
    </testcase>
    <testcase classname="useThemeColor Logic returns light theme color" name="useThemeColor Logic returns light theme color" time="0">
    </testcase>
    <testcase classname="useThemeColor Logic returns dark theme color" name="useThemeColor Logic returns dark theme color" time="0">
    </testcase>
    <testcase classname="useThemeColor Logic uses custom light color when provided" name="useThemeColor Logic uses custom light color when provided" time="0">
    </testcase>
    <testcase classname="useThemeColor Logic uses custom dark color when provided" name="useThemeColor Logic uses custom dark color when provided" time="0.001">
    </testcase>
    <testcase classname="useThemeColor Logic falls back to theme default when custom color not provided" name="useThemeColor Logic falls back to theme default when custom color not provided" time="0">
    </testcase>
    <testcase classname="Theme Color Contrast light theme text on background has sufficient contrast" name="Theme Color Contrast light theme text on background has sufficient contrast" time="0">
    </testcase>
    <testcase classname="Theme Color Contrast dark theme text on background has sufficient contrast" name="Theme Color Contrast dark theme text on background has sufficient contrast" time="0">
    </testcase>
    <testcase classname="Theme Color Contrast getLuminance returns 0 for pure black" name="Theme Color Contrast getLuminance returns 0 for pure black" time="0">
    </testcase>
    <testcase classname="Theme Color Contrast getLuminance returns ~1 for pure white" name="Theme Color Contrast getLuminance returns ~1 for pure white" time="0">
    </testcase>
  </testsuite>
  <testsuite name="Navigation Utilities" errors="0" failures="0" skipped="0" timestamp="2025-12-20T16:42:36" time="0.186" tests="35">
    <testcase classname="Navigation Utilities Route Parameter Parsing parses single parameter" name="Navigation Utilities Route Parameter Parsing parses single parameter" time="0">
    </testcase>
    <testcase classname="Navigation Utilities Route Parameter Parsing parses multiple parameters" name="Navigation Utilities Route Parameter Parsing parses multiple parameters" time="0">
    </testcase>
    <testcase classname="Navigation Utilities Route Parameter Parsing handles encoded values" name="Navigation Utilities Route Parameter Parsing handles encoded values" time="0">
    </testcase>
    <testcase classname="Navigation Utilities Route Parameter Parsing returns empty object for no params" name="Navigation Utilities Route Parameter Parsing returns empty object for no params" time="0">
    </testcase>
    <testcase classname="Navigation Utilities Route Parameter Parsing handles empty values" name="Navigation Utilities Route Parameter Parsing handles empty values" time="0">
    </testcase>
    <testcase classname="Navigation Utilities Route Building builds route with params" name="Navigation Utilities Route Building builds route with params" time="0">
    </testcase>
    <testcase classname="Navigation Utilities Route Building builds route with multiple params" name="Navigation Utilities Route Building builds route with multiple params" time="0">
    </testcase>
    <testcase classname="Navigation Utilities Route Building skips undefined values" name="Navigation Utilities Route Building skips undefined values" time="0">
    </testcase>
    <testcase classname="Navigation Utilities Route Building returns base path when no params" name="Navigation Utilities Route Building returns base path when no params" time="0">
    </testcase>
    <testcase classname="Navigation Utilities Route Building encodes special characters" name="Navigation Utilities Route Building encodes special characters" time="0">
    </testcase>
    <testcase classname="Navigation Utilities Tab Navigation Helpers gets correct tab index" name="Navigation Utilities Tab Navigation Helpers gets correct tab index" time="0.001">
    </testcase>
    <testcase classname="Navigation Utilities Tab Navigation Helpers gets correct tab name from index" name="Navigation Utilities Tab Navigation Helpers gets correct tab name from index" time="0">
    </testcase>
    <testcase classname="Navigation Utilities Tab Navigation Helpers defaults to home for invalid index" name="Navigation Utilities Tab Navigation Helpers defaults to home for invalid index" time="0">
    </testcase>
    <testcase classname="Navigation Utilities Tab Navigation Helpers validates tab names" name="Navigation Utilities Tab Navigation Helpers validates tab names" time="0">
    </testcase>
    <testcase classname="Navigation Utilities Screen Stack Helpers pushes screen to stack" name="Navigation Utilities Screen Stack Helpers pushes screen to stack" time="0">
    </testcase>
    <testcase classname="Navigation Utilities Screen Stack Helpers pops screen from stack" name="Navigation Utilities Screen Stack Helpers pops screen from stack" time="0.001">
    </testcase>
    <testcase classname="Navigation Utilities Screen Stack Helpers pops to specific screen" name="Navigation Utilities Screen Stack Helpers pops to specific screen" time="0">
    </testcase>
    <testcase classname="Navigation Utilities Screen Stack Helpers gets current screen" name="Navigation Utilities Screen Stack Helpers gets current screen" time="0">
    </testcase>
    <testcase classname="Navigation Utilities Screen Stack Helpers returns null for empty stack" name="Navigation Utilities Screen Stack Helpers returns null for empty stack" time="0">
    </testcase>
    <testcase classname="Navigation Utilities Screen Stack Helpers can go back with multiple screens" name="Navigation Utilities Screen Stack Helpers can go back with multiple screens" time="0">
    </testcase>
    <testcase classname="Navigation Utilities Screen Stack Helpers cannot go back with single screen" name="Navigation Utilities Screen Stack Helpers cannot go back with single screen" time="0">
    </testcase>
    <testcase classname="Deep Link Handling Deep Link Parsing parses task deep link" name="Deep Link Handling Deep Link Parsing parses task deep link" time="0">
    </testcase>
    <testcase classname="Deep Link Handling Deep Link Parsing parses profile deep link" name="Deep Link Handling Deep Link Parsing parses profile deep link" time="0.001">
    </testcase>
    <testcase classname="Deep Link Handling Deep Link Parsing parses category deep link" name="Deep Link Handling Deep Link Parsing parses category deep link" time="0.001">
    </testcase>
    <testcase classname="Deep Link Handling Deep Link Parsing parses home deep link" name="Deep Link Handling Deep Link Parsing parses home deep link" time="0">
    </testcase>
    <testcase classname="Deep Link Handling Deep Link Parsing returns null for invalid deep link" name="Deep Link Handling Deep Link Parsing returns null for invalid deep link" time="0">
    </testcase>
    <testcase classname="Deep Link Handling Deep Link Parsing returns null for empty string" name="Deep Link Handling Deep Link Parsing returns null for empty string" time="0">
    </testcase>
    <testcase classname="Deep Link Handling Deep Link Generation generates task deep link" name="Deep Link Handling Deep Link Generation generates task deep link" time="0">
    </testcase>
    <testcase classname="Deep Link Handling Deep Link Generation generates profile deep link" name="Deep Link Handling Deep Link Generation generates profile deep link" time="0">
    </testcase>
    <testcase classname="Deep Link Handling Deep Link Generation defaults to home for unknown screen" name="Deep Link Handling Deep Link Generation defaults to home for unknown screen" time="0">
    </testcase>
    <testcase classname="Navigation History History Management adds entry to history" name="Navigation History History Management adds entry to history" time="0">
    </testcase>
    <testcase classname="Navigation History History Management limits history to 50 entries" name="Navigation History History Management limits history to 50 entries" time="0">
    </testcase>
    <testcase classname="Navigation History History Management gets recent screens" name="Navigation History History Management gets recent screens" time="0.001">
    </testcase>
    <testcase classname="Navigation History History Management gets most visited screens" name="Navigation History History Management gets most visited screens" time="0">
    </testcase>
    <testcase classname="Navigation History History Management clears history" name="Navigation History History Management clears history" time="0">
    </testcase>
  </testsuite>
  <testsuite name="Search Query Processing" errors="0" failures="0" skipped="0" timestamp="2025-12-20T16:42:36" time="0.184" tests="15">
    <testcase classname="Search Query Processing Query Sanitization trims leading and trailing whitespace" name="Search Query Processing Query Sanitization trims leading and trailing whitespace" time="0.001">
    </testcase>
    <testcase classname="Search Query Processing Query Sanitization converts to lowercase" name="Search Query Processing Query Sanitization converts to lowercase" time="0">
    </testcase>
    <testcase classname="Search Query Processing Query Sanitization normalizes multiple spaces" name="Search Query Processing Query Sanitization normalizes multiple spaces" time="0">
    </testcase>
    <testcase classname="Search Query Processing Query Sanitization handles empty query" name="Search Query Processing Query Sanitization handles empty query" time="0">
    </testcase>
    <testcase classname="Search Query Processing Search Query Validation accepts queries with 2+ characters" name="Search Query Processing Search Query Validation accepts queries with 2+ characters" time="0">
    </testcase>
    <testcase classname="Search Query Processing Search Query Validation rejects queries with less than 2 characters" name="Search Query Processing Search Query Validation rejects queries with less than 2 characters" time="0">
    </testcase>
    <testcase classname="Search Query Processing Task Filtering filters by title match" name="Search Query Processing Task Filtering filters by title match" time="0.001">
    </testcase>
    <testcase classname="Search Query Processing Task Filtering filters by description match" name="Search Query Processing Task Filtering filters by description match" time="0">
    </testcase>
    <testcase classname="Search Query Processing Task Filtering is case insensitive" name="Search Query Processing Task Filtering is case insensitive" time="0">
    </testcase>
    <testcase classname="Search Query Processing Task Filtering returns all tasks for empty query" name="Search Query Processing Task Filtering returns all tasks for empty query" time="0">
    </testcase>
    <testcase classname="Search Query Processing Task Filtering returns empty array for no matches" name="Search Query Processing Task Filtering returns empty array for no matches" time="0">
    </testcase>
    <testcase classname="Search Result Sorting sorts by date descending (newest first)" name="Search Result Sorting sorts by date descending (newest first)" time="0">
    </testcase>
    <testcase classname="Search Result Sorting sorts by urgency descending (highest first)" name="Search Result Sorting sorts by urgency descending (highest first)" time="0">
    </testcase>
    <testcase classname="Search Result Sorting sorts by title alphabetically" name="Search Result Sorting sorts by title alphabetically" time="0.041">
    </testcase>
    <testcase classname="Search Debouncing Logic debounce delays function execution" name="Search Debouncing Logic debounce delays function execution" time="0.002">
    </testcase>
  </testsuite>
  <testsuite name="Review Rating Utilities" errors="0" failures="0" skipped="0" timestamp="2025-12-20T16:42:37" time="0.128" tests="34">
    <testcase classname="Review Rating Utilities calculateAverageRating calculates average correctly" name="Review Rating Utilities calculateAverageRating calculates average correctly" time="0.001">
    </testcase>
    <testcase classname="Review Rating Utilities calculateAverageRating handles decimal averages" name="Review Rating Utilities calculateAverageRating handles decimal averages" time="0">
    </testcase>
    <testcase classname="Review Rating Utilities calculateAverageRating returns 0 for empty reviews" name="Review Rating Utilities calculateAverageRating returns 0 for empty reviews" time="0">
    </testcase>
    <testcase classname="Review Rating Utilities calculateAverageRating handles single review" name="Review Rating Utilities calculateAverageRating handles single review" time="0">
    </testcase>
    <testcase classname="Review Rating Utilities calculateWeightedRating calculates weighted average" name="Review Rating Utilities calculateWeightedRating calculates weighted average" time="0.001">
    </testcase>
    <testcase classname="Review Rating Utilities calculateWeightedRating defaults weight to 1" name="Review Rating Utilities calculateWeightedRating defaults weight to 1" time="0">
    </testcase>
    <testcase classname="Review Rating Utilities getRatingDistribution counts ratings correctly" name="Review Rating Utilities getRatingDistribution counts ratings correctly" time="0">
    </testcase>
    <testcase classname="Review Rating Utilities getRatingDistribution handles empty reviews" name="Review Rating Utilities getRatingDistribution handles empty reviews" time="0">
    </testcase>
    <testcase classname="Review Rating Utilities formatRatingStars formats full stars" name="Review Rating Utilities formatRatingStars formats full stars" time="0">
    </testcase>
    <testcase classname="Review Rating Utilities formatRatingStars formats with half star" name="Review Rating Utilities formatRatingStars formats with half star" time="0">
    </testcase>
    <testcase classname="Review Rating Utilities formatRatingStars formats empty stars" name="Review Rating Utilities formatRatingStars formats empty stars" time="0">
    </testcase>
    <testcase classname="Review Rating Utilities formatRatingStars rounds down partial" name="Review Rating Utilities formatRatingStars rounds down partial" time="0">
    </testcase>
    <testcase classname="Review Rating Utilities formatRatingStars rounds up to half for .5+" name="Review Rating Utilities formatRatingStars rounds up to half for .5+" time="0">
    </testcase>
    <testcase classname="Review Validation isValidReviewScore accepts valid scores" name="Review Validation isValidReviewScore accepts valid scores" time="0">
    </testcase>
    <testcase classname="Review Validation isValidReviewScore accepts decimal scores" name="Review Validation isValidReviewScore accepts decimal scores" time="0">
    </testcase>
    <testcase classname="Review Validation isValidReviewScore rejects scores below 1" name="Review Validation isValidReviewScore rejects scores below 1" time="0">
    </testcase>
    <testcase classname="Review Validation isValidReviewScore rejects scores above 5" name="Review Validation isValidReviewScore rejects scores above 5" time="0">
    </testcase>
    <testcase classname="Review Validation isValidReviewScore rejects non-finite values" name="Review Validation isValidReviewScore rejects non-finite values" time="0">
    </testcase>
    <testcase classname="Review Validation validateReviewComment accepts empty comment" name="Review Validation validateReviewComment accepts empty comment" time="0">
    </testcase>
    <testcase classname="Review Validation validateReviewComment accepts valid comment" name="Review Validation validateReviewComment accepts valid comment" time="0.001">
    </testcase>
    <testcase classname="Review Validation validateReviewComment rejects too short comment" name="Review Validation validateReviewComment rejects too short comment" time="0">
    </testcase>
    <testcase classname="Review Validation validateReviewComment rejects too long comment" name="Review Validation validateReviewComment rejects too long comment" time="0">
    </testcase>
    <testcase classname="Review Validation canUserReview allows creator to review completed task" name="Review Validation canUserReview allows creator to review completed task" time="0">
    </testcase>
    <testcase classname="Review Validation canUserReview allows assignee to review completed task" name="Review Validation canUserReview allows assignee to review completed task" time="0">
    </testcase>
    <testcase classname="Review Validation canUserReview prevents review for incomplete task" name="Review Validation canUserReview prevents review for incomplete task" time="0">
    </testcase>
    <testcase classname="Review Validation canUserReview prevents non-participant from reviewing" name="Review Validation canUserReview prevents non-participant from reviewing" time="0">
    </testcase>
    <testcase classname="Review Validation canUserReview prevents duplicate review" name="Review Validation canUserReview prevents duplicate review" time="0">
    </testcase>
    <testcase classname="Review Formatting formatReviewSummary formats with multiple reviews" name="Review Formatting formatReviewSummary formats with multiple reviews" time="0">
    </testcase>
    <testcase classname="Review Formatting formatReviewSummary formats with single review" name="Review Formatting formatReviewSummary formats with single review" time="0">
    </testcase>
    <testcase classname="Review Formatting formatReviewSummary handles no reviews" name="Review Formatting formatReviewSummary handles no reviews" time="0">
    </testcase>
    <testcase classname="Review Formatting getReviewAge returns Today for recent reviews" name="Review Formatting getReviewAge returns Today for recent reviews" time="0">
    </testcase>
    <testcase classname="Review Formatting getReviewAge returns Yesterday" name="Review Formatting getReviewAge returns Yesterday" time="0">
    </testcase>
    <testcase classname="Review Formatting getReviewAge returns days ago" name="Review Formatting getReviewAge returns days ago" time="0">
    </testcase>
    <testcase classname="Review Formatting getReviewAge returns weeks ago" name="Review Formatting getReviewAge returns weeks ago" time="0">
    </testcase>
  </testsuite>
  <testsuite name="Route Handling" errors="0" failures="0" skipped="0" timestamp="2025-12-20T16:42:37" time="0.223" tests="35">
    <testcase classname="Route Handling Route Path Parsing parses simple route" name="Route Handling Route Path Parsing parses simple route" time="0.001">
    </testcase>
    <testcase classname="Route Handling Route Path Parsing parses route with query params" name="Route Handling Route Path Parsing parses route with query params" time="0">
    </testcase>
    <testcase classname="Route Handling Route Path Parsing decodes URL-encoded params" name="Route Handling Route Path Parsing decodes URL-encoded params" time="0">
    </testcase>
    <testcase classname="Route Handling Route Matching matches exact route" name="Route Handling Route Matching matches exact route" time="0">
    </testcase>
    <testcase classname="Route Handling Route Matching matches route with params" name="Route Handling Route Matching matches route with params" time="0">
    </testcase>
    <testcase classname="Route Handling Route Matching matches route with multiple params" name="Route Handling Route Matching matches route with multiple params" time="0">
    </testcase>
    <testcase classname="Route Handling Route Matching rejects non-matching route" name="Route Handling Route Matching rejects non-matching route" time="0.001">
    </testcase>
    <testcase classname="Route Handling Route Matching rejects route with wrong segment count" name="Route Handling Route Matching rejects route with wrong segment count" time="0">
    </testcase>
    <testcase classname="Navigation Guards Authentication Guard feed requires authentication" name="Navigation Guards Authentication Guard feed requires authentication" time="0">
    </testcase>
    <testcase classname="Navigation Guards Authentication Guard profile requires authentication" name="Navigation Guards Authentication Guard profile requires authentication" time="0">
    </testcase>
    <testcase classname="Navigation Guards Authentication Guard create request requires authentication" name="Navigation Guards Authentication Guard create request requires authentication" time="0">
    </testcase>
    <testcase classname="Navigation Guards Authentication Guard signin is public" name="Navigation Guards Authentication Guard signin is public" time="0">
    </testcase>
    <testcase classname="Navigation Guards Authentication Guard signup is public" name="Navigation Guards Authentication Guard signup is public" time="0">
    </testcase>
    <testcase classname="Navigation Guards Authentication Guard landing page is public" name="Navigation Guards Authentication Guard landing page is public" time="0">
    </testcase>
    <testcase classname="Navigation Guards Role-Based Guard admin can access admin route" name="Navigation Guards Role-Based Guard admin can access admin route" time="0">
    </testcase>
    <testcase classname="Navigation Guards Role-Based Guard user cannot access admin route" name="Navigation Guards Role-Based Guard user cannot access admin route" time="0">
    </testcase>
    <testcase classname="Navigation Guards Role-Based Guard moderator cannot access admin route" name="Navigation Guards Role-Based Guard moderator cannot access admin route" time="0">
    </testcase>
    <testcase classname="Navigation Guards Role-Based Guard moderator can access moderate route" name="Navigation Guards Role-Based Guard moderator can access moderate route" time="0">
    </testcase>
    <testcase classname="Navigation Guards Role-Based Guard all roles can access feed" name="Navigation Guards Role-Based Guard all roles can access feed" time="0.001">
    </testcase>
    <testcase classname="Navigation Guards Role-Based Guard unknown routes are accessible" name="Navigation Guards Role-Based Guard unknown routes are accessible" time="0">
    </testcase>
    <testcase classname="Deep Link Handling Deep Link Parsing parses task deep link" name="Deep Link Handling Deep Link Parsing parses task deep link" time="0">
    </testcase>
    <testcase classname="Deep Link Handling Deep Link Parsing parses profile deep link" name="Deep Link Handling Deep Link Parsing parses profile deep link" time="0">
    </testcase>
    <testcase classname="Deep Link Handling Deep Link Parsing parses category deep link" name="Deep Link Handling Deep Link Parsing parses category deep link" time="0">
    </testcase>
    <testcase classname="Deep Link Handling Deep Link Parsing returns null for unknown deep link" name="Deep Link Handling Deep Link Parsing returns null for unknown deep link" time="0">
    </testcase>
    <testcase classname="Navigation History History Stack Management pushes routes to history" name="Navigation History History Stack Management pushes routes to history" time="0">
    </testcase>
    <testcase classname="Navigation History History Stack Management returns current route" name="Navigation History History Stack Management returns current route" time="0.001">
    </testcase>
    <testcase classname="Navigation History History Stack Management can go back when multiple routes" name="Navigation History History Stack Management can go back when multiple routes" time="0">
    </testcase>
    <testcase classname="Navigation History History Stack Management cannot go back with single route" name="Navigation History History Stack Management cannot go back with single route" time="0">
    </testcase>
    <testcase classname="Navigation History History Stack Management pops route from history" name="Navigation History History Stack Management pops route from history" time="0">
    </testcase>
    <testcase classname="Navigation History History Stack Management respects max size limit" name="Navigation History History Stack Management respects max size limit" time="0">
    </testcase>
    <testcase classname="Navigation History History Stack Management clears history" name="Navigation History History Stack Management clears history" time="0">
    </testcase>
    <testcase classname="Tab Navigation finds correct tab index" name="Tab Navigation finds correct tab index" time="0">
    </testcase>
    <testcase classname="Tab Navigation returns -1 for unknown tab" name="Tab Navigation returns -1 for unknown tab" time="0">
    </testcase>
    <testcase classname="Tab Navigation gets tab by index" name="Tab Navigation gets tab by index" time="0">
    </testcase>
    <testcase classname="Tab Navigation returns null for invalid index" name="Tab Navigation returns null for invalid index" time="0">
    </testcase>
  </testsuite>
  <testsuite name="User Profile Utilities" errors="0" failures="0" skipped="0" timestamp="2025-12-20T16:42:37" time="0.268" tests="33">
    <testcase classname="User Profile Utilities formatUserName formats full name correctly" name="User Profile Utilities formatUserName formats full name correctly" time="0.001">
    </testcase>
    <testcase classname="User Profile Utilities formatUserName returns only first name if no surname" name="User Profile Utilities formatUserName returns only first name if no surname" time="0">
    </testcase>
    <testcase classname="User Profile Utilities formatUserName falls back to username" name="User Profile Utilities formatUserName falls back to username" time="0">
    </testcase>
    <testcase classname="User Profile Utilities formatUserName returns Anonymous for empty user" name="User Profile Utilities formatUserName returns Anonymous for empty user" time="0">
    </testcase>
    <testcase classname="User Profile Utilities getInitials returns initials for full name" name="User Profile Utilities getInitials returns initials for full name" time="0">
    </testcase>
    <testcase classname="User Profile Utilities getInitials returns single initial for single name" name="User Profile Utilities getInitials returns single initial for single name" time="0">
    </testcase>
    <testcase classname="User Profile Utilities getInitials handles multiple middle names" name="User Profile Utilities getInitials handles multiple middle names" time="0">
    </testcase>
    <testcase classname="User Profile Utilities getInitials returns ? for empty string" name="User Profile Utilities getInitials returns ? for empty string" time="0.001">
    </testcase>
    <testcase classname="User Profile Utilities getInitials handles extra whitespace" name="User Profile Utilities getInitials handles extra whitespace" time="0">
    </testcase>
    <testcase classname="User Profile Utilities isValidUsername accepts valid username" name="User Profile Utilities isValidUsername accepts valid username" time="0">
    </testcase>
    <testcase classname="User Profile Utilities isValidUsername rejects too short username" name="User Profile Utilities isValidUsername rejects too short username" time="0">
    </testcase>
    <testcase classname="User Profile Utilities isValidUsername rejects username with special characters" name="User Profile Utilities isValidUsername rejects username with special characters" time="0">
    </testcase>
    <testcase classname="User Profile Utilities isValidUsername rejects username starting with number" name="User Profile Utilities isValidUsername rejects username starting with number" time="0">
    </testcase>
    <testcase classname="User Profile Utilities isValidUsername accepts username with underscore" name="User Profile Utilities isValidUsername accepts username with underscore" time="0">
    </testcase>
    <testcase classname="User Profile Utilities formatPhoneNumber formats phone with country code" name="User Profile Utilities formatPhoneNumber formats phone with country code" time="0">
    </testcase>
    <testcase classname="User Profile Utilities formatPhoneNumber formats phone without country code" name="User Profile Utilities formatPhoneNumber formats phone without country code" time="0">
    </testcase>
    <testcase classname="User Profile Utilities formatPhoneNumber handles empty string" name="User Profile Utilities formatPhoneNumber handles empty string" time="0.001">
    </testcase>
    <testcase classname="User Profile Utilities formatPhoneNumber cleans non-digit characters" name="User Profile Utilities formatPhoneNumber cleans non-digit characters" time="0">
    </testcase>
    <testcase classname="User Profile Utilities calculateUserRating calculates average rating correctly" name="User Profile Utilities calculateUserRating calculates average rating correctly" time="0">
    </testcase>
    <testcase classname="User Profile Utilities calculateUserRating returns 0 for empty reviews" name="User Profile Utilities calculateUserRating returns 0 for empty reviews" time="0">
    </testcase>
    <testcase classname="User Profile Utilities calculateUserRating handles single review" name="User Profile Utilities calculateUserRating handles single review" time="0">
    </testcase>
    <testcase classname="User Profile Utilities calculateUserRating rounds to one decimal place" name="User Profile Utilities calculateUserRating rounds to one decimal place" time="0">
    </testcase>
    <testcase classname="User Profile Utilities formatRating formats rating with star" name="User Profile Utilities formatRating formats rating with star" time="0">
    </testcase>
    <testcase classname="User Profile Utilities formatRating returns &quot;No ratings&quot; for 0" name="User Profile Utilities formatRating returns &quot;No ratings&quot; for 0" time="0">
    </testcase>
    <testcase classname="User Profile Utilities formatRating always shows one decimal" name="User Profile Utilities formatRating always shows one decimal" time="0">
    </testcase>
    <testcase classname="User Profile Utilities isProfileComplete returns complete for full profile" name="User Profile Utilities isProfileComplete returns complete for full profile" time="0.015">
    </testcase>
    <testcase classname="User Profile Utilities isProfileComplete returns incomplete with missing fields" name="User Profile Utilities isProfileComplete returns incomplete with missing fields" time="0.001">
    </testcase>
    <testcase classname="User Profile Utilities isProfileComplete returns all missing for empty user" name="User Profile Utilities isProfileComplete returns all missing for empty user" time="0">
    </testcase>
    <testcase classname="Follow System Utilities isFollowing returns true when following user" name="Follow System Utilities isFollowing returns true when following user" time="0">
    </testcase>
    <testcase classname="Follow System Utilities isFollowing returns false when not following user" name="Follow System Utilities isFollowing returns false when not following user" time="0">
    </testcase>
    <testcase classname="Follow System Utilities isFollowing returns false for empty list" name="Follow System Utilities isFollowing returns false for empty list" time="0">
    </testcase>
    <testcase classname="Follow System Utilities getFollowStats calculates stats correctly" name="Follow System Utilities getFollowStats calculates stats correctly" time="0">
    </testcase>
    <testcase classname="Follow System Utilities getFollowStats handles empty arrays" name="Follow System Utilities getFollowStats handles empty arrays" time="0">
    </testcase>
  </testsuite>
  <testsuite name="Volunteer Status Utilities" errors="0" failures="0" skipped="0" timestamp="2025-12-20T16:42:37" time="0.302" tests="28">
    <testcase classname="Volunteer Status Utilities parseVolunteerStatus parses pending status" name="Volunteer Status Utilities parseVolunteerStatus parses pending status" time="0.001">
    </testcase>
    <testcase classname="Volunteer Status Utilities parseVolunteerStatus parses accepted status" name="Volunteer Status Utilities parseVolunteerStatus parses accepted status" time="0">
    </testcase>
    <testcase classname="Volunteer Status Utilities parseVolunteerStatus parses rejected status" name="Volunteer Status Utilities parseVolunteerStatus parses rejected status" time="0">
    </testcase>
    <testcase classname="Volunteer Status Utilities parseVolunteerStatus handles case insensitivity" name="Volunteer Status Utilities parseVolunteerStatus handles case insensitivity" time="0">
    </testcase>
    <testcase classname="Volunteer Status Utilities getVolunteerStatusColor returns yellow for pending" name="Volunteer Status Utilities getVolunteerStatusColor returns yellow for pending" time="0">
    </testcase>
    <testcase classname="Volunteer Status Utilities getVolunteerStatusColor returns green for accepted" name="Volunteer Status Utilities getVolunteerStatusColor returns green for accepted" time="0">
    </testcase>
    <testcase classname="Volunteer Status Utilities getVolunteerStatusColor returns red for rejected" name="Volunteer Status Utilities getVolunteerStatusColor returns red for rejected" time="0">
    </testcase>
    <testcase classname="Volunteer Status Utilities getVolunteerStatusColor returns default for unknown" name="Volunteer Status Utilities getVolunteerStatusColor returns default for unknown" time="0.001">
    </testcase>
    <testcase classname="Volunteer Status Utilities canWithdrawApplication returns true for pending" name="Volunteer Status Utilities canWithdrawApplication returns true for pending" time="0">
    </testcase>
    <testcase classname="Volunteer Status Utilities canWithdrawApplication returns false for accepted" name="Volunteer Status Utilities canWithdrawApplication returns false for accepted" time="0">
    </testcase>
    <testcase classname="Volunteer Status Utilities canWithdrawApplication returns false for rejected" name="Volunteer Status Utilities canWithdrawApplication returns false for rejected" time="0">
    </testcase>
    <testcase classname="Task Assignment Utilities canUserVolunteer allows volunteering for open task" name="Task Assignment Utilities canUserVolunteer allows volunteering for open task" time="0">
    </testcase>
    <testcase classname="Task Assignment Utilities canUserVolunteer prevents volunteering for own task" name="Task Assignment Utilities canUserVolunteer prevents volunteering for own task" time="0">
    </testcase>
    <testcase classname="Task Assignment Utilities canUserVolunteer prevents volunteering for closed task" name="Task Assignment Utilities canUserVolunteer prevents volunteering for closed task" time="0">
    </testcase>
    <testcase classname="Task Assignment Utilities canUserVolunteer prevents double application" name="Task Assignment Utilities canUserVolunteer prevents double application" time="0">
    </testcase>
    <testcase classname="Task Assignment Utilities canUserVolunteer prevents when slots are full" name="Task Assignment Utilities canUserVolunteer prevents when slots are full" time="0">
    </testcase>
    <testcase classname="Task Assignment Utilities getAvailableSlots calculates available slots" name="Task Assignment Utilities getAvailableSlots calculates available slots" time="0">
    </testcase>
    <testcase classname="Task Assignment Utilities getAvailableSlots returns 0 when all slots filled" name="Task Assignment Utilities getAvailableSlots returns 0 when all slots filled" time="0.002">
    </testcase>
    <testcase classname="Task Assignment Utilities getAvailableSlots handles empty volunteers" name="Task Assignment Utilities getAvailableSlots handles empty volunteers" time="0.006">
    </testcase>
    <testcase classname="Task Assignment Utilities sortVolunteersByDate sorts newest first by default" name="Task Assignment Utilities sortVolunteersByDate sorts newest first by default" time="0.007">
    </testcase>
    <testcase classname="Task Assignment Utilities sortVolunteersByDate sorts oldest first when ascending" name="Task Assignment Utilities sortVolunteersByDate sorts oldest first when ascending" time="0.001">
    </testcase>
    <testcase classname="Task Assignment Utilities groupVolunteersByStatus groups volunteers by status" name="Task Assignment Utilities groupVolunteersByStatus groups volunteers by status" time="0.003">
    </testcase>
    <testcase classname="Task Assignment Utilities groupVolunteersByStatus handles empty array" name="Task Assignment Utilities groupVolunteersByStatus handles empty array" time="0.002">
    </testcase>
    <testcase classname="Applicant Statistics getApplicationStats calculates stats correctly" name="Applicant Statistics getApplicationStats calculates stats correctly" time="0">
    </testcase>
    <testcase classname="Applicant Statistics getApplicationStats handles empty array" name="Applicant Statistics getApplicationStats handles empty array" time="0">
    </testcase>
    <testcase classname="Applicant Statistics getAcceptanceRate calculates acceptance rate" name="Applicant Statistics getAcceptanceRate calculates acceptance rate" time="0">
    </testcase>
    <testcase classname="Applicant Statistics getAcceptanceRate returns 0 for no decisions" name="Applicant Statistics getAcceptanceRate returns 0 for no decisions" time="0">
    </testcase>
    <testcase classname="Applicant Statistics getAcceptanceRate returns 100 for all accepted" name="Applicant Statistics getAcceptanceRate returns 100 for all accepted" time="0">
    </testcase>
  </testsuite>
  <testsuite name="Form Field Validation" errors="0" failures="0" skipped="0" timestamp="2025-12-20T16:42:37" time="0.278" tests="20">
    <testcase classname="Form Field Validation Email Validation accepts valid email addresses" name="Form Field Validation Email Validation accepts valid email addresses" time="0.001">
    </testcase>
    <testcase classname="Form Field Validation Email Validation rejects empty email" name="Form Field Validation Email Validation rejects empty email" time="0">
    </testcase>
    <testcase classname="Form Field Validation Email Validation rejects invalid email formats" name="Form Field Validation Email Validation rejects invalid email formats" time="0">
    </testcase>
    <testcase classname="Form Field Validation Password Strength Validation validates strong password" name="Form Field Validation Password Strength Validation validates strong password" time="0">
    </testcase>
    <testcase classname="Form Field Validation Password Strength Validation rejects weak password (too short)" name="Form Field Validation Password Strength Validation rejects weak password (too short)" time="0">
    </testcase>
    <testcase classname="Form Field Validation Password Strength Validation rejects password without uppercase" name="Form Field Validation Password Strength Validation rejects password without uppercase" time="0">
    </testcase>
    <testcase classname="Form Field Validation Password Strength Validation calculates correct strength" name="Form Field Validation Password Strength Validation calculates correct strength" time="0">
    </testcase>
    <testcase classname="Form Field Validation Username Validation accepts valid usernames" name="Form Field Validation Username Validation accepts valid usernames" time="0.001">
    </testcase>
    <testcase classname="Form Field Validation Username Validation rejects empty username" name="Form Field Validation Username Validation rejects empty username" time="0">
    </testcase>
    <testcase classname="Form Field Validation Username Validation rejects short username" name="Form Field Validation Username Validation rejects short username" time="0">
    </testcase>
    <testcase classname="Form Field Validation Username Validation rejects username with special characters" name="Form Field Validation Username Validation rejects username with special characters" time="0.02">
    </testcase>
    <testcase classname="Form Field Validation Phone Number Validation accepts valid phone numbers" name="Form Field Validation Phone Number Validation accepts valid phone numbers" time="0">
    </testcase>
    <testcase classname="Form Field Validation Phone Number Validation strips formatting and returns cleaned number" name="Form Field Validation Phone Number Validation strips formatting and returns cleaned number" time="0">
    </testcase>
    <testcase classname="Form Field Validation Phone Number Validation rejects empty phone" name="Form Field Validation Phone Number Validation rejects empty phone" time="0.001">
    </testcase>
    <testcase classname="Form Field Validation Phone Number Validation rejects invalid length" name="Form Field Validation Phone Number Validation rejects invalid length" time="0">
    </testcase>
    <testcase classname="Required Fields Check passes when all fields are filled" name="Required Fields Check passes when all fields are filled" time="0">
    </testcase>
    <testcase classname="Required Fields Check fails and lists missing fields" name="Required Fields Check fails and lists missing fields" time="0">
    </testcase>
    <testcase classname="Form Data Sanitization trims whitespace" name="Form Data Sanitization trims whitespace" time="0">
    </testcase>
    <testcase classname="Form Data Sanitization normalizes internal whitespace" name="Form Data Sanitization normalizes internal whitespace" time="0">
    </testcase>
    <testcase classname="Form Data Sanitization handles empty input" name="Form Data Sanitization handles empty input" time="0">
    </testcase>
  </testsuite>
  <testsuite name="Input Sanitization" errors="0" failures="0" skipped="0" timestamp="2025-12-20T16:42:37" time="0.186" tests="47">
    <testcase classname="Input Sanitization sanitizeTextInput trims whitespace" name="Input Sanitization sanitizeTextInput trims whitespace" time="0">
    </testcase>
    <testcase classname="Input Sanitization sanitizeTextInput collapses multiple spaces" name="Input Sanitization sanitizeTextInput collapses multiple spaces" time="0">
    </testcase>
    <testcase classname="Input Sanitization sanitizeTextInput removes angle brackets" name="Input Sanitization sanitizeTextInput removes angle brackets" time="0">
    </testcase>
    <testcase classname="Input Sanitization sanitizeTextInput limits length" name="Input Sanitization sanitizeTextInput limits length" time="0">
    </testcase>
    <testcase classname="Input Sanitization sanitizeTextInput handles empty input" name="Input Sanitization sanitizeTextInput handles empty input" time="0">
    </testcase>
    <testcase classname="Input Sanitization sanitizeTextInput handles null-like input" name="Input Sanitization sanitizeTextInput handles null-like input" time="0">
    </testcase>
    <testcase classname="Input Sanitization sanitizeHtml removes script tags" name="Input Sanitization sanitizeHtml removes script tags" time="0.001">
    </testcase>
    <testcase classname="Input Sanitization sanitizeHtml removes style tags" name="Input Sanitization sanitizeHtml removes style tags" time="0">
    </testcase>
    <testcase classname="Input Sanitization sanitizeHtml removes event handlers" name="Input Sanitization sanitizeHtml removes event handlers" time="0">
    </testcase>
    <testcase classname="Input Sanitization sanitizeHtml removes iframes" name="Input Sanitization sanitizeHtml removes iframes" time="0">
    </testcase>
    <testcase classname="Input Sanitization sanitizeHtml preserves safe content" name="Input Sanitization sanitizeHtml preserves safe content" time="0">
    </testcase>
    <testcase classname="Input Sanitization escapeForDisplay escapes HTML entities" name="Input Sanitization escapeForDisplay escapes HTML entities" time="0">
    </testcase>
    <testcase classname="Input Sanitization escapeForDisplay escapes ampersand" name="Input Sanitization escapeForDisplay escapes ampersand" time="0">
    </testcase>
    <testcase classname="Input Sanitization escapeForDisplay escapes quotes" name="Input Sanitization escapeForDisplay escapes quotes" time="0">
    </testcase>
    <testcase classname="Input Sanitization escapeForDisplay handles normal text" name="Input Sanitization escapeForDisplay handles normal text" time="0.001">
    </testcase>
    <testcase classname="URL Validation isValidUrl accepts valid https URL" name="URL Validation isValidUrl accepts valid https URL" time="0.002">
    </testcase>
    <testcase classname="URL Validation isValidUrl accepts valid http URL" name="URL Validation isValidUrl accepts valid http URL" time="0">
    </testcase>
    <testcase classname="URL Validation isValidUrl accepts URL with path" name="URL Validation isValidUrl accepts URL with path" time="0.001">
    </testcase>
    <testcase classname="URL Validation isValidUrl accepts URL with query" name="URL Validation isValidUrl accepts URL with query" time="0">
    </testcase>
    <testcase classname="URL Validation isValidUrl rejects invalid URL" name="URL Validation isValidUrl rejects invalid URL" time="0">
    </testcase>
    <testcase classname="URL Validation isValidUrl rejects javascript protocol" name="URL Validation isValidUrl rejects javascript protocol" time="0">
    </testcase>
    <testcase classname="URL Validation isValidUrl rejects file protocol" name="URL Validation isValidUrl rejects file protocol" time="0.001">
    </testcase>
    <testcase classname="URL Validation sanitizeUrl returns valid URL unchanged" name="URL Validation sanitizeUrl returns valid URL unchanged" time="0">
    </testcase>
    <testcase classname="URL Validation sanitizeUrl returns empty for invalid URL" name="URL Validation sanitizeUrl returns empty for invalid URL" time="0">
    </testcase>
    <testcase classname="URL Validation sanitizeUrl returns empty for javascript URL" name="URL Validation sanitizeUrl returns empty for javascript URL" time="0">
    </testcase>
    <testcase classname="Number Validation and Formatting parseIntSafe parses string number" name="Number Validation and Formatting parseIntSafe parses string number" time="0">
    </testcase>
    <testcase classname="Number Validation and Formatting parseIntSafe parses number" name="Number Validation and Formatting parseIntSafe parses number" time="0">
    </testcase>
    <testcase classname="Number Validation and Formatting parseIntSafe floors decimal numbers" name="Number Validation and Formatting parseIntSafe floors decimal numbers" time="0">
    </testcase>
    <testcase classname="Number Validation and Formatting parseIntSafe returns default for invalid string" name="Number Validation and Formatting parseIntSafe returns default for invalid string" time="0">
    </testcase>
    <testcase classname="Number Validation and Formatting parseIntSafe returns default for NaN" name="Number Validation and Formatting parseIntSafe returns default for NaN" time="0">
    </testcase>
    <testcase classname="Number Validation and Formatting parseIntSafe returns default for Infinity" name="Number Validation and Formatting parseIntSafe returns default for Infinity" time="0.001">
    </testcase>
    <testcase classname="Number Validation and Formatting clampNumber returns value within range" name="Number Validation and Formatting clampNumber returns value within range" time="0">
    </testcase>
    <testcase classname="Number Validation and Formatting clampNumber clamps to min" name="Number Validation and Formatting clampNumber clamps to min" time="0">
    </testcase>
    <testcase classname="Number Validation and Formatting clampNumber clamps to max" name="Number Validation and Formatting clampNumber clamps to max" time="0">
    </testcase>
    <testcase classname="Number Validation and Formatting clampNumber handles equal min/max" name="Number Validation and Formatting clampNumber handles equal min/max" time="0">
    </testcase>
    <testcase classname="Number Validation and Formatting formatNumber formats millions" name="Number Validation and Formatting formatNumber formats millions" time="0.008">
    </testcase>
    <testcase classname="Number Validation and Formatting formatNumber formats thousands" name="Number Validation and Formatting formatNumber formats thousands" time="0.002">
    </testcase>
    <testcase classname="Number Validation and Formatting formatNumber keeps small numbers" name="Number Validation and Formatting formatNumber keeps small numbers" time="0">
    </testcase>
    <testcase classname="Array Utilities removeDuplicates removes primitive duplicates" name="Array Utilities removeDuplicates removes primitive duplicates" time="0.001">
    </testcase>
    <testcase classname="Array Utilities removeDuplicates removes object duplicates by key" name="Array Utilities removeDuplicates removes object duplicates by key" time="0.001">
    </testcase>
    <testcase classname="Array Utilities removeDuplicates handles empty array" name="Array Utilities removeDuplicates handles empty array" time="0">
    </testcase>
    <testcase classname="Array Utilities chunkArray splits array into chunks" name="Array Utilities chunkArray splits array into chunks" time="0">
    </testcase>
    <testcase classname="Array Utilities chunkArray handles array smaller than chunk size" name="Array Utilities chunkArray handles array smaller than chunk size" time="0">
    </testcase>
    <testcase classname="Array Utilities chunkArray handles empty array" name="Array Utilities chunkArray handles empty array" time="0">
    </testcase>
    <testcase classname="Array Utilities shuffleArray returns same length" name="Array Utilities shuffleArray returns same length" time="0.001">
    </testcase>
    <testcase classname="Array Utilities shuffleArray contains same elements" name="Array Utilities shuffleArray contains same elements" time="0">
    </testcase>
    <testcase classname="Array Utilities shuffleArray does not modify original" name="Array Utilities shuffleArray does not modify original" time="0">
    </testcase>
  </testsuite>
  <testsuite name="API Error Processing" errors="0" failures="0" skipped="0" timestamp="2025-12-20T16:42:37" time="0.133" tests="33">
    <testcase classname="API Error Processing Error Type Detection identifies network errors" name="API Error Processing Error Type Detection identifies network errors" time="0.001">
    </testcase>
    <testcase classname="API Error Processing Error Type Detection identifies timeout errors" name="API Error Processing Error Type Detection identifies timeout errors" time="0">
    </testcase>
    <testcase classname="API Error Processing Error Type Detection identifies validation errors (400)" name="API Error Processing Error Type Detection identifies validation errors (400)" time="0.001">
    </testcase>
    <testcase classname="API Error Processing Error Type Detection identifies unauthorized errors (401)" name="API Error Processing Error Type Detection identifies unauthorized errors (401)" time="0">
    </testcase>
    <testcase classname="API Error Processing Error Type Detection identifies forbidden errors (403)" name="API Error Processing Error Type Detection identifies forbidden errors (403)" time="0">
    </testcase>
    <testcase classname="API Error Processing Error Type Detection identifies not found errors (404)" name="API Error Processing Error Type Detection identifies not found errors (404)" time="0">
    </testcase>
    <testcase classname="API Error Processing Error Type Detection identifies conflict errors (409)" name="API Error Processing Error Type Detection identifies conflict errors (409)" time="0">
    </testcase>
    <testcase classname="API Error Processing Error Type Detection identifies server errors (5xx)" name="API Error Processing Error Type Detection identifies server errors (5xx)" time="0">
    </testcase>
    <testcase classname="API Error Processing Error Type Detection returns unknown for unrecognized errors" name="API Error Processing Error Type Detection returns unknown for unrecognized errors" time="0.001">
    </testcase>
    <testcase classname="API Error Processing User-Friendly Error Messages returns network error message" name="API Error Processing User-Friendly Error Messages returns network error message" time="0">
    </testcase>
    <testcase classname="API Error Processing User-Friendly Error Messages returns timeout error message" name="API Error Processing User-Friendly Error Messages returns timeout error message" time="0">
    </testcase>
    <testcase classname="API Error Processing User-Friendly Error Messages returns unauthorized message" name="API Error Processing User-Friendly Error Messages returns unauthorized message" time="0">
    </testcase>
    <testcase classname="API Error Processing User-Friendly Error Messages returns not found message with context" name="API Error Processing User-Friendly Error Messages returns not found message with context" time="0">
    </testcase>
    <testcase classname="API Error Processing User-Friendly Error Messages returns default not found message" name="API Error Processing User-Friendly Error Messages returns default not found message" time="0">
    </testcase>
    <testcase classname="API Error Processing User-Friendly Error Messages returns unknown error message for undefined types" name="API Error Processing User-Friendly Error Messages returns unknown error message for undefined types" time="0">
    </testcase>
    <testcase classname="API Error Processing Error Response Extraction extracts message from response.data.message" name="API Error Processing Error Response Extraction extracts message from response.data.message" time="0">
    </testcase>
    <testcase classname="API Error Processing Error Response Extraction extracts error from response.data.error" name="API Error Processing Error Response Extraction extracts error from response.data.error" time="0">
    </testcase>
    <testcase classname="API Error Processing Error Response Extraction extracts detail from response.data.detail" name="API Error Processing Error Response Extraction extracts detail from response.data.detail" time="0">
    </testcase>
    <testcase classname="API Error Processing Error Response Extraction joins array of errors" name="API Error Processing Error Response Extraction joins array of errors" time="0">
    </testcase>
    <testcase classname="API Error Processing Error Response Extraction falls back to error.message" name="API Error Processing Error Response Extraction falls back to error.message" time="0">
    </testcase>
    <testcase classname="API Error Processing Error Response Extraction returns default message when no info available" name="API Error Processing Error Response Extraction returns default message when no info available" time="0.001">
    </testcase>
    <testcase classname="Error State Management creates error state with message and type" name="Error State Management creates error state with message and type" time="0">
    </testcase>
    <testcase classname="Error State Management marks network errors as retryable" name="Error State Management marks network errors as retryable" time="0">
    </testcase>
    <testcase classname="Error State Management marks timeout errors as retryable" name="Error State Management marks timeout errors as retryable" time="0">
    </testcase>
    <testcase classname="Error State Management marks server errors as retryable" name="Error State Management marks server errors as retryable" time="0">
    </testcase>
    <testcase classname="Error State Management marks validation errors as not retryable" name="Error State Management marks validation errors as not retryable" time="0">
    </testcase>
    <testcase classname="Error State Management marks unauthorized errors as not retryable" name="Error State Management marks unauthorized errors as not retryable" time="0">
    </testcase>
    <testcase classname="Error State Management clears error state" name="Error State Management clears error state" time="0">
    </testcase>
    <testcase classname="Form Validation Errors parses validation errors into flat list" name="Form Validation Errors parses validation errors into flat list" time="0">
    </testcase>
    <testcase classname="Form Validation Errors gets first error message" name="Form Validation Errors gets first error message" time="0.001">
    </testcase>
    <testcase classname="Form Validation Errors gets error for specific field" name="Form Validation Errors gets error for specific field" time="0">
    </testcase>
    <testcase classname="Form Validation Errors returns null for field without errors" name="Form Validation Errors returns null for field without errors" time="0">
    </testcase>
    <testcase classname="Form Validation Errors returns null for empty errors" name="Form Validation Errors returns null for empty errors" time="0">
    </testcase>
  </testsuite>
  <testsuite name="Volunteer Application" errors="0" failures="0" skipped="0" timestamp="2025-12-20T16:42:38" time="0.159" tests="18">
    <testcase classname="Volunteer Application Application Validation allows application to eligible task" name="Volunteer Application Application Validation allows application to eligible task" time="0">
    </testcase>
    <testcase classname="Volunteer Application Application Validation prevents applying to own task" name="Volunteer Application Application Validation prevents applying to own task" time="0">
    </testcase>
    <testcase classname="Volunteer Application Application Validation prevents applying to completed task" name="Volunteer Application Application Validation prevents applying to completed task" time="0.001">
    </testcase>
    <testcase classname="Volunteer Application Application Validation prevents applying if already assigned" name="Volunteer Application Application Validation prevents applying if already assigned" time="0">
    </testcase>
    <testcase classname="Volunteer Application Application Validation prevents applying when task is full" name="Volunteer Application Application Validation prevents applying when task is full" time="0">
    </testcase>
    <testcase classname="Volunteer Application Application Status has correct labels for all statuses" name="Volunteer Application Application Status has correct labels for all statuses" time="0">
    </testcase>
    <testcase classname="Volunteer Application Application Status has correct colors for all statuses" name="Volunteer Application Application Status has correct colors for all statuses" time="0">
    </testcase>
    <testcase classname="Volunteer Assignment Volunteer Filtering filters pending volunteers" name="Volunteer Assignment Volunteer Filtering filters pending volunteers" time="0">
    </testcase>
    <testcase classname="Volunteer Assignment Volunteer Filtering filters accepted volunteers" name="Volunteer Assignment Volunteer Filtering filters accepted volunteers" time="0">
    </testcase>
    <testcase classname="Volunteer Assignment Volunteer Filtering filters rejected volunteers" name="Volunteer Assignment Volunteer Filtering filters rejected volunteers" time="0">
    </testcase>
    <testcase classname="Volunteer Assignment Volunteer Sorting sorts by rating descending" name="Volunteer Assignment Volunteer Sorting sorts by rating descending" time="0">
    </testcase>
    <testcase classname="Volunteer Assignment Volunteer Sorting sorts by application date (oldest first)" name="Volunteer Assignment Volunteer Sorting sorts by application date (oldest first)" time="0.001">
    </testcase>
    <testcase classname="Volunteer Assignment Assignment Limits allows assignment when under limit" name="Volunteer Assignment Assignment Limits allows assignment when under limit" time="0">
    </testcase>
    <testcase classname="Volunteer Assignment Assignment Limits prevents assignment when at limit" name="Volunteer Assignment Assignment Limits prevents assignment when at limit" time="0">
    </testcase>
    <testcase classname="Volunteer Assignment Assignment Limits prevents assignment when over limit" name="Volunteer Assignment Assignment Limits prevents assignment when over limit" time="0">
    </testcase>
    <testcase classname="Volunteer Rating Display formats rating to one decimal place" name="Volunteer Rating Display formats rating to one decimal place" time="0">
    </testcase>
    <testcase classname="Volunteer Rating Display handles missing rating" name="Volunteer Rating Display handles missing rating" time="0">
    </testcase>
    <testcase classname="Volunteer Rating Display rounds to correct star count" name="Volunteer Rating Display rounds to correct star count" time="0">
    </testcase>
  </testsuite>
  <testsuite name="undefined" errors="0" failures="0" skipped="0" timestamp="2025-12-20T16:42:33" time="4.428" tests="2">
    <testcase classname=" renders correctly" name=" renders correctly" time="0.91">
    </testcase>
    <testcase classname=" applies title style" name=" applies title style" time="0.017">
    </testcase>
  </testsuite>
  <testsuite name="Category Utilities" errors="0" failures="0" skipped="0" timestamp="2025-12-20T16:42:38" time="0.07" tests="26">
    <testcase classname="Category Utilities getCategoryDisplayName converts GROCERY_SHOPPING to display name" name="Category Utilities getCategoryDisplayName converts GROCERY_SHOPPING to display name" time="0">
    </testcase>
    <testcase classname="Category Utilities getCategoryDisplayName converts HOUSE_CLEANING to display name" name="Category Utilities getCategoryDisplayName converts HOUSE_CLEANING to display name" time="0">
    </testcase>
    <testcase classname="Category Utilities getCategoryDisplayName converts MEDICAL_ASSISTANCE to display name" name="Category Utilities getCategoryDisplayName converts MEDICAL_ASSISTANCE to display name" time="0">
    </testcase>
    <testcase classname="Category Utilities getCategoryDisplayName handles case insensitivity" name="Category Utilities getCategoryDisplayName handles case insensitivity" time="0">
    </testcase>
    <testcase classname="Category Utilities getCategoryDisplayName returns original for unknown category" name="Category Utilities getCategoryDisplayName returns original for unknown category" time="0">
    </testcase>
    <testcase classname="Category Utilities getCategoryDisplayName returns Unknown for empty/null" name="Category Utilities getCategoryDisplayName returns Unknown for empty/null" time="0">
    </testcase>
    <testcase classname="Category Utilities getCategoryIcon returns shopping cart for grocery shopping" name="Category Utilities getCategoryIcon returns shopping cart for grocery shopping" time="0.001">
    </testcase>
    <testcase classname="Category Utilities getCategoryIcon returns house for cleaning" name="Category Utilities getCategoryIcon returns house for cleaning" time="0">
    </testcase>
    <testcase classname="Category Utilities getCategoryIcon returns paw for pet care" name="Category Utilities getCategoryIcon returns paw for pet care" time="0">
    </testcase>
    <testcase classname="Category Utilities getCategoryIcon returns default icon for unknown category" name="Category Utilities getCategoryIcon returns default icon for unknown category" time="0">
    </testcase>
    <testcase classname="Category Utilities getCategoryColor returns green for grocery shopping" name="Category Utilities getCategoryColor returns green for grocery shopping" time="0">
    </testcase>
    <testcase classname="Category Utilities getCategoryColor returns red for medical assistance" name="Category Utilities getCategoryColor returns red for medical assistance" time="0">
    </testcase>
    <testcase classname="Category Utilities getCategoryColor returns gray for unknown" name="Category Utilities getCategoryColor returns gray for unknown" time="0">
    </testcase>
    <testcase classname="Category Utilities filterTasksByCategory filters by grocery shopping" name="Category Utilities filterTasksByCategory filters by grocery shopping" time="0">
    </testcase>
    <testcase classname="Category Utilities filterTasksByCategory filters by pet care" name="Category Utilities filterTasksByCategory filters by pet care" time="0">
    </testcase>
    <testcase classname="Category Utilities filterTasksByCategory returns empty for non-existent category" name="Category Utilities filterTasksByCategory returns empty for non-existent category" time="0">
    </testcase>
    <testcase classname="Category Utilities filterTasksByCategory handles case insensitivity" name="Category Utilities filterTasksByCategory handles case insensitivity" time="0">
    </testcase>
    <testcase classname="Category Utilities groupTasksByCategory groups tasks correctly" name="Category Utilities groupTasksByCategory groups tasks correctly" time="0.001">
    </testcase>
    <testcase classname="Category Utilities groupTasksByCategory handles empty array" name="Category Utilities groupTasksByCategory handles empty array" time="0">
    </testcase>
    <testcase classname="Category Utilities groupTasksByCategory groups tasks without category as OTHER" name="Category Utilities groupTasksByCategory groups tasks without category as OTHER" time="0">
    </testcase>
    <testcase classname="Category Utilities getCategoriesWithCount counts tasks per category" name="Category Utilities getCategoriesWithCount counts tasks per category" time="0">
    </testcase>
    <testcase classname="Category Utilities getCategoriesWithCount sorts by count descending" name="Category Utilities getCategoriesWithCount sorts by count descending" time="0">
    </testcase>
    <testcase classname="Category Utilities isValidCategory returns true for valid category" name="Category Utilities isValidCategory returns true for valid category" time="0">
    </testcase>
    <testcase classname="Category Utilities isValidCategory returns false for invalid category" name="Category Utilities isValidCategory returns false for invalid category" time="0">
    </testcase>
    <testcase classname="Category Utilities isValidCategory handles case insensitivity" name="Category Utilities isValidCategory handles case insensitivity" time="0">
    </testcase>
    <testcase classname="Category Utilities isValidCategory returns false for empty string" name="Category Utilities isValidCategory returns false for empty string" time="0">
    </testcase>
  </testsuite>
  <testsuite name="State Management Utilities" errors="0" failures="0" skipped="0" timestamp="2025-12-20T16:42:38" time="0.137" tests="40">
    <testcase classname="State Management Utilities Task State Machine open can transition to in_progress" name="State Management Utilities Task State Machine open can transition to in_progress" time="0.001">
    </testcase>
    <testcase classname="State Management Utilities Task State Machine open can transition to cancelled" name="State Management Utilities Task State Machine open can transition to cancelled" time="0">
    </testcase>
    <testcase classname="State Management Utilities Task State Machine open cannot transition directly to completed" name="State Management Utilities Task State Machine open cannot transition directly to completed" time="0">
    </testcase>
    <testcase classname="State Management Utilities Task State Machine in_progress can transition to completed" name="State Management Utilities Task State Machine in_progress can transition to completed" time="0">
    </testcase>
    <testcase classname="State Management Utilities Task State Machine completed cannot transition to anything" name="State Management Utilities Task State Machine completed cannot transition to anything" time="0">
    </testcase>
    <testcase classname="State Management Utilities Task State Machine cancelled cannot transition to anything" name="State Management Utilities Task State Machine cancelled cannot transition to anything" time="0">
    </testcase>
    <testcase classname="State Management Utilities Volunteer Status Machine task owner can accept pending volunteer" name="State Management Utilities Volunteer Status Machine task owner can accept pending volunteer" time="0">
    </testcase>
    <testcase classname="State Management Utilities Volunteer Status Machine task owner can reject pending volunteer" name="State Management Utilities Volunteer Status Machine task owner can reject pending volunteer" time="0">
    </testcase>
    <testcase classname="State Management Utilities Volunteer Status Machine volunteer can withdraw pending application" name="State Management Utilities Volunteer Status Machine volunteer can withdraw pending application" time="0">
    </testcase>
    <testcase classname="State Management Utilities Volunteer Status Machine accepted status has no transitions" name="State Management Utilities Volunteer Status Machine accepted status has no transitions" time="0.001">
    </testcase>
    <testcase classname="State Management Utilities Notification State marks single notification as read" name="State Management Utilities Notification State marks single notification as read" time="0">
    </testcase>
    <testcase classname="State Management Utilities Notification State marks all as read" name="State Management Utilities Notification State marks all as read" time="0.005">
    </testcase>
    <testcase classname="State Management Utilities Notification State adds new notification" name="State Management Utilities Notification State adds new notification" time="0">
    </testcase>
    <testcase classname="Data Caching Utilities Cache Manager creates cache entry with correct expiry" name="Data Caching Utilities Cache Manager creates cache entry with correct expiry" time="0.001">
    </testcase>
    <testcase classname="Data Caching Utilities Cache Manager validates fresh cache" name="Data Caching Utilities Cache Manager validates fresh cache" time="0">
    </testcase>
    <testcase classname="Data Caching Utilities Cache Manager invalidates expired cache" name="Data Caching Utilities Cache Manager invalidates expired cache" time="0">
    </testcase>
    <testcase classname="Data Caching Utilities Cache Manager returns false for null cache" name="Data Caching Utilities Cache Manager returns false for null cache" time="0">
    </testcase>
    <testcase classname="Data Caching Utilities Cache Manager calculates cache age" name="Data Caching Utilities Cache Manager calculates cache age" time="0">
    </testcase>
    <testcase classname="Data Caching Utilities List Cache Operations appends items and increments page" name="Data Caching Utilities List Cache Operations appends items and increments page" time="0">
    </testcase>
    <testcase classname="Data Caching Utilities List Cache Operations prepends item to front" name="Data Caching Utilities List Cache Operations prepends item to front" time="0.001">
    </testcase>
    <testcase classname="Data Caching Utilities List Cache Operations updates existing item" name="Data Caching Utilities List Cache Operations updates existing item" time="0">
    </testcase>
    <testcase classname="Data Caching Utilities List Cache Operations removes item by id" name="Data Caching Utilities List Cache Operations removes item by id" time="0">
    </testcase>
    <testcase classname="Form State Management Form Validation State creates empty form field" name="Form State Management Form Validation State creates empty form field" time="0">
    </testcase>
    <testcase classname="Form State Management Form Validation State creates form field with initial value" name="Form State Management Form Validation State creates form field with initial value" time="0">
    </testcase>
    <testcase classname="Form State Management Form Validation State validates field with error" name="Form State Management Form Validation State validates field with error" time="0">
    </testcase>
    <testcase classname="Form State Management Form Validation State validates field without error" name="Form State Management Form Validation State validates field without error" time="0.001">
    </testcase>
    <testcase classname="Form State Management Form Validation State sets touched flag" name="Form State Management Form Validation State sets touched flag" time="0">
    </testcase>
    <testcase classname="Form State Management Form Validation State updates value and clears error" name="Form State Management Form Validation State updates value and clears error" time="0">
    </testcase>
    <testcase classname="Form State Management Form Submit State starts in idle state" name="Form State Management Form Submit State starts in idle state" time="0">
    </testcase>
    <testcase classname="Form State Management Form Submit State transitions to submitting" name="Form State Management Form Submit State transitions to submitting" time="0">
    </testcase>
    <testcase classname="Form State Management Form Submit State transitions to success" name="Form State Management Form Submit State transitions to success" time="0.001">
    </testcase>
    <testcase classname="Form State Management Form Submit State transitions to error" name="Form State Management Form Submit State transitions to error" time="0">
    </testcase>
    <testcase classname="Form State Management Form Submit State resets to initial state" name="Form State Management Form Submit State resets to initial state" time="0">
    </testcase>
    <testcase classname="Deep Comparison Utilities isEqual compares primitives" name="Deep Comparison Utilities isEqual compares primitives" time="0">
    </testcase>
    <testcase classname="Deep Comparison Utilities isEqual compares arrays" name="Deep Comparison Utilities isEqual compares arrays" time="0">
    </testcase>
    <testcase classname="Deep Comparison Utilities isEqual compares objects" name="Deep Comparison Utilities isEqual compares objects" time="0">
    </testcase>
    <testcase classname="Deep Comparison Utilities isEqual compares nested structures" name="Deep Comparison Utilities isEqual compares nested structures" time="0">
    </testcase>
    <testcase classname="Deep Comparison Utilities isEqual handles null" name="Deep Comparison Utilities isEqual handles null" time="0">
    </testcase>
    <testcase classname="Deep Comparison Utilities hasChanged detects change in specified keys" name="Deep Comparison Utilities hasChanged detects change in specified keys" time="0">
    </testcase>
    <testcase classname="Deep Comparison Utilities hasChanged detects no change" name="Deep Comparison Utilities hasChanged detects no change" time="0">
    </testcase>
  </testsuite>
  <testsuite name="Address Utilities" errors="0" failures="0" skipped="0" timestamp="2025-12-20T16:42:37" time="0.311" tests="28">
    <testcase classname="Address Utilities emptyAddress has all empty fields" name="Address Utilities emptyAddress has all empty fields" time="0.001">
    </testcase>
    <testcase classname="Address Utilities parseAddressString parses full address correctly" name="Address Utilities parseAddressString parses full address correctly" time="0">
    </testcase>
    <testcase classname="Address Utilities parseAddressString parses simple address" name="Address Utilities parseAddressString parses simple address" time="0">
    </testcase>
    <testcase classname="Address Utilities parseAddressString returns empty address for null" name="Address Utilities parseAddressString returns empty address for null" time="0">
    </testcase>
    <testcase classname="Address Utilities parseAddressString returns empty address for undefined" name="Address Utilities parseAddressString returns empty address for undefined" time="0">
    </testcase>
    <testcase classname="Address Utilities parseAddressString returns empty address for empty string" name="Address Utilities parseAddressString returns empty address for empty string" time="0">
    </testcase>
    <testcase classname="Address Utilities parseAddressString parses address with building number and door" name="Address Utilities parseAddressString parses address with building number and door" time="0.001">
    </testcase>
    <testcase classname="Address Utilities formatAddress formats complete address" name="Address Utilities formatAddress formats complete address" time="0">
    </testcase>
    <testcase classname="Address Utilities formatAddress formats address without building info" name="Address Utilities formatAddress formats address without building info" time="0">
    </testcase>
    <testcase classname="Address Utilities formatAddress formats minimal address" name="Address Utilities formatAddress formats minimal address" time="0">
    </testcase>
    <testcase classname="Address Utilities formatAddress formats empty address" name="Address Utilities formatAddress formats empty address" time="0">
    </testcase>
    <testcase classname="Address Utilities formatAddress handles building number only (no door)" name="Address Utilities formatAddress handles building number only (no door)" time="0">
    </testcase>
    <testcase classname="Address Utilities parseLocationParts extracts city, state, country" name="Address Utilities parseLocationParts extracts city, state, country" time="0">
    </testcase>
    <testcase classname="Address Utilities parseLocationParts handles null location" name="Address Utilities parseLocationParts handles null location" time="0.001">
    </testcase>
    <testcase classname="Address Utilities parseLocationParts handles simple location" name="Address Utilities parseLocationParts handles simple location" time="0">
    </testcase>
    <testcase classname="Address Utilities normalizedLocationLabel creates comma-separated label" name="Address Utilities normalizedLocationLabel creates comma-separated label" time="0">
    </testcase>
    <testcase classname="Address Utilities normalizedLocationLabel handles empty location" name="Address Utilities normalizedLocationLabel handles empty location" time="0">
    </testcase>
    <testcase classname="Address Utilities normalizedLocationLabel handles null location" name="Address Utilities normalizedLocationLabel handles null location" time="0">
    </testcase>
    <testcase classname="Address Utilities normalizedLocationLabel returns original location if parsing fails" name="Address Utilities normalizedLocationLabel returns original location if parsing fails" time="0">
    </testcase>
    <testcase classname="Address Utilities locationMatches matches on city" name="Address Utilities locationMatches matches on city" time="0.004">
    </testcase>
    <testcase classname="Address Utilities locationMatches matches on country" name="Address Utilities locationMatches matches on country" time="0">
    </testcase>
    <testcase classname="Address Utilities locationMatches matches case insensitively" name="Address Utilities locationMatches matches case insensitively" time="0.002">
    </testcase>
    <testcase classname="Address Utilities locationMatches matches multiple tokens" name="Address Utilities locationMatches matches multiple tokens" time="0.001">
    </testcase>
    <testcase classname="Address Utilities locationMatches matches comma-separated filter" name="Address Utilities locationMatches matches comma-separated filter" time="0">
    </testcase>
    <testcase classname="Address Utilities locationMatches returns true for empty filter" name="Address Utilities locationMatches returns true for empty filter" time="0">
    </testcase>
    <testcase classname="Address Utilities locationMatches returns false for non-matching filter" name="Address Utilities locationMatches returns false for non-matching filter" time="0">
    </testcase>
    <testcase classname="Address Utilities locationMatches handles partial matches" name="Address Utilities locationMatches handles partial matches" time="0.001">
    </testcase>
    <testcase classname="Address Utilities locationMatches requires all tokens to match" name="Address Utilities locationMatches requires all tokens to match" time="0">
    </testcase>
  </testsuite>
  <testsuite name="Notification Utilities" errors="0" failures="0" skipped="0" timestamp="2025-12-20T16:42:38" time="0.206" tests="28">
    <testcase classname="Notification Utilities getNotificationIcon returns correct icon for task assigned" name="Notification Utilities getNotificationIcon returns correct icon for task assigned" time="0">
    </testcase>
    <testcase classname="Notification Utilities getNotificationIcon returns correct icon for new volunteer" name="Notification Utilities getNotificationIcon returns correct icon for new volunteer" time="0">
    </testcase>
    <testcase classname="Notification Utilities getNotificationIcon returns default bell for unknown type" name="Notification Utilities getNotificationIcon returns default bell for unknown type" time="0">
    </testcase>
    <testcase classname="Notification Utilities getNotificationPriority returns high for task assigned" name="Notification Utilities getNotificationPriority returns high for task assigned" time="0.001">
    </testcase>
    <testcase classname="Notification Utilities getNotificationPriority returns medium for new comment" name="Notification Utilities getNotificationPriority returns medium for new comment" time="0">
    </testcase>
    <testcase classname="Notification Utilities getNotificationPriority returns low for follower notification" name="Notification Utilities getNotificationPriority returns low for follower notification" time="0">
    </testcase>
    <testcase classname="Notification Utilities filterUnreadNotifications filters unread notifications" name="Notification Utilities filterUnreadNotifications filters unread notifications" time="0.008">
    </testcase>
    <testcase classname="Notification Utilities filterUnreadNotifications returns empty for all read" name="Notification Utilities filterUnreadNotifications returns empty for all read" time="0">
    </testcase>
    <testcase classname="Notification Utilities filterUnreadNotifications handles empty array" name="Notification Utilities filterUnreadNotifications handles empty array" time="0">
    </testcase>
    <testcase classname="Notification Utilities groupNotificationsByDate groups notifications by date" name="Notification Utilities groupNotificationsByDate groups notifications by date" time="0.001">
    </testcase>
    <testcase classname="Notification Utilities groupNotificationsByDate handles empty array" name="Notification Utilities groupNotificationsByDate handles empty array" time="0">
    </testcase>
    <testcase classname="Notification Utilities getUnreadCount counts unread notifications" name="Notification Utilities getUnreadCount counts unread notifications" time="0">
    </testcase>
    <testcase classname="Notification Utilities getUnreadCount returns 0 for all read" name="Notification Utilities getUnreadCount returns 0 for all read" time="0">
    </testcase>
    <testcase classname="Notification Utilities getUnreadCount returns 0 for empty array" name="Notification Utilities getUnreadCount returns 0 for empty array" time="0">
    </testcase>
    <testcase classname="Notification Utilities formatNotificationBadge returns empty for 0" name="Notification Utilities formatNotificationBadge returns empty for 0" time="0">
    </testcase>
    <testcase classname="Notification Utilities formatNotificationBadge returns number string for normal count" name="Notification Utilities formatNotificationBadge returns number string for normal count" time="0">
    </testcase>
    <testcase classname="Notification Utilities formatNotificationBadge returns 99+ for high count" name="Notification Utilities formatNotificationBadge returns 99+ for high count" time="0">
    </testcase>
    <testcase classname="Notification Utilities sortNotificationsByTimestamp sorts newest first" name="Notification Utilities sortNotificationsByTimestamp sorts newest first" time="0">
    </testcase>
    <testcase classname="Notification Utilities sortNotificationsByTimestamp handles empty array" name="Notification Utilities sortNotificationsByTimestamp handles empty array" time="0.001">
    </testcase>
    <testcase classname="Notification Utilities shouldShowNotificationBanner returns true for unread notification on different screen" name="Notification Utilities shouldShowNotificationBanner returns true for unread notification on different screen" time="0">
    </testcase>
    <testcase classname="Notification Utilities shouldShowNotificationBanner returns false for read notification" name="Notification Utilities shouldShowNotificationBanner returns false for read notification" time="0">
    </testcase>
    <testcase classname="Notification Utilities shouldShowNotificationBanner returns false for task notification on task screen" name="Notification Utilities shouldShowNotificationBanner returns false for task notification on task screen" time="0">
    </testcase>
    <testcase classname="Notification Content Parsing extractTaskIdFromNotification extracts from related_task" name="Notification Content Parsing extractTaskIdFromNotification extracts from related_task" time="0">
    </testcase>
    <testcase classname="Notification Content Parsing extractTaskIdFromNotification extracts from content string" name="Notification Content Parsing extractTaskIdFromNotification extracts from content string" time="0">
    </testcase>
    <testcase classname="Notification Content Parsing extractTaskIdFromNotification returns null when not found" name="Notification Content Parsing extractTaskIdFromNotification returns null when not found" time="0.009">
    </testcase>
    <testcase classname="Notification Content Parsing getNotificationAction returns TaskDetail for task notifications" name="Notification Content Parsing getNotificationAction returns TaskDetail for task notifications" time="0">
    </testcase>
    <testcase classname="Notification Content Parsing getNotificationAction returns TaskApplicants for volunteer notification" name="Notification Content Parsing getNotificationAction returns TaskApplicants for volunteer notification" time="0">
    </testcase>
    <testcase classname="Notification Content Parsing getNotificationAction returns Notifications for unknown type" name="Notification Content Parsing getNotificationAction returns Notifications for unknown type" time="0">
    </testcase>
  </testsuite>
  <testsuite name="Task Creation Form Validation" errors="0" failures="0" skipped="0" timestamp="2025-12-20T16:42:38" time="0.176" tests="22">
    <testcase classname="Task Creation Form Validation Title Validation accepts valid title" name="Task Creation Form Validation Title Validation accepts valid title" time="0">
    </testcase>
    <testcase classname="Task Creation Form Validation Title Validation rejects empty title" name="Task Creation Form Validation Title Validation rejects empty title" time="0">
    </testcase>
    <testcase classname="Task Creation Form Validation Title Validation rejects title that is too short" name="Task Creation Form Validation Title Validation rejects title that is too short" time="0.001">
    </testcase>
    <testcase classname="Task Creation Form Validation Title Validation rejects title that is too long" name="Task Creation Form Validation Title Validation rejects title that is too long" time="0">
    </testcase>
    <testcase classname="Task Creation Form Validation Description Validation accepts valid description" name="Task Creation Form Validation Description Validation accepts valid description" time="0">
    </testcase>
    <testcase classname="Task Creation Form Validation Description Validation rejects empty description" name="Task Creation Form Validation Description Validation rejects empty description" time="0">
    </testcase>
    <testcase classname="Task Creation Form Validation Description Validation rejects description that is too short" name="Task Creation Form Validation Description Validation rejects description that is too short" time="0">
    </testcase>
    <testcase classname="Task Creation Form Validation Volunteer Count Validation accepts valid volunteer count" name="Task Creation Form Validation Volunteer Count Validation accepts valid volunteer count" time="0">
    </testcase>
    <testcase classname="Task Creation Form Validation Volunteer Count Validation rejects zero volunteers" name="Task Creation Form Validation Volunteer Count Validation rejects zero volunteers" time="0.013">
    </testcase>
    <testcase classname="Task Creation Form Validation Volunteer Count Validation rejects too many volunteers" name="Task Creation Form Validation Volunteer Count Validation rejects too many volunteers" time="0">
    </testcase>
    <testcase classname="Task Creation Form Validation Deadline Validation accepts null deadline (optional)" name="Task Creation Form Validation Deadline Validation accepts null deadline (optional)" time="0">
    </testcase>
    <testcase classname="Task Creation Form Validation Deadline Validation accepts future deadline" name="Task Creation Form Validation Deadline Validation accepts future deadline" time="0">
    </testcase>
    <testcase classname="Task Creation Form Validation Deadline Validation rejects deadline too soon" name="Task Creation Form Validation Deadline Validation rejects deadline too soon" time="0.001">
    </testcase>
    <testcase classname="Task Data Transformation transforms form data to API format" name="Task Data Transformation transforms form data to API format" time="0">
    </testcase>
    <testcase classname="Task Data Transformation includes deadline when provided" name="Task Data Transformation includes deadline when provided" time="0">
    </testcase>
    <testcase classname="Task Data Transformation includes address when provided" name="Task Data Transformation includes address when provided" time="0">
    </testcase>
    <testcase classname="Urgency Level Handling returns correct labels for all urgency levels" name="Urgency Level Handling returns correct labels for all urgency levels" time="0">
    </testcase>
    <testcase classname="Urgency Level Handling returns correct colors for all urgency levels" name="Urgency Level Handling returns correct colors for all urgency levels" time="0">
    </testcase>
    <testcase classname="Urgency Level Handling handles unknown urgency level" name="Urgency Level Handling handles unknown urgency level" time="0.001">
    </testcase>
    <testcase classname="Form Step Navigation allows proceeding from step 1 when form is valid" name="Form Step Navigation allows proceeding from step 1 when form is valid" time="0">
    </testcase>
    <testcase classname="Form Step Navigation prevents proceeding from step 1 when form is invalid" name="Form Step Navigation prevents proceeding from step 1 when form is invalid" time="0">
    </testcase>
    <testcase classname="Form Step Navigation always allows proceeding from optional steps" name="Form Step Navigation always allows proceeding from optional steps" time="0">
    </testcase>
  </testsuite>
  <testsuite name="Feed Task List Processing" errors="0" failures="0" skipped="0" timestamp="2025-12-20T16:42:38" time="0.23" tests="20">
    <testcase classname="Feed Task List Processing Status Filtering filters by OPEN status" name="Feed Task List Processing Status Filtering filters by OPEN status" time="0.001">
    </testcase>
    <testcase classname="Feed Task List Processing Status Filtering filters by IN_PROGRESS status" name="Feed Task List Processing Status Filtering filters by IN_PROGRESS status" time="0">
    </testcase>
    <testcase classname="Feed Task List Processing Status Filtering filters by COMPLETED status" name="Feed Task List Processing Status Filtering filters by COMPLETED status" time="0">
    </testcase>
    <testcase classname="Feed Task List Processing Status Filtering returns all tasks when status is ALL" name="Feed Task List Processing Status Filtering returns all tasks when status is ALL" time="0">
    </testcase>
    <testcase classname="Feed Task List Processing Status Filtering returns all tasks when status is empty" name="Feed Task List Processing Status Filtering returns all tasks when status is empty" time="0">
    </testcase>
    <testcase classname="Feed Task List Processing Urgency Filtering filters by high urgency (3)" name="Feed Task List Processing Urgency Filtering filters by high urgency (3)" time="0.001">
    </testcase>
    <testcase classname="Feed Task List Processing Urgency Filtering filters by medium urgency (2)" name="Feed Task List Processing Urgency Filtering filters by medium urgency (2)" time="0">
    </testcase>
    <testcase classname="Feed Task List Processing Urgency Filtering filters by low urgency (1)" name="Feed Task List Processing Urgency Filtering filters by low urgency (1)" time="0">
    </testcase>
    <testcase classname="Feed Task List Processing Combined Filtering filters by both status and urgency" name="Feed Task List Processing Combined Filtering filters by both status and urgency" time="0">
    </testcase>
    <testcase classname="Feed Task List Processing Combined Filtering handles no matching results" name="Feed Task List Processing Combined Filtering handles no matching results" time="0">
    </testcase>
    <testcase classname="Feed Pagination returns first page correctly" name="Feed Pagination returns first page correctly" time="0">
    </testcase>
    <testcase classname="Feed Pagination returns second page correctly" name="Feed Pagination returns second page correctly" time="0">
    </testcase>
    <testcase classname="Feed Pagination returns last page with remaining items" name="Feed Pagination returns last page with remaining items" time="0">
    </testcase>
    <testcase classname="Feed Pagination calculates total pages correctly" name="Feed Pagination calculates total pages correctly" time="0">
    </testcase>
    <testcase classname="Feed Sorting sorts by newest first" name="Feed Sorting sorts by newest first" time="0.001">
    </testcase>
    <testcase classname="Feed Sorting sorts by highest urgency first" name="Feed Sorting sorts by highest urgency first" time="0">
    </testcase>
    <testcase classname="Feed Sorting sorts by nearest distance first" name="Feed Sorting sorts by nearest distance first" time="0">
    </testcase>
    <testcase classname="Task Status Display returns correct color for each status" name="Task Status Display returns correct color for each status" time="0">
    </testcase>
    <testcase classname="Task Status Display returns gray for unknown status" name="Task Status Display returns gray for unknown status" time="0">
    </testcase>
    <testcase classname="Task Status Display returns correct label for each status" name="Task Status Display returns correct label for each status" time="0">
    </testcase>
  </testsuite>
  <testsuite name="API Validation Helpers" errors="0" failures="0" skipped="0" timestamp="2025-12-20T16:42:38" time="0.1" tests="28">
    <testcase classname="API Validation Helpers Phone Number Validation accepts valid phone number with country code" name="API Validation Helpers Phone Number Validation accepts valid phone number with country code" time="0">
    </testcase>
    <testcase classname="API Validation Helpers Phone Number Validation accepts valid phone number without country code" name="API Validation Helpers Phone Number Validation accepts valid phone number without country code" time="0">
    </testcase>
    <testcase classname="API Validation Helpers Phone Number Validation rejects phone number that is too short" name="API Validation Helpers Phone Number Validation rejects phone number that is too short" time="0">
    </testcase>
    <testcase classname="API Validation Helpers Phone Number Validation rejects phone number with letters" name="API Validation Helpers Phone Number Validation rejects phone number with letters" time="0">
    </testcase>
    <testcase classname="API Validation Helpers Phone Number Validation rejects phone number that is too long" name="API Validation Helpers Phone Number Validation rejects phone number that is too long" time="0">
    </testcase>
    <testcase classname="API Validation Helpers Password Validation validates strong password correctly" name="API Validation Helpers Password Validation validates strong password correctly" time="0.001">
    </testcase>
    <testcase classname="API Validation Helpers Password Validation fails password without uppercase" name="API Validation Helpers Password Validation fails password without uppercase" time="0">
    </testcase>
    <testcase classname="API Validation Helpers Password Validation fails password without lowercase" name="API Validation Helpers Password Validation fails password without lowercase" time="0">
    </testcase>
    <testcase classname="API Validation Helpers Password Validation fails password without number" name="API Validation Helpers Password Validation fails password without number" time="0">
    </testcase>
    <testcase classname="API Validation Helpers Password Validation fails password without special character" name="API Validation Helpers Password Validation fails password without special character" time="0">
    </testcase>
    <testcase classname="API Validation Helpers Password Validation fails password that is too short" name="API Validation Helpers Password Validation fails password that is too short" time="0">
    </testcase>
    <testcase classname="API Validation Helpers Email Validation accepts valid email" name="API Validation Helpers Email Validation accepts valid email" time="0">
    </testcase>
    <testcase classname="API Validation Helpers Email Validation accepts email with subdomain" name="API Validation Helpers Email Validation accepts email with subdomain" time="0">
    </testcase>
    <testcase classname="API Validation Helpers Email Validation rejects email without @" name="API Validation Helpers Email Validation rejects email without @" time="0">
    </testcase>
    <testcase classname="API Validation Helpers Email Validation rejects email without domain" name="API Validation Helpers Email Validation rejects email without domain" time="0">
    </testcase>
    <testcase classname="API Validation Helpers Email Validation rejects email with spaces" name="API Validation Helpers Email Validation rejects email with spaces" time="0">
    </testcase>
    <testcase classname="API Validation Helpers Name Parsing parses first and last name correctly" name="API Validation Helpers Name Parsing parses first and last name correctly" time="0">
    </testcase>
    <testcase classname="API Validation Helpers Name Parsing handles multiple surnames" name="API Validation Helpers Name Parsing handles multiple surnames" time="0">
    </testcase>
    <testcase classname="API Validation Helpers Name Parsing handles single name (no surname)" name="API Validation Helpers Name Parsing handles single name (no surname)" time="0">
    </testcase>
    <testcase classname="API Validation Helpers Name Parsing trims whitespace" name="API Validation Helpers Name Parsing trims whitespace" time="0">
    </testcase>
    <testcase classname="Task Response Normalization handles array response" name="Task Response Normalization handles array response" time="0">
    </testcase>
    <testcase classname="Task Response Normalization handles paginated response" name="Task Response Normalization handles paginated response" time="0">
    </testcase>
    <testcase classname="Task Response Normalization handles wrapped data response" name="Task Response Normalization handles wrapped data response" time="0">
    </testcase>
    <testcase classname="Task Response Normalization returns empty for null/undefined" name="Task Response Normalization returns empty for null/undefined" time="0.001">
    </testcase>
    <testcase classname="Urgency Formatting formats high urgency" name="Urgency Formatting formats high urgency" time="0">
    </testcase>
    <testcase classname="Urgency Formatting formats medium urgency" name="Urgency Formatting formats medium urgency" time="0">
    </testcase>
    <testcase classname="Urgency Formatting formats low urgency" name="Urgency Formatting formats low urgency" time="0">
    </testcase>
    <testcase classname="Urgency Formatting defaults to medium for unknown value" name="Urgency Formatting defaults to medium for unknown value" time="0">
    </testcase>
  </testsuite>
  <testsuite name="Authentication State Management" errors="0" failures="0" skipped="0" timestamp="2025-12-20T16:42:38" time="0.107" tests="12">
    <testcase classname="Authentication State Management Token Storage saves token to AsyncStorage" name="Authentication State Management Token Storage saves token to AsyncStorage" time="0.001">
    </testcase>
    <testcase classname="Authentication State Management Token Storage removes token from AsyncStorage" name="Authentication State Management Token Storage removes token from AsyncStorage" time="0">
    </testcase>
    <testcase classname="Authentication State Management Token Storage stores user profile JSON" name="Authentication State Management Token Storage stores user profile JSON" time="0.001">
    </testcase>
    <testcase classname="Authentication State Management Login State Checks returns false when no token exists" name="Authentication State Management Login State Checks returns false when no token exists" time="0">
    </testcase>
    <testcase classname="Authentication State Management Login State Checks returns true when token exists" name="Authentication State Management Login State Checks returns true when token exists" time="0.011">
    </testcase>
    <testcase classname="Authentication State Management Logout Flow clears all auth data on logout" name="Authentication State Management Logout Flow clears all auth data on logout" time="0">
    </testcase>
    <testcase classname="Auth Header Construction creates correct auth header with token" name="Auth Header Construction creates correct auth header with token" time="0">
    </testcase>
    <testcase classname="Auth Header Construction creates correct Bearer auth header" name="Auth Header Construction creates correct Bearer auth header" time="0">
    </testcase>
    <testcase classname="User Profile Parsing parses valid user profile" name="User Profile Parsing parses valid user profile" time="0.003">
    </testcase>
    <testcase classname="User Profile Parsing handles missing optional fields" name="User Profile Parsing handles missing optional fields" time="0.008">
    </testcase>
    <testcase classname="Session Validation returns true for null token" name="Session Validation returns true for null token" time="0">
    </testcase>
    <testcase classname="Session Validation returns false for valid token" name="Session Validation returns false for valid token" time="0">
    </testcase>
  </testsuite>
  <testsuite name="Profile Data Processing" errors="0" failures="0" skipped="0" timestamp="2025-12-20T16:42:38" time="0.136" tests="28">
    <testcase classname="Profile Data Processing User Display Name returns full name when both parts available" name="Profile Data Processing User Display Name returns full name when both parts available" time="0.003">
    </testcase>
    <testcase classname="Profile Data Processing User Display Name returns first name only when surname missing" name="Profile Data Processing User Display Name returns first name only when surname missing" time="0.005">
    </testcase>
    <testcase classname="Profile Data Processing User Display Name returns username when name missing" name="Profile Data Processing User Display Name returns username when name missing" time="0">
    </testcase>
    <testcase classname="Profile Data Processing User Display Name returns Anonymous when no info available" name="Profile Data Processing User Display Name returns Anonymous when no info available" time="0.011">
    </testcase>
    <testcase classname="Profile Data Processing Profile Initials returns two initials for full name" name="Profile Data Processing Profile Initials returns two initials for full name" time="0.001">
    </testcase>
    <testcase classname="Profile Data Processing Profile Initials returns one initial for single name" name="Profile Data Processing Profile Initials returns one initial for single name" time="0">
    </testcase>
    <testcase classname="Profile Data Processing Profile Initials handles multiple names" name="Profile Data Processing Profile Initials handles multiple names" time="0">
    </testcase>
    <testcase classname="Profile Data Processing Profile Initials handles empty name" name="Profile Data Processing Profile Initials handles empty name" time="0">
    </testcase>
    <testcase classname="Profile Data Processing Profile Initials converts to uppercase" name="Profile Data Processing Profile Initials converts to uppercase" time="0">
    </testcase>
    <testcase classname="Profile Statistics Stats Calculation calculates total created tasks" name="Profile Statistics Stats Calculation calculates total created tasks" time="0">
    </testcase>
    <testcase classname="Profile Statistics Stats Calculation calculates completed created tasks" name="Profile Statistics Stats Calculation calculates completed created tasks" time="0">
    </testcase>
    <testcase classname="Profile Statistics Stats Calculation calculates total volunteered tasks" name="Profile Statistics Stats Calculation calculates total volunteered tasks" time="0">
    </testcase>
    <testcase classname="Profile Statistics Stats Calculation calculates completed volunteered tasks" name="Profile Statistics Stats Calculation calculates completed volunteered tasks" time="0">
    </testcase>
    <testcase classname="Profile Statistics Rating Display formats rating with single review" name="Profile Statistics Rating Display formats rating with single review" time="0">
    </testcase>
    <testcase classname="Profile Statistics Rating Display formats rating with multiple reviews" name="Profile Statistics Rating Display formats rating with multiple reviews" time="0.001">
    </testcase>
    <testcase classname="Profile Statistics Rating Display handles no ratings" name="Profile Statistics Rating Display handles no ratings" time="0">
    </testcase>
    <testcase classname="Profile Statistics Completion Rate calculates correct percentage" name="Profile Statistics Completion Rate calculates correct percentage" time="0">
    </testcase>
    <testcase classname="Profile Statistics Completion Rate handles zero total" name="Profile Statistics Completion Rate handles zero total" time="0">
    </testcase>
    <testcase classname="Profile Statistics Completion Rate rounds to whole number" name="Profile Statistics Completion Rate rounds to whole number" time="0">
    </testcase>
    <testcase classname="Profile Preferences Notification Settings has all notification types enabled by default" name="Profile Preferences Notification Settings has all notification types enabled by default" time="0">
    </testcase>
    <testcase classname="Profile Preferences Notification Settings can toggle individual preferences" name="Profile Preferences Notification Settings can toggle individual preferences" time="0">
    </testcase>
    <testcase classname="Profile Preferences Privacy Settings validates when email is shown" name="Profile Preferences Privacy Settings validates when email is shown" time="0">
    </testcase>
    <testcase classname="Profile Preferences Privacy Settings validates when phone is shown" name="Profile Preferences Privacy Settings validates when phone is shown" time="0">
    </testcase>
    <testcase classname="Profile Preferences Privacy Settings fails when no contact is visible" name="Profile Preferences Privacy Settings fails when no contact is visible" time="0.001">
    </testcase>
    <testcase classname="Profile Edit Validation validates correct update" name="Profile Edit Validation validates correct update" time="0">
    </testcase>
    <testcase classname="Profile Edit Validation rejects short name" name="Profile Edit Validation rejects short name" time="0">
    </testcase>
    <testcase classname="Profile Edit Validation rejects invalid phone" name="Profile Edit Validation rejects invalid phone" time="0">
    </testcase>
    <testcase classname="Profile Edit Validation rejects long bio" name="Profile Edit Validation rejects long bio" time="0">
    </testcase>
  </testsuite>
  <testsuite name="RequestCard Component" errors="0" failures="8" skipped="0" timestamp="2025-12-20T16:42:33" time="6.248" tests="25">
    <testcase classname="RequestCard Component renders with default props" name="RequestCard Component renders with default props" time="0.8">
    </testcase>
    <testcase classname="RequestCard Component renders with custom title" name="RequestCard Component renders with custom title" time="0.009">
    </testcase>
    <testcase classname="RequestCard Component renders distance and time" name="RequestCard Component renders distance and time" time="0.015">
    </testcase>
    <testcase classname="RequestCard Component renders N/A for missing distance/time" name="RequestCard Component renders N/A for missing distance/time" time="0.002">
    </testcase>
    <testcase classname="RequestCard Component renders category label" name="RequestCard Component renders category label" time="0.003">
    </testcase>
    <testcase classname="RequestCard Component renders default category" name="RequestCard Component renders default category" time="0.013">
    </testcase>
    <testcase classname="RequestCard Component renders urgency level" name="RequestCard Component renders urgency level" time="0.005">
    </testcase>
    <testcase classname="RequestCard Component renders status for non-past urgency" name="RequestCard Component renders status for non-past urgency" time="0.005">
    </testcase>
    <testcase classname="RequestCard Component renders past status with star prefix" name="RequestCard Component renders past status with star prefix" time="0.007">
    </testcase>
    <testcase classname="RequestCard Component trims empty title" name="RequestCard Component trims empty title" time="0.004">
    </testcase>
    <testcase classname="RequestCard Component renders with all props" name="RequestCard Component renders with all props" time="0.005">
    </testcase>
    <testcase classname="CategoryCard Component renders with title" name="CategoryCard Component renders with title" time="1.671">
    </testcase>
    <testcase classname="CategoryCard Component renders with badge number" name="CategoryCard Component renders with badge number" time="0.006">
    </testcase>
    <testcase classname="CategoryCard Component renders category title text" name="CategoryCard Component renders category title text" time="0.009">
    </testcase>
    <testcase classname="CategoryCard Component renders with zero badge" name="CategoryCard Component renders with zero badge" time="0.002">
    </testcase>
    <testcase classname="RatingPill Component renders with rating" name="RatingPill Component renders with rating" time="0.003">
      <failure>Error: Unable to find an element with text: 4.5

&lt;View&gt;
  &lt;Ionicons /&gt;
  &lt;Text&gt;
    0.0
     (
    profile.reviewsCount
    )
  &lt;/Text&gt;
&lt;/View&gt;
    at Object.getByText (/Users/alperen/Downloads/mobil/bounswe2025group8/app/mobile/__tests__/component-integration.test.tsx:162:16)
    at Promise.then.completed (/Users/alperen/Downloads/mobil/bounswe2025group8/app/mobile/node_modules/jest-config/node_modules/jest-circus/build/utils.js:298:28)
    at new Promise (&lt;anonymous&gt;)
    at callAsyncCircusFn (/Users/alperen/Downloads/mobil/bounswe2025group8/app/mobile/node_modules/jest-config/node_modules/jest-circus/build/utils.js:231:10)
    at _callCircusTest (/Users/alperen/Downloads/mobil/bounswe2025group8/app/mobile/node_modules/jest-config/node_modules/jest-circus/build/run.js:316:40)
    at _runTest (/Users/alperen/Downloads/mobil/bounswe2025group8/app/mobile/node_modules/jest-config/node_modules/jest-circus/build/run.js:252:3)
    at _runTestsForDescribeBlock (/Users/alperen/Downloads/mobil/bounswe2025group8/app/mobile/node_modules/jest-config/node_modules/jest-circus/build/run.js:126:9)
    at _runTestsForDescribeBlock (/Users/alperen/Downloads/mobil/bounswe2025group8/app/mobile/node_modules/jest-config/node_modules/jest-circus/build/run.js:121:9)
    at run (/Users/alperen/Downloads/mobil/bounswe2025group8/app/mobile/node_modules/jest-config/node_modules/jest-circus/build/run.js:71:3)
    at runAndTransformResultsToJestFormat (/Users/alperen/Downloads/mobil/bounswe2025group8/app/mobile/node_modules/jest-config/node_modules/jest-circus/build/legacy-code-todo-rewrite/jestAdapterInit.js:122:21)
    at jestAdapter (/Users/alperen/Downloads/mobil/bounswe2025group8/app/mobile/node_modules/jest-config/node_modules/jest-circus/build/legacy-code-todo-rewrite/jestAdapter.js:79:19)
    at runTestInternal (/Users/alperen/Downloads/mobil/bounswe2025group8/app/mobile/node_modules/jest-runner/build/runTest.js:367:16)
    at runTest (/Users/alperen/Downloads/mobil/bounswe2025group8/app/mobile/node_modules/jest-runner/build/runTest.js:444:34)
    at Object.worker (/Users/alperen/Downloads/mobil/bounswe2025group8/app/mobile/node_modules/jest-runner/build/testWorker.js:106:12)</failure>
    </testcase>
    <testcase classname="RatingPill Component renders star icon" name="RatingPill Component renders star icon" time="0.023">
      <failure>Error: Unable to find an element with text: 

&lt;View&gt;
  &lt;Ionicons /&gt;
  &lt;Text&gt;
    0.0
     (
    profile.reviewsCount
    )
  &lt;/Text&gt;
&lt;/View&gt;
    at Object.getByText (/Users/alperen/Downloads/mobil/bounswe2025group8/app/mobile/__tests__/component-integration.test.tsx:167:16)
    at Promise.then.completed (/Users/alperen/Downloads/mobil/bounswe2025group8/app/mobile/node_modules/jest-config/node_modules/jest-circus/build/utils.js:298:28)
    at new Promise (&lt;anonymous&gt;)
    at callAsyncCircusFn (/Users/alperen/Downloads/mobil/bounswe2025group8/app/mobile/node_modules/jest-config/node_modules/jest-circus/build/utils.js:231:10)
    at _callCircusTest (/Users/alperen/Downloads/mobil/bounswe2025group8/app/mobile/node_modules/jest-config/node_modules/jest-circus/build/run.js:316:40)
    at _runTest (/Users/alperen/Downloads/mobil/bounswe2025group8/app/mobile/node_modules/jest-config/node_modules/jest-circus/build/run.js:252:3)
    at _runTestsForDescribeBlock (/Users/alperen/Downloads/mobil/bounswe2025group8/app/mobile/node_modules/jest-config/node_modules/jest-circus/build/run.js:126:9)
    at _runTestsForDescribeBlock (/Users/alperen/Downloads/mobil/bounswe2025group8/app/mobile/node_modules/jest-config/node_modules/jest-circus/build/run.js:121:9)
    at run (/Users/alperen/Downloads/mobil/bounswe2025group8/app/mobile/node_modules/jest-config/node_modules/jest-circus/build/run.js:71:3)
    at runAndTransformResultsToJestFormat (/Users/alperen/Downloads/mobil/bounswe2025group8/app/mobile/node_modules/jest-config/node_modules/jest-circus/build/legacy-code-todo-rewrite/jestAdapterInit.js:122:21)
    at jestAdapter (/Users/alperen/Downloads/mobil/bounswe2025group8/app/mobile/node_modules/jest-config/node_modules/jest-circus/build/legacy-code-todo-rewrite/jestAdapter.js:79:19)
    at runTestInternal (/Users/alperen/Downloads/mobil/bounswe2025group8/app/mobile/node_modules/jest-runner/build/runTest.js:367:16)
    at runTest (/Users/alperen/Downloads/mobil/bounswe2025group8/app/mobile/node_modules/jest-runner/build/runTest.js:444:34)
    at Object.worker (/Users/alperen/Downloads/mobil/bounswe2025group8/app/mobile/node_modules/jest-runner/build/testWorker.js:106:12)</failure>
    </testcase>
    <testcase classname="RatingPill Component renders integer rating" name="RatingPill Component renders integer rating" time="0.004">
      <failure>Error: Unable to find an element with text: 5

&lt;View&gt;
  &lt;Ionicons /&gt;
  &lt;Text&gt;
    0.0
     (
    profile.reviewsCount
    )
  &lt;/Text&gt;
&lt;/View&gt;
    at Object.getByText (/Users/alperen/Downloads/mobil/bounswe2025group8/app/mobile/__tests__/component-integration.test.tsx:172:16)
    at Promise.then.completed (/Users/alperen/Downloads/mobil/bounswe2025group8/app/mobile/node_modules/jest-config/node_modules/jest-circus/build/utils.js:298:28)
    at new Promise (&lt;anonymous&gt;)
    at callAsyncCircusFn (/Users/alperen/Downloads/mobil/bounswe2025group8/app/mobile/node_modules/jest-config/node_modules/jest-circus/build/utils.js:231:10)
    at _callCircusTest (/Users/alperen/Downloads/mobil/bounswe2025group8/app/mobile/node_modules/jest-config/node_modules/jest-circus/build/run.js:316:40)
    at _runTest (/Users/alperen/Downloads/mobil/bounswe2025group8/app/mobile/node_modules/jest-config/node_modules/jest-circus/build/run.js:252:3)
    at _runTestsForDescribeBlock (/Users/alperen/Downloads/mobil/bounswe2025group8/app/mobile/node_modules/jest-config/node_modules/jest-circus/build/run.js:126:9)
    at _runTestsForDescribeBlock (/Users/alperen/Downloads/mobil/bounswe2025group8/app/mobile/node_modules/jest-config/node_modules/jest-circus/build/run.js:121:9)
    at run (/Users/alperen/Downloads/mobil/bounswe2025group8/app/mobile/node_modules/jest-config/node_modules/jest-circus/build/run.js:71:3)
    at runAndTransformResultsToJestFormat (/Users/alperen/Downloads/mobil/bounswe2025group8/app/mobile/node_modules/jest-config/node_modules/jest-circus/build/legacy-code-todo-rewrite/jestAdapterInit.js:122:21)
    at jestAdapter (/Users/alperen/Downloads/mobil/bounswe2025group8/app/mobile/node_modules/jest-config/node_modules/jest-circus/build/legacy-code-todo-rewrite/jestAdapter.js:79:19)
    at runTestInternal (/Users/alperen/Downloads/mobil/bounswe2025group8/app/mobile/node_modules/jest-runner/build/runTest.js:367:16)
    at runTest (/Users/alperen/Downloads/mobil/bounswe2025group8/app/mobile/node_modules/jest-runner/build/runTest.js:444:34)
    at Object.worker (/Users/alperen/Downloads/mobil/bounswe2025group8/app/mobile/node_modules/jest-runner/build/testWorker.js:106:12)</failure>
    </testcase>
    <testcase classname="Component Props Edge Cases RequestCard handles undefined props gracefully" name="Component Props Edge Cases RequestCard handles undefined props gracefully" time="0.008">
    </testcase>
    <testcase classname="Component Props Edge Cases RequestCard handles null-like values" name="Component Props Edge Cases RequestCard handles null-like values" time="0.002">
    </testcase>
    <testcase classname="Component Props Edge Cases RequestCard with onPress prop" name="Component Props Edge Cases RequestCard with onPress prop" time="0.002">
      <failure>Error: &apos;container&apos; property has been renamed to &apos;UNSAFE_root&apos;.

Consider using &apos;root&apos; property which returns root host element.
    at Object.get (/Users/alperen/Downloads/mobil/bounswe2025group8/app/mobile/node_modules/@testing-library/react-native/src/render.tsx:150:13)
    at Object.container (/Users/alperen/Downloads/mobil/bounswe2025group8/app/mobile/__tests__/component-integration.test.tsx:205:17)
    at Promise.then.completed (/Users/alperen/Downloads/mobil/bounswe2025group8/app/mobile/node_modules/jest-config/node_modules/jest-circus/build/utils.js:298:28)
    at new Promise (&lt;anonymous&gt;)
    at callAsyncCircusFn (/Users/alperen/Downloads/mobil/bounswe2025group8/app/mobile/node_modules/jest-config/node_modules/jest-circus/build/utils.js:231:10)
    at _callCircusTest (/Users/alperen/Downloads/mobil/bounswe2025group8/app/mobile/node_modules/jest-config/node_modules/jest-circus/build/run.js:316:40)
    at _runTest (/Users/alperen/Downloads/mobil/bounswe2025group8/app/mobile/node_modules/jest-config/node_modules/jest-circus/build/run.js:252:3)
    at _runTestsForDescribeBlock (/Users/alperen/Downloads/mobil/bounswe2025group8/app/mobile/node_modules/jest-config/node_modules/jest-circus/build/run.js:126:9)
    at _runTestsForDescribeBlock (/Users/alperen/Downloads/mobil/bounswe2025group8/app/mobile/node_modules/jest-config/node_modules/jest-circus/build/run.js:121:9)
    at run (/Users/alperen/Downloads/mobil/bounswe2025group8/app/mobile/node_modules/jest-config/node_modules/jest-circus/build/run.js:71:3)
    at runAndTransformResultsToJestFormat (/Users/alperen/Downloads/mobil/bounswe2025group8/app/mobile/node_modules/jest-config/node_modules/jest-circus/build/legacy-code-todo-rewrite/jestAdapterInit.js:122:21)
    at jestAdapter (/Users/alperen/Downloads/mobil/bounswe2025group8/app/mobile/node_modules/jest-config/node_modules/jest-circus/build/legacy-code-todo-rewrite/jestAdapter.js:79:19)
    at runTestInternal (/Users/alperen/Downloads/mobil/bounswe2025group8/app/mobile/node_modules/jest-runner/build/runTest.js:367:16)
    at runTest (/Users/alperen/Downloads/mobil/bounswe2025group8/app/mobile/node_modules/jest-runner/build/runTest.js:444:34)
    at Object.worker (/Users/alperen/Downloads/mobil/bounswe2025group8/app/mobile/node_modules/jest-runner/build/testWorker.js:106:12)</failure>
    </testcase>
    <testcase classname="Component Props Edge Cases RequestCard without onPress prop" name="Component Props Edge Cases RequestCard without onPress prop" time="0.001">
      <failure>Error: &apos;container&apos; property has been renamed to &apos;UNSAFE_root&apos;.

Consider using &apos;root&apos; property which returns root host element.
    at Object.get (/Users/alperen/Downloads/mobil/bounswe2025group8/app/mobile/node_modules/@testing-library/react-native/src/render.tsx:150:13)
    at Object.container (/Users/alperen/Downloads/mobil/bounswe2025group8/app/mobile/__tests__/component-integration.test.tsx:212:17)
    at Promise.then.completed (/Users/alperen/Downloads/mobil/bounswe2025group8/app/mobile/node_modules/jest-config/node_modules/jest-circus/build/utils.js:298:28)
    at new Promise (&lt;anonymous&gt;)
    at callAsyncCircusFn (/Users/alperen/Downloads/mobil/bounswe2025group8/app/mobile/node_modules/jest-config/node_modules/jest-circus/build/utils.js:231:10)
    at _callCircusTest (/Users/alperen/Downloads/mobil/bounswe2025group8/app/mobile/node_modules/jest-config/node_modules/jest-circus/build/run.js:316:40)
    at _runTest (/Users/alperen/Downloads/mobil/bounswe2025group8/app/mobile/node_modules/jest-config/node_modules/jest-circus/build/run.js:252:3)
    at _runTestsForDescribeBlock (/Users/alperen/Downloads/mobil/bounswe2025group8/app/mobile/node_modules/jest-config/node_modules/jest-circus/build/run.js:126:9)
    at _runTestsForDescribeBlock (/Users/alperen/Downloads/mobil/bounswe2025group8/app/mobile/node_modules/jest-config/node_modules/jest-circus/build/run.js:121:9)
    at run (/Users/alperen/Downloads/mobil/bounswe2025group8/app/mobile/node_modules/jest-config/node_modules/jest-circus/build/run.js:71:3)
    at runAndTransformResultsToJestFormat (/Users/alperen/Downloads/mobil/bounswe2025group8/app/mobile/node_modules/jest-config/node_modules/jest-circus/build/legacy-code-todo-rewrite/jestAdapterInit.js:122:21)
    at jestAdapter (/Users/alperen/Downloads/mobil/bounswe2025group8/app/mobile/node_modules/jest-config/node_modules/jest-circus/build/legacy-code-todo-rewrite/jestAdapter.js:79:19)
    at runTestInternal (/Users/alperen/Downloads/mobil/bounswe2025group8/app/mobile/node_modules/jest-runner/build/runTest.js:367:16)
    at runTest (/Users/alperen/Downloads/mobil/bounswe2025group8/app/mobile/node_modules/jest-runner/build/runTest.js:444:34)
    at Object.worker (/Users/alperen/Downloads/mobil/bounswe2025group8/app/mobile/node_modules/jest-runner/build/testWorker.js:106:12)</failure>
    </testcase>
    <testcase classname="Theme Color Application RequestCard applies theme colors" name="Theme Color Application RequestCard applies theme colors" time="0.001">
      <failure>Error: &apos;container&apos; property has been renamed to &apos;UNSAFE_root&apos;.

Consider using &apos;root&apos; property which returns root host element.
    at Object.get (/Users/alperen/Downloads/mobil/bounswe2025group8/app/mobile/node_modules/@testing-library/react-native/src/render.tsx:150:13)
    at Object.container (/Users/alperen/Downloads/mobil/bounswe2025group8/app/mobile/__tests__/component-integration.test.tsx:223:17)
    at Promise.then.completed (/Users/alperen/Downloads/mobil/bounswe2025group8/app/mobile/node_modules/jest-config/node_modules/jest-circus/build/utils.js:298:28)
    at new Promise (&lt;anonymous&gt;)
    at callAsyncCircusFn (/Users/alperen/Downloads/mobil/bounswe2025group8/app/mobile/node_modules/jest-config/node_modules/jest-circus/build/utils.js:231:10)
    at _callCircusTest (/Users/alperen/Downloads/mobil/bounswe2025group8/app/mobile/node_modules/jest-config/node_modules/jest-circus/build/run.js:316:40)
    at _runTest (/Users/alperen/Downloads/mobil/bounswe2025group8/app/mobile/node_modules/jest-config/node_modules/jest-circus/build/run.js:252:3)
    at _runTestsForDescribeBlock (/Users/alperen/Downloads/mobil/bounswe2025group8/app/mobile/node_modules/jest-config/node_modules/jest-circus/build/run.js:126:9)
    at _runTestsForDescribeBlock (/Users/alperen/Downloads/mobil/bounswe2025group8/app/mobile/node_modules/jest-config/node_modules/jest-circus/build/run.js:121:9)
    at run (/Users/alperen/Downloads/mobil/bounswe2025group8/app/mobile/node_modules/jest-config/node_modules/jest-circus/build/run.js:71:3)
    at runAndTransformResultsToJestFormat (/Users/alperen/Downloads/mobil/bounswe2025group8/app/mobile/node_modules/jest-config/node_modules/jest-circus/build/legacy-code-todo-rewrite/jestAdapterInit.js:122:21)
    at jestAdapter (/Users/alperen/Downloads/mobil/bounswe2025group8/app/mobile/node_modules/jest-config/node_modules/jest-circus/build/legacy-code-todo-rewrite/jestAdapter.js:79:19)
    at runTestInternal (/Users/alperen/Downloads/mobil/bounswe2025group8/app/mobile/node_modules/jest-runner/build/runTest.js:367:16)
    at runTest (/Users/alperen/Downloads/mobil/bounswe2025group8/app/mobile/node_modules/jest-runner/build/runTest.js:444:34)
    at Object.worker (/Users/alperen/Downloads/mobil/bounswe2025group8/app/mobile/node_modules/jest-runner/build/testWorker.js:106:12)</failure>
    </testcase>
    <testcase classname="Theme Color Application CategoryCard applies theme colors" name="Theme Color Application CategoryCard applies theme colors" time="0.001">
      <failure>Error: &apos;container&apos; property has been renamed to &apos;UNSAFE_root&apos;.

Consider using &apos;root&apos; property which returns root host element.
    at Object.get (/Users/alperen/Downloads/mobil/bounswe2025group8/app/mobile/node_modules/@testing-library/react-native/src/render.tsx:150:13)
    at Object.container (/Users/alperen/Downloads/mobil/bounswe2025group8/app/mobile/__tests__/component-integration.test.tsx:228:17)
    at Promise.then.completed (/Users/alperen/Downloads/mobil/bounswe2025group8/app/mobile/node_modules/jest-config/node_modules/jest-circus/build/utils.js:298:28)
    at new Promise (&lt;anonymous&gt;)
    at callAsyncCircusFn (/Users/alperen/Downloads/mobil/bounswe2025group8/app/mobile/node_modules/jest-config/node_modules/jest-circus/build/utils.js:231:10)
    at _callCircusTest (/Users/alperen/Downloads/mobil/bounswe2025group8/app/mobile/node_modules/jest-config/node_modules/jest-circus/build/run.js:316:40)
    at _runTest (/Users/alperen/Downloads/mobil/bounswe2025group8/app/mobile/node_modules/jest-config/node_modules/jest-circus/build/run.js:252:3)
    at _runTestsForDescribeBlock (/Users/alperen/Downloads/mobil/bounswe2025group8/app/mobile/node_modules/jest-config/node_modules/jest-circus/build/run.js:126:9)
    at _runTestsForDescribeBlock (/Users/alperen/Downloads/mobil/bounswe2025group8/app/mobile/node_modules/jest-config/node_modules/jest-circus/build/run.js:121:9)
    at run (/Users/alperen/Downloads/mobil/bounswe2025group8/app/mobile/node_modules/jest-config/node_modules/jest-circus/build/run.js:71:3)
    at runAndTransformResultsToJestFormat (/Users/alperen/Downloads/mobil/bounswe2025group8/app/mobile/node_modules/jest-config/node_modules/jest-circus/build/legacy-code-todo-rewrite/jestAdapterInit.js:122:21)
    at jestAdapter (/Users/alperen/Downloads/mobil/bounswe2025group8/app/mobile/node_modules/jest-config/node_modules/jest-circus/build/legacy-code-todo-rewrite/jestAdapter.js:79:19)
    at runTestInternal (/Users/alperen/Downloads/mobil/bounswe2025group8/app/mobile/node_modules/jest-runner/build/runTest.js:367:16)
    at runTest (/Users/alperen/Downloads/mobil/bounswe2025group8/app/mobile/node_modules/jest-runner/build/runTest.js:444:34)
    at Object.worker (/Users/alperen/Downloads/mobil/bounswe2025group8/app/mobile/node_modules/jest-runner/build/testWorker.js:106:12)</failure>
    </testcase>
    <testcase classname="Theme Color Application RatingPill applies theme colors" name="Theme Color Application RatingPill applies theme colors" time="0.001">
      <failure>Error: &apos;container&apos; property has been renamed to &apos;UNSAFE_root&apos;.

Consider using &apos;root&apos; property which returns root host element.
    at Object.get (/Users/alperen/Downloads/mobil/bounswe2025group8/app/mobile/node_modules/@testing-library/react-native/src/render.tsx:150:13)
    at Object.container (/Users/alperen/Downloads/mobil/bounswe2025group8/app/mobile/__tests__/component-integration.test.tsx:235:17)
    at Promise.then.completed (/Users/alperen/Downloads/mobil/bounswe2025group8/app/mobile/node_modules/jest-config/node_modules/jest-circus/build/utils.js:298:28)
    at new Promise (&lt;anonymous&gt;)
    at callAsyncCircusFn (/Users/alperen/Downloads/mobil/bounswe2025group8/app/mobile/node_modules/jest-config/node_modules/jest-circus/build/utils.js:231:10)
    at _callCircusTest (/Users/alperen/Downloads/mobil/bounswe2025group8/app/mobile/node_modules/jest-config/node_modules/jest-circus/build/run.js:316:40)
    at _runTest (/Users/alperen/Downloads/mobil/bounswe2025group8/app/mobile/node_modules/jest-config/node_modules/jest-circus/build/run.js:252:3)
    at _runTestsForDescribeBlock (/Users/alperen/Downloads/mobil/bounswe2025group8/app/mobile/node_modules/jest-config/node_modules/jest-circus/build/run.js:126:9)
    at _runTestsForDescribeBlock (/Users/alperen/Downloads/mobil/bounswe2025group8/app/mobile/node_modules/jest-config/node_modules/jest-circus/build/run.js:121:9)
    at run (/Users/alperen/Downloads/mobil/bounswe2025group8/app/mobile/node_modules/jest-config/node_modules/jest-circus/build/run.js:71:3)
    at runAndTransformResultsToJestFormat (/Users/alperen/Downloads/mobil/bounswe2025group8/app/mobile/node_modules/jest-config/node_modules/jest-circus/build/legacy-code-todo-rewrite/jestAdapterInit.js:122:21)
    at jestAdapter (/Users/alperen/Downloads/mobil/bounswe2025group8/app/mobile/node_modules/jest-config/node_modules/jest-circus/build/legacy-code-todo-rewrite/jestAdapter.js:79:19)
    at runTestInternal (/Users/alperen/Downloads/mobil/bounswe2025group8/app/mobile/node_modules/jest-runner/build/runTest.js:367:16)
    at runTest (/Users/alperen/Downloads/mobil/bounswe2025group8/app/mobile/node_modules/jest-runner/build/runTest.js:444:34)
    at Object.worker (/Users/alperen/Downloads/mobil/bounswe2025group8/app/mobile/node_modules/jest-runner/build/testWorker.js:106:12)</failure>
    </testcase>
  </testsuite>
  <testsuite name="RequestDetails" errors="0" failures="0" skipped="0" timestamp="2025-12-20T16:42:33" time="7.291" tests="3">
    <testcase classname="RequestDetails renders task details after loading" name="RequestDetails renders task details after loading" time="0.939">
    </testcase>
    <testcase classname="RequestDetails handles error when task fetch fails" name="RequestDetails handles error when task fetch fails" time="0.052">
    </testcase>
    <testcase classname="RequestDetails allows creator to mark as complete" name="RequestDetails allows creator to mark as complete" time="0.054">
    </testcase>
  </testsuite>
  <testsuite name="SignIn" errors="0" failures="0" skipped="0" timestamp="2025-12-20T16:42:33" time="7.682" tests="4">
    <testcase classname="SignIn renders correctly - shows key UI elements" name="SignIn renders correctly - shows key UI elements" time="0.7">
    </testcase>
    <testcase classname="SignIn shows validation error if fields are empty" name="SignIn shows validation error if fields are empty" time="0.013">
    </testcase>
    <testcase classname="SignIn handles successful login" name="SignIn handles successful login" time="1.007">
    </testcase>
    <testcase classname="SignIn handles login failure" name="SignIn handles login failure" time="0.073">
    </testcase>
  </testsuite>
  <testsuite name="SignUp" errors="0" failures="4" skipped="0" timestamp="2025-12-20T16:42:33" time="8.883" tests="6">
    <testcase classname="SignUp renders correctly - shows key UI elements" name="SignUp renders correctly - shows key UI elements" time="0.741">
    </testcase>
    <testcase classname="SignUp shows error if button pressed with empty fields" name="SignUp shows error if button pressed with empty fields" time="0.029">
      <failure>Error: expect(jest.fn()).toHaveBeenCalled()

Expected number of calls: &gt;= 1
Received number of calls:    0
    at Object.toHaveBeenCalled (/Users/alperen/Downloads/mobil/bounswe2025group8/app/mobile/app/__tests__/signup-test.tsx:85:29)
    at Promise.then.completed (/Users/alperen/Downloads/mobil/bounswe2025group8/app/mobile/node_modules/jest-config/node_modules/jest-circus/build/utils.js:298:28)
    at new Promise (&lt;anonymous&gt;)
    at callAsyncCircusFn (/Users/alperen/Downloads/mobil/bounswe2025group8/app/mobile/node_modules/jest-config/node_modules/jest-circus/build/utils.js:231:10)
    at _callCircusTest (/Users/alperen/Downloads/mobil/bounswe2025group8/app/mobile/node_modules/jest-config/node_modules/jest-circus/build/run.js:316:40)
    at _runTest (/Users/alperen/Downloads/mobil/bounswe2025group8/app/mobile/node_modules/jest-config/node_modules/jest-circus/build/run.js:252:3)
    at _runTestsForDescribeBlock (/Users/alperen/Downloads/mobil/bounswe2025group8/app/mobile/node_modules/jest-config/node_modules/jest-circus/build/run.js:126:9)
    at _runTestsForDescribeBlock (/Users/alperen/Downloads/mobil/bounswe2025group8/app/mobile/node_modules/jest-config/node_modules/jest-circus/build/run.js:121:9)
    at run (/Users/alperen/Downloads/mobil/bounswe2025group8/app/mobile/node_modules/jest-config/node_modules/jest-circus/build/run.js:71:3)
    at runAndTransformResultsToJestFormat (/Users/alperen/Downloads/mobil/bounswe2025group8/app/mobile/node_modules/jest-config/node_modules/jest-circus/build/legacy-code-todo-rewrite/jestAdapterInit.js:122:21)
    at jestAdapter (/Users/alperen/Downloads/mobil/bounswe2025group8/app/mobile/node_modules/jest-config/node_modules/jest-circus/build/legacy-code-todo-rewrite/jestAdapter.js:79:19)
    at runTestInternal (/Users/alperen/Downloads/mobil/bounswe2025group8/app/mobile/node_modules/jest-runner/build/runTest.js:367:16)
    at runTest (/Users/alperen/Downloads/mobil/bounswe2025group8/app/mobile/node_modules/jest-runner/build/runTest.js:444:34)
    at Object.worker (/Users/alperen/Downloads/mobil/bounswe2025group8/app/mobile/node_modules/jest-runner/build/testWorker.js:106:12)</failure>
    </testcase>
    <testcase classname="SignUp button is disabled when terms not agreed" name="SignUp button is disabled when terms not agreed" time="0.063">
    </testcase>
    <testcase classname="SignUp validates password complexity" name="SignUp validates password complexity" time="0.054">
      <failure>Error: expect(jest.fn()).toHaveBeenCalled()

Expected number of calls: &gt;= 1
Received number of calls:    0
    at Object.toHaveBeenCalled (/Users/alperen/Downloads/mobil/bounswe2025group8/app/mobile/app/__tests__/signup-test.tsx:120:29)
    at Promise.then.completed (/Users/alperen/Downloads/mobil/bounswe2025group8/app/mobile/node_modules/jest-config/node_modules/jest-circus/build/utils.js:298:28)
    at new Promise (&lt;anonymous&gt;)
    at callAsyncCircusFn (/Users/alperen/Downloads/mobil/bounswe2025group8/app/mobile/node_modules/jest-config/node_modules/jest-circus/build/utils.js:231:10)
    at _callCircusTest (/Users/alperen/Downloads/mobil/bounswe2025group8/app/mobile/node_modules/jest-config/node_modules/jest-circus/build/run.js:316:40)
    at _runTest (/Users/alperen/Downloads/mobil/bounswe2025group8/app/mobile/node_modules/jest-config/node_modules/jest-circus/build/run.js:252:3)
    at _runTestsForDescribeBlock (/Users/alperen/Downloads/mobil/bounswe2025group8/app/mobile/node_modules/jest-config/node_modules/jest-circus/build/run.js:126:9)
    at _runTestsForDescribeBlock (/Users/alperen/Downloads/mobil/bounswe2025group8/app/mobile/node_modules/jest-config/node_modules/jest-circus/build/run.js:121:9)
    at run (/Users/alperen/Downloads/mobil/bounswe2025group8/app/mobile/node_modules/jest-config/node_modules/jest-circus/build/run.js:71:3)
    at runAndTransformResultsToJestFormat (/Users/alperen/Downloads/mobil/bounswe2025group8/app/mobile/node_modules/jest-config/node_modules/jest-circus/build/legacy-code-todo-rewrite/jestAdapterInit.js:122:21)
    at jestAdapter (/Users/alperen/Downloads/mobil/bounswe2025group8/app/mobile/node_modules/jest-config/node_modules/jest-circus/build/legacy-code-todo-rewrite/jestAdapter.js:79:19)
    at runTestInternal (/Users/alperen/Downloads/mobil/bounswe2025group8/app/mobile/node_modules/jest-runner/build/runTest.js:367:16)
    at runTest (/Users/alperen/Downloads/mobil/bounswe2025group8/app/mobile/node_modules/jest-runner/build/runTest.js:444:34)
    at Object.worker (/Users/alperen/Downloads/mobil/bounswe2025group8/app/mobile/node_modules/jest-runner/build/testWorker.js:106:12)</failure>
    </testcase>
    <testcase classname="SignUp handles successful registration" name="SignUp handles successful registration" time="1.045">
      <failure>Error: expect(jest.fn()).toHaveBeenCalled()

Expected number of calls: &gt;= 1
Received number of calls:    0
    at Object.&lt;anonymous&gt; (/Users/alperen/Downloads/mobil/bounswe2025group8/app/mobile/app/__tests__/signup-test.tsx:140:22)
    at Generator.next (&lt;anonymous&gt;)
    at asyncGeneratorStep (/Users/alperen/Downloads/mobil/bounswe2025group8/app/mobile/node_modules/@babel/runtime/helpers/asyncToGenerator.js:3:17)
    at _next (/Users/alperen/Downloads/mobil/bounswe2025group8/app/mobile/node_modules/@babel/runtime/helpers/asyncToGenerator.js:17:9)
    at /Users/alperen/Downloads/mobil/bounswe2025group8/app/mobile/node_modules/@babel/runtime/helpers/asyncToGenerator.js:22:7
    at new Promise (&lt;anonymous&gt;)
    at Object.&lt;anonymous&gt; (/Users/alperen/Downloads/mobil/bounswe2025group8/app/mobile/node_modules/@babel/runtime/helpers/asyncToGenerator.js:14:12)
    at Promise.then.completed (/Users/alperen/Downloads/mobil/bounswe2025group8/app/mobile/node_modules/jest-config/node_modules/jest-circus/build/utils.js:298:28)
    at new Promise (&lt;anonymous&gt;)
    at callAsyncCircusFn (/Users/alperen/Downloads/mobil/bounswe2025group8/app/mobile/node_modules/jest-config/node_modules/jest-circus/build/utils.js:231:10)
    at _callCircusTest (/Users/alperen/Downloads/mobil/bounswe2025group8/app/mobile/node_modules/jest-config/node_modules/jest-circus/build/run.js:316:40)
    at _runTest (/Users/alperen/Downloads/mobil/bounswe2025group8/app/mobile/node_modules/jest-config/node_modules/jest-circus/build/run.js:252:3)
    at _runTestsForDescribeBlock (/Users/alperen/Downloads/mobil/bounswe2025group8/app/mobile/node_modules/jest-config/node_modules/jest-circus/build/run.js:126:9)
    at _runTestsForDescribeBlock (/Users/alperen/Downloads/mobil/bounswe2025group8/app/mobile/node_modules/jest-config/node_modules/jest-circus/build/run.js:121:9)
    at run (/Users/alperen/Downloads/mobil/bounswe2025group8/app/mobile/node_modules/jest-config/node_modules/jest-circus/build/run.js:71:3)
    at runAndTransformResultsToJestFormat (/Users/alperen/Downloads/mobil/bounswe2025group8/app/mobile/node_modules/jest-config/node_modules/jest-circus/build/legacy-code-todo-rewrite/jestAdapterInit.js:122:21)
    at jestAdapter (/Users/alperen/Downloads/mobil/bounswe2025group8/app/mobile/node_modules/jest-config/node_modules/jest-circus/build/legacy-code-todo-rewrite/jestAdapter.js:79:19)
    at runTestInternal (/Users/alperen/Downloads/mobil/bounswe2025group8/app/mobile/node_modules/jest-runner/build/runTest.js:367:16)
    at runTest (/Users/alperen/Downloads/mobil/bounswe2025group8/app/mobile/node_modules/jest-runner/build/runTest.js:444:34)
    at Object.worker (/Users/alperen/Downloads/mobil/bounswe2025group8/app/mobile/node_modules/jest-runner/build/testWorker.js:106:12)</failure>
    </testcase>
    <testcase classname="SignUp handles registration failure" name="SignUp handles registration failure" time="1.043">
      <failure>Error: expect(jest.fn()).toHaveBeenCalled()

Expected number of calls: &gt;= 1
Received number of calls:    0
    at Object.&lt;anonymous&gt; (/Users/alperen/Downloads/mobil/bounswe2025group8/app/mobile/app/__tests__/signup-test.tsx:165:22)
    at Generator.next (&lt;anonymous&gt;)
    at asyncGeneratorStep (/Users/alperen/Downloads/mobil/bounswe2025group8/app/mobile/node_modules/@babel/runtime/helpers/asyncToGenerator.js:3:17)
    at _next (/Users/alperen/Downloads/mobil/bounswe2025group8/app/mobile/node_modules/@babel/runtime/helpers/asyncToGenerator.js:17:9)
    at /Users/alperen/Downloads/mobil/bounswe2025group8/app/mobile/node_modules/@babel/runtime/helpers/asyncToGenerator.js:22:7
    at new Promise (&lt;anonymous&gt;)
    at Object.&lt;anonymous&gt; (/Users/alperen/Downloads/mobil/bounswe2025group8/app/mobile/node_modules/@babel/runtime/helpers/asyncToGenerator.js:14:12)
    at Promise.then.completed (/Users/alperen/Downloads/mobil/bounswe2025group8/app/mobile/node_modules/jest-config/node_modules/jest-circus/build/utils.js:298:28)
    at new Promise (&lt;anonymous&gt;)
    at callAsyncCircusFn (/Users/alperen/Downloads/mobil/bounswe2025group8/app/mobile/node_modules/jest-config/node_modules/jest-circus/build/utils.js:231:10)
    at _callCircusTest (/Users/alperen/Downloads/mobil/bounswe2025group8/app/mobile/node_modules/jest-config/node_modules/jest-circus/build/run.js:316:40)
    at _runTest (/Users/alperen/Downloads/mobil/bounswe2025group8/app/mobile/node_modules/jest-config/node_modules/jest-circus/build/run.js:252:3)
    at _runTestsForDescribeBlock (/Users/alperen/Downloads/mobil/bounswe2025group8/app/mobile/node_modules/jest-config/node_modules/jest-circus/build/run.js:126:9)
    at _runTestsForDescribeBlock (/Users/alperen/Downloads/mobil/bounswe2025group8/app/mobile/node_modules/jest-config/node_modules/jest-circus/build/run.js:121:9)
    at run (/Users/alperen/Downloads/mobil/bounswe2025group8/app/mobile/node_modules/jest-config/node_modules/jest-circus/build/run.js:71:3)
    at runAndTransformResultsToJestFormat (/Users/alperen/Downloads/mobil/bounswe2025group8/app/mobile/node_modules/jest-config/node_modules/jest-circus/build/legacy-code-todo-rewrite/jestAdapterInit.js:122:21)
    at jestAdapter (/Users/alperen/Downloads/mobil/bounswe2025group8/app/mobile/node_modules/jest-config/node_modules/jest-circus/build/legacy-code-todo-rewrite/jestAdapter.js:79:19)
    at runTestInternal (/Users/alperen/Downloads/mobil/bounswe2025group8/app/mobile/node_modules/jest-runner/build/runTest.js:367:16)
    at runTest (/Users/alperen/Downloads/mobil/bounswe2025group8/app/mobile/node_modules/jest-runner/build/runTest.js:444:34)
    at Object.worker (/Users/alperen/Downloads/mobil/bounswe2025group8/app/mobile/node_modules/jest-runner/build/testWorker.js:106:12)</failure>
    </testcase>
  </testsuite>
</testsuites>