<!DOCTYPE html>
<html>
  <head>
    <meta charset="utf-8"/>
    <title id="head-title">selenium_report.html</title>
      <link href="assets\style.css" rel="stylesheet" type="text/css"/>
  </head>
  <body>
    <h1 id="title">selenium_report.html</h1>
    <p>Report generated on 20-Dec-2025 at 13:58:40 by <a href="https://pypi.python.org/pypi/pytest-html">pytest-html</a>
        v4.1.1</p>
    <div id="environment-header">
      <h2>Environment</h2>
    </div>
    <table id="environment"></table>
    <!-- TEMPLATES -->
      <template id="template_environment_row">
      <tr>
        <td></td>
        <td></td>
      </tr>
    </template>
    <template id="template_results-table__body--empty">
      <tbody class="results-table-row">
        <tr id="not-found-message">
          <td colspan="4">No results found. Check the filters.</th>
        </tr>
    </template>
    <template id="template_results-table__tbody">
      <tbody class="results-table-row">
        <tr class="collapsible">
        </tr>
        <tr class="extras-row">
          <td class="extra" colspan="4">
            <div class="extraHTML"></div>
            <div class="media">
              <div class="media-container">
                  <div class="media-container__nav--left"><</div>
                  <div class="media-container__viewport">
                    <img src="" />
                    <video controls>
                      <source src="" type="video/mp4">
                    </video>
                  </div>
                  <div class="media-container__nav--right">></div>
                </div>
                <div class="media__name"></div>
                <div class="media__counter"></div>
            </div>
            <div class="logwrapper">
              <div class="logexpander"></div>
              <div class="log"></div>
            </div>
          </td>
        </tr>
      </tbody>
    </template>
    <!-- END TEMPLATES -->
    <div class="summary">
      <div class="summary__data">
        <h2>Summary</h2>
        <div class="additional-summary prefix">
        </div>
        <p class="run-count">63 tests took 00:21:42.</p>
        <p class="filter">(Un)check the boxes to filter the results.</p>
        <div class="summary__reload">
          <div class="summary__reload__button hidden" onclick="location.reload()">
            <div>There are still tests running. <br />Reload this page to get the latest results!</div>
          </div>
        </div>
        <div class="summary__spacer"></div>
        <div class="controls">
          <div class="filters">
            <input checked="true" class="filter" name="filter_checkbox" type="checkbox" data-test-result="failed" />
            <span class="failed">22 Failed,</span>
            <input checked="true" class="filter" name="filter_checkbox" type="checkbox" data-test-result="passed" />
            <span class="passed">41 Passed,</span>
            <input checked="true" class="filter" name="filter_checkbox" type="checkbox" data-test-result="skipped" disabled/>
            <span class="skipped">0 Skipped,</span>
            <input checked="true" class="filter" name="filter_checkbox" type="checkbox" data-test-result="xfailed" disabled/>
            <span class="xfailed">0 Expected failures,</span>
            <input checked="true" class="filter" name="filter_checkbox" type="checkbox" data-test-result="xpassed" disabled/>
            <span class="xpassed">0 Unexpected passes,</span>
            <input checked="true" class="filter" name="filter_checkbox" type="checkbox" data-test-result="error" disabled/>
            <span class="error">0 Errors,</span>
            <input checked="true" class="filter" name="filter_checkbox" type="checkbox" data-test-result="rerun" disabled/>
            <span class="rerun">0 Reruns</span>
          </div>
          <div class="collapse">
            <button id="show_all_details">Show all details</button>&nbsp;/&nbsp;<button id="hide_all_details">Hide all details</button>
          </div>
        </div>
      </div>
      <div class="additional-summary summary">
      </div>
      <div class="additional-summary postfix">
      </div>
    </div>
    <table id="results-table">
      <thead id="results-table-head">
        <tr>
          <th class="sortable" data-column-type="result">Result</th>
          <th class="sortable" data-column-type="testId">Test</th>
          <th class="sortable" data-column-type="duration">Duration</th>
          <th>Links</th>
        </tr>
      </thead>
    </table>
  </body>
  <footer>
    <div id="data-container" data-jsonblob="{&#34;environment&#34;: {&#34;Python&#34;: &#34;3.13.3&#34;, &#34;Platform&#34;: &#34;Windows-11-10.0.26100-SP0&#34;, &#34;Packages&#34;: {&#34;pytest&#34;: &#34;9.0.1&#34;, &#34;pluggy&#34;: &#34;1.6.0&#34;}, &#34;Plugins&#34;: {&#34;html&#34;: &#34;4.1.1&#34;, &#34;metadata&#34;: &#34;3.1.1&#34;}}, &#34;tests&#34;: {&#34;test_create_register_page.py::RegisterPageTest::test_01_page_loads&#34;: [{&#34;extras&#34;: [], &#34;result&#34;: &#34;Passed&#34;, &#34;testId&#34;: &#34;test_create_register_page.py::RegisterPageTest::test_01_page_loads&#34;, &#34;duration&#34;: &#34;00:00:11&#34;, &#34;resultsTableRow&#34;: [&#34;&lt;td class=\&#34;col-result\&#34;&gt;Passed&lt;/td&gt;&#34;, &#34;&lt;td class=\&#34;col-testId\&#34;&gt;test_create_register_page.py::RegisterPageTest::test_01_page_loads&lt;/td&gt;&#34;, &#34;&lt;td class=\&#34;col-duration\&#34;&gt;00:00:11&lt;/td&gt;&#34;, &#34;&lt;td class=\&#34;col-links\&#34;&gt;&lt;/td&gt;&#34;], &#34;log&#34;: &#34;----------------------------- Captured stdout call -----------------------------\n\u2713 Page loads correctly\n&#34;}], &#34;test_create_register_page.py::RegisterPageTest::test_02_successful_registration&#34;: [{&#34;extras&#34;: [], &#34;result&#34;: &#34;Failed&#34;, &#34;testId&#34;: &#34;test_create_register_page.py::RegisterPageTest::test_02_successful_registration&#34;, &#34;duration&#34;: &#34;00:00:15&#34;, &#34;resultsTableRow&#34;: [&#34;&lt;td class=\&#34;col-result\&#34;&gt;Failed&lt;/td&gt;&#34;, &#34;&lt;td class=\&#34;col-testId\&#34;&gt;test_create_register_page.py::RegisterPageTest::test_02_successful_registration&lt;/td&gt;&#34;, &#34;&lt;td class=\&#34;col-duration\&#34;&gt;00:00:15&lt;/td&gt;&#34;, &#34;&lt;td class=\&#34;col-links\&#34;&gt;&lt;/td&gt;&#34;], &#34;log&#34;: &#34;self = &amp;lt;test_create_register_page.RegisterPageTest testMethod=test_02_successful_registration&amp;gt;\n\n    def test_02_successful_registration(self):\n        &amp;quot;&amp;quot;&amp;quot;Test successful registration with valid data&amp;quot;&amp;quot;&amp;quot;\n        self._fill_form(\n            &amp;quot;Ay\u015fe&amp;quot;,\n            &amp;quot;Kaya&amp;quot;,\n            self._random_username(),\n            &amp;quot;5551234567&amp;quot;,\n            self._random_email(),\n            &amp;quot;S3cure!234&amp;quot;,\n            &amp;quot;S3cure!234&amp;quot;\n        )\n        self._check_terms()\n        self._submit()\n    \n&amp;gt;       WebDriverWait(self.driver, 10).until(EC.url_contains(&amp;quot;/login&amp;quot;))\n\ntest_create_register_page.py:111: \n_ _ _ _ _ _ _ _ _ _ _ _ _ _ _ _ _ _ _ _ _ _ _ _ _ _ _ _ _ _ _ _ _ _ _ _ _ _ _ _ _ _ _ _ _ _ _ _ _ _ _ _ _ _ _ _ _ _ _ _ _ _ _ _ _ _ _ _ _ _ _ _ _ _ _ _ _ _ _ _ _\n\nself = &amp;lt;selenium.webdriver.support.wait.WebDriverWait (session=&amp;quot;1c06422ff4302b48dbefd1745e20ac67&amp;quot;)&amp;gt;\nmethod = &amp;lt;function url_contains.&amp;lt;locals&amp;gt;._predicate at 0x000001B8ABED5300&amp;gt;, message = &amp;#x27;&amp;#x27;\n\n    def until(self, method: Callable[[D], Union[Literal[False], T]], message: str = &amp;quot;&amp;quot;) -&amp;gt; T:\n        &amp;quot;&amp;quot;&amp;quot;Wait until the method returns a value that is not False.\n    \n        Calls the method provided with the driver as an argument until the\n        return value does not evaluate to ``False``.\n    \n        Parameters:\n        -----------\n        method: callable(WebDriver)\n            - A callable object that takes a WebDriver instance as an argument.\n    \n        message: str\n            - Optional message for :exc:`TimeoutException`\n    \n        Return:\n        -------\n        object: T\n            - The result of the last call to `method`\n    \n        Raises:\n        -------\n        TimeoutException\n            - If &amp;#x27;method&amp;#x27; does not return a truthy value within the WebDriverWait\n            object&amp;#x27;s timeout\n    \n        Example:\n        --------\n        &amp;gt;&amp;gt;&amp;gt; from selenium.webdriver.common.by import By\n        &amp;gt;&amp;gt;&amp;gt; from selenium.webdriver.support.ui import WebDriverWait\n        &amp;gt;&amp;gt;&amp;gt; from selenium.webdriver.support import expected_conditions as EC\n    \n        # Wait until an element is visible on the page\n        &amp;gt;&amp;gt;&amp;gt; wait = WebDriverWait(driver, 10)\n        &amp;gt;&amp;gt;&amp;gt; element = wait.until(EC.visibility_of_element_located((By.ID, &amp;quot;exampleId&amp;quot;)))\n        &amp;gt;&amp;gt;&amp;gt; print(element.text)\n        &amp;quot;&amp;quot;&amp;quot;\n        screen = None\n        stacktrace = None\n    \n        end_time = time.monotonic() + self._timeout\n        while True:\n            try:\n                value = method(self._driver)\n                if value:\n                    return value\n            except self._ignored_exceptions as exc:\n                screen = getattr(exc, &amp;quot;screen&amp;quot;, None)\n                stacktrace = getattr(exc, &amp;quot;stacktrace&amp;quot;, None)\n            if time.monotonic() &amp;gt; end_time:\n                break\n            time.sleep(self._poll)\n&amp;gt;       raise TimeoutException(message, screen, stacktrace)\nE       selenium.common.exceptions.TimeoutException: Message:\n\nC:\\Users\\musak\\AppData\\Local\\Programs\\Python\\Python313\\Lib\\site-packages\\selenium\\webdriver\\support\\wait.py:138: TimeoutException\n&#34;}], &#34;test_create_register_page.py::RegisterPageTest::test_03_duplicate_email_error&#34;: [{&#34;extras&#34;: [], &#34;result&#34;: &#34;Passed&#34;, &#34;testId&#34;: &#34;test_create_register_page.py::RegisterPageTest::test_03_duplicate_email_error&#34;, &#34;duration&#34;: &#34;00:00:06&#34;, &#34;resultsTableRow&#34;: [&#34;&lt;td class=\&#34;col-result\&#34;&gt;Passed&lt;/td&gt;&#34;, &#34;&lt;td class=\&#34;col-testId\&#34;&gt;test_create_register_page.py::RegisterPageTest::test_03_duplicate_email_error&lt;/td&gt;&#34;, &#34;&lt;td class=\&#34;col-duration\&#34;&gt;00:00:06&lt;/td&gt;&#34;, &#34;&lt;td class=\&#34;col-links\&#34;&gt;&lt;/td&gt;&#34;], &#34;log&#34;: &#34;----------------------------- Captured stdout call -----------------------------\n\u2713 Duplicate email error: Password\n&#34;}], &#34;test_create_register_page.py::RegisterPageTest::test_04_weak_password_error&#34;: [{&#34;extras&#34;: [], &#34;result&#34;: &#34;Passed&#34;, &#34;testId&#34;: &#34;test_create_register_page.py::RegisterPageTest::test_04_weak_password_error&#34;, &#34;duration&#34;: &#34;00:00:05&#34;, &#34;resultsTableRow&#34;: [&#34;&lt;td class=\&#34;col-result\&#34;&gt;Passed&lt;/td&gt;&#34;, &#34;&lt;td class=\&#34;col-testId\&#34;&gt;test_create_register_page.py::RegisterPageTest::test_04_weak_password_error&lt;/td&gt;&#34;, &#34;&lt;td class=\&#34;col-duration\&#34;&gt;00:00:05&lt;/td&gt;&#34;, &#34;&lt;td class=\&#34;col-links\&#34;&gt;&lt;/td&gt;&#34;], &#34;log&#34;: &#34;----------------------------- Captured stdout call -----------------------------\n\u2713 Weak password error: Password must be at least 8 characters long and contain at least one lowercase letter, one uppercase letter, one digit, and one special character\n&#34;}], &#34;test_create_register_page.py::RegisterPageTest::test_05_password_mismatch_error&#34;: [{&#34;extras&#34;: [], &#34;result&#34;: &#34;Passed&#34;, &#34;testId&#34;: &#34;test_create_register_page.py::RegisterPageTest::test_05_password_mismatch_error&#34;, &#34;duration&#34;: &#34;00:00:05&#34;, &#34;resultsTableRow&#34;: [&#34;&lt;td class=\&#34;col-result\&#34;&gt;Passed&lt;/td&gt;&#34;, &#34;&lt;td class=\&#34;col-testId\&#34;&gt;test_create_register_page.py::RegisterPageTest::test_05_password_mismatch_error&lt;/td&gt;&#34;, &#34;&lt;td class=\&#34;col-duration\&#34;&gt;00:00:05&lt;/td&gt;&#34;, &#34;&lt;td class=\&#34;col-links\&#34;&gt;&lt;/td&gt;&#34;], &#34;log&#34;: &#34;----------------------------- Captured stdout call -----------------------------\n\u2713 Password mismatch error: Passwords must match\n&#34;}], &#34;test_create_register_page.py::RegisterPageTest::test_06_terms_not_accepted_error&#34;: [{&#34;extras&#34;: [], &#34;result&#34;: &#34;Passed&#34;, &#34;testId&#34;: &#34;test_create_register_page.py::RegisterPageTest::test_06_terms_not_accepted_error&#34;, &#34;duration&#34;: &#34;00:00:08&#34;, &#34;resultsTableRow&#34;: [&#34;&lt;td class=\&#34;col-result\&#34;&gt;Passed&lt;/td&gt;&#34;, &#34;&lt;td class=\&#34;col-testId\&#34;&gt;test_create_register_page.py::RegisterPageTest::test_06_terms_not_accepted_error&lt;/td&gt;&#34;, &#34;&lt;td class=\&#34;col-duration\&#34;&gt;00:00:08&lt;/td&gt;&#34;, &#34;&lt;td class=\&#34;col-links\&#34;&gt;&lt;/td&gt;&#34;], &#34;log&#34;: &#34;----------------------------- Captured stdout call -----------------------------\n\u2713 Terms not accepted error: Password\n&#34;}], &#34;test_create_request_page.py::TestCreateRequestPage::test_01_navigate_to_create_request_page&#34;: [{&#34;extras&#34;: [], &#34;result&#34;: &#34;Failed&#34;, &#34;testId&#34;: &#34;test_create_request_page.py::TestCreateRequestPage::test_01_navigate_to_create_request_page&#34;, &#34;duration&#34;: &#34;00:01:36&#34;, &#34;resultsTableRow&#34;: [&#34;&lt;td class=\&#34;col-result\&#34;&gt;Failed&lt;/td&gt;&#34;, &#34;&lt;td class=\&#34;col-testId\&#34;&gt;test_create_request_page.py::TestCreateRequestPage::test_01_navigate_to_create_request_page&lt;/td&gt;&#34;, &#34;&lt;td class=\&#34;col-duration\&#34;&gt;00:01:36&lt;/td&gt;&#34;, &#34;&lt;td class=\&#34;col-links\&#34;&gt;&lt;/td&gt;&#34;], &#34;log&#34;: &#34;self = &amp;lt;test_create_request_page.TestCreateRequestPage object at 0x000001B8ABDE2710&amp;gt;\nweb_driver = &amp;lt;selenium.webdriver.firefox.webdriver.WebDriver (session=&amp;quot;10ca1bab-89b9-41c5-9f0f-37c457cc32d4&amp;quot;)&amp;gt;\nwait = &amp;lt;selenium.webdriver.support.wait.WebDriverWait (session=&amp;quot;10ca1bab-89b9-41c5-9f0f-37c457cc32d4&amp;quot;)&amp;gt;\n\n    def test_01_navigate_to_create_request_page(self, web_driver, wait):\n        &amp;quot;&amp;quot;&amp;quot;\n        Test: User can navigate to Create Request page\n        Expected: Page loads with Step 1 visible\n        &amp;quot;&amp;quot;&amp;quot;\n        page = CreateRequestPage(web_driver, wait)\n&amp;gt;       page.navigate_to_page()\n\ntest_create_request_page.py:58: \n_ _ _ _ _ _ _ _ _ _ _ _ _ _ _ _ _ _ _ _ _ _ _ _ _ _ _ _ _ _ _ _ _ _ _ _ _ _ _ _ _ _ _ _ _ _ _ _ _ _ _ _ _ _ _ _ _ _ _ _ _ _ _ _ _ _ _ _ _ _ _ _ _ _ _ _ _ _ _ _ _\npages\\create_request_page.py:65: in navigate_to_page\n    self.wait.until(EC.presence_of_element_located(self.TITLE_INPUT))\n_ _ _ _ _ _ _ _ _ _ _ _ _ _ _ _ _ _ _ _ _ _ _ _ _ _ _ _ _ _ _ _ _ _ _ _ _ _ _ _ _ _ _ _ _ _ _ _ _ _ _ _ _ _ _ _ _ _ _ _ _ _ _ _ _ _ _ _ _ _ _ _ _ _ _ _ _ _ _ _ _\n\nself = &amp;lt;selenium.webdriver.support.wait.WebDriverWait (session=&amp;quot;10ca1bab-89b9-41c5-9f0f-37c457cc32d4&amp;quot;)&amp;gt;\nmethod = &amp;lt;function presence_of_element_located.&amp;lt;locals&amp;gt;._predicate at 0x000001B8ABEBF4C0&amp;gt;, message = &amp;#x27;&amp;#x27;\n\n    def until(self, method: Callable[[D], Union[Literal[False], T]], message: str = &amp;quot;&amp;quot;) -&amp;gt; T:\n        &amp;quot;&amp;quot;&amp;quot;Wait until the method returns a value that is not False.\n    \n        Calls the method provided with the driver as an argument until the\n        return value does not evaluate to ``False``.\n    \n        Parameters:\n        -----------\n        method: callable(WebDriver)\n            - A callable object that takes a WebDriver instance as an argument.\n    \n        message: str\n            - Optional message for :exc:`TimeoutException`\n    \n        Return:\n        -------\n        object: T\n            - The result of the last call to `method`\n    \n        Raises:\n        -------\n        TimeoutException\n            - If &amp;#x27;method&amp;#x27; does not return a truthy value within the WebDriverWait\n            object&amp;#x27;s timeout\n    \n        Example:\n        --------\n        &amp;gt;&amp;gt;&amp;gt; from selenium.webdriver.common.by import By\n        &amp;gt;&amp;gt;&amp;gt; from selenium.webdriver.support.ui import WebDriverWait\n        &amp;gt;&amp;gt;&amp;gt; from selenium.webdriver.support import expected_conditions as EC\n    \n        # Wait until an element is visible on the page\n        &amp;gt;&amp;gt;&amp;gt; wait = WebDriverWait(driver, 10)\n        &amp;gt;&amp;gt;&amp;gt; element = wait.until(EC.visibility_of_element_located((By.ID, &amp;quot;exampleId&amp;quot;)))\n        &amp;gt;&amp;gt;&amp;gt; print(element.text)\n        &amp;quot;&amp;quot;&amp;quot;\n        screen = None\n        stacktrace = None\n    \n        end_time = time.monotonic() + self._timeout\n        while True:\n            try:\n                value = method(self._driver)\n                if value:\n                    return value\n            except self._ignored_exceptions as exc:\n                screen = getattr(exc, &amp;quot;screen&amp;quot;, None)\n                stacktrace = getattr(exc, &amp;quot;stacktrace&amp;quot;, None)\n            if time.monotonic() &amp;gt; end_time:\n                break\n            time.sleep(self._poll)\n&amp;gt;       raise TimeoutException(message, screen, stacktrace)\nE       selenium.common.exceptions.TimeoutException: Message: \nE       Stacktrace:\nE       RemoteError@chrome://remote/content/shared/RemoteError.sys.mjs:8:8\nE       WebDriverError@chrome://remote/content/shared/webdriver/Errors.sys.mjs:202:5\nE       NoSuchElementError@chrome://remote/content/shared/webdriver/Errors.sys.mjs:555:5\nE       dom.find/&amp;lt;/&amp;lt;@chrome://remote/content/shared/DOM.sys.mjs:136:16\n\nC:\\Users\\musak\\AppData\\Local\\Programs\\Python\\Python313\\Lib\\site-packages\\selenium\\webdriver\\support\\wait.py:138: TimeoutException\n\n---------------------------- Captured stdout setup -----------------------------\nNavigating to login page: http://localhost:5173/login\nCurrent URL: http://localhost:5173/login\nEmail filled: test@example.com\nPassword filled\nLogin button found, clicking...\nWaiting for redirect after login...\nLogged in successfully. Current URL: http://localhost:5173/\n\n------------------------------ Captured log setup ------------------------------\nWARNING  selenium.webdriver.common.selenium_manager:selenium_manager.py:143 Error sending stats to Plausible: error sending request for url (https://plausible.io/api/event)\n&#34;}], &#34;test_create_request_page.py::TestCreateRequestPage::test_02_step1_fill_general_information&#34;: [{&#34;extras&#34;: [], &#34;result&#34;: &#34;Failed&#34;, &#34;testId&#34;: &#34;test_create_request_page.py::TestCreateRequestPage::test_02_step1_fill_general_information&#34;, &#34;duration&#34;: &#34;00:00:26&#34;, &#34;resultsTableRow&#34;: [&#34;&lt;td class=\&#34;col-result\&#34;&gt;Failed&lt;/td&gt;&#34;, &#34;&lt;td class=\&#34;col-testId\&#34;&gt;test_create_request_page.py::TestCreateRequestPage::test_02_step1_fill_general_information&lt;/td&gt;&#34;, &#34;&lt;td class=\&#34;col-duration\&#34;&gt;00:00:26&lt;/td&gt;&#34;, &#34;&lt;td class=\&#34;col-links\&#34;&gt;&lt;/td&gt;&#34;], &#34;log&#34;: &#34;self = &amp;lt;test_create_request_page.TestCreateRequestPage object at 0x000001B8ABDE2850&amp;gt;\nweb_driver = &amp;lt;selenium.webdriver.firefox.webdriver.WebDriver (session=&amp;quot;10ca1bab-89b9-41c5-9f0f-37c457cc32d4&amp;quot;)&amp;gt;\nwait = &amp;lt;selenium.webdriver.support.wait.WebDriverWait (session=&amp;quot;10ca1bab-89b9-41c5-9f0f-37c457cc32d4&amp;quot;)&amp;gt;\n\n    def test_02_step1_fill_general_information(self, web_driver, wait):\n        &amp;quot;&amp;quot;&amp;quot;\n        Test: User can fill Step 1 (General Information)\n        Expected: All fields accept input correctly\n        &amp;quot;&amp;quot;&amp;quot;\n        page = CreateRequestPage(web_driver, wait)\n&amp;gt;       page.navigate_to_page()\n\ntest_create_request_page.py:75: \n_ _ _ _ _ _ _ _ _ _ _ _ _ _ _ _ _ _ _ _ _ _ _ _ _ _ _ _ _ _ _ _ _ _ _ _ _ _ _ _ _ _ _ _ _ _ _ _ _ _ _ _ _ _ _ _ _ _ _ _ _ _ _ _ _ _ _ _ _ _ _ _ _ _ _ _ _ _ _ _ _\npages\\create_request_page.py:65: in navigate_to_page\n    self.wait.until(EC.presence_of_element_located(self.TITLE_INPUT))\n_ _ _ _ _ _ _ _ _ _ _ _ _ _ _ _ _ _ _ _ _ _ _ _ _ _ _ _ _ _ _ _ _ _ _ _ _ _ _ _ _ _ _ _ _ _ _ _ _ _ _ _ _ _ _ _ _ _ _ _ _ _ _ _ _ _ _ _ _ _ _ _ _ _ _ _ _ _ _ _ _\n\nself = &amp;lt;selenium.webdriver.support.wait.WebDriverWait (session=&amp;quot;10ca1bab-89b9-41c5-9f0f-37c457cc32d4&amp;quot;)&amp;gt;\nmethod = &amp;lt;function presence_of_element_located.&amp;lt;locals&amp;gt;._predicate at 0x000001B8ABEBF740&amp;gt;, message = &amp;#x27;&amp;#x27;\n\n    def until(self, method: Callable[[D], Union[Literal[False], T]], message: str = &amp;quot;&amp;quot;) -&amp;gt; T:\n        &amp;quot;&amp;quot;&amp;quot;Wait until the method returns a value that is not False.\n    \n        Calls the method provided with the driver as an argument until the\n        return value does not evaluate to ``False``.\n    \n        Parameters:\n        -----------\n        method: callable(WebDriver)\n            - A callable object that takes a WebDriver instance as an argument.\n    \n        message: str\n            - Optional message for :exc:`TimeoutException`\n    \n        Return:\n        -------\n        object: T\n            - The result of the last call to `method`\n    \n        Raises:\n        -------\n        TimeoutException\n            - If &amp;#x27;method&amp;#x27; does not return a truthy value within the WebDriverWait\n            object&amp;#x27;s timeout\n    \n        Example:\n        --------\n        &amp;gt;&amp;gt;&amp;gt; from selenium.webdriver.common.by import By\n        &amp;gt;&amp;gt;&amp;gt; from selenium.webdriver.support.ui import WebDriverWait\n        &amp;gt;&amp;gt;&amp;gt; from selenium.webdriver.support import expected_conditions as EC\n    \n        # Wait until an element is visible on the page\n        &amp;gt;&amp;gt;&amp;gt; wait = WebDriverWait(driver, 10)\n        &amp;gt;&amp;gt;&amp;gt; element = wait.until(EC.visibility_of_element_located((By.ID, &amp;quot;exampleId&amp;quot;)))\n        &amp;gt;&amp;gt;&amp;gt; print(element.text)\n        &amp;quot;&amp;quot;&amp;quot;\n        screen = None\n        stacktrace = None\n    \n        end_time = time.monotonic() + self._timeout\n        while True:\n            try:\n                value = method(self._driver)\n                if value:\n                    return value\n            except self._ignored_exceptions as exc:\n                screen = getattr(exc, &amp;quot;screen&amp;quot;, None)\n                stacktrace = getattr(exc, &amp;quot;stacktrace&amp;quot;, None)\n            if time.monotonic() &amp;gt; end_time:\n                break\n            time.sleep(self._poll)\n&amp;gt;       raise TimeoutException(message, screen, stacktrace)\nE       selenium.common.exceptions.TimeoutException: Message: \nE       Stacktrace:\nE       RemoteError@chrome://remote/content/shared/RemoteError.sys.mjs:8:8\nE       WebDriverError@chrome://remote/content/shared/webdriver/Errors.sys.mjs:202:5\nE       NoSuchElementError@chrome://remote/content/shared/webdriver/Errors.sys.mjs:555:5\nE       dom.find/&amp;lt;/&amp;lt;@chrome://remote/content/shared/DOM.sys.mjs:136:16\n\nC:\\Users\\musak\\AppData\\Local\\Programs\\Python\\Python313\\Lib\\site-packages\\selenium\\webdriver\\support\\wait.py:138: TimeoutException\n\n---------------------------- Captured stdout setup -----------------------------\nNavigating to login page: http://localhost:5173/login\nCurrent URL: http://localhost:5173/login\nEmail filled: test@example.com\nPassword filled\nLogin button found, clicking...\nWaiting for redirect after login...\nLogged in successfully. Current URL: http://localhost:5173/\n&#34;}], &#34;test_create_request_page.py::TestCreateRequestPage::test_03_step1_to_step2_navigation&#34;: [{&#34;extras&#34;: [], &#34;result&#34;: &#34;Failed&#34;, &#34;testId&#34;: &#34;test_create_request_page.py::TestCreateRequestPage::test_03_step1_to_step2_navigation&#34;, &#34;duration&#34;: &#34;00:00:30&#34;, &#34;resultsTableRow&#34;: [&#34;&lt;td class=\&#34;col-result\&#34;&gt;Failed&lt;/td&gt;&#34;, &#34;&lt;td class=\&#34;col-testId\&#34;&gt;test_create_request_page.py::TestCreateRequestPage::test_03_step1_to_step2_navigation&lt;/td&gt;&#34;, &#34;&lt;td class=\&#34;col-duration\&#34;&gt;00:00:30&lt;/td&gt;&#34;, &#34;&lt;td class=\&#34;col-links\&#34;&gt;&lt;/td&gt;&#34;], &#34;log&#34;: &#34;self = &amp;lt;test_create_request_page.TestCreateRequestPage object at 0x000001B8ABDC0E90&amp;gt;\nweb_driver = &amp;lt;selenium.webdriver.firefox.webdriver.WebDriver (session=&amp;quot;10ca1bab-89b9-41c5-9f0f-37c457cc32d4&amp;quot;)&amp;gt;\nwait = &amp;lt;selenium.webdriver.support.wait.WebDriverWait (session=&amp;quot;10ca1bab-89b9-41c5-9f0f-37c457cc32d4&amp;quot;)&amp;gt;\n\n    def test_03_step1_to_step2_navigation(self, web_driver, wait):\n        &amp;quot;&amp;quot;&amp;quot;\n        Test: User can navigate from Step 1 to Step 2\n        Expected: Next button takes user to Step 2 (Upload Photos)\n        &amp;quot;&amp;quot;&amp;quot;\n        page = CreateRequestPage(web_driver, wait)\n&amp;gt;       page.navigate_to_page()\n\ntest_create_request_page.py:101: \n_ _ _ _ _ _ _ _ _ _ _ _ _ _ _ _ _ _ _ _ _ _ _ _ _ _ _ _ _ _ _ _ _ _ _ _ _ _ _ _ _ _ _ _ _ _ _ _ _ _ _ _ _ _ _ _ _ _ _ _ _ _ _ _ _ _ _ _ _ _ _ _ _ _ _ _ _ _ _ _ _\npages\\create_request_page.py:65: in navigate_to_page\n    self.wait.until(EC.presence_of_element_located(self.TITLE_INPUT))\n_ _ _ _ _ _ _ _ _ _ _ _ _ _ _ _ _ _ _ _ _ _ _ _ _ _ _ _ _ _ _ _ _ _ _ _ _ _ _ _ _ _ _ _ _ _ _ _ _ _ _ _ _ _ _ _ _ _ _ _ _ _ _ _ _ _ _ _ _ _ _ _ _ _ _ _ _ _ _ _ _\n\nself = &amp;lt;selenium.webdriver.support.wait.WebDriverWait (session=&amp;quot;10ca1bab-89b9-41c5-9f0f-37c457cc32d4&amp;quot;)&amp;gt;\nmethod = &amp;lt;function presence_of_element_located.&amp;lt;locals&amp;gt;._predicate at 0x000001B8ABFD0B80&amp;gt;, message = &amp;#x27;&amp;#x27;\n\n    def until(self, method: Callable[[D], Union[Literal[False], T]], message: str = &amp;quot;&amp;quot;) -&amp;gt; T:\n        &amp;quot;&amp;quot;&amp;quot;Wait until the method returns a value that is not False.\n    \n        Calls the method provided with the driver as an argument until the\n        return value does not evaluate to ``False``.\n    \n        Parameters:\n        -----------\n        method: callable(WebDriver)\n            - A callable object that takes a WebDriver instance as an argument.\n    \n        message: str\n            - Optional message for :exc:`TimeoutException`\n    \n        Return:\n        -------\n        object: T\n            - The result of the last call to `method`\n    \n        Raises:\n        -------\n        TimeoutException\n            - If &amp;#x27;method&amp;#x27; does not return a truthy value within the WebDriverWait\n            object&amp;#x27;s timeout\n    \n        Example:\n        --------\n        &amp;gt;&amp;gt;&amp;gt; from selenium.webdriver.common.by import By\n        &amp;gt;&amp;gt;&amp;gt; from selenium.webdriver.support.ui import WebDriverWait\n        &amp;gt;&amp;gt;&amp;gt; from selenium.webdriver.support import expected_conditions as EC\n    \n        # Wait until an element is visible on the page\n        &amp;gt;&amp;gt;&amp;gt; wait = WebDriverWait(driver, 10)\n        &amp;gt;&amp;gt;&amp;gt; element = wait.until(EC.visibility_of_element_located((By.ID, &amp;quot;exampleId&amp;quot;)))\n        &amp;gt;&amp;gt;&amp;gt; print(element.text)\n        &amp;quot;&amp;quot;&amp;quot;\n        screen = None\n        stacktrace = None\n    \n        end_time = time.monotonic() + self._timeout\n        while True:\n            try:\n                value = method(self._driver)\n                if value:\n                    return value\n            except self._ignored_exceptions as exc:\n                screen = getattr(exc, &amp;quot;screen&amp;quot;, None)\n                stacktrace = getattr(exc, &amp;quot;stacktrace&amp;quot;, None)\n            if time.monotonic() &amp;gt; end_time:\n                break\n            time.sleep(self._poll)\n&amp;gt;       raise TimeoutException(message, screen, stacktrace)\nE       selenium.common.exceptions.TimeoutException: Message: \nE       Stacktrace:\nE       RemoteError@chrome://remote/content/shared/RemoteError.sys.mjs:8:8\nE       WebDriverError@chrome://remote/content/shared/webdriver/Errors.sys.mjs:202:5\nE       NoSuchElementError@chrome://remote/content/shared/webdriver/Errors.sys.mjs:555:5\nE       dom.find/&amp;lt;/&amp;lt;@chrome://remote/content/shared/DOM.sys.mjs:136:16\n\nC:\\Users\\musak\\AppData\\Local\\Programs\\Python\\Python313\\Lib\\site-packages\\selenium\\webdriver\\support\\wait.py:138: TimeoutException\n\n---------------------------- Captured stdout setup -----------------------------\nNavigating to login page: http://localhost:5173/login\nCurrent URL: http://localhost:5173/login\nEmail filled: test@example.com\nPassword filled\nLogin button found, clicking...\nWaiting for redirect after login...\nLogged in successfully. Current URL: http://localhost:5173/\n&#34;}], &#34;test_create_request_page.py::TestCreateRequestPage::test_04_step2_upload_photos_skipped&#34;: [{&#34;extras&#34;: [], &#34;result&#34;: &#34;Failed&#34;, &#34;testId&#34;: &#34;test_create_request_page.py::TestCreateRequestPage::test_04_step2_upload_photos_skipped&#34;, &#34;duration&#34;: &#34;00:00:28&#34;, &#34;resultsTableRow&#34;: [&#34;&lt;td class=\&#34;col-result\&#34;&gt;Failed&lt;/td&gt;&#34;, &#34;&lt;td class=\&#34;col-testId\&#34;&gt;test_create_request_page.py::TestCreateRequestPage::test_04_step2_upload_photos_skipped&lt;/td&gt;&#34;, &#34;&lt;td class=\&#34;col-duration\&#34;&gt;00:00:28&lt;/td&gt;&#34;, &#34;&lt;td class=\&#34;col-links\&#34;&gt;&lt;/td&gt;&#34;], &#34;log&#34;: &#34;self = &amp;lt;test_create_request_page.TestCreateRequestPage object at 0x000001B8ABDC0FC0&amp;gt;\nweb_driver = &amp;lt;selenium.webdriver.firefox.webdriver.WebDriver (session=&amp;quot;10ca1bab-89b9-41c5-9f0f-37c457cc32d4&amp;quot;)&amp;gt;\nwait = &amp;lt;selenium.webdriver.support.wait.WebDriverWait (session=&amp;quot;10ca1bab-89b9-41c5-9f0f-37c457cc32d4&amp;quot;)&amp;gt;\n\n    def test_04_step2_upload_photos_skipped(self, web_driver, wait):\n        &amp;quot;&amp;quot;&amp;quot;\n        Test: User can proceed without uploading photos (optional step)\n        Expected: Can go to Step 3 without photos\n        &amp;quot;&amp;quot;&amp;quot;\n        page = CreateRequestPage(web_driver, wait)\n&amp;gt;       page.navigate_to_page()\n\ntest_create_request_page.py:126: \n_ _ _ _ _ _ _ _ _ _ _ _ _ _ _ _ _ _ _ _ _ _ _ _ _ _ _ _ _ _ _ _ _ _ _ _ _ _ _ _ _ _ _ _ _ _ _ _ _ _ _ _ _ _ _ _ _ _ _ _ _ _ _ _ _ _ _ _ _ _ _ _ _ _ _ _ _ _ _ _ _\npages\\create_request_page.py:65: in navigate_to_page\n    self.wait.until(EC.presence_of_element_located(self.TITLE_INPUT))\n_ _ _ _ _ _ _ _ _ _ _ _ _ _ _ _ _ _ _ _ _ _ _ _ _ _ _ _ _ _ _ _ _ _ _ _ _ _ _ _ _ _ _ _ _ _ _ _ _ _ _ _ _ _ _ _ _ _ _ _ _ _ _ _ _ _ _ _ _ _ _ _ _ _ _ _ _ _ _ _ _\n\nself = &amp;lt;selenium.webdriver.support.wait.WebDriverWait (session=&amp;quot;10ca1bab-89b9-41c5-9f0f-37c457cc32d4&amp;quot;)&amp;gt;\nmethod = &amp;lt;function presence_of_element_located.&amp;lt;locals&amp;gt;._predicate at 0x000001B8ABFD1260&amp;gt;, message = &amp;#x27;&amp;#x27;\n\n    def until(self, method: Callable[[D], Union[Literal[False], T]], message: str = &amp;quot;&amp;quot;) -&amp;gt; T:\n        &amp;quot;&amp;quot;&amp;quot;Wait until the method returns a value that is not False.\n    \n        Calls the method provided with the driver as an argument until the\n        return value does not evaluate to ``False``.\n    \n        Parameters:\n        -----------\n        method: callable(WebDriver)\n            - A callable object that takes a WebDriver instance as an argument.\n    \n        message: str\n            - Optional message for :exc:`TimeoutException`\n    \n        Return:\n        -------\n        object: T\n            - The result of the last call to `method`\n    \n        Raises:\n        -------\n        TimeoutException\n            - If &amp;#x27;method&amp;#x27; does not return a truthy value within the WebDriverWait\n            object&amp;#x27;s timeout\n    \n        Example:\n        --------\n        &amp;gt;&amp;gt;&amp;gt; from selenium.webdriver.common.by import By\n        &amp;gt;&amp;gt;&amp;gt; from selenium.webdriver.support.ui import WebDriverWait\n        &amp;gt;&amp;gt;&amp;gt; from selenium.webdriver.support import expected_conditions as EC\n    \n        # Wait until an element is visible on the page\n        &amp;gt;&amp;gt;&amp;gt; wait = WebDriverWait(driver, 10)\n        &amp;gt;&amp;gt;&amp;gt; element = wait.until(EC.visibility_of_element_located((By.ID, &amp;quot;exampleId&amp;quot;)))\n        &amp;gt;&amp;gt;&amp;gt; print(element.text)\n        &amp;quot;&amp;quot;&amp;quot;\n        screen = None\n        stacktrace = None\n    \n        end_time = time.monotonic() + self._timeout\n        while True:\n            try:\n                value = method(self._driver)\n                if value:\n                    return value\n            except self._ignored_exceptions as exc:\n                screen = getattr(exc, &amp;quot;screen&amp;quot;, None)\n                stacktrace = getattr(exc, &amp;quot;stacktrace&amp;quot;, None)\n            if time.monotonic() &amp;gt; end_time:\n                break\n            time.sleep(self._poll)\n&amp;gt;       raise TimeoutException(message, screen, stacktrace)\nE       selenium.common.exceptions.TimeoutException: Message: \nE       Stacktrace:\nE       RemoteError@chrome://remote/content/shared/RemoteError.sys.mjs:8:8\nE       WebDriverError@chrome://remote/content/shared/webdriver/Errors.sys.mjs:202:5\nE       NoSuchElementError@chrome://remote/content/shared/webdriver/Errors.sys.mjs:555:5\nE       dom.find/&amp;lt;/&amp;lt;@chrome://remote/content/shared/DOM.sys.mjs:136:16\n\nC:\\Users\\musak\\AppData\\Local\\Programs\\Python\\Python313\\Lib\\site-packages\\selenium\\webdriver\\support\\wait.py:138: TimeoutException\n\n---------------------------- Captured stdout setup -----------------------------\nNavigating to login page: http://localhost:5173/login\nCurrent URL: http://localhost:5173/login\nEmail filled: test@example.com\nPassword filled\nLogin button found, clicking...\nWaiting for redirect after login...\nLogged in successfully. Current URL: http://localhost:5173/\n&#34;}], &#34;test_create_request_page.py::TestCreateRequestPage::test_05_step3_select_deadline&#34;: [{&#34;extras&#34;: [], &#34;result&#34;: &#34;Failed&#34;, &#34;testId&#34;: &#34;test_create_request_page.py::TestCreateRequestPage::test_05_step3_select_deadline&#34;, &#34;duration&#34;: &#34;00:00:27&#34;, &#34;resultsTableRow&#34;: [&#34;&lt;td class=\&#34;col-result\&#34;&gt;Failed&lt;/td&gt;&#34;, &#34;&lt;td class=\&#34;col-testId\&#34;&gt;test_create_request_page.py::TestCreateRequestPage::test_05_step3_select_deadline&lt;/td&gt;&#34;, &#34;&lt;td class=\&#34;col-duration\&#34;&gt;00:00:27&lt;/td&gt;&#34;, &#34;&lt;td class=\&#34;col-links\&#34;&gt;&lt;/td&gt;&#34;], &#34;log&#34;: &#34;self = &amp;lt;test_create_request_page.TestCreateRequestPage object at 0x000001B8ABF28710&amp;gt;\nweb_driver = &amp;lt;selenium.webdriver.firefox.webdriver.WebDriver (session=&amp;quot;10ca1bab-89b9-41c5-9f0f-37c457cc32d4&amp;quot;)&amp;gt;\nwait = &amp;lt;selenium.webdriver.support.wait.WebDriverWait (session=&amp;quot;10ca1bab-89b9-41c5-9f0f-37c457cc32d4&amp;quot;)&amp;gt;\n\n    def test_05_step3_select_deadline(self, web_driver, wait):\n        &amp;quot;&amp;quot;&amp;quot;\n        Test: User can select a deadline date\n        Expected: Calendar accepts date selection\n        &amp;quot;&amp;quot;&amp;quot;\n        page = CreateRequestPage(web_driver, wait)\n&amp;gt;       page.navigate_to_page()\n\ntest_create_request_page.py:155: \n_ _ _ _ _ _ _ _ _ _ _ _ _ _ _ _ _ _ _ _ _ _ _ _ _ _ _ _ _ _ _ _ _ _ _ _ _ _ _ _ _ _ _ _ _ _ _ _ _ _ _ _ _ _ _ _ _ _ _ _ _ _ _ _ _ _ _ _ _ _ _ _ _ _ _ _ _ _ _ _ _\npages\\create_request_page.py:65: in navigate_to_page\n    self.wait.until(EC.presence_of_element_located(self.TITLE_INPUT))\n_ _ _ _ _ _ _ _ _ _ _ _ _ _ _ _ _ _ _ _ _ _ _ _ _ _ _ _ _ _ _ _ _ _ _ _ _ _ _ _ _ _ _ _ _ _ _ _ _ _ _ _ _ _ _ _ _ _ _ _ _ _ _ _ _ _ _ _ _ _ _ _ _ _ _ _ _ _ _ _ _\n\nself = &amp;lt;selenium.webdriver.support.wait.WebDriverWait (session=&amp;quot;10ca1bab-89b9-41c5-9f0f-37c457cc32d4&amp;quot;)&amp;gt;\nmethod = &amp;lt;function presence_of_element_located.&amp;lt;locals&amp;gt;._predicate at 0x000001B8ABFD07C0&amp;gt;, message = &amp;#x27;&amp;#x27;\n\n    def until(self, method: Callable[[D], Union[Literal[False], T]], message: str = &amp;quot;&amp;quot;) -&amp;gt; T:\n        &amp;quot;&amp;quot;&amp;quot;Wait until the method returns a value that is not False.\n    \n        Calls the method provided with the driver as an argument until the\n        return value does not evaluate to ``False``.\n    \n        Parameters:\n        -----------\n        method: callable(WebDriver)\n            - A callable object that takes a WebDriver instance as an argument.\n    \n        message: str\n            - Optional message for :exc:`TimeoutException`\n    \n        Return:\n        -------\n        object: T\n            - The result of the last call to `method`\n    \n        Raises:\n        -------\n        TimeoutException\n            - If &amp;#x27;method&amp;#x27; does not return a truthy value within the WebDriverWait\n            object&amp;#x27;s timeout\n    \n        Example:\n        --------\n        &amp;gt;&amp;gt;&amp;gt; from selenium.webdriver.common.by import By\n        &amp;gt;&amp;gt;&amp;gt; from selenium.webdriver.support.ui import WebDriverWait\n        &amp;gt;&amp;gt;&amp;gt; from selenium.webdriver.support import expected_conditions as EC\n    \n        # Wait until an element is visible on the page\n        &amp;gt;&amp;gt;&amp;gt; wait = WebDriverWait(driver, 10)\n        &amp;gt;&amp;gt;&amp;gt; element = wait.until(EC.visibility_of_element_located((By.ID, &amp;quot;exampleId&amp;quot;)))\n        &amp;gt;&amp;gt;&amp;gt; print(element.text)\n        &amp;quot;&amp;quot;&amp;quot;\n        screen = None\n        stacktrace = None\n    \n        end_time = time.monotonic() + self._timeout\n        while True:\n            try:\n                value = method(self._driver)\n                if value:\n                    return value\n            except self._ignored_exceptions as exc:\n                screen = getattr(exc, &amp;quot;screen&amp;quot;, None)\n                stacktrace = getattr(exc, &amp;quot;stacktrace&amp;quot;, None)\n            if time.monotonic() &amp;gt; end_time:\n                break\n            time.sleep(self._poll)\n&amp;gt;       raise TimeoutException(message, screen, stacktrace)\nE       selenium.common.exceptions.TimeoutException: Message: \nE       Stacktrace:\nE       RemoteError@chrome://remote/content/shared/RemoteError.sys.mjs:8:8\nE       WebDriverError@chrome://remote/content/shared/webdriver/Errors.sys.mjs:202:5\nE       NoSuchElementError@chrome://remote/content/shared/webdriver/Errors.sys.mjs:555:5\nE       dom.find/&amp;lt;/&amp;lt;@chrome://remote/content/shared/DOM.sys.mjs:136:16\n\nC:\\Users\\musak\\AppData\\Local\\Programs\\Python\\Python313\\Lib\\site-packages\\selenium\\webdriver\\support\\wait.py:138: TimeoutException\n\n---------------------------- Captured stdout setup -----------------------------\nNavigating to login page: http://localhost:5173/login\nCurrent URL: http://localhost:5173/login\nEmail filled: test@example.com\nPassword filled\nLogin button found, clicking...\nWaiting for redirect after login...\nLogged in successfully. Current URL: http://localhost:5173/\n&#34;}], &#34;test_create_request_page.py::TestCreateRequestPage::test_06_step3_to_step4_navigation&#34;: [{&#34;extras&#34;: [], &#34;result&#34;: &#34;Failed&#34;, &#34;testId&#34;: &#34;test_create_request_page.py::TestCreateRequestPage::test_06_step3_to_step4_navigation&#34;, &#34;duration&#34;: &#34;00:00:27&#34;, &#34;resultsTableRow&#34;: [&#34;&lt;td class=\&#34;col-result\&#34;&gt;Failed&lt;/td&gt;&#34;, &#34;&lt;td class=\&#34;col-testId\&#34;&gt;test_create_request_page.py::TestCreateRequestPage::test_06_step3_to_step4_navigation&lt;/td&gt;&#34;, &#34;&lt;td class=\&#34;col-duration\&#34;&gt;00:00:27&lt;/td&gt;&#34;, &#34;&lt;td class=\&#34;col-links\&#34;&gt;&lt;/td&gt;&#34;], &#34;log&#34;: &#34;self = &amp;lt;test_create_request_page.TestCreateRequestPage object at 0x000001B8ABD33F00&amp;gt;\nweb_driver = &amp;lt;selenium.webdriver.firefox.webdriver.WebDriver (session=&amp;quot;10ca1bab-89b9-41c5-9f0f-37c457cc32d4&amp;quot;)&amp;gt;\nwait = &amp;lt;selenium.webdriver.support.wait.WebDriverWait (session=&amp;quot;10ca1bab-89b9-41c5-9f0f-37c457cc32d4&amp;quot;)&amp;gt;\n\n    def test_06_step3_to_step4_navigation(self, web_driver, wait):\n        &amp;quot;&amp;quot;&amp;quot;\n        Test: User can navigate from Step 3 to Step 4\n        Expected: Next button takes user to Step 4 (Setup Address)\n        &amp;quot;&amp;quot;&amp;quot;\n        page = CreateRequestPage(web_driver, wait)\n&amp;gt;       page.navigate_to_page()\n\ntest_create_request_page.py:184: \n_ _ _ _ _ _ _ _ _ _ _ _ _ _ _ _ _ _ _ _ _ _ _ _ _ _ _ _ _ _ _ _ _ _ _ _ _ _ _ _ _ _ _ _ _ _ _ _ _ _ _ _ _ _ _ _ _ _ _ _ _ _ _ _ _ _ _ _ _ _ _ _ _ _ _ _ _ _ _ _ _\npages\\create_request_page.py:65: in navigate_to_page\n    self.wait.until(EC.presence_of_element_located(self.TITLE_INPUT))\n_ _ _ _ _ _ _ _ _ _ _ _ _ _ _ _ _ _ _ _ _ _ _ _ _ _ _ _ _ _ _ _ _ _ _ _ _ _ _ _ _ _ _ _ _ _ _ _ _ _ _ _ _ _ _ _ _ _ _ _ _ _ _ _ _ _ _ _ _ _ _ _ _ _ _ _ _ _ _ _ _\n\nself = &amp;lt;selenium.webdriver.support.wait.WebDriverWait (session=&amp;quot;10ca1bab-89b9-41c5-9f0f-37c457cc32d4&amp;quot;)&amp;gt;\nmethod = &amp;lt;function presence_of_element_located.&amp;lt;locals&amp;gt;._predicate at 0x000001B8ABFD0C20&amp;gt;, message = &amp;#x27;&amp;#x27;\n\n    def until(self, method: Callable[[D], Union[Literal[False], T]], message: str = &amp;quot;&amp;quot;) -&amp;gt; T:\n        &amp;quot;&amp;quot;&amp;quot;Wait until the method returns a value that is not False.\n    \n        Calls the method provided with the driver as an argument until the\n        return value does not evaluate to ``False``.\n    \n        Parameters:\n        -----------\n        method: callable(WebDriver)\n            - A callable object that takes a WebDriver instance as an argument.\n    \n        message: str\n            - Optional message for :exc:`TimeoutException`\n    \n        Return:\n        -------\n        object: T\n            - The result of the last call to `method`\n    \n        Raises:\n        -------\n        TimeoutException\n            - If &amp;#x27;method&amp;#x27; does not return a truthy value within the WebDriverWait\n            object&amp;#x27;s timeout\n    \n        Example:\n        --------\n        &amp;gt;&amp;gt;&amp;gt; from selenium.webdriver.common.by import By\n        &amp;gt;&amp;gt;&amp;gt; from selenium.webdriver.support.ui import WebDriverWait\n        &amp;gt;&amp;gt;&amp;gt; from selenium.webdriver.support import expected_conditions as EC\n    \n        # Wait until an element is visible on the page\n        &amp;gt;&amp;gt;&amp;gt; wait = WebDriverWait(driver, 10)\n        &amp;gt;&amp;gt;&amp;gt; element = wait.until(EC.visibility_of_element_located((By.ID, &amp;quot;exampleId&amp;quot;)))\n        &amp;gt;&amp;gt;&amp;gt; print(element.text)\n        &amp;quot;&amp;quot;&amp;quot;\n        screen = None\n        stacktrace = None\n    \n        end_time = time.monotonic() + self._timeout\n        while True:\n            try:\n                value = method(self._driver)\n                if value:\n                    return value\n            except self._ignored_exceptions as exc:\n                screen = getattr(exc, &amp;quot;screen&amp;quot;, None)\n                stacktrace = getattr(exc, &amp;quot;stacktrace&amp;quot;, None)\n            if time.monotonic() &amp;gt; end_time:\n                break\n            time.sleep(self._poll)\n&amp;gt;       raise TimeoutException(message, screen, stacktrace)\nE       selenium.common.exceptions.TimeoutException: Message: \nE       Stacktrace:\nE       RemoteError@chrome://remote/content/shared/RemoteError.sys.mjs:8:8\nE       WebDriverError@chrome://remote/content/shared/webdriver/Errors.sys.mjs:202:5\nE       NoSuchElementError@chrome://remote/content/shared/webdriver/Errors.sys.mjs:555:5\nE       dom.find/&amp;lt;/&amp;lt;@chrome://remote/content/shared/DOM.sys.mjs:136:16\n\nC:\\Users\\musak\\AppData\\Local\\Programs\\Python\\Python313\\Lib\\site-packages\\selenium\\webdriver\\support\\wait.py:138: TimeoutException\n\n---------------------------- Captured stdout setup -----------------------------\nNavigating to login page: http://localhost:5173/login\nCurrent URL: http://localhost:5173/login\nEmail filled: test@example.com\nPassword filled\nLogin button found, clicking...\nWaiting for redirect after login...\nLogged in successfully. Current URL: http://localhost:5173/\n&#34;}], &#34;test_create_request_page.py::TestCreateRequestPage::test_07_step4_fill_address&#34;: [{&#34;extras&#34;: [], &#34;result&#34;: &#34;Failed&#34;, &#34;testId&#34;: &#34;test_create_request_page.py::TestCreateRequestPage::test_07_step4_fill_address&#34;, &#34;duration&#34;: &#34;00:00:28&#34;, &#34;resultsTableRow&#34;: [&#34;&lt;td class=\&#34;col-result\&#34;&gt;Failed&lt;/td&gt;&#34;, &#34;&lt;td class=\&#34;col-testId\&#34;&gt;test_create_request_page.py::TestCreateRequestPage::test_07_step4_fill_address&lt;/td&gt;&#34;, &#34;&lt;td class=\&#34;col-duration\&#34;&gt;00:00:28&lt;/td&gt;&#34;, &#34;&lt;td class=\&#34;col-links\&#34;&gt;&lt;/td&gt;&#34;], &#34;log&#34;: &#34;self = &amp;lt;test_create_request_page.TestCreateRequestPage object at 0x000001B8ABF24160&amp;gt;\nweb_driver = &amp;lt;selenium.webdriver.firefox.webdriver.WebDriver (session=&amp;quot;10ca1bab-89b9-41c5-9f0f-37c457cc32d4&amp;quot;)&amp;gt;\nwait = &amp;lt;selenium.webdriver.support.wait.WebDriverWait (session=&amp;quot;10ca1bab-89b9-41c5-9f0f-37c457cc32d4&amp;quot;)&amp;gt;\n\n    def test_07_step4_fill_address(self, web_driver, wait):\n        &amp;quot;&amp;quot;&amp;quot;\n        Test: User can fill Step 4 (Setup Address)\n        Expected: All address fields accept input\n        &amp;quot;&amp;quot;&amp;quot;\n        page = CreateRequestPage(web_driver, wait)\n&amp;gt;       page.navigate_to_page()\n\ntest_create_request_page.py:215: \n_ _ _ _ _ _ _ _ _ _ _ _ _ _ _ _ _ _ _ _ _ _ _ _ _ _ _ _ _ _ _ _ _ _ _ _ _ _ _ _ _ _ _ _ _ _ _ _ _ _ _ _ _ _ _ _ _ _ _ _ _ _ _ _ _ _ _ _ _ _ _ _ _ _ _ _ _ _ _ _ _\npages\\create_request_page.py:65: in navigate_to_page\n    self.wait.until(EC.presence_of_element_located(self.TITLE_INPUT))\n_ _ _ _ _ _ _ _ _ _ _ _ _ _ _ _ _ _ _ _ _ _ _ _ _ _ _ _ _ _ _ _ _ _ _ _ _ _ _ _ _ _ _ _ _ _ _ _ _ _ _ _ _ _ _ _ _ _ _ _ _ _ _ _ _ _ _ _ _ _ _ _ _ _ _ _ _ _ _ _ _\n\nself = &amp;lt;selenium.webdriver.support.wait.WebDriverWait (session=&amp;quot;10ca1bab-89b9-41c5-9f0f-37c457cc32d4&amp;quot;)&amp;gt;\nmethod = &amp;lt;function presence_of_element_located.&amp;lt;locals&amp;gt;._predicate at 0x000001B8ABFD2B60&amp;gt;, message = &amp;#x27;&amp;#x27;\n\n    def until(self, method: Callable[[D], Union[Literal[False], T]], message: str = &amp;quot;&amp;quot;) -&amp;gt; T:\n        &amp;quot;&amp;quot;&amp;quot;Wait until the method returns a value that is not False.\n    \n        Calls the method provided with the driver as an argument until the\n        return value does not evaluate to ``False``.\n    \n        Parameters:\n        -----------\n        method: callable(WebDriver)\n            - A callable object that takes a WebDriver instance as an argument.\n    \n        message: str\n            - Optional message for :exc:`TimeoutException`\n    \n        Return:\n        -------\n        object: T\n            - The result of the last call to `method`\n    \n        Raises:\n        -------\n        TimeoutException\n            - If &amp;#x27;method&amp;#x27; does not return a truthy value within the WebDriverWait\n            object&amp;#x27;s timeout\n    \n        Example:\n        --------\n        &amp;gt;&amp;gt;&amp;gt; from selenium.webdriver.common.by import By\n        &amp;gt;&amp;gt;&amp;gt; from selenium.webdriver.support.ui import WebDriverWait\n        &amp;gt;&amp;gt;&amp;gt; from selenium.webdriver.support import expected_conditions as EC\n    \n        # Wait until an element is visible on the page\n        &amp;gt;&amp;gt;&amp;gt; wait = WebDriverWait(driver, 10)\n        &amp;gt;&amp;gt;&amp;gt; element = wait.until(EC.visibility_of_element_located((By.ID, &amp;quot;exampleId&amp;quot;)))\n        &amp;gt;&amp;gt;&amp;gt; print(element.text)\n        &amp;quot;&amp;quot;&amp;quot;\n        screen = None\n        stacktrace = None\n    \n        end_time = time.monotonic() + self._timeout\n        while True:\n            try:\n                value = method(self._driver)\n                if value:\n                    return value\n            except self._ignored_exceptions as exc:\n                screen = getattr(exc, &amp;quot;screen&amp;quot;, None)\n                stacktrace = getattr(exc, &amp;quot;stacktrace&amp;quot;, None)\n            if time.monotonic() &amp;gt; end_time:\n                break\n            time.sleep(self._poll)\n&amp;gt;       raise TimeoutException(message, screen, stacktrace)\nE       selenium.common.exceptions.TimeoutException: Message: \nE       Stacktrace:\nE       RemoteError@chrome://remote/content/shared/RemoteError.sys.mjs:8:8\nE       WebDriverError@chrome://remote/content/shared/webdriver/Errors.sys.mjs:202:5\nE       NoSuchElementError@chrome://remote/content/shared/webdriver/Errors.sys.mjs:555:5\nE       dom.find/&amp;lt;/&amp;lt;@chrome://remote/content/shared/DOM.sys.mjs:136:16\n\nC:\\Users\\musak\\AppData\\Local\\Programs\\Python\\Python313\\Lib\\site-packages\\selenium\\webdriver\\support\\wait.py:138: TimeoutException\n\n---------------------------- Captured stdout setup -----------------------------\nNavigating to login page: http://localhost:5173/login\nCurrent URL: http://localhost:5173/login\nEmail filled: test@example.com\nPassword filled\nLogin button found, clicking...\nWaiting for redirect after login...\nLogged in successfully. Current URL: http://localhost:5173/\n&#34;}], &#34;test_create_request_page.py::TestCreateRequestPage::test_08_complete_create_request_flow&#34;: [{&#34;extras&#34;: [], &#34;result&#34;: &#34;Failed&#34;, &#34;testId&#34;: &#34;test_create_request_page.py::TestCreateRequestPage::test_08_complete_create_request_flow&#34;, &#34;duration&#34;: &#34;00:00:36&#34;, &#34;resultsTableRow&#34;: [&#34;&lt;td class=\&#34;col-result\&#34;&gt;Failed&lt;/td&gt;&#34;, &#34;&lt;td class=\&#34;col-testId\&#34;&gt;test_create_request_page.py::TestCreateRequestPage::test_08_complete_create_request_flow&lt;/td&gt;&#34;, &#34;&lt;td class=\&#34;col-duration\&#34;&gt;00:00:36&lt;/td&gt;&#34;, &#34;&lt;td class=\&#34;col-links\&#34;&gt;&lt;/td&gt;&#34;], &#34;log&#34;: &#34;self = &amp;lt;test_create_request_page.TestCreateRequestPage object at 0x000001B8ABD4A250&amp;gt;\nweb_driver = &amp;lt;selenium.webdriver.firefox.webdriver.WebDriver (session=&amp;quot;10ca1bab-89b9-41c5-9f0f-37c457cc32d4&amp;quot;)&amp;gt;\nwait = &amp;lt;selenium.webdriver.support.wait.WebDriverWait (session=&amp;quot;10ca1bab-89b9-41c5-9f0f-37c457cc32d4&amp;quot;)&amp;gt;\n\n    def test_08_complete_create_request_flow(self, web_driver, wait):\n        &amp;quot;&amp;quot;&amp;quot;\n        Test: User can complete entire Create Request flow\n        Expected: Request is created and persists in DB\n        Acceptance Evidence:\n            - DB record exists\n            - UI shows newly created request\n            - 201/200 API responses logged\n        &amp;quot;&amp;quot;&amp;quot;\n        page = CreateRequestPage(web_driver, wait)\n&amp;gt;       page.navigate_to_page()\n\ntest_create_request_page.py:262: \n_ _ _ _ _ _ _ _ _ _ _ _ _ _ _ _ _ _ _ _ _ _ _ _ _ _ _ _ _ _ _ _ _ _ _ _ _ _ _ _ _ _ _ _ _ _ _ _ _ _ _ _ _ _ _ _ _ _ _ _ _ _ _ _ _ _ _ _ _ _ _ _ _ _ _ _ _ _ _ _ _\npages\\create_request_page.py:65: in navigate_to_page\n    self.wait.until(EC.presence_of_element_located(self.TITLE_INPUT))\n_ _ _ _ _ _ _ _ _ _ _ _ _ _ _ _ _ _ _ _ _ _ _ _ _ _ _ _ _ _ _ _ _ _ _ _ _ _ _ _ _ _ _ _ _ _ _ _ _ _ _ _ _ _ _ _ _ _ _ _ _ _ _ _ _ _ _ _ _ _ _ _ _ _ _ _ _ _ _ _ _\n\nself = &amp;lt;selenium.webdriver.support.wait.WebDriverWait (session=&amp;quot;10ca1bab-89b9-41c5-9f0f-37c457cc32d4&amp;quot;)&amp;gt;\nmethod = &amp;lt;function presence_of_element_located.&amp;lt;locals&amp;gt;._predicate at 0x000001B8ABFD1440&amp;gt;, message = &amp;#x27;&amp;#x27;\n\n    def until(self, method: Callable[[D], Union[Literal[False], T]], message: str = &amp;quot;&amp;quot;) -&amp;gt; T:\n        &amp;quot;&amp;quot;&amp;quot;Wait until the method returns a value that is not False.\n    \n        Calls the method provided with the driver as an argument until the\n        return value does not evaluate to ``False``.\n    \n        Parameters:\n        -----------\n        method: callable(WebDriver)\n            - A callable object that takes a WebDriver instance as an argument.\n    \n        message: str\n            - Optional message for :exc:`TimeoutException`\n    \n        Return:\n        -------\n        object: T\n            - The result of the last call to `method`\n    \n        Raises:\n        -------\n        TimeoutException\n            - If &amp;#x27;method&amp;#x27; does not return a truthy value within the WebDriverWait\n            object&amp;#x27;s timeout\n    \n        Example:\n        --------\n        &amp;gt;&amp;gt;&amp;gt; from selenium.webdriver.common.by import By\n        &amp;gt;&amp;gt;&amp;gt; from selenium.webdriver.support.ui import WebDriverWait\n        &amp;gt;&amp;gt;&amp;gt; from selenium.webdriver.support import expected_conditions as EC\n    \n        # Wait until an element is visible on the page\n        &amp;gt;&amp;gt;&amp;gt; wait = WebDriverWait(driver, 10)\n        &amp;gt;&amp;gt;&amp;gt; element = wait.until(EC.visibility_of_element_located((By.ID, &amp;quot;exampleId&amp;quot;)))\n        &amp;gt;&amp;gt;&amp;gt; print(element.text)\n        &amp;quot;&amp;quot;&amp;quot;\n        screen = None\n        stacktrace = None\n    \n        end_time = time.monotonic() + self._timeout\n        while True:\n            try:\n                value = method(self._driver)\n                if value:\n                    return value\n            except self._ignored_exceptions as exc:\n                screen = getattr(exc, &amp;quot;screen&amp;quot;, None)\n                stacktrace = getattr(exc, &amp;quot;stacktrace&amp;quot;, None)\n            if time.monotonic() &amp;gt; end_time:\n                break\n            time.sleep(self._poll)\n&amp;gt;       raise TimeoutException(message, screen, stacktrace)\nE       selenium.common.exceptions.TimeoutException: Message: \nE       Stacktrace:\nE       RemoteError@chrome://remote/content/shared/RemoteError.sys.mjs:8:8\nE       WebDriverError@chrome://remote/content/shared/webdriver/Errors.sys.mjs:202:5\nE       NoSuchElementError@chrome://remote/content/shared/webdriver/Errors.sys.mjs:555:5\nE       dom.find/&amp;lt;/&amp;lt;@chrome://remote/content/shared/DOM.sys.mjs:136:16\n\nC:\\Users\\musak\\AppData\\Local\\Programs\\Python\\Python313\\Lib\\site-packages\\selenium\\webdriver\\support\\wait.py:138: TimeoutException\n\n---------------------------- Captured stdout setup -----------------------------\nNavigating to login page: http://localhost:5173/login\nCurrent URL: http://localhost:5173/login\nEmail filled: test@example.com\nPassword filled\nLogin button found, clicking...\nWaiting for redirect after login...\nLogged in successfully. Current URL: http://localhost:5173/\n&#34;}], &#34;test_create_request_page.py::TestCreateRequestPage::test_09_negative_empty_title&#34;: [{&#34;extras&#34;: [], &#34;result&#34;: &#34;Failed&#34;, &#34;testId&#34;: &#34;test_create_request_page.py::TestCreateRequestPage::test_09_negative_empty_title&#34;, &#34;duration&#34;: &#34;00:00:40&#34;, &#34;resultsTableRow&#34;: [&#34;&lt;td class=\&#34;col-result\&#34;&gt;Failed&lt;/td&gt;&#34;, &#34;&lt;td class=\&#34;col-testId\&#34;&gt;test_create_request_page.py::TestCreateRequestPage::test_09_negative_empty_title&lt;/td&gt;&#34;, &#34;&lt;td class=\&#34;col-duration\&#34;&gt;00:00:40&lt;/td&gt;&#34;, &#34;&lt;td class=\&#34;col-links\&#34;&gt;&lt;/td&gt;&#34;], &#34;log&#34;: &#34;self = &amp;lt;test_create_request_page.TestCreateRequestPage object at 0x000001B8ABD4A450&amp;gt;\nweb_driver = &amp;lt;selenium.webdriver.firefox.webdriver.WebDriver (session=&amp;quot;10ca1bab-89b9-41c5-9f0f-37c457cc32d4&amp;quot;)&amp;gt;\nwait = &amp;lt;selenium.webdriver.support.wait.WebDriverWait (session=&amp;quot;10ca1bab-89b9-41c5-9f0f-37c457cc32d4&amp;quot;)&amp;gt;\n\n    def test_09_negative_empty_title(self, web_driver, wait):\n        &amp;quot;&amp;quot;&amp;quot;\n        Test: Form validation - empty title\n        Expected: Validation error, request not created\n        &amp;quot;&amp;quot;&amp;quot;\n        page = CreateRequestPage(web_driver, wait)\n&amp;gt;       page.navigate_to_page()\n\ntest_create_request_page.py:319: \n_ _ _ _ _ _ _ _ _ _ _ _ _ _ _ _ _ _ _ _ _ _ _ _ _ _ _ _ _ _ _ _ _ _ _ _ _ _ _ _ _ _ _ _ _ _ _ _ _ _ _ _ _ _ _ _ _ _ _ _ _ _ _ _ _ _ _ _ _ _ _ _ _ _ _ _ _ _ _ _ _\npages\\create_request_page.py:65: in navigate_to_page\n    self.wait.until(EC.presence_of_element_located(self.TITLE_INPUT))\n_ _ _ _ _ _ _ _ _ _ _ _ _ _ _ _ _ _ _ _ _ _ _ _ _ _ _ _ _ _ _ _ _ _ _ _ _ _ _ _ _ _ _ _ _ _ _ _ _ _ _ _ _ _ _ _ _ _ _ _ _ _ _ _ _ _ _ _ _ _ _ _ _ _ _ _ _ _ _ _ _\n\nself = &amp;lt;selenium.webdriver.support.wait.WebDriverWait (session=&amp;quot;10ca1bab-89b9-41c5-9f0f-37c457cc32d4&amp;quot;)&amp;gt;\nmethod = &amp;lt;function presence_of_element_located.&amp;lt;locals&amp;gt;._predicate at 0x000001B8ABFD3B00&amp;gt;, message = &amp;#x27;&amp;#x27;\n\n    def until(self, method: Callable[[D], Union[Literal[False], T]], message: str = &amp;quot;&amp;quot;) -&amp;gt; T:\n        &amp;quot;&amp;quot;&amp;quot;Wait until the method returns a value that is not False.\n    \n        Calls the method provided with the driver as an argument until the\n        return value does not evaluate to ``False``.\n    \n        Parameters:\n        -----------\n        method: callable(WebDriver)\n            - A callable object that takes a WebDriver instance as an argument.\n    \n        message: str\n            - Optional message for :exc:`TimeoutException`\n    \n        Return:\n        -------\n        object: T\n            - The result of the last call to `method`\n    \n        Raises:\n        -------\n        TimeoutException\n            - If &amp;#x27;method&amp;#x27; does not return a truthy value within the WebDriverWait\n            object&amp;#x27;s timeout\n    \n        Example:\n        --------\n        &amp;gt;&amp;gt;&amp;gt; from selenium.webdriver.common.by import By\n        &amp;gt;&amp;gt;&amp;gt; from selenium.webdriver.support.ui import WebDriverWait\n        &amp;gt;&amp;gt;&amp;gt; from selenium.webdriver.support import expected_conditions as EC\n    \n        # Wait until an element is visible on the page\n        &amp;gt;&amp;gt;&amp;gt; wait = WebDriverWait(driver, 10)\n        &amp;gt;&amp;gt;&amp;gt; element = wait.until(EC.visibility_of_element_located((By.ID, &amp;quot;exampleId&amp;quot;)))\n        &amp;gt;&amp;gt;&amp;gt; print(element.text)\n        &amp;quot;&amp;quot;&amp;quot;\n        screen = None\n        stacktrace = None\n    \n        end_time = time.monotonic() + self._timeout\n        while True:\n            try:\n                value = method(self._driver)\n                if value:\n                    return value\n            except self._ignored_exceptions as exc:\n                screen = getattr(exc, &amp;quot;screen&amp;quot;, None)\n                stacktrace = getattr(exc, &amp;quot;stacktrace&amp;quot;, None)\n            if time.monotonic() &amp;gt; end_time:\n                break\n            time.sleep(self._poll)\n&amp;gt;       raise TimeoutException(message, screen, stacktrace)\nE       selenium.common.exceptions.TimeoutException: Message: \nE       Stacktrace:\nE       RemoteError@chrome://remote/content/shared/RemoteError.sys.mjs:8:8\nE       WebDriverError@chrome://remote/content/shared/webdriver/Errors.sys.mjs:202:5\nE       NoSuchElementError@chrome://remote/content/shared/webdriver/Errors.sys.mjs:555:5\nE       dom.find/&amp;lt;/&amp;lt;@chrome://remote/content/shared/DOM.sys.mjs:136:16\n\nC:\\Users\\musak\\AppData\\Local\\Programs\\Python\\Python313\\Lib\\site-packages\\selenium\\webdriver\\support\\wait.py:138: TimeoutException\n\n---------------------------- Captured stdout setup -----------------------------\nNavigating to login page: http://localhost:5173/login\nCurrent URL: http://localhost:5173/login\nEmail filled: test@example.com\nPassword filled\nLogin button found, clicking...\nWaiting for redirect after login...\nLogged in successfully. Current URL: http://localhost:5173/\n&#34;}], &#34;test_create_request_page.py::TestCreateRequestPage::test_10_negative_short_description&#34;: [{&#34;extras&#34;: [], &#34;result&#34;: &#34;Failed&#34;, &#34;testId&#34;: &#34;test_create_request_page.py::TestCreateRequestPage::test_10_negative_short_description&#34;, &#34;duration&#34;: &#34;00:00:27&#34;, &#34;resultsTableRow&#34;: [&#34;&lt;td class=\&#34;col-result\&#34;&gt;Failed&lt;/td&gt;&#34;, &#34;&lt;td class=\&#34;col-testId\&#34;&gt;test_create_request_page.py::TestCreateRequestPage::test_10_negative_short_description&lt;/td&gt;&#34;, &#34;&lt;td class=\&#34;col-duration\&#34;&gt;00:00:27&lt;/td&gt;&#34;, &#34;&lt;td class=\&#34;col-links\&#34;&gt;&lt;/td&gt;&#34;], &#34;log&#34;: &#34;self = &amp;lt;test_create_request_page.TestCreateRequestPage object at 0x000001B8ABDC5F40&amp;gt;\nweb_driver = &amp;lt;selenium.webdriver.firefox.webdriver.WebDriver (session=&amp;quot;10ca1bab-89b9-41c5-9f0f-37c457cc32d4&amp;quot;)&amp;gt;\nwait = &amp;lt;selenium.webdriver.support.wait.WebDriverWait (session=&amp;quot;10ca1bab-89b9-41c5-9f0f-37c457cc32d4&amp;quot;)&amp;gt;\n\n    def test_10_negative_short_description(self, web_driver, wait):\n        &amp;quot;&amp;quot;&amp;quot;\n        Test: Form validation - description too short\n        Expected: Validation error, show description requirement\n        &amp;quot;&amp;quot;&amp;quot;\n        page = CreateRequestPage(web_driver, wait)\n&amp;gt;       page.navigate_to_page()\n\ntest_create_request_page.py:348: \n_ _ _ _ _ _ _ _ _ _ _ _ _ _ _ _ _ _ _ _ _ _ _ _ _ _ _ _ _ _ _ _ _ _ _ _ _ _ _ _ _ _ _ _ _ _ _ _ _ _ _ _ _ _ _ _ _ _ _ _ _ _ _ _ _ _ _ _ _ _ _ _ _ _ _ _ _ _ _ _ _\npages\\create_request_page.py:65: in navigate_to_page\n    self.wait.until(EC.presence_of_element_located(self.TITLE_INPUT))\n_ _ _ _ _ _ _ _ _ _ _ _ _ _ _ _ _ _ _ _ _ _ _ _ _ _ _ _ _ _ _ _ _ _ _ _ _ _ _ _ _ _ _ _ _ _ _ _ _ _ _ _ _ _ _ _ _ _ _ _ _ _ _ _ _ _ _ _ _ _ _ _ _ _ _ _ _ _ _ _ _\n\nself = &amp;lt;selenium.webdriver.support.wait.WebDriverWait (session=&amp;quot;10ca1bab-89b9-41c5-9f0f-37c457cc32d4&amp;quot;)&amp;gt;\nmethod = &amp;lt;function presence_of_element_located.&amp;lt;locals&amp;gt;._predicate at 0x000001B8ABFD2B60&amp;gt;, message = &amp;#x27;&amp;#x27;\n\n    def until(self, method: Callable[[D], Union[Literal[False], T]], message: str = &amp;quot;&amp;quot;) -&amp;gt; T:\n        &amp;quot;&amp;quot;&amp;quot;Wait until the method returns a value that is not False.\n    \n        Calls the method provided with the driver as an argument until the\n        return value does not evaluate to ``False``.\n    \n        Parameters:\n        -----------\n        method: callable(WebDriver)\n            - A callable object that takes a WebDriver instance as an argument.\n    \n        message: str\n            - Optional message for :exc:`TimeoutException`\n    \n        Return:\n        -------\n        object: T\n            - The result of the last call to `method`\n    \n        Raises:\n        -------\n        TimeoutException\n            - If &amp;#x27;method&amp;#x27; does not return a truthy value within the WebDriverWait\n            object&amp;#x27;s timeout\n    \n        Example:\n        --------\n        &amp;gt;&amp;gt;&amp;gt; from selenium.webdriver.common.by import By\n        &amp;gt;&amp;gt;&amp;gt; from selenium.webdriver.support.ui import WebDriverWait\n        &amp;gt;&amp;gt;&amp;gt; from selenium.webdriver.support import expected_conditions as EC\n    \n        # Wait until an element is visible on the page\n        &amp;gt;&amp;gt;&amp;gt; wait = WebDriverWait(driver, 10)\n        &amp;gt;&amp;gt;&amp;gt; element = wait.until(EC.visibility_of_element_located((By.ID, &amp;quot;exampleId&amp;quot;)))\n        &amp;gt;&amp;gt;&amp;gt; print(element.text)\n        &amp;quot;&amp;quot;&amp;quot;\n        screen = None\n        stacktrace = None\n    \n        end_time = time.monotonic() + self._timeout\n        while True:\n            try:\n                value = method(self._driver)\n                if value:\n                    return value\n            except self._ignored_exceptions as exc:\n                screen = getattr(exc, &amp;quot;screen&amp;quot;, None)\n                stacktrace = getattr(exc, &amp;quot;stacktrace&amp;quot;, None)\n            if time.monotonic() &amp;gt; end_time:\n                break\n            time.sleep(self._poll)\n&amp;gt;       raise TimeoutException(message, screen, stacktrace)\nE       selenium.common.exceptions.TimeoutException: Message: \nE       Stacktrace:\nE       RemoteError@chrome://remote/content/shared/RemoteError.sys.mjs:8:8\nE       WebDriverError@chrome://remote/content/shared/webdriver/Errors.sys.mjs:202:5\nE       NoSuchElementError@chrome://remote/content/shared/webdriver/Errors.sys.mjs:555:5\nE       dom.find/&amp;lt;/&amp;lt;@chrome://remote/content/shared/DOM.sys.mjs:136:16\n\nC:\\Users\\musak\\AppData\\Local\\Programs\\Python\\Python313\\Lib\\site-packages\\selenium\\webdriver\\support\\wait.py:138: TimeoutException\n\n---------------------------- Captured stdout setup -----------------------------\nNavigating to login page: http://localhost:5173/login\nCurrent URL: http://localhost:5173/login\nEmail filled: test@example.com\nPassword filled\nLogin button found, clicking...\nWaiting for redirect after login...\nLogged in successfully. Current URL: http://localhost:5173/\n&#34;}], &#34;test_create_request_page.py::TestCreateRequestPage::test_11_negative_past_deadline&#34;: [{&#34;extras&#34;: [], &#34;result&#34;: &#34;Failed&#34;, &#34;testId&#34;: &#34;test_create_request_page.py::TestCreateRequestPage::test_11_negative_past_deadline&#34;, &#34;duration&#34;: &#34;00:00:29&#34;, &#34;resultsTableRow&#34;: [&#34;&lt;td class=\&#34;col-result\&#34;&gt;Failed&lt;/td&gt;&#34;, &#34;&lt;td class=\&#34;col-testId\&#34;&gt;test_create_request_page.py::TestCreateRequestPage::test_11_negative_past_deadline&lt;/td&gt;&#34;, &#34;&lt;td class=\&#34;col-duration\&#34;&gt;00:00:29&lt;/td&gt;&#34;, &#34;&lt;td class=\&#34;col-links\&#34;&gt;&lt;/td&gt;&#34;], &#34;log&#34;: &#34;self = &amp;lt;test_create_request_page.TestCreateRequestPage object at 0x000001B8ABDC6210&amp;gt;\nweb_driver = &amp;lt;selenium.webdriver.firefox.webdriver.WebDriver (session=&amp;quot;10ca1bab-89b9-41c5-9f0f-37c457cc32d4&amp;quot;)&amp;gt;\nwait = &amp;lt;selenium.webdriver.support.wait.WebDriverWait (session=&amp;quot;10ca1bab-89b9-41c5-9f0f-37c457cc32d4&amp;quot;)&amp;gt;\n\n    def test_11_negative_past_deadline(self, web_driver, wait):\n        &amp;quot;&amp;quot;&amp;quot;\n        Test: Form validation - deadline in the past\n        Expected: Validation error, no creation\n        &amp;quot;&amp;quot;&amp;quot;\n        page = CreateRequestPage(web_driver, wait)\n&amp;gt;       page.navigate_to_page()\n\ntest_create_request_page.py:377: \n_ _ _ _ _ _ _ _ _ _ _ _ _ _ _ _ _ _ _ _ _ _ _ _ _ _ _ _ _ _ _ _ _ _ _ _ _ _ _ _ _ _ _ _ _ _ _ _ _ _ _ _ _ _ _ _ _ _ _ _ _ _ _ _ _ _ _ _ _ _ _ _ _ _ _ _ _ _ _ _ _\npages\\create_request_page.py:65: in navigate_to_page\n    self.wait.until(EC.presence_of_element_located(self.TITLE_INPUT))\n_ _ _ _ _ _ _ _ _ _ _ _ _ _ _ _ _ _ _ _ _ _ _ _ _ _ _ _ _ _ _ _ _ _ _ _ _ _ _ _ _ _ _ _ _ _ _ _ _ _ _ _ _ _ _ _ _ _ _ _ _ _ _ _ _ _ _ _ _ _ _ _ _ _ _ _ _ _ _ _ _\n\nself = &amp;lt;selenium.webdriver.support.wait.WebDriverWait (session=&amp;quot;10ca1bab-89b9-41c5-9f0f-37c457cc32d4&amp;quot;)&amp;gt;\nmethod = &amp;lt;function presence_of_element_located.&amp;lt;locals&amp;gt;._predicate at 0x000001B8AC010540&amp;gt;, message = &amp;#x27;&amp;#x27;\n\n    def until(self, method: Callable[[D], Union[Literal[False], T]], message: str = &amp;quot;&amp;quot;) -&amp;gt; T:\n        &amp;quot;&amp;quot;&amp;quot;Wait until the method returns a value that is not False.\n    \n        Calls the method provided with the driver as an argument until the\n        return value does not evaluate to ``False``.\n    \n        Parameters:\n        -----------\n        method: callable(WebDriver)\n            - A callable object that takes a WebDriver instance as an argument.\n    \n        message: str\n            - Optional message for :exc:`TimeoutException`\n    \n        Return:\n        -------\n        object: T\n            - The result of the last call to `method`\n    \n        Raises:\n        -------\n        TimeoutException\n            - If &amp;#x27;method&amp;#x27; does not return a truthy value within the WebDriverWait\n            object&amp;#x27;s timeout\n    \n        Example:\n        --------\n        &amp;gt;&amp;gt;&amp;gt; from selenium.webdriver.common.by import By\n        &amp;gt;&amp;gt;&amp;gt; from selenium.webdriver.support.ui import WebDriverWait\n        &amp;gt;&amp;gt;&amp;gt; from selenium.webdriver.support import expected_conditions as EC\n    \n        # Wait until an element is visible on the page\n        &amp;gt;&amp;gt;&amp;gt; wait = WebDriverWait(driver, 10)\n        &amp;gt;&amp;gt;&amp;gt; element = wait.until(EC.visibility_of_element_located((By.ID, &amp;quot;exampleId&amp;quot;)))\n        &amp;gt;&amp;gt;&amp;gt; print(element.text)\n        &amp;quot;&amp;quot;&amp;quot;\n        screen = None\n        stacktrace = None\n    \n        end_time = time.monotonic() + self._timeout\n        while True:\n            try:\n                value = method(self._driver)\n                if value:\n                    return value\n            except self._ignored_exceptions as exc:\n                screen = getattr(exc, &amp;quot;screen&amp;quot;, None)\n                stacktrace = getattr(exc, &amp;quot;stacktrace&amp;quot;, None)\n            if time.monotonic() &amp;gt; end_time:\n                break\n            time.sleep(self._poll)\n&amp;gt;       raise TimeoutException(message, screen, stacktrace)\nE       selenium.common.exceptions.TimeoutException: Message: \nE       Stacktrace:\nE       RemoteError@chrome://remote/content/shared/RemoteError.sys.mjs:8:8\nE       WebDriverError@chrome://remote/content/shared/webdriver/Errors.sys.mjs:202:5\nE       NoSuchElementError@chrome://remote/content/shared/webdriver/Errors.sys.mjs:555:5\nE       dom.find/&amp;lt;/&amp;lt;@chrome://remote/content/shared/DOM.sys.mjs:136:16\n\nC:\\Users\\musak\\AppData\\Local\\Programs\\Python\\Python313\\Lib\\site-packages\\selenium\\webdriver\\support\\wait.py:138: TimeoutException\n\n---------------------------- Captured stdout setup -----------------------------\nNavigating to login page: http://localhost:5173/login\nCurrent URL: http://localhost:5173/login\nEmail filled: test@example.com\nPassword filled\nLogin button found, clicking...\nWaiting for redirect after login...\nLogged in successfully. Current URL: http://localhost:5173/\n&#34;}], &#34;test_create_request_page.py::TestCreateRequestPage::test_12_negative_missing_location&#34;: [{&#34;extras&#34;: [], &#34;result&#34;: &#34;Failed&#34;, &#34;testId&#34;: &#34;test_create_request_page.py::TestCreateRequestPage::test_12_negative_missing_location&#34;, &#34;duration&#34;: &#34;00:00:32&#34;, &#34;resultsTableRow&#34;: [&#34;&lt;td class=\&#34;col-result\&#34;&gt;Failed&lt;/td&gt;&#34;, &#34;&lt;td class=\&#34;col-testId\&#34;&gt;test_create_request_page.py::TestCreateRequestPage::test_12_negative_missing_location&lt;/td&gt;&#34;, &#34;&lt;td class=\&#34;col-duration\&#34;&gt;00:00:32&lt;/td&gt;&#34;, &#34;&lt;td class=\&#34;col-links\&#34;&gt;&lt;/td&gt;&#34;], &#34;log&#34;: &#34;self = &amp;lt;test_create_request_page.TestCreateRequestPage object at 0x000001B8ABE76EB0&amp;gt;\nweb_driver = &amp;lt;selenium.webdriver.firefox.webdriver.WebDriver (session=&amp;quot;10ca1bab-89b9-41c5-9f0f-37c457cc32d4&amp;quot;)&amp;gt;\nwait = &amp;lt;selenium.webdriver.support.wait.WebDriverWait (session=&amp;quot;10ca1bab-89b9-41c5-9f0f-37c457cc32d4&amp;quot;)&amp;gt;\n\n    def test_12_negative_missing_location(self, web_driver, wait):\n        &amp;quot;&amp;quot;&amp;quot;\n        Test: Form validation - missing required location fields\n        Expected: Clear inline error, no submission\n        &amp;quot;&amp;quot;&amp;quot;\n        page = CreateRequestPage(web_driver, wait)\n&amp;gt;       page.navigate_to_page()\n\ntest_create_request_page.py:419: \n_ _ _ _ _ _ _ _ _ _ _ _ _ _ _ _ _ _ _ _ _ _ _ _ _ _ _ _ _ _ _ _ _ _ _ _ _ _ _ _ _ _ _ _ _ _ _ _ _ _ _ _ _ _ _ _ _ _ _ _ _ _ _ _ _ _ _ _ _ _ _ _ _ _ _ _ _ _ _ _ _\npages\\create_request_page.py:65: in navigate_to_page\n    self.wait.until(EC.presence_of_element_located(self.TITLE_INPUT))\n_ _ _ _ _ _ _ _ _ _ _ _ _ _ _ _ _ _ _ _ _ _ _ _ _ _ _ _ _ _ _ _ _ _ _ _ _ _ _ _ _ _ _ _ _ _ _ _ _ _ _ _ _ _ _ _ _ _ _ _ _ _ _ _ _ _ _ _ _ _ _ _ _ _ _ _ _ _ _ _ _\n\nself = &amp;lt;selenium.webdriver.support.wait.WebDriverWait (session=&amp;quot;10ca1bab-89b9-41c5-9f0f-37c457cc32d4&amp;quot;)&amp;gt;\nmethod = &amp;lt;function presence_of_element_located.&amp;lt;locals&amp;gt;._predicate at 0x000001B8AC0102C0&amp;gt;, message = &amp;#x27;&amp;#x27;\n\n    def until(self, method: Callable[[D], Union[Literal[False], T]], message: str = &amp;quot;&amp;quot;) -&amp;gt; T:\n        &amp;quot;&amp;quot;&amp;quot;Wait until the method returns a value that is not False.\n    \n        Calls the method provided with the driver as an argument until the\n        return value does not evaluate to ``False``.\n    \n        Parameters:\n        -----------\n        method: callable(WebDriver)\n            - A callable object that takes a WebDriver instance as an argument.\n    \n        message: str\n            - Optional message for :exc:`TimeoutException`\n    \n        Return:\n        -------\n        object: T\n            - The result of the last call to `method`\n    \n        Raises:\n        -------\n        TimeoutException\n            - If &amp;#x27;method&amp;#x27; does not return a truthy value within the WebDriverWait\n            object&amp;#x27;s timeout\n    \n        Example:\n        --------\n        &amp;gt;&amp;gt;&amp;gt; from selenium.webdriver.common.by import By\n        &amp;gt;&amp;gt;&amp;gt; from selenium.webdriver.support.ui import WebDriverWait\n        &amp;gt;&amp;gt;&amp;gt; from selenium.webdriver.support import expected_conditions as EC\n    \n        # Wait until an element is visible on the page\n        &amp;gt;&amp;gt;&amp;gt; wait = WebDriverWait(driver, 10)\n        &amp;gt;&amp;gt;&amp;gt; element = wait.until(EC.visibility_of_element_located((By.ID, &amp;quot;exampleId&amp;quot;)))\n        &amp;gt;&amp;gt;&amp;gt; print(element.text)\n        &amp;quot;&amp;quot;&amp;quot;\n        screen = None\n        stacktrace = None\n    \n        end_time = time.monotonic() + self._timeout\n        while True:\n            try:\n                value = method(self._driver)\n                if value:\n                    return value\n            except self._ignored_exceptions as exc:\n                screen = getattr(exc, &amp;quot;screen&amp;quot;, None)\n                stacktrace = getattr(exc, &amp;quot;stacktrace&amp;quot;, None)\n            if time.monotonic() &amp;gt; end_time:\n                break\n            time.sleep(self._poll)\n&amp;gt;       raise TimeoutException(message, screen, stacktrace)\nE       selenium.common.exceptions.TimeoutException: Message: \nE       Stacktrace:\nE       RemoteError@chrome://remote/content/shared/RemoteError.sys.mjs:8:8\nE       WebDriverError@chrome://remote/content/shared/webdriver/Errors.sys.mjs:202:5\nE       NoSuchElementError@chrome://remote/content/shared/webdriver/Errors.sys.mjs:555:5\nE       dom.find/&amp;lt;/&amp;lt;@chrome://remote/content/shared/DOM.sys.mjs:136:16\n\nC:\\Users\\musak\\AppData\\Local\\Programs\\Python\\Python313\\Lib\\site-packages\\selenium\\webdriver\\support\\wait.py:138: TimeoutException\n\n---------------------------- Captured stdout setup -----------------------------\nNavigating to login page: http://localhost:5173/login\nCurrent URL: http://localhost:5173/login\nEmail filled: test@example.com\nPassword filled\nLogin button found, clicking...\nWaiting for redirect after login...\nLogged in successfully. Current URL: http://localhost:5173/\n&#34;}], &#34;test_create_request_page.py::TestCreateRequestPage::test_13_back_navigation&#34;: [{&#34;extras&#34;: [], &#34;result&#34;: &#34;Failed&#34;, &#34;testId&#34;: &#34;test_create_request_page.py::TestCreateRequestPage::test_13_back_navigation&#34;, &#34;duration&#34;: &#34;00:00:30&#34;, &#34;resultsTableRow&#34;: [&#34;&lt;td class=\&#34;col-result\&#34;&gt;Failed&lt;/td&gt;&#34;, &#34;&lt;td class=\&#34;col-testId\&#34;&gt;test_create_request_page.py::TestCreateRequestPage::test_13_back_navigation&lt;/td&gt;&#34;, &#34;&lt;td class=\&#34;col-duration\&#34;&gt;00:00:30&lt;/td&gt;&#34;, &#34;&lt;td class=\&#34;col-links\&#34;&gt;&lt;/td&gt;&#34;], &#34;log&#34;: &#34;self = &amp;lt;test_create_request_page.TestCreateRequestPage object at 0x000001B8ABE77310&amp;gt;\nweb_driver = &amp;lt;selenium.webdriver.firefox.webdriver.WebDriver (session=&amp;quot;10ca1bab-89b9-41c5-9f0f-37c457cc32d4&amp;quot;)&amp;gt;\nwait = &amp;lt;selenium.webdriver.support.wait.WebDriverWait (session=&amp;quot;10ca1bab-89b9-41c5-9f0f-37c457cc32d4&amp;quot;)&amp;gt;\n\n    def test_13_back_navigation(self, web_driver, wait):\n        &amp;quot;&amp;quot;&amp;quot;\n        Test: Back button navigation works correctly\n        Expected: User can go back through all steps without losing data\n        &amp;quot;&amp;quot;&amp;quot;\n        page = CreateRequestPage(web_driver, wait)\n&amp;gt;       page.navigate_to_page()\n\ntest_create_request_page.py:458: \n_ _ _ _ _ _ _ _ _ _ _ _ _ _ _ _ _ _ _ _ _ _ _ _ _ _ _ _ _ _ _ _ _ _ _ _ _ _ _ _ _ _ _ _ _ _ _ _ _ _ _ _ _ _ _ _ _ _ _ _ _ _ _ _ _ _ _ _ _ _ _ _ _ _ _ _ _ _ _ _ _\npages\\create_request_page.py:65: in navigate_to_page\n    self.wait.until(EC.presence_of_element_located(self.TITLE_INPUT))\n_ _ _ _ _ _ _ _ _ _ _ _ _ _ _ _ _ _ _ _ _ _ _ _ _ _ _ _ _ _ _ _ _ _ _ _ _ _ _ _ _ _ _ _ _ _ _ _ _ _ _ _ _ _ _ _ _ _ _ _ _ _ _ _ _ _ _ _ _ _ _ _ _ _ _ _ _ _ _ _ _\n\nself = &amp;lt;selenium.webdriver.support.wait.WebDriverWait (session=&amp;quot;10ca1bab-89b9-41c5-9f0f-37c457cc32d4&amp;quot;)&amp;gt;\nmethod = &amp;lt;function presence_of_element_located.&amp;lt;locals&amp;gt;._predicate at 0x000001B8AC010040&amp;gt;, message = &amp;#x27;&amp;#x27;\n\n    def until(self, method: Callable[[D], Union[Literal[False], T]], message: str = &amp;quot;&amp;quot;) -&amp;gt; T:\n        &amp;quot;&amp;quot;&amp;quot;Wait until the method returns a value that is not False.\n    \n        Calls the method provided with the driver as an argument until the\n        return value does not evaluate to ``False``.\n    \n        Parameters:\n        -----------\n        method: callable(WebDriver)\n            - A callable object that takes a WebDriver instance as an argument.\n    \n        message: str\n            - Optional message for :exc:`TimeoutException`\n    \n        Return:\n        -------\n        object: T\n            - The result of the last call to `method`\n    \n        Raises:\n        -------\n        TimeoutException\n            - If &amp;#x27;method&amp;#x27; does not return a truthy value within the WebDriverWait\n            object&amp;#x27;s timeout\n    \n        Example:\n        --------\n        &amp;gt;&amp;gt;&amp;gt; from selenium.webdriver.common.by import By\n        &amp;gt;&amp;gt;&amp;gt; from selenium.webdriver.support.ui import WebDriverWait\n        &amp;gt;&amp;gt;&amp;gt; from selenium.webdriver.support import expected_conditions as EC\n    \n        # Wait until an element is visible on the page\n        &amp;gt;&amp;gt;&amp;gt; wait = WebDriverWait(driver, 10)\n        &amp;gt;&amp;gt;&amp;gt; element = wait.until(EC.visibility_of_element_located((By.ID, &amp;quot;exampleId&amp;quot;)))\n        &amp;gt;&amp;gt;&amp;gt; print(element.text)\n        &amp;quot;&amp;quot;&amp;quot;\n        screen = None\n        stacktrace = None\n    \n        end_time = time.monotonic() + self._timeout\n        while True:\n            try:\n                value = method(self._driver)\n                if value:\n                    return value\n            except self._ignored_exceptions as exc:\n                screen = getattr(exc, &amp;quot;screen&amp;quot;, None)\n                stacktrace = getattr(exc, &amp;quot;stacktrace&amp;quot;, None)\n            if time.monotonic() &amp;gt; end_time:\n                break\n            time.sleep(self._poll)\n&amp;gt;       raise TimeoutException(message, screen, stacktrace)\nE       selenium.common.exceptions.TimeoutException: Message: \nE       Stacktrace:\nE       RemoteError@chrome://remote/content/shared/RemoteError.sys.mjs:8:8\nE       WebDriverError@chrome://remote/content/shared/webdriver/Errors.sys.mjs:202:5\nE       NoSuchElementError@chrome://remote/content/shared/webdriver/Errors.sys.mjs:555:5\nE       dom.find/&amp;lt;/&amp;lt;@chrome://remote/content/shared/DOM.sys.mjs:136:16\n\nC:\\Users\\musak\\AppData\\Local\\Programs\\Python\\Python313\\Lib\\site-packages\\selenium\\webdriver\\support\\wait.py:138: TimeoutException\n\n---------------------------- Captured stdout setup -----------------------------\nNavigating to login page: http://localhost:5173/login\nCurrent URL: http://localhost:5173/login\nEmail filled: test@example.com\nPassword filled\nLogin button found, clicking...\nWaiting for redirect after login...\nLogged in successfully. Current URL: http://localhost:5173/\n&#34;}], &#34;test_create_request_page.py::TestCreateRequestPageNegative::test_01_form_requires_authentication&#34;: [{&#34;extras&#34;: [], &#34;result&#34;: &#34;Failed&#34;, &#34;testId&#34;: &#34;test_create_request_page.py::TestCreateRequestPageNegative::test_01_form_requires_authentication&#34;, &#34;duration&#34;: &#34;00:00:19&#34;, &#34;resultsTableRow&#34;: [&#34;&lt;td class=\&#34;col-result\&#34;&gt;Failed&lt;/td&gt;&#34;, &#34;&lt;td class=\&#34;col-testId\&#34;&gt;test_create_request_page.py::TestCreateRequestPageNegative::test_01_form_requires_authentication&lt;/td&gt;&#34;, &#34;&lt;td class=\&#34;col-duration\&#34;&gt;00:00:19&lt;/td&gt;&#34;, &#34;&lt;td class=\&#34;col-links\&#34;&gt;&lt;/td&gt;&#34;], &#34;log&#34;: &#34;self = &amp;lt;test_create_request_page.TestCreateRequestPageNegative object at 0x000001B8ABDE2490&amp;gt;\nweb_driver = &amp;lt;selenium.webdriver.firefox.webdriver.WebDriver (session=&amp;quot;10ca1bab-89b9-41c5-9f0f-37c457cc32d4&amp;quot;)&amp;gt;\nwait = &amp;lt;selenium.webdriver.support.wait.WebDriverWait (session=&amp;quot;10ca1bab-89b9-41c5-9f0f-37c457cc32d4&amp;quot;)&amp;gt;\n\n    @pytest.mark.skip_login\n    def test_01_form_requires_authentication(self, web_driver, wait):\n        &amp;quot;&amp;quot;&amp;quot;\n        Test: Unauthenticated user cannot access Create Request\n        Expected: Redirect to login page\n        &amp;quot;&amp;quot;&amp;quot;\n        # Clear any existing cookies/session first\n        web_driver.delete_all_cookies()\n        web_driver.execute_script(&amp;quot;window.localStorage.clear();&amp;quot;)\n        web_driver.execute_script(&amp;quot;window.sessionStorage.clear();&amp;quot;)\n        web_driver.get(f&amp;quot;{self.BASE_URL}/&amp;quot;)  # Start fresh\n    \n        # Now try to access create request page without login\n        web_driver.get(f&amp;quot;{self.BASE_URL}/create-request&amp;quot;)\n    \n        # Should redirect to login\n&amp;gt;       assert &amp;quot;login&amp;quot; in web_driver.current_url.lower() or \\\n               &amp;quot;auth&amp;quot; in web_driver.current_url.lower(), \\\n               &amp;quot;Should redirect to login for unauthenticated user&amp;quot;\nE       AssertionError: Should redirect to login for unauthenticated user\nE       assert (&amp;#x27;login&amp;#x27; in &amp;#x27;http://localhost:5173/create-request&amp;#x27; or &amp;#x27;auth&amp;#x27; in &amp;#x27;http://localhost:5173/create-request&amp;#x27;)\nE        +  where &amp;#x27;http://localhost:5173/create-request&amp;#x27; = &amp;lt;built-in method lower of str object at 0x000001B8AC041340&amp;gt;()\nE        +    where &amp;lt;built-in method lower of str object at 0x000001B8AC041340&amp;gt; = &amp;#x27;http://localhost:5173/create-request&amp;#x27;.lower\nE        +      where &amp;#x27;http://localhost:5173/create-request&amp;#x27; = &amp;lt;selenium.webdriver.firefox.webdriver.WebDriver (session=&amp;quot;10ca1bab-89b9-41c5-9f0f-37c457cc32d4&amp;quot;)&amp;gt;.current_url\nE        +  and   &amp;#x27;http://localhost:5173/create-request&amp;#x27; = &amp;lt;built-in method lower of str object at 0x000001B8AC040260&amp;gt;()\nE        +    where &amp;lt;built-in method lower of str object at 0x000001B8AC040260&amp;gt; = &amp;#x27;http://localhost:5173/create-request&amp;#x27;.lower\nE        +      where &amp;#x27;http://localhost:5173/create-request&amp;#x27; = &amp;lt;selenium.webdriver.firefox.webdriver.WebDriver (session=&amp;quot;10ca1bab-89b9-41c5-9f0f-37c457cc32d4&amp;quot;)&amp;gt;.current_url\n\ntest_create_request_page.py:508: AssertionError\n\n---------------------------- Captured stdout setup -----------------------------\nSkipping login for this test (marked with @pytest.mark.skip_login)\n&#34;}], &#34;test_create_request_page.py::TestCreateRequestPageNegative::test_02_no_empty_file_upload&#34;: [{&#34;extras&#34;: [], &#34;result&#34;: &#34;Failed&#34;, &#34;testId&#34;: &#34;test_create_request_page.py::TestCreateRequestPageNegative::test_02_no_empty_file_upload&#34;, &#34;duration&#34;: &#34;00:00:33&#34;, &#34;resultsTableRow&#34;: [&#34;&lt;td class=\&#34;col-result\&#34;&gt;Failed&lt;/td&gt;&#34;, &#34;&lt;td class=\&#34;col-testId\&#34;&gt;test_create_request_page.py::TestCreateRequestPageNegative::test_02_no_empty_file_upload&lt;/td&gt;&#34;, &#34;&lt;td class=\&#34;col-duration\&#34;&gt;00:00:33&lt;/td&gt;&#34;, &#34;&lt;td class=\&#34;col-links\&#34;&gt;&lt;/td&gt;&#34;], &#34;log&#34;: &#34;self = &amp;lt;test_create_request_page.TestCreateRequestPageNegative object at 0x000001B8ABDE25D0&amp;gt;\nweb_driver = &amp;lt;selenium.webdriver.firefox.webdriver.WebDriver (session=&amp;quot;10ca1bab-89b9-41c5-9f0f-37c457cc32d4&amp;quot;)&amp;gt;\nwait = &amp;lt;selenium.webdriver.support.wait.WebDriverWait (session=&amp;quot;10ca1bab-89b9-41c5-9f0f-37c457cc32d4&amp;quot;)&amp;gt;\n\n    def test_02_no_empty_file_upload(self, web_driver, wait):\n        &amp;quot;&amp;quot;&amp;quot;\n        Test: User cannot upload invalid file types\n        Expected: Only image files accepted\n        &amp;quot;&amp;quot;&amp;quot;\n        page = CreateRequestPage(web_driver, wait)\n&amp;gt;       page.navigate_to_page()\n\ntest_create_request_page.py:518: \n_ _ _ _ _ _ _ _ _ _ _ _ _ _ _ _ _ _ _ _ _ _ _ _ _ _ _ _ _ _ _ _ _ _ _ _ _ _ _ _ _ _ _ _ _ _ _ _ _ _ _ _ _ _ _ _ _ _ _ _ _ _ _ _ _ _ _ _ _ _ _ _ _ _ _ _ _ _ _ _ _\npages\\create_request_page.py:65: in navigate_to_page\n    self.wait.until(EC.presence_of_element_located(self.TITLE_INPUT))\n_ _ _ _ _ _ _ _ _ _ _ _ _ _ _ _ _ _ _ _ _ _ _ _ _ _ _ _ _ _ _ _ _ _ _ _ _ _ _ _ _ _ _ _ _ _ _ _ _ _ _ _ _ _ _ _ _ _ _ _ _ _ _ _ _ _ _ _ _ _ _ _ _ _ _ _ _ _ _ _ _\n\nself = &amp;lt;selenium.webdriver.support.wait.WebDriverWait (session=&amp;quot;10ca1bab-89b9-41c5-9f0f-37c457cc32d4&amp;quot;)&amp;gt;\nmethod = &amp;lt;function presence_of_element_located.&amp;lt;locals&amp;gt;._predicate at 0x000001B8AC012980&amp;gt;, message = &amp;#x27;&amp;#x27;\n\n    def until(self, method: Callable[[D], Union[Literal[False], T]], message: str = &amp;quot;&amp;quot;) -&amp;gt; T:\n        &amp;quot;&amp;quot;&amp;quot;Wait until the method returns a value that is not False.\n    \n        Calls the method provided with the driver as an argument until the\n        return value does not evaluate to ``False``.\n    \n        Parameters:\n        -----------\n        method: callable(WebDriver)\n            - A callable object that takes a WebDriver instance as an argument.\n    \n        message: str\n            - Optional message for :exc:`TimeoutException`\n    \n        Return:\n        -------\n        object: T\n            - The result of the last call to `method`\n    \n        Raises:\n        -------\n        TimeoutException\n            - If &amp;#x27;method&amp;#x27; does not return a truthy value within the WebDriverWait\n            object&amp;#x27;s timeout\n    \n        Example:\n        --------\n        &amp;gt;&amp;gt;&amp;gt; from selenium.webdriver.common.by import By\n        &amp;gt;&amp;gt;&amp;gt; from selenium.webdriver.support.ui import WebDriverWait\n        &amp;gt;&amp;gt;&amp;gt; from selenium.webdriver.support import expected_conditions as EC\n    \n        # Wait until an element is visible on the page\n        &amp;gt;&amp;gt;&amp;gt; wait = WebDriverWait(driver, 10)\n        &amp;gt;&amp;gt;&amp;gt; element = wait.until(EC.visibility_of_element_located((By.ID, &amp;quot;exampleId&amp;quot;)))\n        &amp;gt;&amp;gt;&amp;gt; print(element.text)\n        &amp;quot;&amp;quot;&amp;quot;\n        screen = None\n        stacktrace = None\n    \n        end_time = time.monotonic() + self._timeout\n        while True:\n            try:\n                value = method(self._driver)\n                if value:\n                    return value\n            except self._ignored_exceptions as exc:\n                screen = getattr(exc, &amp;quot;screen&amp;quot;, None)\n                stacktrace = getattr(exc, &amp;quot;stacktrace&amp;quot;, None)\n            if time.monotonic() &amp;gt; end_time:\n                break\n            time.sleep(self._poll)\n&amp;gt;       raise TimeoutException(message, screen, stacktrace)\nE       selenium.common.exceptions.TimeoutException: Message: \nE       Stacktrace:\nE       RemoteError@chrome://remote/content/shared/RemoteError.sys.mjs:8:8\nE       WebDriverError@chrome://remote/content/shared/webdriver/Errors.sys.mjs:202:5\nE       NoSuchElementError@chrome://remote/content/shared/webdriver/Errors.sys.mjs:555:5\nE       dom.find/&amp;lt;/&amp;lt;@chrome://remote/content/shared/DOM.sys.mjs:136:16\n\nC:\\Users\\musak\\AppData\\Local\\Programs\\Python\\Python313\\Lib\\site-packages\\selenium\\webdriver\\support\\wait.py:138: TimeoutException\n\n---------------------------- Captured stdout setup -----------------------------\nNavigating to login page: http://localhost:5173/login\nCurrent URL: http://localhost:5173/login\nEmail filled: test@example.com\nPassword filled\nLogin button found, clicking...\nWaiting for redirect after login...\nLogged in successfully. Current URL: http://localhost:5173/\n&#34;}], &#34;test_filter_by_category.py::FilterByCategoryTest::test_01_requests_page_loads_correctly&#34;: [{&#34;extras&#34;: [], &#34;result&#34;: &#34;Passed&#34;, &#34;testId&#34;: &#34;test_filter_by_category.py::FilterByCategoryTest::test_01_requests_page_loads_correctly&#34;, &#34;duration&#34;: &#34;00:01:07&#34;, &#34;resultsTableRow&#34;: [&#34;&lt;td class=\&#34;col-result\&#34;&gt;Passed&lt;/td&gt;&#34;, &#34;&lt;td class=\&#34;col-testId\&#34;&gt;test_filter_by_category.py::FilterByCategoryTest::test_01_requests_page_loads_correctly&lt;/td&gt;&#34;, &#34;&lt;td class=\&#34;col-duration\&#34;&gt;00:01:07&lt;/td&gt;&#34;, &#34;&lt;td class=\&#34;col-links\&#34;&gt;&lt;/td&gt;&#34;], &#34;log&#34;: &#34;----------------------------- Captured stdout call -----------------------------\n\u2713 Requests page loads with 3 request cards\n  - Found 3 category buttons on cards\n&#34;}], &#34;test_filter_by_category.py::FilterByCategoryTest::test_02_filter_by_home_repair_category&#34;: [{&#34;extras&#34;: [], &#34;result&#34;: &#34;Passed&#34;, &#34;testId&#34;: &#34;test_filter_by_category.py::FilterByCategoryTest::test_02_filter_by_home_repair_category&#34;, &#34;duration&#34;: &#34;00:00:41&#34;, &#34;resultsTableRow&#34;: [&#34;&lt;td class=\&#34;col-result\&#34;&gt;Passed&lt;/td&gt;&#34;, &#34;&lt;td class=\&#34;col-testId\&#34;&gt;test_filter_by_category.py::FilterByCategoryTest::test_02_filter_by_home_repair_category&lt;/td&gt;&#34;, &#34;&lt;td class=\&#34;col-duration\&#34;&gt;00:00:41&lt;/td&gt;&#34;, &#34;&lt;td class=\&#34;col-links\&#34;&gt;&lt;/td&gt;&#34;], &#34;log&#34;: &#34;----------------------------- Captured stdout call -----------------------------\n  - Initial request count: 3\n\u2713 Filter by Home Repair works\n  - Filtered count: 1\n&#34;}], &#34;test_filter_by_category.py::FilterByCategoryTest::test_03_clear_filter_and_apply_tutoring&#34;: [{&#34;extras&#34;: [], &#34;result&#34;: &#34;Passed&#34;, &#34;testId&#34;: &#34;test_filter_by_category.py::FilterByCategoryTest::test_03_clear_filter_and_apply_tutoring&#34;, &#34;duration&#34;: &#34;00:00:49&#34;, &#34;resultsTableRow&#34;: [&#34;&lt;td class=\&#34;col-result\&#34;&gt;Passed&lt;/td&gt;&#34;, &#34;&lt;td class=\&#34;col-testId\&#34;&gt;test_filter_by_category.py::FilterByCategoryTest::test_03_clear_filter_and_apply_tutoring&lt;/td&gt;&#34;, &#34;&lt;td class=\&#34;col-duration\&#34;&gt;00:00:49&lt;/td&gt;&#34;, &#34;&lt;td class=\&#34;col-links\&#34;&gt;&lt;/td&gt;&#34;], &#34;log&#34;: &#34;----------------------------- Captured stdout call -----------------------------\n  - Home Repair count: 1\n  - Restored count: 3\n\u2713 Clear filter and apply Tutoring works\n  - Tutoring count: 2\n&#34;}], &#34;test_filter_by_category.py::FilterByCategoryTest::test_04_empty_state_when_no_posts_in_category&#34;: [{&#34;extras&#34;: [], &#34;result&#34;: &#34;Passed&#34;, &#34;testId&#34;: &#34;test_filter_by_category.py::FilterByCategoryTest::test_04_empty_state_when_no_posts_in_category&#34;, &#34;duration&#34;: &#34;00:00:23&#34;, &#34;resultsTableRow&#34;: [&#34;&lt;td class=\&#34;col-result\&#34;&gt;Passed&lt;/td&gt;&#34;, &#34;&lt;td class=\&#34;col-testId\&#34;&gt;test_filter_by_category.py::FilterByCategoryTest::test_04_empty_state_when_no_posts_in_category&lt;/td&gt;&#34;, &#34;&lt;td class=\&#34;col-duration\&#34;&gt;00:00:23&lt;/td&gt;&#34;, &#34;&lt;td class=\&#34;col-links\&#34;&gt;&lt;/td&gt;&#34;], &#34;log&#34;: &#34;----------------------------- Captured stdout call -----------------------------\n\u2713 Empty state shown for category: Other Services\n  - Empty state message: No Requests Available\n&#34;}], &#34;test_filter_by_category.py::FilterByCategoryTest::test_05_filter_persistence_across_page_actions&#34;: [{&#34;extras&#34;: [], &#34;result&#34;: &#34;Passed&#34;, &#34;testId&#34;: &#34;test_filter_by_category.py::FilterByCategoryTest::test_05_filter_persistence_across_page_actions&#34;, &#34;duration&#34;: &#34;00:00:25&#34;, &#34;resultsTableRow&#34;: [&#34;&lt;td class=\&#34;col-result\&#34;&gt;Passed&lt;/td&gt;&#34;, &#34;&lt;td class=\&#34;col-testId\&#34;&gt;test_filter_by_category.py::FilterByCategoryTest::test_05_filter_persistence_across_page_actions&lt;/td&gt;&#34;, &#34;&lt;td class=\&#34;col-duration\&#34;&gt;00:00:25&lt;/td&gt;&#34;, &#34;&lt;td class=\&#34;col-links\&#34;&gt;&lt;/td&gt;&#34;], &#34;log&#34;: &#34;----------------------------- Captured stdout call -----------------------------\n\u2713 Filter persistence verified\n&#34;}], &#34;test_filter_by_category.py::FilterByCategoryTest::test_06_multiple_category_switches&#34;: [{&#34;extras&#34;: [], &#34;result&#34;: &#34;Passed&#34;, &#34;testId&#34;: &#34;test_filter_by_category.py::FilterByCategoryTest::test_06_multiple_category_switches&#34;, &#34;duration&#34;: &#34;00:00:57&#34;, &#34;resultsTableRow&#34;: [&#34;&lt;td class=\&#34;col-result\&#34;&gt;Passed&lt;/td&gt;&#34;, &#34;&lt;td class=\&#34;col-testId\&#34;&gt;test_filter_by_category.py::FilterByCategoryTest::test_06_multiple_category_switches&lt;/td&gt;&#34;, &#34;&lt;td class=\&#34;col-duration\&#34;&gt;00:00:57&lt;/td&gt;&#34;, &#34;&lt;td class=\&#34;col-links\&#34;&gt;&lt;/td&gt;&#34;], &#34;log&#34;: &#34;----------------------------- Captured stdout call -----------------------------\n  - Moving Help: No requests (empty state)\n  - Tutoring: 2 requests\n  - Home Repair: 1 requests\n\u2713 Multiple category switches work correctly\n  - Tested categories: [&amp;#x27;Moving Help&amp;#x27;, &amp;#x27;Tutoring&amp;#x27;, &amp;#x27;Home Repair&amp;#x27;]\n  - All URL parameters updated correctly\n&#34;}], &#34;test_filter_by_category.py::FilterByCategoryTest::test_07_category_filter_with_guest_user&#34;: [{&#34;extras&#34;: [], &#34;result&#34;: &#34;Passed&#34;, &#34;testId&#34;: &#34;test_filter_by_category.py::FilterByCategoryTest::test_07_category_filter_with_guest_user&#34;, &#34;duration&#34;: &#34;00:00:20&#34;, &#34;resultsTableRow&#34;: [&#34;&lt;td class=\&#34;col-result\&#34;&gt;Passed&lt;/td&gt;&#34;, &#34;&lt;td class=\&#34;col-testId\&#34;&gt;test_filter_by_category.py::FilterByCategoryTest::test_07_category_filter_with_guest_user&lt;/td&gt;&#34;, &#34;&lt;td class=\&#34;col-duration\&#34;&gt;00:00:20&lt;/td&gt;&#34;, &#34;&lt;td class=\&#34;col-links\&#34;&gt;&lt;/td&gt;&#34;], &#34;log&#34;: &#34;----------------------------- Captured stdout call -----------------------------\n\u2713 Guest user can use category filter\n  - Filtered results: 2\n&#34;}], &#34;test_filter_by_category.py::FilterByCategoryTest::test_08_clearing_filter_shows_all_posts&#34;: [{&#34;extras&#34;: [], &#34;result&#34;: &#34;Passed&#34;, &#34;testId&#34;: &#34;test_filter_by_category.py::FilterByCategoryTest::test_08_clearing_filter_shows_all_posts&#34;, &#34;duration&#34;: &#34;00:00:15&#34;, &#34;resultsTableRow&#34;: [&#34;&lt;td class=\&#34;col-result\&#34;&gt;Passed&lt;/td&gt;&#34;, &#34;&lt;td class=\&#34;col-testId\&#34;&gt;test_filter_by_category.py::FilterByCategoryTest::test_08_clearing_filter_shows_all_posts&lt;/td&gt;&#34;, &#34;&lt;td class=\&#34;col-duration\&#34;&gt;00:00:15&lt;/td&gt;&#34;, &#34;&lt;td class=\&#34;col-links\&#34;&gt;&lt;/td&gt;&#34;], &#34;log&#34;: &#34;----------------------------- Captured stdout call -----------------------------\n  - Filtered count (Home Repair): 1\n  - All requests count: 3\n\u2713 Clearing filter shows all posts\n  - Difference: +2 requests\n&#34;}], &#34;test_filter_by_category.py::FilterByCategoryTest::test_09_category_filter_url_parameters&#34;: [{&#34;extras&#34;: [], &#34;result&#34;: &#34;Passed&#34;, &#34;testId&#34;: &#34;test_filter_by_category.py::FilterByCategoryTest::test_09_category_filter_url_parameters&#34;, &#34;duration&#34;: &#34;00:00:20&#34;, &#34;resultsTableRow&#34;: [&#34;&lt;td class=\&#34;col-result\&#34;&gt;Passed&lt;/td&gt;&#34;, &#34;&lt;td class=\&#34;col-testId\&#34;&gt;test_filter_by_category.py::FilterByCategoryTest::test_09_category_filter_url_parameters&lt;/td&gt;&#34;, &#34;&lt;td class=\&#34;col-duration\&#34;&gt;00:00:20&lt;/td&gt;&#34;, &#34;&lt;td class=\&#34;col-links\&#34;&gt;&lt;/td&gt;&#34;], &#34;log&#34;: &#34;----------------------------- Captured stdout call -----------------------------\n\u2713 Category parameter found in URL\n  - URL: http://localhost:5173/requests?category=TUTORING&amp;amp;page=1\n  - Displaying 2 filtered requests\n  - All cards match Tutoring category\n\u2713 Category filter URL parameters validated\n&#34;}], &#34;test_filter_by_category.py::FilterByCategoryTest::test_10_rapid_category_switching&#34;: [{&#34;extras&#34;: [], &#34;result&#34;: &#34;Passed&#34;, &#34;testId&#34;: &#34;test_filter_by_category.py::FilterByCategoryTest::test_10_rapid_category_switching&#34;, &#34;duration&#34;: &#34;00:00:50&#34;, &#34;resultsTableRow&#34;: [&#34;&lt;td class=\&#34;col-result\&#34;&gt;Passed&lt;/td&gt;&#34;, &#34;&lt;td class=\&#34;col-testId\&#34;&gt;test_filter_by_category.py::FilterByCategoryTest::test_10_rapid_category_switching&lt;/td&gt;&#34;, &#34;&lt;td class=\&#34;col-duration\&#34;&gt;00:00:50&lt;/td&gt;&#34;, &#34;&lt;td class=\&#34;col-links\&#34;&gt;&lt;/td&gt;&#34;], &#34;log&#34;: &#34;----------------------------- Captured stdout call -----------------------------\n\u2713 Rapid switching handled correctly\n  - Final category: Tutoring\n  - Results: 2\n&#34;}], &#34;test_filter_by_category.py::FilterByCategoryTest::test_11_clicking_category_badge_applies_filter&#34;: [{&#34;extras&#34;: [], &#34;result&#34;: &#34;Passed&#34;, &#34;testId&#34;: &#34;test_filter_by_category.py::FilterByCategoryTest::test_11_clicking_category_badge_applies_filter&#34;, &#34;duration&#34;: &#34;00:00:27&#34;, &#34;resultsTableRow&#34;: [&#34;&lt;td class=\&#34;col-result\&#34;&gt;Passed&lt;/td&gt;&#34;, &#34;&lt;td class=\&#34;col-testId\&#34;&gt;test_filter_by_category.py::FilterByCategoryTest::test_11_clicking_category_badge_applies_filter&lt;/td&gt;&#34;, &#34;&lt;td class=\&#34;col-duration\&#34;&gt;00:00:27&lt;/td&gt;&#34;, &#34;&lt;td class=\&#34;col-links\&#34;&gt;&lt;/td&gt;&#34;], &#34;log&#34;: &#34;----------------------------- Captured stdout call -----------------------------\n  - Found category badge: Tutoring\n\u2713 Clicking category badge applies filter\n  - Category: Tutoring\n  - Filtered results: 2\n  - All cards match: True\n&#34;}], &#34;test_guest_browsing.py::GuestBrowsingTest::test_01_navigate_to_home_from_login_page&#34;: [{&#34;extras&#34;: [], &#34;result&#34;: &#34;Passed&#34;, &#34;testId&#34;: &#34;test_guest_browsing.py::GuestBrowsingTest::test_01_navigate_to_home_from_login_page&#34;, &#34;duration&#34;: &#34;00:00:16&#34;, &#34;resultsTableRow&#34;: [&#34;&lt;td class=\&#34;col-result\&#34;&gt;Passed&lt;/td&gt;&#34;, &#34;&lt;td class=\&#34;col-testId\&#34;&gt;test_guest_browsing.py::GuestBrowsingTest::test_01_navigate_to_home_from_login_page&lt;/td&gt;&#34;, &#34;&lt;td class=\&#34;col-duration\&#34;&gt;00:00:16&lt;/td&gt;&#34;, &#34;&lt;td class=\&#34;col-links\&#34;&gt;&lt;/td&gt;&#34;], &#34;log&#34;: &#34;----------------------------- Captured stdout call -----------------------------\n\u2713 Guest user successfully navigated to home from login page\n  - Current URL: http://localhost:5173/\n  - Guest mode: Verified (no auth token)\n&#34;}], &#34;test_guest_browsing.py::GuestBrowsingTest::test_02_sidebar_home_button_navigation&#34;: [{&#34;extras&#34;: [], &#34;result&#34;: &#34;Passed&#34;, &#34;testId&#34;: &#34;test_guest_browsing.py::GuestBrowsingTest::test_02_sidebar_home_button_navigation&#34;, &#34;duration&#34;: &#34;00:00:09&#34;, &#34;resultsTableRow&#34;: [&#34;&lt;td class=\&#34;col-result\&#34;&gt;Passed&lt;/td&gt;&#34;, &#34;&lt;td class=\&#34;col-testId\&#34;&gt;test_guest_browsing.py::GuestBrowsingTest::test_02_sidebar_home_button_navigation&lt;/td&gt;&#34;, &#34;&lt;td class=\&#34;col-duration\&#34;&gt;00:00:09&lt;/td&gt;&#34;, &#34;&lt;td class=\&#34;col-links\&#34;&gt;&lt;/td&gt;&#34;], &#34;log&#34;: &#34;----------------------------- Captured stdout call -----------------------------\n\u2713 Guest user successfully navigated to home using sidebar\n  - Current URL: http://localhost:5173/\n&#34;}], &#34;test_guest_browsing.py::GuestBrowsingTest::test_03_sidebar_categories_button_navigation&#34;: [{&#34;extras&#34;: [], &#34;result&#34;: &#34;Passed&#34;, &#34;testId&#34;: &#34;test_guest_browsing.py::GuestBrowsingTest::test_03_sidebar_categories_button_navigation&#34;, &#34;duration&#34;: &#34;00:00:05&#34;, &#34;resultsTableRow&#34;: [&#34;&lt;td class=\&#34;col-result\&#34;&gt;Passed&lt;/td&gt;&#34;, &#34;&lt;td class=\&#34;col-testId\&#34;&gt;test_guest_browsing.py::GuestBrowsingTest::test_03_sidebar_categories_button_navigation&lt;/td&gt;&#34;, &#34;&lt;td class=\&#34;col-duration\&#34;&gt;00:00:05&lt;/td&gt;&#34;, &#34;&lt;td class=\&#34;col-links\&#34;&gt;&lt;/td&gt;&#34;], &#34;log&#34;: &#34;----------------------------- Captured stdout call -----------------------------\n\u2713 Guest user successfully navigated to categories using sidebar\n  - Current URL: http://localhost:5173/categories\n&#34;}], &#34;test_guest_browsing.py::GuestBrowsingTest::test_04_sidebar_requests_button_navigation&#34;: [{&#34;extras&#34;: [], &#34;result&#34;: &#34;Passed&#34;, &#34;testId&#34;: &#34;test_guest_browsing.py::GuestBrowsingTest::test_04_sidebar_requests_button_navigation&#34;, &#34;duration&#34;: &#34;00:00:06&#34;, &#34;resultsTableRow&#34;: [&#34;&lt;td class=\&#34;col-result\&#34;&gt;Passed&lt;/td&gt;&#34;, &#34;&lt;td class=\&#34;col-testId\&#34;&gt;test_guest_browsing.py::GuestBrowsingTest::test_04_sidebar_requests_button_navigation&lt;/td&gt;&#34;, &#34;&lt;td class=\&#34;col-duration\&#34;&gt;00:00:06&lt;/td&gt;&#34;, &#34;&lt;td class=\&#34;col-links\&#34;&gt;&lt;/td&gt;&#34;], &#34;log&#34;: &#34;----------------------------- Captured stdout call -----------------------------\n\u2713 Guest user successfully navigated to requests using sidebar\n  - Current URL: http://localhost:5173/requests\n&#34;}], &#34;test_guest_browsing.py::GuestBrowsingTest::test_05_sidebar_create_request_button_redirects_to_login&#34;: [{&#34;extras&#34;: [], &#34;result&#34;: &#34;Passed&#34;, &#34;testId&#34;: &#34;test_guest_browsing.py::GuestBrowsingTest::test_05_sidebar_create_request_button_redirects_to_login&#34;, &#34;duration&#34;: &#34;00:00:08&#34;, &#34;resultsTableRow&#34;: [&#34;&lt;td class=\&#34;col-result\&#34;&gt;Passed&lt;/td&gt;&#34;, &#34;&lt;td class=\&#34;col-testId\&#34;&gt;test_guest_browsing.py::GuestBrowsingTest::test_05_sidebar_create_request_button_redirects_to_login&lt;/td&gt;&#34;, &#34;&lt;td class=\&#34;col-duration\&#34;&gt;00:00:08&lt;/td&gt;&#34;, &#34;&lt;td class=\&#34;col-links\&#34;&gt;&lt;/td&gt;&#34;], &#34;log&#34;: &#34;----------------------------- Captured stdout call -----------------------------\n\u2713 Guest user redirected to login when attempting to create request\n  - Current URL: http://localhost:5173/login\n&#34;}], &#34;test_guest_browsing.py::GuestBrowsingTest::test_06_sidebar_login_button_navigation&#34;: [{&#34;extras&#34;: [], &#34;result&#34;: &#34;Passed&#34;, &#34;testId&#34;: &#34;test_guest_browsing.py::GuestBrowsingTest::test_06_sidebar_login_button_navigation&#34;, &#34;duration&#34;: &#34;00:00:07&#34;, &#34;resultsTableRow&#34;: [&#34;&lt;td class=\&#34;col-result\&#34;&gt;Passed&lt;/td&gt;&#34;, &#34;&lt;td class=\&#34;col-testId\&#34;&gt;test_guest_browsing.py::GuestBrowsingTest::test_06_sidebar_login_button_navigation&lt;/td&gt;&#34;, &#34;&lt;td class=\&#34;col-duration\&#34;&gt;00:00:07&lt;/td&gt;&#34;, &#34;&lt;td class=\&#34;col-links\&#34;&gt;&lt;/td&gt;&#34;], &#34;log&#34;: &#34;----------------------------- Captured stdout call -----------------------------\n\u2713 Guest user successfully navigated to login using sidebar\n  - Current URL: http://localhost:5173/login\n&#34;}], &#34;test_guest_browsing.py::GuestBrowsingTest::test_07_sidebar_register_button_navigation&#34;: [{&#34;extras&#34;: [], &#34;result&#34;: &#34;Passed&#34;, &#34;testId&#34;: &#34;test_guest_browsing.py::GuestBrowsingTest::test_07_sidebar_register_button_navigation&#34;, &#34;duration&#34;: &#34;00:00:06&#34;, &#34;resultsTableRow&#34;: [&#34;&lt;td class=\&#34;col-result\&#34;&gt;Passed&lt;/td&gt;&#34;, &#34;&lt;td class=\&#34;col-testId\&#34;&gt;test_guest_browsing.py::GuestBrowsingTest::test_07_sidebar_register_button_navigation&lt;/td&gt;&#34;, &#34;&lt;td class=\&#34;col-duration\&#34;&gt;00:00:06&lt;/td&gt;&#34;, &#34;&lt;td class=\&#34;col-links\&#34;&gt;&lt;/td&gt;&#34;], &#34;log&#34;: &#34;----------------------------- Captured stdout call -----------------------------\n\u2713 Guest user successfully navigated to register using sidebar\n  - Current URL: http://localhost:5173/register\n&#34;}], &#34;test_guest_browsing.py::GuestBrowsingTest::test_08_sidebar_home_icon_navigation&#34;: [{&#34;extras&#34;: [], &#34;result&#34;: &#34;Passed&#34;, &#34;testId&#34;: &#34;test_guest_browsing.py::GuestBrowsingTest::test_08_sidebar_home_icon_navigation&#34;, &#34;duration&#34;: &#34;00:00:10&#34;, &#34;resultsTableRow&#34;: [&#34;&lt;td class=\&#34;col-result\&#34;&gt;Passed&lt;/td&gt;&#34;, &#34;&lt;td class=\&#34;col-testId\&#34;&gt;test_guest_browsing.py::GuestBrowsingTest::test_08_sidebar_home_icon_navigation&lt;/td&gt;&#34;, &#34;&lt;td class=\&#34;col-duration\&#34;&gt;00:00:10&lt;/td&gt;&#34;, &#34;&lt;td class=\&#34;col-links\&#34;&gt;&lt;/td&gt;&#34;], &#34;log&#34;: &#34;----------------------------- Captured stdout call -----------------------------\n\u2713 Guest user successfully navigated to home using home icon\n  - Current URL: http://localhost:5173/\n&#34;}], &#34;test_guest_browsing.py::GuestBrowsingTest::test_09_search_bar_functionality&#34;: [{&#34;extras&#34;: [], &#34;result&#34;: &#34;Passed&#34;, &#34;testId&#34;: &#34;test_guest_browsing.py::GuestBrowsingTest::test_09_search_bar_functionality&#34;, &#34;duration&#34;: &#34;00:00:05&#34;, &#34;resultsTableRow&#34;: [&#34;&lt;td class=\&#34;col-result\&#34;&gt;Passed&lt;/td&gt;&#34;, &#34;&lt;td class=\&#34;col-testId\&#34;&gt;test_guest_browsing.py::GuestBrowsingTest::test_09_search_bar_functionality&lt;/td&gt;&#34;, &#34;&lt;td class=\&#34;col-duration\&#34;&gt;00:00:05&lt;/td&gt;&#34;, &#34;&lt;td class=\&#34;col-links\&#34;&gt;&lt;/td&gt;&#34;], &#34;log&#34;: &#34;----------------------------- Captured stdout call -----------------------------\n\u2713 Guest user successfully performed search\n  - Current URL: http://localhost:5173/search?q=guest\n  - Search query: guest\n&#34;}], &#34;test_guest_browsing.py::GuestBrowsingTest::test_10_popular_categories_other_navigation&#34;: [{&#34;extras&#34;: [], &#34;result&#34;: &#34;Passed&#34;, &#34;testId&#34;: &#34;test_guest_browsing.py::GuestBrowsingTest::test_10_popular_categories_other_navigation&#34;, &#34;duration&#34;: &#34;00:00:11&#34;, &#34;resultsTableRow&#34;: [&#34;&lt;td class=\&#34;col-result\&#34;&gt;Passed&lt;/td&gt;&#34;, &#34;&lt;td class=\&#34;col-testId\&#34;&gt;test_guest_browsing.py::GuestBrowsingTest::test_10_popular_categories_other_navigation&lt;/td&gt;&#34;, &#34;&lt;td class=\&#34;col-duration\&#34;&gt;00:00:11&lt;/td&gt;&#34;, &#34;&lt;td class=\&#34;col-links\&#34;&gt;&lt;/td&gt;&#34;], &#34;log&#34;: &#34;----------------------------- Captured stdout call -----------------------------\n\u2713 Guest user successfully navigated to category requests from home page\n  - Current URL: http://localhost:5173/requests?category=TUTORING\n&#34;}], &#34;test_guest_browsing.py::GuestBrowsingTest::test_11_categories_page_other_services_navigation&#34;: [{&#34;extras&#34;: [], &#34;result&#34;: &#34;Passed&#34;, &#34;testId&#34;: &#34;test_guest_browsing.py::GuestBrowsingTest::test_11_categories_page_other_services_navigation&#34;, &#34;duration&#34;: &#34;00:00:11&#34;, &#34;resultsTableRow&#34;: [&#34;&lt;td class=\&#34;col-result\&#34;&gt;Passed&lt;/td&gt;&#34;, &#34;&lt;td class=\&#34;col-testId\&#34;&gt;test_guest_browsing.py::GuestBrowsingTest::test_11_categories_page_other_services_navigation&lt;/td&gt;&#34;, &#34;&lt;td class=\&#34;col-duration\&#34;&gt;00:00:11&lt;/td&gt;&#34;, &#34;&lt;td class=\&#34;col-links\&#34;&gt;&lt;/td&gt;&#34;], &#34;log&#34;: &#34;----------------------------- Captured stdout call -----------------------------\n\u2713 Guest user successfully navigated to category requests from categories page\n  - Current URL: http://localhost:5173/requests?category=TUTORING\n&#34;}], &#34;test_guest_browsing.py::GuestBrowsingTest::test_12_filter_requests_by_location&#34;: [{&#34;extras&#34;: [], &#34;result&#34;: &#34;Passed&#34;, &#34;testId&#34;: &#34;test_guest_browsing.py::GuestBrowsingTest::test_12_filter_requests_by_location&#34;, &#34;duration&#34;: &#34;00:00:15&#34;, &#34;resultsTableRow&#34;: [&#34;&lt;td class=\&#34;col-result\&#34;&gt;Passed&lt;/td&gt;&#34;, &#34;&lt;td class=\&#34;col-testId\&#34;&gt;test_guest_browsing.py::GuestBrowsingTest::test_12_filter_requests_by_location&lt;/td&gt;&#34;, &#34;&lt;td class=\&#34;col-duration\&#34;&gt;00:00:15&lt;/td&gt;&#34;, &#34;&lt;td class=\&#34;col-links\&#34;&gt;&lt;/td&gt;&#34;], &#34;log&#34;: &#34;----------------------------- Captured stdout call -----------------------------\n\u2713 Guest user successfully filtered requests by location\n  - Current URL: http://localhost:5173/requests?location=Istanbul&amp;amp;page=1\n  - Location filter: Istanbul\n&#34;}], &#34;test_login_page.py::LoginPageTest::test_01_login_page_loads_correctly&#34;: [{&#34;extras&#34;: [], &#34;result&#34;: &#34;Passed&#34;, &#34;testId&#34;: &#34;test_login_page.py::LoginPageTest::test_01_login_page_loads_correctly&#34;, &#34;duration&#34;: &#34;00:00:08&#34;, &#34;resultsTableRow&#34;: [&#34;&lt;td class=\&#34;col-result\&#34;&gt;Passed&lt;/td&gt;&#34;, &#34;&lt;td class=\&#34;col-testId\&#34;&gt;test_login_page.py::LoginPageTest::test_01_login_page_loads_correctly&lt;/td&gt;&#34;, &#34;&lt;td class=\&#34;col-duration\&#34;&gt;00:00:08&lt;/td&gt;&#34;, &#34;&lt;td class=\&#34;col-links\&#34;&gt;&lt;/td&gt;&#34;], &#34;log&#34;: &#34;----------------------------- Captured stdout call -----------------------------\n\u2713 Login page loads correctly with all required elements\n&#34;}], &#34;test_login_page.py::LoginPageTest::test_02_successful_login_with_valid_credentials&#34;: [{&#34;extras&#34;: [], &#34;result&#34;: &#34;Passed&#34;, &#34;testId&#34;: &#34;test_login_page.py::LoginPageTest::test_02_successful_login_with_valid_credentials&#34;, &#34;duration&#34;: &#34;00:00:06&#34;, &#34;resultsTableRow&#34;: [&#34;&lt;td class=\&#34;col-result\&#34;&gt;Passed&lt;/td&gt;&#34;, &#34;&lt;td class=\&#34;col-testId\&#34;&gt;test_login_page.py::LoginPageTest::test_02_successful_login_with_valid_credentials&lt;/td&gt;&#34;, &#34;&lt;td class=\&#34;col-duration\&#34;&gt;00:00:06&lt;/td&gt;&#34;, &#34;&lt;td class=\&#34;col-links\&#34;&gt;&lt;/td&gt;&#34;], &#34;log&#34;: &#34;----------------------------- Captured stdout call -----------------------------\n\u2713 Successful login with valid credentials\n  - Redirected to: http://localhost:5173/\n  - Authentication token: Present\n&#34;}], &#34;test_login_page.py::LoginPageTest::test_03_login_state_persists_after_page_refresh&#34;: [{&#34;extras&#34;: [], &#34;result&#34;: &#34;Passed&#34;, &#34;testId&#34;: &#34;test_login_page.py::LoginPageTest::test_03_login_state_persists_after_page_refresh&#34;, &#34;duration&#34;: &#34;00:00:10&#34;, &#34;resultsTableRow&#34;: [&#34;&lt;td class=\&#34;col-result\&#34;&gt;Passed&lt;/td&gt;&#34;, &#34;&lt;td class=\&#34;col-testId\&#34;&gt;test_login_page.py::LoginPageTest::test_03_login_state_persists_after_page_refresh&lt;/td&gt;&#34;, &#34;&lt;td class=\&#34;col-duration\&#34;&gt;00:00:10&lt;/td&gt;&#34;, &#34;&lt;td class=\&#34;col-links\&#34;&gt;&lt;/td&gt;&#34;], &#34;log&#34;: &#34;----------------------------- Captured stdout call -----------------------------\n\u2713 Login state persists after page refresh\n&#34;}], &#34;test_login_page.py::LoginPageTest::test_04_invalid_password_shows_error&#34;: [{&#34;extras&#34;: [], &#34;result&#34;: &#34;Passed&#34;, &#34;testId&#34;: &#34;test_login_page.py::LoginPageTest::test_04_invalid_password_shows_error&#34;, &#34;duration&#34;: &#34;00:00:08&#34;, &#34;resultsTableRow&#34;: [&#34;&lt;td class=\&#34;col-result\&#34;&gt;Passed&lt;/td&gt;&#34;, &#34;&lt;td class=\&#34;col-testId\&#34;&gt;test_login_page.py::LoginPageTest::test_04_invalid_password_shows_error&lt;/td&gt;&#34;, &#34;&lt;td class=\&#34;col-duration\&#34;&gt;00:00:08&lt;/td&gt;&#34;, &#34;&lt;td class=\&#34;col-links\&#34;&gt;&lt;/td&gt;&#34;], &#34;log&#34;: &#34;----------------------------- Captured stdout call -----------------------------\n\u2713 Invalid password shows error message\n  - Error message: Invalid credentials. Please check your email and password.\n&#34;}], &#34;test_login_page.py::LoginPageTest::test_05_invalid_email_shows_error&#34;: [{&#34;extras&#34;: [], &#34;result&#34;: &#34;Passed&#34;, &#34;testId&#34;: &#34;test_login_page.py::LoginPageTest::test_05_invalid_email_shows_error&#34;, &#34;duration&#34;: &#34;00:00:07&#34;, &#34;resultsTableRow&#34;: [&#34;&lt;td class=\&#34;col-result\&#34;&gt;Passed&lt;/td&gt;&#34;, &#34;&lt;td class=\&#34;col-testId\&#34;&gt;test_login_page.py::LoginPageTest::test_05_invalid_email_shows_error&lt;/td&gt;&#34;, &#34;&lt;td class=\&#34;col-duration\&#34;&gt;00:00:07&lt;/td&gt;&#34;, &#34;&lt;td class=\&#34;col-links\&#34;&gt;&lt;/td&gt;&#34;], &#34;log&#34;: &#34;----------------------------- Captured stdout call -----------------------------\n\u2713 Invalid email shows error message\n&#34;}], &#34;test_login_page.py::LoginPageTest::test_06_empty_fields_validation&#34;: [{&#34;extras&#34;: [], &#34;result&#34;: &#34;Passed&#34;, &#34;testId&#34;: &#34;test_login_page.py::LoginPageTest::test_06_empty_fields_validation&#34;, &#34;duration&#34;: &#34;00:00:06&#34;, &#34;resultsTableRow&#34;: [&#34;&lt;td class=\&#34;col-result\&#34;&gt;Passed&lt;/td&gt;&#34;, &#34;&lt;td class=\&#34;col-testId\&#34;&gt;test_login_page.py::LoginPageTest::test_06_empty_fields_validation&lt;/td&gt;&#34;, &#34;&lt;td class=\&#34;col-duration\&#34;&gt;00:00:06&lt;/td&gt;&#34;, &#34;&lt;td class=\&#34;col-links\&#34;&gt;&lt;/td&gt;&#34;], &#34;log&#34;: &#34;----------------------------- Captured stdout call -----------------------------\n\u2713 Empty fields validation works\n&#34;}], &#34;test_login_page.py::LoginPageTest::test_07_remember_me_functionality&#34;: [{&#34;extras&#34;: [], &#34;result&#34;: &#34;Passed&#34;, &#34;testId&#34;: &#34;test_login_page.py::LoginPageTest::test_07_remember_me_functionality&#34;, &#34;duration&#34;: &#34;00:00:06&#34;, &#34;resultsTableRow&#34;: [&#34;&lt;td class=\&#34;col-result\&#34;&gt;Passed&lt;/td&gt;&#34;, &#34;&lt;td class=\&#34;col-testId\&#34;&gt;test_login_page.py::LoginPageTest::test_07_remember_me_functionality&lt;/td&gt;&#34;, &#34;&lt;td class=\&#34;col-duration\&#34;&gt;00:00:06&lt;/td&gt;&#34;, &#34;&lt;td class=\&#34;col-links\&#34;&gt;&lt;/td&gt;&#34;], &#34;log&#34;: &#34;----------------------------- Captured stdout call -----------------------------\n\u2713 Remember me functionality works\n&#34;}], &#34;test_login_page.py::LoginPageTest::test_08_password_visibility_toggle&#34;: [{&#34;extras&#34;: [], &#34;result&#34;: &#34;Passed&#34;, &#34;testId&#34;: &#34;test_login_page.py::LoginPageTest::test_08_password_visibility_toggle&#34;, &#34;duration&#34;: &#34;00:00:05&#34;, &#34;resultsTableRow&#34;: [&#34;&lt;td class=\&#34;col-result\&#34;&gt;Passed&lt;/td&gt;&#34;, &#34;&lt;td class=\&#34;col-testId\&#34;&gt;test_login_page.py::LoginPageTest::test_08_password_visibility_toggle&lt;/td&gt;&#34;, &#34;&lt;td class=\&#34;col-duration\&#34;&gt;00:00:05&lt;/td&gt;&#34;, &#34;&lt;td class=\&#34;col-links\&#34;&gt;&lt;/td&gt;&#34;], &#34;log&#34;: &#34;----------------------------- Captured stdout call -----------------------------\n\u2713 Password visibility toggle works\n&#34;}], &#34;test_login_page.py::LoginPageTest::test_09_navigation_to_register_page&#34;: [{&#34;extras&#34;: [], &#34;result&#34;: &#34;Passed&#34;, &#34;testId&#34;: &#34;test_login_page.py::LoginPageTest::test_09_navigation_to_register_page&#34;, &#34;duration&#34;: &#34;00:00:05&#34;, &#34;resultsTableRow&#34;: [&#34;&lt;td class=\&#34;col-result\&#34;&gt;Passed&lt;/td&gt;&#34;, &#34;&lt;td class=\&#34;col-testId\&#34;&gt;test_login_page.py::LoginPageTest::test_09_navigation_to_register_page&lt;/td&gt;&#34;, &#34;&lt;td class=\&#34;col-duration\&#34;&gt;00:00:05&lt;/td&gt;&#34;, &#34;&lt;td class=\&#34;col-links\&#34;&gt;&lt;/td&gt;&#34;], &#34;log&#34;: &#34;----------------------------- Captured stdout call -----------------------------\n\u2713 Navigation to register page works\n&#34;}], &#34;test_login_page.py::LoginPageTest::test_10_navigation_to_forgot_password_page&#34;: [{&#34;extras&#34;: [], &#34;result&#34;: &#34;Passed&#34;, &#34;testId&#34;: &#34;test_login_page.py::LoginPageTest::test_10_navigation_to_forgot_password_page&#34;, &#34;duration&#34;: &#34;00:00:04&#34;, &#34;resultsTableRow&#34;: [&#34;&lt;td class=\&#34;col-result\&#34;&gt;Passed&lt;/td&gt;&#34;, &#34;&lt;td class=\&#34;col-testId\&#34;&gt;test_login_page.py::LoginPageTest::test_10_navigation_to_forgot_password_page&lt;/td&gt;&#34;, &#34;&lt;td class=\&#34;col-duration\&#34;&gt;00:00:04&lt;/td&gt;&#34;, &#34;&lt;td class=\&#34;col-links\&#34;&gt;&lt;/td&gt;&#34;], &#34;log&#34;: &#34;----------------------------- Captured stdout call -----------------------------\n\u2713 Navigation to forgot password page works\n&#34;}], &#34;test_login_page.py::LoginPageTest::test_11_continue_as_guest&#34;: [{&#34;extras&#34;: [], &#34;result&#34;: &#34;Passed&#34;, &#34;testId&#34;: &#34;test_login_page.py::LoginPageTest::test_11_continue_as_guest&#34;, &#34;duration&#34;: &#34;00:00:05&#34;, &#34;resultsTableRow&#34;: [&#34;&lt;td class=\&#34;col-result\&#34;&gt;Passed&lt;/td&gt;&#34;, &#34;&lt;td class=\&#34;col-testId\&#34;&gt;test_login_page.py::LoginPageTest::test_11_continue_as_guest&lt;/td&gt;&#34;, &#34;&lt;td class=\&#34;col-duration\&#34;&gt;00:00:05&lt;/td&gt;&#34;, &#34;&lt;td class=\&#34;col-links\&#34;&gt;&lt;/td&gt;&#34;], &#34;log&#34;: &#34;----------------------------- Captured stdout call -----------------------------\n\u2713 Continue as guest works\n  - Guest mode token: None\n&#34;}], &#34;test_login_page.py::LoginPageTest::test_12_theme_toggle_functionality&#34;: [{&#34;extras&#34;: [], &#34;result&#34;: &#34;Passed&#34;, &#34;testId&#34;: &#34;test_login_page.py::LoginPageTest::test_12_theme_toggle_functionality&#34;, &#34;duration&#34;: &#34;00:00:08&#34;, &#34;resultsTableRow&#34;: [&#34;&lt;td class=\&#34;col-result\&#34;&gt;Passed&lt;/td&gt;&#34;, &#34;&lt;td class=\&#34;col-testId\&#34;&gt;test_login_page.py::LoginPageTest::test_12_theme_toggle_functionality&lt;/td&gt;&#34;, &#34;&lt;td class=\&#34;col-duration\&#34;&gt;00:00:08&lt;/td&gt;&#34;, &#34;&lt;td class=\&#34;col-links\&#34;&gt;&lt;/td&gt;&#34;], &#34;log&#34;: &#34;----------------------------- Captured stdout call -----------------------------\n\u2713 Theme toggle functionality works\n&#34;}], &#34;test_volunteer_request.py::VolunteerRequestTest::test_01_authenticated_user_can_view_requests&#34;: [{&#34;extras&#34;: [], &#34;result&#34;: &#34;Passed&#34;, &#34;testId&#34;: &#34;test_volunteer_request.py::VolunteerRequestTest::test_01_authenticated_user_can_view_requests&#34;, &#34;duration&#34;: &#34;00:00:28&#34;, &#34;resultsTableRow&#34;: [&#34;&lt;td class=\&#34;col-result\&#34;&gt;Passed&lt;/td&gt;&#34;, &#34;&lt;td class=\&#34;col-testId\&#34;&gt;test_volunteer_request.py::VolunteerRequestTest::test_01_authenticated_user_can_view_requests&lt;/td&gt;&#34;, &#34;&lt;td class=\&#34;col-duration\&#34;&gt;00:00:28&lt;/td&gt;&#34;, &#34;&lt;td class=\&#34;col-links\&#34;&gt;&lt;/td&gt;&#34;], &#34;log&#34;: &#34;----------------------------- Captured stdout call -----------------------------\n\u26a0 No requests available on the page (this may be expected)\n\u2713 Authenticated user can view requests list\n  - Current URL: http://localhost:5173/requests\n&#34;}], &#34;test_volunteer_request.py::VolunteerRequestTest::test_02_authenticated_user_can_view_request_details&#34;: [{&#34;extras&#34;: [], &#34;result&#34;: &#34;Failed&#34;, &#34;testId&#34;: &#34;test_volunteer_request.py::VolunteerRequestTest::test_02_authenticated_user_can_view_request_details&#34;, &#34;duration&#34;: &#34;00:00:23&#34;, &#34;resultsTableRow&#34;: [&#34;&lt;td class=\&#34;col-result\&#34;&gt;Failed&lt;/td&gt;&#34;, &#34;&lt;td class=\&#34;col-testId\&#34;&gt;test_volunteer_request.py::VolunteerRequestTest::test_02_authenticated_user_can_view_request_details&lt;/td&gt;&#34;, &#34;&lt;td class=\&#34;col-duration\&#34;&gt;00:00:23&lt;/td&gt;&#34;, &#34;&lt;td class=\&#34;col-links\&#34;&gt;&lt;/td&gt;&#34;], &#34;log&#34;: &#34;self = &amp;lt;test_volunteer_request.VolunteerRequestTest testMethod=test_02_authenticated_user_can_view_request_details&amp;gt;, by = &amp;#x27;xpath&amp;#x27;\nvalue = &amp;#x27;//*[@id=&amp;quot;root&amp;quot;]/div/div[2]/div/div[2]/div/div[1]&amp;#x27;, timeout = 10\n\n    def _get_clickable_element(self, by, value, timeout=10):\n        &amp;quot;&amp;quot;&amp;quot;Helper method to get a clickable element&amp;quot;&amp;quot;&amp;quot;\n        try:\n&amp;gt;           return WebDriverWait(self.driver, timeout).until(\n                EC.element_to_be_clickable((by, value))\n            )\n\ntest_volunteer_request.py:113: \n_ _ _ _ _ _ _ _ _ _ _ _ _ _ _ _ _ _ _ _ _ _ _ _ _ _ _ _ _ _ _ _ _ _ _ _ _ _ _ _ _ _ _ _ _ _ _ _ _ _ _ _ _ _ _ _ _ _ _ _ _ _ _ _ _ _ _ _ _ _ _ _ _ _ _ _ _ _ _ _ _\n\nself = &amp;lt;selenium.webdriver.support.wait.WebDriverWait (session=&amp;quot;66a5f09e3496d57cac3903729415979e&amp;quot;)&amp;gt;\nmethod = &amp;lt;function element_to_be_clickable.&amp;lt;locals&amp;gt;._predicate at 0x000001B8AC011D00&amp;gt;, message = &amp;#x27;&amp;#x27;\n\n    def until(self, method: Callable[[D], Union[Literal[False], T]], message: str = &amp;quot;&amp;quot;) -&amp;gt; T:\n        &amp;quot;&amp;quot;&amp;quot;Wait until the method returns a value that is not False.\n    \n        Calls the method provided with the driver as an argument until the\n        return value does not evaluate to ``False``.\n    \n        Parameters:\n        -----------\n        method: callable(WebDriver)\n            - A callable object that takes a WebDriver instance as an argument.\n    \n        message: str\n            - Optional message for :exc:`TimeoutException`\n    \n        Return:\n        -------\n        object: T\n            - The result of the last call to `method`\n    \n        Raises:\n        -------\n        TimeoutException\n            - If &amp;#x27;method&amp;#x27; does not return a truthy value within the WebDriverWait\n            object&amp;#x27;s timeout\n    \n        Example:\n        --------\n        &amp;gt;&amp;gt;&amp;gt; from selenium.webdriver.common.by import By\n        &amp;gt;&amp;gt;&amp;gt; from selenium.webdriver.support.ui import WebDriverWait\n        &amp;gt;&amp;gt;&amp;gt; from selenium.webdriver.support import expected_conditions as EC\n    \n        # Wait until an element is visible on the page\n        &amp;gt;&amp;gt;&amp;gt; wait = WebDriverWait(driver, 10)\n        &amp;gt;&amp;gt;&amp;gt; element = wait.until(EC.visibility_of_element_located((By.ID, &amp;quot;exampleId&amp;quot;)))\n        &amp;gt;&amp;gt;&amp;gt; print(element.text)\n        &amp;quot;&amp;quot;&amp;quot;\n        screen = None\n        stacktrace = None\n    \n        end_time = time.monotonic() + self._timeout\n        while True:\n            try:\n                value = method(self._driver)\n                if value:\n                    return value\n            except self._ignored_exceptions as exc:\n                screen = getattr(exc, &amp;quot;screen&amp;quot;, None)\n                stacktrace = getattr(exc, &amp;quot;stacktrace&amp;quot;, None)\n            if time.monotonic() &amp;gt; end_time:\n                break\n            time.sleep(self._poll)\n&amp;gt;       raise TimeoutException(message, screen, stacktrace)\nE       selenium.common.exceptions.TimeoutException: Message: \nE       Stacktrace:\nE       Symbols not available. Dumping unresolved backtrace:\nE       \t0x7ff65c2588e5\nE       \t0x7ff65c258940\nE       \t0x7ff65c03165d\nE       \t0x7ff65c089a33\nE       \t0x7ff65c089d3c\nE       \t0x7ff65c0ddf67\nE       \t0x7ff65c0dac97\nE       \t0x7ff65c07ac29\nE       \t0x7ff65c07ba93\nE       \t0x7ff65c570640\nE       \t0x7ff65c56af80\nE       \t0x7ff65c5896e6\nE       \t0x7ff65c275de4\nE       \t0x7ff65c27ed8c\nE       \t0x7ff65c262004\nE       \t0x7ff65c2621b5\nE       \t0x7ff65c247ee2\nE       \t0x7ffb39bee8d7\nE       \t0x7ffb3b4cc53c\n\nC:\\Users\\musak\\AppData\\Local\\Programs\\Python\\Python313\\Lib\\site-packages\\selenium\\webdriver\\support\\wait.py:138: TimeoutException\n\nDuring handling of the above exception, another exception occurred:\n\nself = &amp;lt;test_volunteer_request.VolunteerRequestTest testMethod=test_02_authenticated_user_can_view_request_details&amp;gt;\n\n    def test_02_authenticated_user_can_view_request_details(self):\n        &amp;quot;&amp;quot;&amp;quot;\n        Test Case: Authenticated user can click and view request details\n    \n        Steps:\n        1. Login as volunteer user\n        2. Navigate to requests page\n        3. Click on first request card\n        4. Verify navigation to request details page\n        &amp;quot;&amp;quot;&amp;quot;\n        # Step 1: Login\n        self._login_as_volunteer()\n    \n        # Step 2: Navigate to requests page\n        self.driver.get(self.REQUESTS_URL)\n        time.sleep(2)\n    \n        # Step 3: Click on first request card\n&amp;gt;       request_card = self._get_clickable_element(\n            By.XPATH,\n            self.FIRST_REQUEST_CARD_XPATH\n        )\n\ntest_volunteer_request.py:234: \n_ _ _ _ _ _ _ _ _ _ _ _ _ _ _ _ _ _ _ _ _ _ _ _ _ _ _ _ _ _ _ _ _ _ _ _ _ _ _ _ _ _ _ _ _ _ _ _ _ _ _ _ _ _ _ _ _ _ _ _ _ _ _ _ _ _ _ _ _ _ _ _ _ _ _ _ _ _ _ _ _\ntest_volunteer_request.py:117: in _get_clickable_element\n    self.fail(f&amp;quot;Clickable element not found: {by}={value}&amp;quot;)\nE   AssertionError: Clickable element not found: xpath=//*[@id=&amp;quot;root&amp;quot;]/div/div[2]/div/div[2]/div/div[1]\n&#34;}], &#34;test_volunteer_request.py::VolunteerRequestTest::test_03_volunteer_for_available_request&#34;: [{&#34;extras&#34;: [], &#34;result&#34;: &#34;Failed&#34;, &#34;testId&#34;: &#34;test_volunteer_request.py::VolunteerRequestTest::test_03_volunteer_for_available_request&#34;, &#34;duration&#34;: &#34;00:00:23&#34;, &#34;resultsTableRow&#34;: [&#34;&lt;td class=\&#34;col-result\&#34;&gt;Failed&lt;/td&gt;&#34;, &#34;&lt;td class=\&#34;col-testId\&#34;&gt;test_volunteer_request.py::VolunteerRequestTest::test_03_volunteer_for_available_request&lt;/td&gt;&#34;, &#34;&lt;td class=\&#34;col-duration\&#34;&gt;00:00:23&lt;/td&gt;&#34;, &#34;&lt;td class=\&#34;col-links\&#34;&gt;&lt;/td&gt;&#34;], &#34;log&#34;: &#34;self = &amp;lt;test_volunteer_request.VolunteerRequestTest testMethod=test_03_volunteer_for_available_request&amp;gt;, by = &amp;#x27;xpath&amp;#x27;\nvalue = &amp;#x27;//*[@id=&amp;quot;root&amp;quot;]/div/div[2]/div/div[2]/div/div[1]&amp;#x27;, timeout = 10\n\n    def _get_clickable_element(self, by, value, timeout=10):\n        &amp;quot;&amp;quot;&amp;quot;Helper method to get a clickable element&amp;quot;&amp;quot;&amp;quot;\n        try:\n&amp;gt;           return WebDriverWait(self.driver, timeout).until(\n                EC.element_to_be_clickable((by, value))\n            )\n\ntest_volunteer_request.py:113: \n_ _ _ _ _ _ _ _ _ _ _ _ _ _ _ _ _ _ _ _ _ _ _ _ _ _ _ _ _ _ _ _ _ _ _ _ _ _ _ _ _ _ _ _ _ _ _ _ _ _ _ _ _ _ _ _ _ _ _ _ _ _ _ _ _ _ _ _ _ _ _ _ _ _ _ _ _ _ _ _ _\n\nself = &amp;lt;selenium.webdriver.support.wait.WebDriverWait (session=&amp;quot;66a5f09e3496d57cac3903729415979e&amp;quot;)&amp;gt;\nmethod = &amp;lt;function element_to_be_clickable.&amp;lt;locals&amp;gt;._predicate at 0x000001B8AC0119E0&amp;gt;, message = &amp;#x27;&amp;#x27;\n\n    def until(self, method: Callable[[D], Union[Literal[False], T]], message: str = &amp;quot;&amp;quot;) -&amp;gt; T:\n        &amp;quot;&amp;quot;&amp;quot;Wait until the method returns a value that is not False.\n    \n        Calls the method provided with the driver as an argument until the\n        return value does not evaluate to ``False``.\n    \n        Parameters:\n        -----------\n        method: callable(WebDriver)\n            - A callable object that takes a WebDriver instance as an argument.\n    \n        message: str\n            - Optional message for :exc:`TimeoutException`\n    \n        Return:\n        -------\n        object: T\n            - The result of the last call to `method`\n    \n        Raises:\n        -------\n        TimeoutException\n            - If &amp;#x27;method&amp;#x27; does not return a truthy value within the WebDriverWait\n            object&amp;#x27;s timeout\n    \n        Example:\n        --------\n        &amp;gt;&amp;gt;&amp;gt; from selenium.webdriver.common.by import By\n        &amp;gt;&amp;gt;&amp;gt; from selenium.webdriver.support.ui import WebDriverWait\n        &amp;gt;&amp;gt;&amp;gt; from selenium.webdriver.support import expected_conditions as EC\n    \n        # Wait until an element is visible on the page\n        &amp;gt;&amp;gt;&amp;gt; wait = WebDriverWait(driver, 10)\n        &amp;gt;&amp;gt;&amp;gt; element = wait.until(EC.visibility_of_element_located((By.ID, &amp;quot;exampleId&amp;quot;)))\n        &amp;gt;&amp;gt;&amp;gt; print(element.text)\n        &amp;quot;&amp;quot;&amp;quot;\n        screen = None\n        stacktrace = None\n    \n        end_time = time.monotonic() + self._timeout\n        while True:\n            try:\n                value = method(self._driver)\n                if value:\n                    return value\n            except self._ignored_exceptions as exc:\n                screen = getattr(exc, &amp;quot;screen&amp;quot;, None)\n                stacktrace = getattr(exc, &amp;quot;stacktrace&amp;quot;, None)\n            if time.monotonic() &amp;gt; end_time:\n                break\n            time.sleep(self._poll)\n&amp;gt;       raise TimeoutException(message, screen, stacktrace)\nE       selenium.common.exceptions.TimeoutException: Message: \nE       Stacktrace:\nE       Symbols not available. Dumping unresolved backtrace:\nE       \t0x7ff65c2588e5\nE       \t0x7ff65c258940\nE       \t0x7ff65c03165d\nE       \t0x7ff65c089a33\nE       \t0x7ff65c089d3c\nE       \t0x7ff65c0ddf67\nE       \t0x7ff65c0dac97\nE       \t0x7ff65c07ac29\nE       \t0x7ff65c07ba93\nE       \t0x7ff65c570640\nE       \t0x7ff65c56af80\nE       \t0x7ff65c5896e6\nE       \t0x7ff65c275de4\nE       \t0x7ff65c27ed8c\nE       \t0x7ff65c262004\nE       \t0x7ff65c2621b5\nE       \t0x7ff65c247ee2\nE       \t0x7ffb39bee8d7\nE       \t0x7ffb3b4cc53c\n\nC:\\Users\\musak\\AppData\\Local\\Programs\\Python\\Python313\\Lib\\site-packages\\selenium\\webdriver\\support\\wait.py:138: TimeoutException\n\nDuring handling of the above exception, another exception occurred:\n\nself = &amp;lt;test_volunteer_request.VolunteerRequestTest testMethod=test_03_volunteer_for_available_request&amp;gt;\n\n    def test_03_volunteer_for_available_request(self):\n        &amp;quot;&amp;quot;&amp;quot;\n        Test Case: Main scenario - User successfully volunteers for a request\n    \n        Steps:\n        1. Login as volunteer user\n        2. Navigate to requests page\n        3. Click on first request\n        4. Click volunteer/apply button\n        5. Verify success confirmation\n        &amp;quot;&amp;quot;&amp;quot;\n        # Step 1: Login\n        self._login_as_volunteer()\n    \n        # Step 2: Navigate to requests page\n        self.driver.get(self.REQUESTS_URL)\n        time.sleep(2)\n    \n        # Step 3: Click on first request\n&amp;gt;       request_card = self._get_clickable_element(\n            By.XPATH,\n            self.FIRST_REQUEST_CARD_XPATH\n        )\n\ntest_volunteer_request.py:276: \n_ _ _ _ _ _ _ _ _ _ _ _ _ _ _ _ _ _ _ _ _ _ _ _ _ _ _ _ _ _ _ _ _ _ _ _ _ _ _ _ _ _ _ _ _ _ _ _ _ _ _ _ _ _ _ _ _ _ _ _ _ _ _ _ _ _ _ _ _ _ _ _ _ _ _ _ _ _ _ _ _\ntest_volunteer_request.py:117: in _get_clickable_element\n    self.fail(f&amp;quot;Clickable element not found: {by}={value}&amp;quot;)\nE   AssertionError: Clickable element not found: xpath=//*[@id=&amp;quot;root&amp;quot;]/div/div[2]/div/div[2]/div/div[1]\n&#34;}], &#34;test_volunteer_request.py::VolunteerRequestTest::test_04_verify_volunteer_button_exists_on_request_details&#34;: [{&#34;extras&#34;: [], &#34;result&#34;: &#34;Failed&#34;, &#34;testId&#34;: &#34;test_volunteer_request.py::VolunteerRequestTest::test_04_verify_volunteer_button_exists_on_request_details&#34;, &#34;duration&#34;: &#34;00:00:22&#34;, &#34;resultsTableRow&#34;: [&#34;&lt;td class=\&#34;col-result\&#34;&gt;Failed&lt;/td&gt;&#34;, &#34;&lt;td class=\&#34;col-testId\&#34;&gt;test_volunteer_request.py::VolunteerRequestTest::test_04_verify_volunteer_button_exists_on_request_details&lt;/td&gt;&#34;, &#34;&lt;td class=\&#34;col-duration\&#34;&gt;00:00:22&lt;/td&gt;&#34;, &#34;&lt;td class=\&#34;col-links\&#34;&gt;&lt;/td&gt;&#34;], &#34;log&#34;: &#34;self = &amp;lt;test_volunteer_request.VolunteerRequestTest testMethod=test_04_verify_volunteer_button_exists_on_request_details&amp;gt;, by = &amp;#x27;xpath&amp;#x27;\nvalue = &amp;#x27;//*[@id=&amp;quot;root&amp;quot;]/div/div[2]/div/div[2]/div/div[1]&amp;#x27;, timeout = 10\n\n    def _get_clickable_element(self, by, value, timeout=10):\n        &amp;quot;&amp;quot;&amp;quot;Helper method to get a clickable element&amp;quot;&amp;quot;&amp;quot;\n        try:\n&amp;gt;           return WebDriverWait(self.driver, timeout).until(\n                EC.element_to_be_clickable((by, value))\n            )\n\ntest_volunteer_request.py:113: \n_ _ _ _ _ _ _ _ _ _ _ _ _ _ _ _ _ _ _ _ _ _ _ _ _ _ _ _ _ _ _ _ _ _ _ _ _ _ _ _ _ _ _ _ _ _ _ _ _ _ _ _ _ _ _ _ _ _ _ _ _ _ _ _ _ _ _ _ _ _ _ _ _ _ _ _ _ _ _ _ _\n\nself = &amp;lt;selenium.webdriver.support.wait.WebDriverWait (session=&amp;quot;66a5f09e3496d57cac3903729415979e&amp;quot;)&amp;gt;\nmethod = &amp;lt;function element_to_be_clickable.&amp;lt;locals&amp;gt;._predicate at 0x000001B8AC03A8E0&amp;gt;, message = &amp;#x27;&amp;#x27;\n\n    def until(self, method: Callable[[D], Union[Literal[False], T]], message: str = &amp;quot;&amp;quot;) -&amp;gt; T:\n        &amp;quot;&amp;quot;&amp;quot;Wait until the method returns a value that is not False.\n    \n        Calls the method provided with the driver as an argument until the\n        return value does not evaluate to ``False``.\n    \n        Parameters:\n        -----------\n        method: callable(WebDriver)\n            - A callable object that takes a WebDriver instance as an argument.\n    \n        message: str\n            - Optional message for :exc:`TimeoutException`\n    \n        Return:\n        -------\n        object: T\n            - The result of the last call to `method`\n    \n        Raises:\n        -------\n        TimeoutException\n            - If &amp;#x27;method&amp;#x27; does not return a truthy value within the WebDriverWait\n            object&amp;#x27;s timeout\n    \n        Example:\n        --------\n        &amp;gt;&amp;gt;&amp;gt; from selenium.webdriver.common.by import By\n        &amp;gt;&amp;gt;&amp;gt; from selenium.webdriver.support.ui import WebDriverWait\n        &amp;gt;&amp;gt;&amp;gt; from selenium.webdriver.support import expected_conditions as EC\n    \n        # Wait until an element is visible on the page\n        &amp;gt;&amp;gt;&amp;gt; wait = WebDriverWait(driver, 10)\n        &amp;gt;&amp;gt;&amp;gt; element = wait.until(EC.visibility_of_element_located((By.ID, &amp;quot;exampleId&amp;quot;)))\n        &amp;gt;&amp;gt;&amp;gt; print(element.text)\n        &amp;quot;&amp;quot;&amp;quot;\n        screen = None\n        stacktrace = None\n    \n        end_time = time.monotonic() + self._timeout\n        while True:\n            try:\n                value = method(self._driver)\n                if value:\n                    return value\n            except self._ignored_exceptions as exc:\n                screen = getattr(exc, &amp;quot;screen&amp;quot;, None)\n                stacktrace = getattr(exc, &amp;quot;stacktrace&amp;quot;, None)\n            if time.monotonic() &amp;gt; end_time:\n                break\n            time.sleep(self._poll)\n&amp;gt;       raise TimeoutException(message, screen, stacktrace)\nE       selenium.common.exceptions.TimeoutException: Message: \nE       Stacktrace:\nE       Symbols not available. Dumping unresolved backtrace:\nE       \t0x7ff65c2588e5\nE       \t0x7ff65c258940\nE       \t0x7ff65c03165d\nE       \t0x7ff65c089a33\nE       \t0x7ff65c089d3c\nE       \t0x7ff65c0ddf67\nE       \t0x7ff65c0dac97\nE       \t0x7ff65c07ac29\nE       \t0x7ff65c07ba93\nE       \t0x7ff65c570640\nE       \t0x7ff65c56af80\nE       \t0x7ff65c5896e6\nE       \t0x7ff65c275de4\nE       \t0x7ff65c27ed8c\nE       \t0x7ff65c262004\nE       \t0x7ff65c2621b5\nE       \t0x7ff65c247ee2\nE       \t0x7ffb39bee8d7\nE       \t0x7ffb3b4cc53c\n\nC:\\Users\\musak\\AppData\\Local\\Programs\\Python\\Python313\\Lib\\site-packages\\selenium\\webdriver\\support\\wait.py:138: TimeoutException\n\nDuring handling of the above exception, another exception occurred:\n\nself = &amp;lt;test_volunteer_request.VolunteerRequestTest testMethod=test_04_verify_volunteer_button_exists_on_request_details&amp;gt;\n\n    def test_04_verify_volunteer_button_exists_on_request_details(self):\n        &amp;quot;&amp;quot;&amp;quot;\n        Test Case: Verify volunteer/apply button is present on request details\n    \n        Steps:\n        1. Login as volunteer user\n        2. Navigate to requests page\n        3. Click on first request\n        4. Verify volunteer button exists\n        &amp;quot;&amp;quot;&amp;quot;\n        # Step 1: Login\n        self._login_as_volunteer()\n    \n        # Step 2: Navigate to requests page\n        self.driver.get(self.REQUESTS_URL)\n        time.sleep(2)\n    \n        # Step 3: Click on first request\n&amp;gt;       request_card = self._get_clickable_element(\n            By.XPATH,\n            self.FIRST_REQUEST_CARD_XPATH\n        )\n\ntest_volunteer_request.py:337: \n_ _ _ _ _ _ _ _ _ _ _ _ _ _ _ _ _ _ _ _ _ _ _ _ _ _ _ _ _ _ _ _ _ _ _ _ _ _ _ _ _ _ _ _ _ _ _ _ _ _ _ _ _ _ _ _ _ _ _ _ _ _ _ _ _ _ _ _ _ _ _ _ _ _ _ _ _ _ _ _ _\ntest_volunteer_request.py:117: in _get_clickable_element\n    self.fail(f&amp;quot;Clickable element not found: {by}={value}&amp;quot;)\nE   AssertionError: Clickable element not found: xpath=//*[@id=&amp;quot;root&amp;quot;]/div/div[2]/div/div[2]/div/div[1]\n&#34;}], &#34;test_volunteer_request.py::VolunteerRequestTest::test_05_volunteer_button_shows_confirmation&#34;: [{&#34;extras&#34;: [], &#34;result&#34;: &#34;Failed&#34;, &#34;testId&#34;: &#34;test_volunteer_request.py::VolunteerRequestTest::test_05_volunteer_button_shows_confirmation&#34;, &#34;duration&#34;: &#34;00:00:20&#34;, &#34;resultsTableRow&#34;: [&#34;&lt;td class=\&#34;col-result\&#34;&gt;Failed&lt;/td&gt;&#34;, &#34;&lt;td class=\&#34;col-testId\&#34;&gt;test_volunteer_request.py::VolunteerRequestTest::test_05_volunteer_button_shows_confirmation&lt;/td&gt;&#34;, &#34;&lt;td class=\&#34;col-duration\&#34;&gt;00:00:20&lt;/td&gt;&#34;, &#34;&lt;td class=\&#34;col-links\&#34;&gt;&lt;/td&gt;&#34;], &#34;log&#34;: &#34;self = &amp;lt;test_volunteer_request.VolunteerRequestTest testMethod=test_05_volunteer_button_shows_confirmation&amp;gt;, by = &amp;#x27;xpath&amp;#x27;\nvalue = &amp;#x27;//*[@id=&amp;quot;root&amp;quot;]/div/div[2]/div/div[2]/div/div[1]&amp;#x27;, timeout = 10\n\n    def _get_clickable_element(self, by, value, timeout=10):\n        &amp;quot;&amp;quot;&amp;quot;Helper method to get a clickable element&amp;quot;&amp;quot;&amp;quot;\n        try:\n&amp;gt;           return WebDriverWait(self.driver, timeout).until(\n                EC.element_to_be_clickable((by, value))\n            )\n\ntest_volunteer_request.py:113: \n_ _ _ _ _ _ _ _ _ _ _ _ _ _ _ _ _ _ _ _ _ _ _ _ _ _ _ _ _ _ _ _ _ _ _ _ _ _ _ _ _ _ _ _ _ _ _ _ _ _ _ _ _ _ _ _ _ _ _ _ _ _ _ _ _ _ _ _ _ _ _ _ _ _ _ _ _ _ _ _ _\n\nself = &amp;lt;selenium.webdriver.support.wait.WebDriverWait (session=&amp;quot;66a5f09e3496d57cac3903729415979e&amp;quot;)&amp;gt;\nmethod = &amp;lt;function element_to_be_clickable.&amp;lt;locals&amp;gt;._predicate at 0x000001B8AC03B380&amp;gt;, message = &amp;#x27;&amp;#x27;\n\n    def until(self, method: Callable[[D], Union[Literal[False], T]], message: str = &amp;quot;&amp;quot;) -&amp;gt; T:\n        &amp;quot;&amp;quot;&amp;quot;Wait until the method returns a value that is not False.\n    \n        Calls the method provided with the driver as an argument until the\n        return value does not evaluate to ``False``.\n    \n        Parameters:\n        -----------\n        method: callable(WebDriver)\n            - A callable object that takes a WebDriver instance as an argument.\n    \n        message: str\n            - Optional message for :exc:`TimeoutException`\n    \n        Return:\n        -------\n        object: T\n            - The result of the last call to `method`\n    \n        Raises:\n        -------\n        TimeoutException\n            - If &amp;#x27;method&amp;#x27; does not return a truthy value within the WebDriverWait\n            object&amp;#x27;s timeout\n    \n        Example:\n        --------\n        &amp;gt;&amp;gt;&amp;gt; from selenium.webdriver.common.by import By\n        &amp;gt;&amp;gt;&amp;gt; from selenium.webdriver.support.ui import WebDriverWait\n        &amp;gt;&amp;gt;&amp;gt; from selenium.webdriver.support import expected_conditions as EC\n    \n        # Wait until an element is visible on the page\n        &amp;gt;&amp;gt;&amp;gt; wait = WebDriverWait(driver, 10)\n        &amp;gt;&amp;gt;&amp;gt; element = wait.until(EC.visibility_of_element_located((By.ID, &amp;quot;exampleId&amp;quot;)))\n        &amp;gt;&amp;gt;&amp;gt; print(element.text)\n        &amp;quot;&amp;quot;&amp;quot;\n        screen = None\n        stacktrace = None\n    \n        end_time = time.monotonic() + self._timeout\n        while True:\n            try:\n                value = method(self._driver)\n                if value:\n                    return value\n            except self._ignored_exceptions as exc:\n                screen = getattr(exc, &amp;quot;screen&amp;quot;, None)\n                stacktrace = getattr(exc, &amp;quot;stacktrace&amp;quot;, None)\n            if time.monotonic() &amp;gt; end_time:\n                break\n            time.sleep(self._poll)\n&amp;gt;       raise TimeoutException(message, screen, stacktrace)\nE       selenium.common.exceptions.TimeoutException: Message: \nE       Stacktrace:\nE       Symbols not available. Dumping unresolved backtrace:\nE       \t0x7ff65c2588e5\nE       \t0x7ff65c258940\nE       \t0x7ff65c03165d\nE       \t0x7ff65c089a33\nE       \t0x7ff65c089d3c\nE       \t0x7ff65c0ddf67\nE       \t0x7ff65c0dac97\nE       \t0x7ff65c07ac29\nE       \t0x7ff65c07ba93\nE       \t0x7ff65c570640\nE       \t0x7ff65c56af80\nE       \t0x7ff65c5896e6\nE       \t0x7ff65c275de4\nE       \t0x7ff65c27ed8c\nE       \t0x7ff65c262004\nE       \t0x7ff65c2621b5\nE       \t0x7ff65c247ee2\nE       \t0x7ffb39bee8d7\nE       \t0x7ffb3b4cc53c\n\nC:\\Users\\musak\\AppData\\Local\\Programs\\Python\\Python313\\Lib\\site-packages\\selenium\\webdriver\\support\\wait.py:138: TimeoutException\n\nDuring handling of the above exception, another exception occurred:\n\nself = &amp;lt;test_volunteer_request.VolunteerRequestTest testMethod=test_05_volunteer_button_shows_confirmation&amp;gt;\n\n    def test_05_volunteer_button_shows_confirmation(self):\n        &amp;quot;&amp;quot;&amp;quot;\n        Test Case: Verify confirmation message/modal appears after volunteering\n    \n        Steps:\n        1. Login as volunteer user\n        2. Navigate to requests page\n        3. Click on first request\n        4. Click volunteer button\n        5. Verify confirmation appears\n        &amp;quot;&amp;quot;&amp;quot;\n        # Step 1: Login\n        self._login_as_volunteer()\n    \n        # Step 2: Navigate to requests page\n        self.driver.get(self.REQUESTS_URL)\n        time.sleep(2)\n    \n        # Step 3: Click on first request\n&amp;gt;       request_card = self._get_clickable_element(\n            By.XPATH,\n            self.FIRST_REQUEST_CARD_XPATH\n        )\n\ntest_volunteer_request.py:381: \n_ _ _ _ _ _ _ _ _ _ _ _ _ _ _ _ _ _ _ _ _ _ _ _ _ _ _ _ _ _ _ _ _ _ _ _ _ _ _ _ _ _ _ _ _ _ _ _ _ _ _ _ _ _ _ _ _ _ _ _ _ _ _ _ _ _ _ _ _ _ _ _ _ _ _ _ _ _ _ _ _\ntest_volunteer_request.py:117: in _get_clickable_element\n    self.fail(f&amp;quot;Clickable element not found: {by}={value}&amp;quot;)\nE   AssertionError: Clickable element not found: xpath=//*[@id=&amp;quot;root&amp;quot;]/div/div[2]/div/div[2]/div/div[1]\n&#34;}], &#34;test_volunteer_request.py::VolunteerRequestTest::test_06_cannot_volunteer_for_own_request&#34;: [{&#34;extras&#34;: [], &#34;result&#34;: &#34;Failed&#34;, &#34;testId&#34;: &#34;test_volunteer_request.py::VolunteerRequestTest::test_06_cannot_volunteer_for_own_request&#34;, &#34;duration&#34;: &#34;00:00:20&#34;, &#34;resultsTableRow&#34;: [&#34;&lt;td class=\&#34;col-result\&#34;&gt;Failed&lt;/td&gt;&#34;, &#34;&lt;td class=\&#34;col-testId\&#34;&gt;test_volunteer_request.py::VolunteerRequestTest::test_06_cannot_volunteer_for_own_request&lt;/td&gt;&#34;, &#34;&lt;td class=\&#34;col-duration\&#34;&gt;00:00:20&lt;/td&gt;&#34;, &#34;&lt;td class=\&#34;col-links\&#34;&gt;&lt;/td&gt;&#34;], &#34;log&#34;: &#34;self = &amp;lt;test_volunteer_request.VolunteerRequestTest testMethod=test_06_cannot_volunteer_for_own_request&amp;gt;, by = &amp;#x27;xpath&amp;#x27;\nvalue = &amp;#x27;//*[@id=&amp;quot;root&amp;quot;]/div/div[2]/div/div[2]/div/div[1]&amp;#x27;, timeout = 10\n\n    def _get_clickable_element(self, by, value, timeout=10):\n        &amp;quot;&amp;quot;&amp;quot;Helper method to get a clickable element&amp;quot;&amp;quot;&amp;quot;\n        try:\n&amp;gt;           return WebDriverWait(self.driver, timeout).until(\n                EC.element_to_be_clickable((by, value))\n            )\n\ntest_volunteer_request.py:113: \n_ _ _ _ _ _ _ _ _ _ _ _ _ _ _ _ _ _ _ _ _ _ _ _ _ _ _ _ _ _ _ _ _ _ _ _ _ _ _ _ _ _ _ _ _ _ _ _ _ _ _ _ _ _ _ _ _ _ _ _ _ _ _ _ _ _ _ _ _ _ _ _ _ _ _ _ _ _ _ _ _\n\nself = &amp;lt;selenium.webdriver.support.wait.WebDriverWait (session=&amp;quot;66a5f09e3496d57cac3903729415979e&amp;quot;)&amp;gt;\nmethod = &amp;lt;function element_to_be_clickable.&amp;lt;locals&amp;gt;._predicate at 0x000001B8AC03B9C0&amp;gt;, message = &amp;#x27;&amp;#x27;\n\n    def until(self, method: Callable[[D], Union[Literal[False], T]], message: str = &amp;quot;&amp;quot;) -&amp;gt; T:\n        &amp;quot;&amp;quot;&amp;quot;Wait until the method returns a value that is not False.\n    \n        Calls the method provided with the driver as an argument until the\n        return value does not evaluate to ``False``.\n    \n        Parameters:\n        -----------\n        method: callable(WebDriver)\n            - A callable object that takes a WebDriver instance as an argument.\n    \n        message: str\n            - Optional message for :exc:`TimeoutException`\n    \n        Return:\n        -------\n        object: T\n            - The result of the last call to `method`\n    \n        Raises:\n        -------\n        TimeoutException\n            - If &amp;#x27;method&amp;#x27; does not return a truthy value within the WebDriverWait\n            object&amp;#x27;s timeout\n    \n        Example:\n        --------\n        &amp;gt;&amp;gt;&amp;gt; from selenium.webdriver.common.by import By\n        &amp;gt;&amp;gt;&amp;gt; from selenium.webdriver.support.ui import WebDriverWait\n        &amp;gt;&amp;gt;&amp;gt; from selenium.webdriver.support import expected_conditions as EC\n    \n        # Wait until an element is visible on the page\n        &amp;gt;&amp;gt;&amp;gt; wait = WebDriverWait(driver, 10)\n        &amp;gt;&amp;gt;&amp;gt; element = wait.until(EC.visibility_of_element_located((By.ID, &amp;quot;exampleId&amp;quot;)))\n        &amp;gt;&amp;gt;&amp;gt; print(element.text)\n        &amp;quot;&amp;quot;&amp;quot;\n        screen = None\n        stacktrace = None\n    \n        end_time = time.monotonic() + self._timeout\n        while True:\n            try:\n                value = method(self._driver)\n                if value:\n                    return value\n            except self._ignored_exceptions as exc:\n                screen = getattr(exc, &amp;quot;screen&amp;quot;, None)\n                stacktrace = getattr(exc, &amp;quot;stacktrace&amp;quot;, None)\n            if time.monotonic() &amp;gt; end_time:\n                break\n            time.sleep(self._poll)\n&amp;gt;       raise TimeoutException(message, screen, stacktrace)\nE       selenium.common.exceptions.TimeoutException: Message: \nE       Stacktrace:\nE       Symbols not available. Dumping unresolved backtrace:\nE       \t0x7ff65c2588e5\nE       \t0x7ff65c258940\nE       \t0x7ff65c03165d\nE       \t0x7ff65c089a33\nE       \t0x7ff65c089d3c\nE       \t0x7ff65c0ddf67\nE       \t0x7ff65c0dac97\nE       \t0x7ff65c07ac29\nE       \t0x7ff65c07ba93\nE       \t0x7ff65c570640\nE       \t0x7ff65c56af80\nE       \t0x7ff65c5896e6\nE       \t0x7ff65c275de4\nE       \t0x7ff65c27ed8c\nE       \t0x7ff65c262004\nE       \t0x7ff65c2621b5\nE       \t0x7ff65c247ee2\nE       \t0x7ffb39bee8d7\nE       \t0x7ffb3b4cc53c\n\nC:\\Users\\musak\\AppData\\Local\\Programs\\Python\\Python313\\Lib\\site-packages\\selenium\\webdriver\\support\\wait.py:138: TimeoutException\n\nDuring handling of the above exception, another exception occurred:\n\nself = &amp;lt;test_volunteer_request.VolunteerRequestTest testMethod=test_06_cannot_volunteer_for_own_request&amp;gt;\n\n    def test_06_cannot_volunteer_for_own_request(self):\n        &amp;quot;&amp;quot;&amp;quot;\n        Test Case: User cannot volunteer for their own created request\n    \n        Steps:\n        1. Login as volunteer user\n        2. Navigate to a request created by this user (if exists)\n        3. Verify volunteer button is not present or is disabled\n    \n        Note: This test assumes the logged-in user has created at least one request\n        &amp;quot;&amp;quot;&amp;quot;\n        # Step 1: Login\n        self._login_as_volunteer()\n    \n        # Step 2: Navigate to requests page\n        self.driver.get(self.REQUESTS_URL)\n        time.sleep(2)\n    \n        # Try to find a request created by this user\n        # This is a best-effort test - may need to navigate to user&amp;#x27;s own requests\n        # For now, we&amp;#x27;ll check the first request and see if volunteer button behavior is appropriate\n    \n&amp;gt;       request_card = self._get_clickable_element(\n            By.XPATH,\n            self.FIRST_REQUEST_CARD_XPATH\n        )\n\ntest_volunteer_request.py:445: \n_ _ _ _ _ _ _ _ _ _ _ _ _ _ _ _ _ _ _ _ _ _ _ _ _ _ _ _ _ _ _ _ _ _ _ _ _ _ _ _ _ _ _ _ _ _ _ _ _ _ _ _ _ _ _ _ _ _ _ _ _ _ _ _ _ _ _ _ _ _ _ _ _ _ _ _ _ _ _ _ _\ntest_volunteer_request.py:117: in _get_clickable_element\n    self.fail(f&amp;quot;Clickable element not found: {by}={value}&amp;quot;)\nE   AssertionError: Clickable element not found: xpath=//*[@id=&amp;quot;root&amp;quot;]/div/div[2]/div/div[2]/div/div[1]\n&#34;}], &#34;test_volunteer_request.py::VolunteerRequestTest::test_07_volunteer_button_changes_to_withdraw&#34;: [{&#34;extras&#34;: [], &#34;result&#34;: &#34;Failed&#34;, &#34;testId&#34;: &#34;test_volunteer_request.py::VolunteerRequestTest::test_07_volunteer_button_changes_to_withdraw&#34;, &#34;duration&#34;: &#34;00:00:26&#34;, &#34;resultsTableRow&#34;: [&#34;&lt;td class=\&#34;col-result\&#34;&gt;Failed&lt;/td&gt;&#34;, &#34;&lt;td class=\&#34;col-testId\&#34;&gt;test_volunteer_request.py::VolunteerRequestTest::test_07_volunteer_button_changes_to_withdraw&lt;/td&gt;&#34;, &#34;&lt;td class=\&#34;col-duration\&#34;&gt;00:00:26&lt;/td&gt;&#34;, &#34;&lt;td class=\&#34;col-links\&#34;&gt;&lt;/td&gt;&#34;], &#34;log&#34;: &#34;self = &amp;lt;test_volunteer_request.VolunteerRequestTest testMethod=test_07_volunteer_button_changes_to_withdraw&amp;gt;, by = &amp;#x27;xpath&amp;#x27;\nvalue = &amp;#x27;//*[@id=&amp;quot;root&amp;quot;]/div/div[2]/div/div[2]/div/div[1]&amp;#x27;, timeout = 10\n\n    def _get_clickable_element(self, by, value, timeout=10):\n        &amp;quot;&amp;quot;&amp;quot;Helper method to get a clickable element&amp;quot;&amp;quot;&amp;quot;\n        try:\n&amp;gt;           return WebDriverWait(self.driver, timeout).until(\n                EC.element_to_be_clickable((by, value))\n            )\n\ntest_volunteer_request.py:113: \n_ _ _ _ _ _ _ _ _ _ _ _ _ _ _ _ _ _ _ _ _ _ _ _ _ _ _ _ _ _ _ _ _ _ _ _ _ _ _ _ _ _ _ _ _ _ _ _ _ _ _ _ _ _ _ _ _ _ _ _ _ _ _ _ _ _ _ _ _ _ _ _ _ _ _ _ _ _ _ _ _\n\nself = &amp;lt;selenium.webdriver.support.wait.WebDriverWait (session=&amp;quot;66a5f09e3496d57cac3903729415979e&amp;quot;)&amp;gt;\nmethod = &amp;lt;function element_to_be_clickable.&amp;lt;locals&amp;gt;._predicate at 0x000001B8AC03BF60&amp;gt;, message = &amp;#x27;&amp;#x27;\n\n    def until(self, method: Callable[[D], Union[Literal[False], T]], message: str = &amp;quot;&amp;quot;) -&amp;gt; T:\n        &amp;quot;&amp;quot;&amp;quot;Wait until the method returns a value that is not False.\n    \n        Calls the method provided with the driver as an argument until the\n        return value does not evaluate to ``False``.\n    \n        Parameters:\n        -----------\n        method: callable(WebDriver)\n            - A callable object that takes a WebDriver instance as an argument.\n    \n        message: str\n            - Optional message for :exc:`TimeoutException`\n    \n        Return:\n        -------\n        object: T\n            - The result of the last call to `method`\n    \n        Raises:\n        -------\n        TimeoutException\n            - If &amp;#x27;method&amp;#x27; does not return a truthy value within the WebDriverWait\n            object&amp;#x27;s timeout\n    \n        Example:\n        --------\n        &amp;gt;&amp;gt;&amp;gt; from selenium.webdriver.common.by import By\n        &amp;gt;&amp;gt;&amp;gt; from selenium.webdriver.support.ui import WebDriverWait\n        &amp;gt;&amp;gt;&amp;gt; from selenium.webdriver.support import expected_conditions as EC\n    \n        # Wait until an element is visible on the page\n        &amp;gt;&amp;gt;&amp;gt; wait = WebDriverWait(driver, 10)\n        &amp;gt;&amp;gt;&amp;gt; element = wait.until(EC.visibility_of_element_located((By.ID, &amp;quot;exampleId&amp;quot;)))\n        &amp;gt;&amp;gt;&amp;gt; print(element.text)\n        &amp;quot;&amp;quot;&amp;quot;\n        screen = None\n        stacktrace = None\n    \n        end_time = time.monotonic() + self._timeout\n        while True:\n            try:\n                value = method(self._driver)\n                if value:\n                    return value\n            except self._ignored_exceptions as exc:\n                screen = getattr(exc, &amp;quot;screen&amp;quot;, None)\n                stacktrace = getattr(exc, &amp;quot;stacktrace&amp;quot;, None)\n            if time.monotonic() &amp;gt; end_time:\n                break\n            time.sleep(self._poll)\n&amp;gt;       raise TimeoutException(message, screen, stacktrace)\nE       selenium.common.exceptions.TimeoutException: Message: \nE       Stacktrace:\nE       Symbols not available. Dumping unresolved backtrace:\nE       \t0x7ff65c2588e5\nE       \t0x7ff65c258940\nE       \t0x7ff65c03165d\nE       \t0x7ff65c089a33\nE       \t0x7ff65c089d3c\nE       \t0x7ff65c0ddf67\nE       \t0x7ff65c0dac97\nE       \t0x7ff65c07ac29\nE       \t0x7ff65c07ba93\nE       \t0x7ff65c570640\nE       \t0x7ff65c56af80\nE       \t0x7ff65c5896e6\nE       \t0x7ff65c275de4\nE       \t0x7ff65c27ed8c\nE       \t0x7ff65c262004\nE       \t0x7ff65c2621b5\nE       \t0x7ff65c247ee2\nE       \t0x7ffb39bee8d7\nE       \t0x7ffb3b4cc53c\n\nC:\\Users\\musak\\AppData\\Local\\Programs\\Python\\Python313\\Lib\\site-packages\\selenium\\webdriver\\support\\wait.py:138: TimeoutException\n\nDuring handling of the above exception, another exception occurred:\n\nself = &amp;lt;test_volunteer_request.VolunteerRequestTest testMethod=test_07_volunteer_button_changes_to_withdraw&amp;gt;\n\n    def test_07_volunteer_button_changes_to_withdraw(self):\n        &amp;quot;&amp;quot;&amp;quot;\n        Test Case: Volunteer button changes to withdraw button after volunteering\n    \n        Steps:\n        1. Login as volunteer user\n        2. Navigate to requests page\n        3. Click on first request\n        4. Verify volunteer button exists\n        5. Click volunteer button\n        6. Verify button changes to withdraw button\n        &amp;quot;&amp;quot;&amp;quot;\n        # Step 1: Login\n        self._login_as_volunteer()\n    \n        # Step 2: Navigate to requests page\n        self.driver.get(self.REQUESTS_URL)\n        time.sleep(2)\n    \n        # Step 3: Click on first request\n&amp;gt;       request_card = self._get_clickable_element(\n            By.XPATH,\n            self.FIRST_REQUEST_CARD_XPATH\n        )\n\ntest_volunteer_request.py:497: \n_ _ _ _ _ _ _ _ _ _ _ _ _ _ _ _ _ _ _ _ _ _ _ _ _ _ _ _ _ _ _ _ _ _ _ _ _ _ _ _ _ _ _ _ _ _ _ _ _ _ _ _ _ _ _ _ _ _ _ _ _ _ _ _ _ _ _ _ _ _ _ _ _ _ _ _ _ _ _ _ _\ntest_volunteer_request.py:117: in _get_clickable_element\n    self.fail(f&amp;quot;Clickable element not found: {by}={value}&amp;quot;)\nE   AssertionError: Clickable element not found: xpath=//*[@id=&amp;quot;root&amp;quot;]/div/div[2]/div/div[2]/div/div[1]\n&#34;}]}, &#34;renderCollapsed&#34;: [&#34;passed&#34;], &#34;initialSort&#34;: &#34;result&#34;, &#34;title&#34;: &#34;selenium_report.html&#34;}"></div>
    <script>
      (function(){function r(e,n,t){function o(i,f){if(!n[i]){if(!e[i]){var c="function"==typeof require&&require;if(!f&&c)return c(i,!0);if(u)return u(i,!0);var a=new Error("Cannot find module '"+i+"'");throw a.code="MODULE_NOT_FOUND",a}var p=n[i]={exports:{}};e[i][0].call(p.exports,function(r){var n=e[i][1][r];return o(n||r)},p,p.exports,r,e,n,t)}return n[i].exports}for(var u="function"==typeof require&&require,i=0;i<t.length;i++)o(t[i]);return o}return r})()({1:[function(require,module,exports){
const { getCollapsedCategory, setCollapsedIds } = require('./storage.js')

class DataManager {
    setManager(data) {
        const collapsedCategories = [...getCollapsedCategory(data.renderCollapsed)]
        const collapsedIds = []
        const tests = Object.values(data.tests).flat().map((test, index) => {
            const collapsed = collapsedCategories.includes(test.result.toLowerCase())
            const id = `test_${index}`
            if (collapsed) {
                collapsedIds.push(id)
            }
            return {
                ...test,
                id,
                collapsed,
            }
        })
        const dataBlob = { ...data, tests }
        this.data = { ...dataBlob }
        this.renderData = { ...dataBlob }
        setCollapsedIds(collapsedIds)
    }

    get allData() {
        return { ...this.data }
    }

    resetRender() {
        this.renderData = { ...this.data }
    }

    setRender(data) {
        this.renderData.tests = [...data]
    }

    toggleCollapsedItem(id) {
        this.renderData.tests = this.renderData.tests.map((test) =>
            test.id === id ? { ...test, collapsed: !test.collapsed } : test,
        )
    }

    set allCollapsed(collapsed) {
        this.renderData = { ...this.renderData, tests: [...this.renderData.tests.map((test) => (
            { ...test, collapsed }
        ))] }
    }

    get testSubset() {
        return [...this.renderData.tests]
    }

    get environment() {
        return this.renderData.environment
    }

    get initialSort() {
        return this.data.initialSort
    }
}

module.exports = {
    manager: new DataManager(),
}

},{"./storage.js":8}],2:[function(require,module,exports){
const mediaViewer = require('./mediaviewer.js')
const templateEnvRow = document.getElementById('template_environment_row')
const templateResult = document.getElementById('template_results-table__tbody')

function htmlToElements(html) {
    const temp = document.createElement('template')
    temp.innerHTML = html
    return temp.content.childNodes
}

const find = (selector, elem) => {
    if (!elem) {
        elem = document
    }
    return elem.querySelector(selector)
}

const findAll = (selector, elem) => {
    if (!elem) {
        elem = document
    }
    return [...elem.querySelectorAll(selector)]
}

const dom = {
    getStaticRow: (key, value) => {
        const envRow = templateEnvRow.content.cloneNode(true)
        const isObj = typeof value === 'object' && value !== null
        const values = isObj ? Object.keys(value).map((k) => `${k}: ${value[k]}`) : null

        const valuesElement = htmlToElements(
            values ? `<ul>${values.map((val) => `<li>${val}</li>`).join('')}<ul>` : `<div>${value}</div>`)[0]
        const td = findAll('td', envRow)
        td[0].textContent = key
        td[1].appendChild(valuesElement)

        return envRow
    },
    getResultTBody: ({ testId, id, log, extras, resultsTableRow, tableHtml, result, collapsed }) => {
        const resultBody = templateResult.content.cloneNode(true)
        resultBody.querySelector('tbody').classList.add(result.toLowerCase())
        resultBody.querySelector('tbody').id = testId
        resultBody.querySelector('.collapsible').dataset.id = id

        resultsTableRow.forEach((html) => {
            const t = document.createElement('template')
            t.innerHTML = html
            resultBody.querySelector('.collapsible').appendChild(t.content)
        })

        if (log) {
            // Wrap lines starting with "E" with span.error to color those lines red
            const wrappedLog = log.replace(/^E.*$/gm, (match) => `<span class="error">${match}</span>`)
            resultBody.querySelector('.log').innerHTML = wrappedLog
        } else {
            resultBody.querySelector('.log').remove()
        }

        if (collapsed) {
            resultBody.querySelector('.collapsible > td')?.classList.add('collapsed')
            resultBody.querySelector('.extras-row').classList.add('hidden')
        } else {
            resultBody.querySelector('.collapsible > td')?.classList.remove('collapsed')
        }

        const media = []
        extras?.forEach(({ name, format_type, content }) => {
            if (['image', 'video'].includes(format_type)) {
                media.push({ path: content, name, format_type })
            }

            if (format_type === 'html') {
                resultBody.querySelector('.extraHTML').insertAdjacentHTML('beforeend', `<div>${content}</div>`)
            }
        })
        mediaViewer.setup(resultBody, media)

        // Add custom html from the pytest_html_results_table_html hook
        tableHtml?.forEach((item) => {
            resultBody.querySelector('td[class="extra"]').insertAdjacentHTML('beforeend', item)
        })

        return resultBody
    },
}

module.exports = {
    dom,
    htmlToElements,
    find,
    findAll,
}

},{"./mediaviewer.js":6}],3:[function(require,module,exports){
const { manager } = require('./datamanager.js')
const { doSort } = require('./sort.js')
const storageModule = require('./storage.js')

const getFilteredSubSet = (filter) =>
    manager.allData.tests.filter(({ result }) => filter.includes(result.toLowerCase()))

const doInitFilter = () => {
    const currentFilter = storageModule.getVisible()
    const filteredSubset = getFilteredSubSet(currentFilter)
    manager.setRender(filteredSubset)
}

const doFilter = (type, show) => {
    if (show) {
        storageModule.showCategory(type)
    } else {
        storageModule.hideCategory(type)
    }

    const currentFilter = storageModule.getVisible()
    const filteredSubset = getFilteredSubSet(currentFilter)
    manager.setRender(filteredSubset)

    const sortColumn = storageModule.getSort()
    doSort(sortColumn, true)
}

module.exports = {
    doFilter,
    doInitFilter,
}

},{"./datamanager.js":1,"./sort.js":7,"./storage.js":8}],4:[function(require,module,exports){
const { redraw, bindEvents, renderStatic } = require('./main.js')
const { doInitFilter } = require('./filter.js')
const { doInitSort } = require('./sort.js')
const { manager } = require('./datamanager.js')
const data = JSON.parse(document.getElementById('data-container').dataset.jsonblob)

function init() {
    manager.setManager(data)
    doInitFilter()
    doInitSort()
    renderStatic()
    redraw()
    bindEvents()
}

init()

},{"./datamanager.js":1,"./filter.js":3,"./main.js":5,"./sort.js":7}],5:[function(require,module,exports){
const { dom, find, findAll } = require('./dom.js')
const { manager } = require('./datamanager.js')
const { doSort } = require('./sort.js')
const { doFilter } = require('./filter.js')
const {
    getVisible,
    getCollapsedIds,
    setCollapsedIds,
    getSort,
    getSortDirection,
    possibleFilters,
} = require('./storage.js')

const removeChildren = (node) => {
    while (node.firstChild) {
        node.removeChild(node.firstChild)
    }
}

const renderStatic = () => {
    const renderEnvironmentTable = () => {
        const environment = manager.environment
        const rows = Object.keys(environment).map((key) => dom.getStaticRow(key, environment[key]))
        const table = document.getElementById('environment')
        removeChildren(table)
        rows.forEach((row) => table.appendChild(row))
    }
    renderEnvironmentTable()
}

const addItemToggleListener = (elem) => {
    elem.addEventListener('click', ({ target }) => {
        const id = target.parentElement.dataset.id
        manager.toggleCollapsedItem(id)

        const collapsedIds = getCollapsedIds()
        if (collapsedIds.includes(id)) {
            const updated = collapsedIds.filter((item) => item !== id)
            setCollapsedIds(updated)
        } else {
            collapsedIds.push(id)
            setCollapsedIds(collapsedIds)
        }
        redraw()
    })
}

const renderContent = (tests) => {
    const sortAttr = getSort(manager.initialSort)
    const sortAsc = JSON.parse(getSortDirection())
    const rows = tests.map(dom.getResultTBody)
    const table = document.getElementById('results-table')
    const tableHeader = document.getElementById('results-table-head')

    const newTable = document.createElement('table')
    newTable.id = 'results-table'

    // remove all sorting classes and set the relevant
    findAll('.sortable', tableHeader).forEach((elem) => elem.classList.remove('asc', 'desc'))
    tableHeader.querySelector(`.sortable[data-column-type="${sortAttr}"]`)?.classList.add(sortAsc ? 'desc' : 'asc')
    newTable.appendChild(tableHeader)

    if (!rows.length) {
        const emptyTable = document.getElementById('template_results-table__body--empty').content.cloneNode(true)
        newTable.appendChild(emptyTable)
    } else {
        rows.forEach((row) => {
            if (!!row) {
                findAll('.collapsible td:not(.col-links', row).forEach(addItemToggleListener)
                find('.logexpander', row).addEventListener('click',
                    (evt) => evt.target.parentNode.classList.toggle('expanded'),
                )
                newTable.appendChild(row)
            }
        })
    }

    table.replaceWith(newTable)
}

const renderDerived = () => {
    const currentFilter = getVisible()
    possibleFilters.forEach((result) => {
        const input = document.querySelector(`input[data-test-result="${result}"]`)
        input.checked = currentFilter.includes(result)
    })
}

const bindEvents = () => {
    const filterColumn = (evt) => {
        const { target: element } = evt
        const { testResult } = element.dataset

        doFilter(testResult, element.checked)
        const collapsedIds = getCollapsedIds()
        const updated = manager.renderData.tests.map((test) => {
            return {
                ...test,
                collapsed: collapsedIds.includes(test.id),
            }
        })
        manager.setRender(updated)
        redraw()
    }

    const header = document.getElementById('environment-header')
    header.addEventListener('click', () => {
        const table = document.getElementById('environment')
        table.classList.toggle('hidden')
        header.classList.toggle('collapsed')
    })

    findAll('input[name="filter_checkbox"]').forEach((elem) => {
        elem.addEventListener('click', filterColumn)
    })

    findAll('.sortable').forEach((elem) => {
        elem.addEventListener('click', (evt) => {
            const { target: element } = evt
            const { columnType } = element.dataset
            doSort(columnType)
            redraw()
        })
    })

    document.getElementById('show_all_details').addEventListener('click', () => {
        manager.allCollapsed = false
        setCollapsedIds([])
        redraw()
    })
    document.getElementById('hide_all_details').addEventListener('click', () => {
        manager.allCollapsed = true
        const allIds = manager.renderData.tests.map((test) => test.id)
        setCollapsedIds(allIds)
        redraw()
    })
}

const redraw = () => {
    const { testSubset } = manager

    renderContent(testSubset)
    renderDerived()
}

module.exports = {
    redraw,
    bindEvents,
    renderStatic,
}

},{"./datamanager.js":1,"./dom.js":2,"./filter.js":3,"./sort.js":7,"./storage.js":8}],6:[function(require,module,exports){
class MediaViewer {
    constructor(assets) {
        this.assets = assets
        this.index = 0
    }

    nextActive() {
        this.index = this.index === this.assets.length - 1 ? 0 : this.index + 1
        return [this.activeFile, this.index]
    }

    prevActive() {
        this.index = this.index === 0 ? this.assets.length - 1 : this.index -1
        return [this.activeFile, this.index]
    }

    get currentIndex() {
        return this.index
    }

    get activeFile() {
        return this.assets[this.index]
    }
}


const setup = (resultBody, assets) => {
    if (!assets.length) {
        resultBody.querySelector('.media').classList.add('hidden')
        return
    }

    const mediaViewer = new MediaViewer(assets)
    const container = resultBody.querySelector('.media-container')
    const leftArrow = resultBody.querySelector('.media-container__nav--left')
    const rightArrow = resultBody.querySelector('.media-container__nav--right')
    const mediaName = resultBody.querySelector('.media__name')
    const counter = resultBody.querySelector('.media__counter')
    const imageEl = resultBody.querySelector('img')
    const sourceEl = resultBody.querySelector('source')
    const videoEl = resultBody.querySelector('video')

    const setImg = (media, index) => {
        if (media?.format_type === 'image') {
            imageEl.src = media.path

            imageEl.classList.remove('hidden')
            videoEl.classList.add('hidden')
        } else if (media?.format_type === 'video') {
            sourceEl.src = media.path

            videoEl.classList.remove('hidden')
            imageEl.classList.add('hidden')
        }

        mediaName.innerText = media?.name
        counter.innerText = `${index + 1} / ${assets.length}`
    }
    setImg(mediaViewer.activeFile, mediaViewer.currentIndex)

    const moveLeft = () => {
        const [media, index] = mediaViewer.prevActive()
        setImg(media, index)
    }
    const doRight = () => {
        const [media, index] = mediaViewer.nextActive()
        setImg(media, index)
    }
    const openImg = () => {
        window.open(mediaViewer.activeFile.path, '_blank')
    }
    if (assets.length === 1) {
        container.classList.add('media-container--fullscreen')
    } else {
        leftArrow.addEventListener('click', moveLeft)
        rightArrow.addEventListener('click', doRight)
    }
    imageEl.addEventListener('click', openImg)
}

module.exports = {
    setup,
}

},{}],7:[function(require,module,exports){
const { manager } = require('./datamanager.js')
const storageModule = require('./storage.js')

const genericSort = (list, key, ascending, customOrder) => {
    let sorted
    if (customOrder) {
        sorted = list.sort((a, b) => {
            const aValue = a.result.toLowerCase()
            const bValue = b.result.toLowerCase()

            const aIndex = customOrder.findIndex((item) => item.toLowerCase() === aValue)
            const bIndex = customOrder.findIndex((item) => item.toLowerCase() === bValue)

            // Compare the indices to determine the sort order
            return aIndex - bIndex
        })
    } else {
        sorted = list.sort((a, b) => a[key] === b[key] ? 0 : a[key] > b[key] ? 1 : -1)
    }

    if (ascending) {
        sorted.reverse()
    }
    return sorted
}

const durationSort = (list, ascending) => {
    const parseDuration = (duration) => {
        if (duration.includes(':')) {
            // If it's in the format "HH:mm:ss"
            const [hours, minutes, seconds] = duration.split(':').map(Number)
            return (hours * 3600 + minutes * 60 + seconds) * 1000
        } else {
            // If it's in the format "nnn ms"
            return parseInt(duration)
        }
    }
    const sorted = list.sort((a, b) => parseDuration(a['duration']) - parseDuration(b['duration']))
    if (ascending) {
        sorted.reverse()
    }
    return sorted
}

const doInitSort = () => {
    const type = storageModule.getSort(manager.initialSort)
    const ascending = storageModule.getSortDirection()
    const list = manager.testSubset
    const initialOrder = ['Error', 'Failed', 'Rerun', 'XFailed', 'XPassed', 'Skipped', 'Passed']

    storageModule.setSort(type)
    storageModule.setSortDirection(ascending)

    if (type?.toLowerCase() === 'original') {
        manager.setRender(list)
    } else {
        let sortedList
        switch (type) {
        case 'duration':
            sortedList = durationSort(list, ascending)
            break
        case 'result':
            sortedList = genericSort(list, type, ascending, initialOrder)
            break
        default:
            sortedList = genericSort(list, type, ascending)
            break
        }
        manager.setRender(sortedList)
    }
}

const doSort = (type, skipDirection) => {
    const newSortType = storageModule.getSort(manager.initialSort) !== type
    const currentAsc = storageModule.getSortDirection()
    let ascending
    if (skipDirection) {
        ascending = currentAsc
    } else {
        ascending = newSortType ? false : !currentAsc
    }
    storageModule.setSort(type)
    storageModule.setSortDirection(ascending)

    const list = manager.testSubset
    const sortedList = type === 'duration' ? durationSort(list, ascending) : genericSort(list, type, ascending)
    manager.setRender(sortedList)
}

module.exports = {
    doInitSort,
    doSort,
}

},{"./datamanager.js":1,"./storage.js":8}],8:[function(require,module,exports){
const possibleFilters = [
    'passed',
    'skipped',
    'failed',
    'error',
    'xfailed',
    'xpassed',
    'rerun',
]

const getVisible = () => {
    const url = new URL(window.location.href)
    const settings = new URLSearchParams(url.search).get('visible')
    const lower = (item) => {
        const lowerItem = item.toLowerCase()
        if (possibleFilters.includes(lowerItem)) {
            return lowerItem
        }
        return null
    }
    return settings === null ?
        possibleFilters :
        [...new Set(settings?.split(',').map(lower).filter((item) => item))]
}

const hideCategory = (categoryToHide) => {
    const url = new URL(window.location.href)
    const visibleParams = new URLSearchParams(url.search).get('visible')
    const currentVisible = visibleParams ? visibleParams.split(',') : [...possibleFilters]
    const settings = [...new Set(currentVisible)].filter((f) => f !== categoryToHide).join(',')

    url.searchParams.set('visible', settings)
    window.history.pushState({}, null, unescape(url.href))
}

const showCategory = (categoryToShow) => {
    if (typeof window === 'undefined') {
        return
    }
    const url = new URL(window.location.href)
    const currentVisible = new URLSearchParams(url.search).get('visible')?.split(',').filter(Boolean) ||
        [...possibleFilters]
    const settings = [...new Set([categoryToShow, ...currentVisible])]
    const noFilter = possibleFilters.length === settings.length || !settings.length

    noFilter ? url.searchParams.delete('visible') : url.searchParams.set('visible', settings.join(','))
    window.history.pushState({}, null, unescape(url.href))
}

const getSort = (initialSort) => {
    const url = new URL(window.location.href)
    let sort = new URLSearchParams(url.search).get('sort')
    if (!sort) {
        sort = initialSort || 'result'
    }
    return sort
}

const setSort = (type) => {
    const url = new URL(window.location.href)
    url.searchParams.set('sort', type)
    window.history.pushState({}, null, unescape(url.href))
}

const getCollapsedCategory = (renderCollapsed) => {
    let categories
    if (typeof window !== 'undefined') {
        const url = new URL(window.location.href)
        const collapsedItems = new URLSearchParams(url.search).get('collapsed')
        switch (true) {
        case !renderCollapsed && collapsedItems === null:
            categories = ['passed']
            break
        case collapsedItems?.length === 0 || /^["']{2}$/.test(collapsedItems):
            categories = []
            break
        case /^all$/.test(collapsedItems) || collapsedItems === null && /^all$/.test(renderCollapsed):
            categories = [...possibleFilters]
            break
        default:
            categories = collapsedItems?.split(',').map((item) => item.toLowerCase()) || renderCollapsed
            break
        }
    } else {
        categories = []
    }
    return categories
}

const getSortDirection = () => JSON.parse(sessionStorage.getItem('sortAsc')) || false
const setSortDirection = (ascending) => sessionStorage.setItem('sortAsc', ascending)

const getCollapsedIds = () => JSON.parse(sessionStorage.getItem('collapsedIds')) || []
const setCollapsedIds = (list) => sessionStorage.setItem('collapsedIds', JSON.stringify(list))

module.exports = {
    getVisible,
    hideCategory,
    showCategory,
    getCollapsedIds,
    setCollapsedIds,
    getSort,
    setSort,
    getSortDirection,
    setSortDirection,
    getCollapsedCategory,
    possibleFilters,
}

},{}]},{},[4]);
    </script>
  </footer>
</html>